[2022-10-12 18:04:07,804] {processor.py:163} INFO - Started process (PID=7883) to work on /Users/renatomelo/Downloads/airflow_tooltorial/airflow-local/venv/lib/python3.9/site-packages/airflow/example_dags/plugins/workday.py
[2022-10-12 18:04:07,804] {processor.py:642} INFO - Processing file /Users/renatomelo/Downloads/airflow_tooltorial/airflow-local/venv/lib/python3.9/site-packages/airflow/example_dags/plugins/workday.py for tasks to queue
[2022-10-12 18:04:07,805] {logging_mixin.py:109} INFO - [2022-10-12 18:04:07,805] {dagbag.py:500} INFO - Filling up the DagBag from /Users/renatomelo/Downloads/airflow_tooltorial/airflow-local/venv/lib/python3.9/site-packages/airflow/example_dags/plugins/workday.py
[2022-10-12 18:04:07,834] {processor.py:656} WARNING - No viable dags retrieved from /Users/renatomelo/Downloads/airflow_tooltorial/airflow-local/venv/lib/python3.9/site-packages/airflow/example_dags/plugins/workday.py
[2022-10-12 18:04:07,836] {processor.py:171} INFO - Processing /Users/renatomelo/Downloads/airflow_tooltorial/airflow-local/venv/lib/python3.9/site-packages/airflow/example_dags/plugins/workday.py took 0.033 seconds
[2022-10-12 18:06:03,660] {processor.py:163} INFO - Started process (PID=8077) to work on /Users/renatomelo/Downloads/airflow_tooltorial/airflow-local/venv/lib/python3.9/site-packages/airflow/example_dags/plugins/workday.py
[2022-10-12 18:06:03,662] {processor.py:642} INFO - Processing file /Users/renatomelo/Downloads/airflow_tooltorial/airflow-local/venv/lib/python3.9/site-packages/airflow/example_dags/plugins/workday.py for tasks to queue
[2022-10-12 18:06:03,664] {logging_mixin.py:109} INFO - [2022-10-12 18:06:03,664] {dagbag.py:500} INFO - Filling up the DagBag from /Users/renatomelo/Downloads/airflow_tooltorial/airflow-local/venv/lib/python3.9/site-packages/airflow/example_dags/plugins/workday.py
[2022-10-12 18:06:03,838] {processor.py:656} WARNING - No viable dags retrieved from /Users/renatomelo/Downloads/airflow_tooltorial/airflow-local/venv/lib/python3.9/site-packages/airflow/example_dags/plugins/workday.py
[2022-10-12 18:06:03,842] {processor.py:171} INFO - Processing /Users/renatomelo/Downloads/airflow_tooltorial/airflow-local/venv/lib/python3.9/site-packages/airflow/example_dags/plugins/workday.py took 0.184 seconds
[2022-10-12 18:07:31,648] {processor.py:163} INFO - Started process (PID=8249) to work on /Users/renatomelo/Downloads/airflow_tooltorial/airflow-local/venv/lib/python3.9/site-packages/airflow/example_dags/plugins/workday.py
[2022-10-12 18:07:31,650] {processor.py:642} INFO - Processing file /Users/renatomelo/Downloads/airflow_tooltorial/airflow-local/venv/lib/python3.9/site-packages/airflow/example_dags/plugins/workday.py for tasks to queue
[2022-10-12 18:07:31,650] {logging_mixin.py:109} INFO - [2022-10-12 18:07:31,650] {dagbag.py:500} INFO - Filling up the DagBag from /Users/renatomelo/Downloads/airflow_tooltorial/airflow-local/venv/lib/python3.9/site-packages/airflow/example_dags/plugins/workday.py
[2022-10-12 18:07:31,681] {processor.py:656} WARNING - No viable dags retrieved from /Users/renatomelo/Downloads/airflow_tooltorial/airflow-local/venv/lib/python3.9/site-packages/airflow/example_dags/plugins/workday.py
[2022-10-12 18:07:31,683] {processor.py:171} INFO - Processing /Users/renatomelo/Downloads/airflow_tooltorial/airflow-local/venv/lib/python3.9/site-packages/airflow/example_dags/plugins/workday.py took 0.036 seconds
[2022-10-12 18:08:46,617] {processor.py:163} INFO - Started process (PID=8286) to work on /Users/renatomelo/Downloads/airflow_tooltorial/airflow-local/venv/lib/python3.9/site-packages/airflow/example_dags/plugins/workday.py
[2022-10-12 18:08:46,617] {processor.py:642} INFO - Processing file /Users/renatomelo/Downloads/airflow_tooltorial/airflow-local/venv/lib/python3.9/site-packages/airflow/example_dags/plugins/workday.py for tasks to queue
[2022-10-12 18:08:46,617] {logging_mixin.py:109} INFO - [2022-10-12 18:08:46,617] {dagbag.py:500} INFO - Filling up the DagBag from /Users/renatomelo/Downloads/airflow_tooltorial/airflow-local/venv/lib/python3.9/site-packages/airflow/example_dags/plugins/workday.py
[2022-10-12 18:08:46,645] {processor.py:656} WARNING - No viable dags retrieved from /Users/renatomelo/Downloads/airflow_tooltorial/airflow-local/venv/lib/python3.9/site-packages/airflow/example_dags/plugins/workday.py
[2022-10-12 18:08:46,646] {processor.py:171} INFO - Processing /Users/renatomelo/Downloads/airflow_tooltorial/airflow-local/venv/lib/python3.9/site-packages/airflow/example_dags/plugins/workday.py took 0.031 seconds
[2022-10-12 18:10:14,667] {processor.py:163} INFO - Started process (PID=8345) to work on /Users/renatomelo/Downloads/airflow_tooltorial/airflow-local/venv/lib/python3.9/site-packages/airflow/example_dags/plugins/workday.py
[2022-10-12 18:10:14,690] {processor.py:642} INFO - Processing file /Users/renatomelo/Downloads/airflow_tooltorial/airflow-local/venv/lib/python3.9/site-packages/airflow/example_dags/plugins/workday.py for tasks to queue
[2022-10-12 18:10:14,691] {logging_mixin.py:109} INFO - [2022-10-12 18:10:14,691] {dagbag.py:500} INFO - Filling up the DagBag from /Users/renatomelo/Downloads/airflow_tooltorial/airflow-local/venv/lib/python3.9/site-packages/airflow/example_dags/plugins/workday.py
[2022-10-12 18:10:14,738] {processor.py:656} WARNING - No viable dags retrieved from /Users/renatomelo/Downloads/airflow_tooltorial/airflow-local/venv/lib/python3.9/site-packages/airflow/example_dags/plugins/workday.py
[2022-10-12 18:10:14,743] {processor.py:171} INFO - Processing /Users/renatomelo/Downloads/airflow_tooltorial/airflow-local/venv/lib/python3.9/site-packages/airflow/example_dags/plugins/workday.py took 0.076 seconds
[2022-10-12 18:11:57,865] {processor.py:163} INFO - Started process (PID=8394) to work on /Users/renatomelo/Downloads/airflow_tooltorial/airflow-local/venv/lib/python3.9/site-packages/airflow/example_dags/plugins/workday.py
[2022-10-12 18:11:57,865] {processor.py:642} INFO - Processing file /Users/renatomelo/Downloads/airflow_tooltorial/airflow-local/venv/lib/python3.9/site-packages/airflow/example_dags/plugins/workday.py for tasks to queue
[2022-10-12 18:11:57,866] {logging_mixin.py:109} INFO - [2022-10-12 18:11:57,866] {dagbag.py:500} INFO - Filling up the DagBag from /Users/renatomelo/Downloads/airflow_tooltorial/airflow-local/venv/lib/python3.9/site-packages/airflow/example_dags/plugins/workday.py
[2022-10-12 18:11:57,902] {processor.py:656} WARNING - No viable dags retrieved from /Users/renatomelo/Downloads/airflow_tooltorial/airflow-local/venv/lib/python3.9/site-packages/airflow/example_dags/plugins/workday.py
[2022-10-12 18:11:57,904] {processor.py:171} INFO - Processing /Users/renatomelo/Downloads/airflow_tooltorial/airflow-local/venv/lib/python3.9/site-packages/airflow/example_dags/plugins/workday.py took 0.040 seconds
[2022-10-12 18:13:29,895] {processor.py:163} INFO - Started process (PID=8425) to work on /Users/renatomelo/Downloads/airflow_tooltorial/airflow-local/venv/lib/python3.9/site-packages/airflow/example_dags/plugins/workday.py
[2022-10-12 18:13:29,897] {processor.py:642} INFO - Processing file /Users/renatomelo/Downloads/airflow_tooltorial/airflow-local/venv/lib/python3.9/site-packages/airflow/example_dags/plugins/workday.py for tasks to queue
[2022-10-12 18:13:29,898] {logging_mixin.py:109} INFO - [2022-10-12 18:13:29,898] {dagbag.py:500} INFO - Filling up the DagBag from /Users/renatomelo/Downloads/airflow_tooltorial/airflow-local/venv/lib/python3.9/site-packages/airflow/example_dags/plugins/workday.py
[2022-10-12 18:13:29,939] {processor.py:656} WARNING - No viable dags retrieved from /Users/renatomelo/Downloads/airflow_tooltorial/airflow-local/venv/lib/python3.9/site-packages/airflow/example_dags/plugins/workday.py
[2022-10-12 18:13:29,943] {processor.py:171} INFO - Processing /Users/renatomelo/Downloads/airflow_tooltorial/airflow-local/venv/lib/python3.9/site-packages/airflow/example_dags/plugins/workday.py took 0.049 seconds
[2022-10-12 18:14:52,029] {processor.py:163} INFO - Started process (PID=8453) to work on /Users/renatomelo/Downloads/airflow_tooltorial/airflow-local/venv/lib/python3.9/site-packages/airflow/example_dags/plugins/workday.py
[2022-10-12 18:14:52,030] {processor.py:642} INFO - Processing file /Users/renatomelo/Downloads/airflow_tooltorial/airflow-local/venv/lib/python3.9/site-packages/airflow/example_dags/plugins/workday.py for tasks to queue
[2022-10-12 18:14:52,032] {logging_mixin.py:109} INFO - [2022-10-12 18:14:52,031] {dagbag.py:500} INFO - Filling up the DagBag from /Users/renatomelo/Downloads/airflow_tooltorial/airflow-local/venv/lib/python3.9/site-packages/airflow/example_dags/plugins/workday.py
[2022-10-12 18:14:52,072] {processor.py:656} WARNING - No viable dags retrieved from /Users/renatomelo/Downloads/airflow_tooltorial/airflow-local/venv/lib/python3.9/site-packages/airflow/example_dags/plugins/workday.py
[2022-10-12 18:14:52,074] {processor.py:171} INFO - Processing /Users/renatomelo/Downloads/airflow_tooltorial/airflow-local/venv/lib/python3.9/site-packages/airflow/example_dags/plugins/workday.py took 0.046 seconds
[2022-10-12 18:16:18,480] {processor.py:163} INFO - Started process (PID=8482) to work on /Users/renatomelo/Downloads/airflow_tooltorial/airflow-local/venv/lib/python3.9/site-packages/airflow/example_dags/plugins/workday.py
[2022-10-12 18:16:18,482] {processor.py:642} INFO - Processing file /Users/renatomelo/Downloads/airflow_tooltorial/airflow-local/venv/lib/python3.9/site-packages/airflow/example_dags/plugins/workday.py for tasks to queue
[2022-10-12 18:16:18,483] {logging_mixin.py:109} INFO - [2022-10-12 18:16:18,482] {dagbag.py:500} INFO - Filling up the DagBag from /Users/renatomelo/Downloads/airflow_tooltorial/airflow-local/venv/lib/python3.9/site-packages/airflow/example_dags/plugins/workday.py
[2022-10-12 18:16:18,519] {processor.py:656} WARNING - No viable dags retrieved from /Users/renatomelo/Downloads/airflow_tooltorial/airflow-local/venv/lib/python3.9/site-packages/airflow/example_dags/plugins/workday.py
[2022-10-12 18:16:18,520] {processor.py:171} INFO - Processing /Users/renatomelo/Downloads/airflow_tooltorial/airflow-local/venv/lib/python3.9/site-packages/airflow/example_dags/plugins/workday.py took 0.041 seconds
[2022-10-12 18:17:37,569] {processor.py:163} INFO - Started process (PID=8512) to work on /Users/renatomelo/Downloads/airflow_tooltorial/airflow-local/venv/lib/python3.9/site-packages/airflow/example_dags/plugins/workday.py
[2022-10-12 18:17:37,570] {processor.py:642} INFO - Processing file /Users/renatomelo/Downloads/airflow_tooltorial/airflow-local/venv/lib/python3.9/site-packages/airflow/example_dags/plugins/workday.py for tasks to queue
[2022-10-12 18:17:37,570] {logging_mixin.py:109} INFO - [2022-10-12 18:17:37,570] {dagbag.py:500} INFO - Filling up the DagBag from /Users/renatomelo/Downloads/airflow_tooltorial/airflow-local/venv/lib/python3.9/site-packages/airflow/example_dags/plugins/workday.py
[2022-10-12 18:17:37,596] {processor.py:656} WARNING - No viable dags retrieved from /Users/renatomelo/Downloads/airflow_tooltorial/airflow-local/venv/lib/python3.9/site-packages/airflow/example_dags/plugins/workday.py
[2022-10-12 18:17:37,598] {processor.py:171} INFO - Processing /Users/renatomelo/Downloads/airflow_tooltorial/airflow-local/venv/lib/python3.9/site-packages/airflow/example_dags/plugins/workday.py took 0.029 seconds
[2022-10-12 18:18:46,928] {processor.py:163} INFO - Started process (PID=8540) to work on /Users/renatomelo/Downloads/airflow_tooltorial/airflow-local/venv/lib/python3.9/site-packages/airflow/example_dags/plugins/workday.py
[2022-10-12 18:18:46,928] {processor.py:642} INFO - Processing file /Users/renatomelo/Downloads/airflow_tooltorial/airflow-local/venv/lib/python3.9/site-packages/airflow/example_dags/plugins/workday.py for tasks to queue
[2022-10-12 18:18:46,929] {logging_mixin.py:109} INFO - [2022-10-12 18:18:46,929] {dagbag.py:500} INFO - Filling up the DagBag from /Users/renatomelo/Downloads/airflow_tooltorial/airflow-local/venv/lib/python3.9/site-packages/airflow/example_dags/plugins/workday.py
[2022-10-12 18:18:46,955] {processor.py:656} WARNING - No viable dags retrieved from /Users/renatomelo/Downloads/airflow_tooltorial/airflow-local/venv/lib/python3.9/site-packages/airflow/example_dags/plugins/workday.py
[2022-10-12 18:18:46,957] {processor.py:171} INFO - Processing /Users/renatomelo/Downloads/airflow_tooltorial/airflow-local/venv/lib/python3.9/site-packages/airflow/example_dags/plugins/workday.py took 0.030 seconds
[2022-10-12 18:19:54,817] {processor.py:163} INFO - Started process (PID=8565) to work on /Users/renatomelo/Downloads/airflow_tooltorial/airflow-local/venv/lib/python3.9/site-packages/airflow/example_dags/plugins/workday.py
[2022-10-12 18:19:54,818] {processor.py:642} INFO - Processing file /Users/renatomelo/Downloads/airflow_tooltorial/airflow-local/venv/lib/python3.9/site-packages/airflow/example_dags/plugins/workday.py for tasks to queue
[2022-10-12 18:19:54,818] {logging_mixin.py:109} INFO - [2022-10-12 18:19:54,818] {dagbag.py:500} INFO - Filling up the DagBag from /Users/renatomelo/Downloads/airflow_tooltorial/airflow-local/venv/lib/python3.9/site-packages/airflow/example_dags/plugins/workday.py
[2022-10-12 18:19:54,855] {processor.py:656} WARNING - No viable dags retrieved from /Users/renatomelo/Downloads/airflow_tooltorial/airflow-local/venv/lib/python3.9/site-packages/airflow/example_dags/plugins/workday.py
[2022-10-12 18:19:54,858] {processor.py:171} INFO - Processing /Users/renatomelo/Downloads/airflow_tooltorial/airflow-local/venv/lib/python3.9/site-packages/airflow/example_dags/plugins/workday.py took 0.041 seconds
[2022-10-12 18:21:06,640] {processor.py:163} INFO - Started process (PID=8590) to work on /Users/renatomelo/Downloads/airflow_tooltorial/airflow-local/venv/lib/python3.9/site-packages/airflow/example_dags/plugins/workday.py
[2022-10-12 18:21:06,640] {processor.py:642} INFO - Processing file /Users/renatomelo/Downloads/airflow_tooltorial/airflow-local/venv/lib/python3.9/site-packages/airflow/example_dags/plugins/workday.py for tasks to queue
[2022-10-12 18:21:06,641] {logging_mixin.py:109} INFO - [2022-10-12 18:21:06,640] {dagbag.py:500} INFO - Filling up the DagBag from /Users/renatomelo/Downloads/airflow_tooltorial/airflow-local/venv/lib/python3.9/site-packages/airflow/example_dags/plugins/workday.py
[2022-10-12 18:21:06,680] {processor.py:656} WARNING - No viable dags retrieved from /Users/renatomelo/Downloads/airflow_tooltorial/airflow-local/venv/lib/python3.9/site-packages/airflow/example_dags/plugins/workday.py
[2022-10-12 18:21:06,685] {processor.py:171} INFO - Processing /Users/renatomelo/Downloads/airflow_tooltorial/airflow-local/venv/lib/python3.9/site-packages/airflow/example_dags/plugins/workday.py took 0.047 seconds
[2022-10-12 18:22:20,680] {processor.py:163} INFO - Started process (PID=8631) to work on /Users/renatomelo/Downloads/airflow_tooltorial/airflow-local/venv/lib/python3.9/site-packages/airflow/example_dags/plugins/workday.py
[2022-10-12 18:22:20,682] {processor.py:642} INFO - Processing file /Users/renatomelo/Downloads/airflow_tooltorial/airflow-local/venv/lib/python3.9/site-packages/airflow/example_dags/plugins/workday.py for tasks to queue
[2022-10-12 18:22:20,682] {logging_mixin.py:109} INFO - [2022-10-12 18:22:20,682] {dagbag.py:500} INFO - Filling up the DagBag from /Users/renatomelo/Downloads/airflow_tooltorial/airflow-local/venv/lib/python3.9/site-packages/airflow/example_dags/plugins/workday.py
[2022-10-12 18:22:20,715] {processor.py:656} WARNING - No viable dags retrieved from /Users/renatomelo/Downloads/airflow_tooltorial/airflow-local/venv/lib/python3.9/site-packages/airflow/example_dags/plugins/workday.py
[2022-10-12 18:22:20,717] {processor.py:171} INFO - Processing /Users/renatomelo/Downloads/airflow_tooltorial/airflow-local/venv/lib/python3.9/site-packages/airflow/example_dags/plugins/workday.py took 0.038 seconds
[2022-10-12 18:23:32,322] {processor.py:163} INFO - Started process (PID=8671) to work on /Users/renatomelo/Downloads/airflow_tooltorial/airflow-local/venv/lib/python3.9/site-packages/airflow/example_dags/plugins/workday.py
[2022-10-12 18:23:32,324] {processor.py:642} INFO - Processing file /Users/renatomelo/Downloads/airflow_tooltorial/airflow-local/venv/lib/python3.9/site-packages/airflow/example_dags/plugins/workday.py for tasks to queue
[2022-10-12 18:23:32,324] {logging_mixin.py:109} INFO - [2022-10-12 18:23:32,324] {dagbag.py:500} INFO - Filling up the DagBag from /Users/renatomelo/Downloads/airflow_tooltorial/airflow-local/venv/lib/python3.9/site-packages/airflow/example_dags/plugins/workday.py
[2022-10-12 18:23:32,353] {processor.py:656} WARNING - No viable dags retrieved from /Users/renatomelo/Downloads/airflow_tooltorial/airflow-local/venv/lib/python3.9/site-packages/airflow/example_dags/plugins/workday.py
[2022-10-12 18:23:32,355] {processor.py:171} INFO - Processing /Users/renatomelo/Downloads/airflow_tooltorial/airflow-local/venv/lib/python3.9/site-packages/airflow/example_dags/plugins/workday.py took 0.034 seconds
[2022-10-12 18:24:49,071] {processor.py:163} INFO - Started process (PID=8706) to work on /Users/renatomelo/Downloads/airflow_tooltorial/airflow-local/venv/lib/python3.9/site-packages/airflow/example_dags/plugins/workday.py
[2022-10-12 18:24:49,071] {processor.py:642} INFO - Processing file /Users/renatomelo/Downloads/airflow_tooltorial/airflow-local/venv/lib/python3.9/site-packages/airflow/example_dags/plugins/workday.py for tasks to queue
[2022-10-12 18:24:49,071] {logging_mixin.py:109} INFO - [2022-10-12 18:24:49,071] {dagbag.py:500} INFO - Filling up the DagBag from /Users/renatomelo/Downloads/airflow_tooltorial/airflow-local/venv/lib/python3.9/site-packages/airflow/example_dags/plugins/workday.py
[2022-10-12 18:24:49,097] {processor.py:656} WARNING - No viable dags retrieved from /Users/renatomelo/Downloads/airflow_tooltorial/airflow-local/venv/lib/python3.9/site-packages/airflow/example_dags/plugins/workday.py
[2022-10-12 18:24:49,099] {processor.py:171} INFO - Processing /Users/renatomelo/Downloads/airflow_tooltorial/airflow-local/venv/lib/python3.9/site-packages/airflow/example_dags/plugins/workday.py took 0.029 seconds
[2022-10-12 18:26:03,176] {processor.py:163} INFO - Started process (PID=8737) to work on /Users/renatomelo/Downloads/airflow_tooltorial/airflow-local/venv/lib/python3.9/site-packages/airflow/example_dags/plugins/workday.py
[2022-10-12 18:26:03,177] {processor.py:642} INFO - Processing file /Users/renatomelo/Downloads/airflow_tooltorial/airflow-local/venv/lib/python3.9/site-packages/airflow/example_dags/plugins/workday.py for tasks to queue
[2022-10-12 18:26:03,177] {logging_mixin.py:109} INFO - [2022-10-12 18:26:03,177] {dagbag.py:500} INFO - Filling up the DagBag from /Users/renatomelo/Downloads/airflow_tooltorial/airflow-local/venv/lib/python3.9/site-packages/airflow/example_dags/plugins/workday.py
[2022-10-12 18:26:03,205] {processor.py:656} WARNING - No viable dags retrieved from /Users/renatomelo/Downloads/airflow_tooltorial/airflow-local/venv/lib/python3.9/site-packages/airflow/example_dags/plugins/workday.py
[2022-10-12 18:26:03,207] {processor.py:171} INFO - Processing /Users/renatomelo/Downloads/airflow_tooltorial/airflow-local/venv/lib/python3.9/site-packages/airflow/example_dags/plugins/workday.py took 0.032 seconds
[2022-10-12 18:27:23,559] {processor.py:163} INFO - Started process (PID=8773) to work on /Users/renatomelo/Downloads/airflow_tooltorial/airflow-local/venv/lib/python3.9/site-packages/airflow/example_dags/plugins/workday.py
[2022-10-12 18:27:23,560] {processor.py:642} INFO - Processing file /Users/renatomelo/Downloads/airflow_tooltorial/airflow-local/venv/lib/python3.9/site-packages/airflow/example_dags/plugins/workday.py for tasks to queue
[2022-10-12 18:27:23,560] {logging_mixin.py:109} INFO - [2022-10-12 18:27:23,560] {dagbag.py:500} INFO - Filling up the DagBag from /Users/renatomelo/Downloads/airflow_tooltorial/airflow-local/venv/lib/python3.9/site-packages/airflow/example_dags/plugins/workday.py
[2022-10-12 18:27:23,594] {processor.py:656} WARNING - No viable dags retrieved from /Users/renatomelo/Downloads/airflow_tooltorial/airflow-local/venv/lib/python3.9/site-packages/airflow/example_dags/plugins/workday.py
[2022-10-12 18:27:23,596] {processor.py:171} INFO - Processing /Users/renatomelo/Downloads/airflow_tooltorial/airflow-local/venv/lib/python3.9/site-packages/airflow/example_dags/plugins/workday.py took 0.039 seconds
[2022-10-12 18:28:33,029] {processor.py:163} INFO - Started process (PID=8817) to work on /Users/renatomelo/Downloads/airflow_tooltorial/airflow-local/venv/lib/python3.9/site-packages/airflow/example_dags/plugins/workday.py
[2022-10-12 18:28:33,030] {processor.py:642} INFO - Processing file /Users/renatomelo/Downloads/airflow_tooltorial/airflow-local/venv/lib/python3.9/site-packages/airflow/example_dags/plugins/workday.py for tasks to queue
[2022-10-12 18:28:33,030] {logging_mixin.py:109} INFO - [2022-10-12 18:28:33,030] {dagbag.py:500} INFO - Filling up the DagBag from /Users/renatomelo/Downloads/airflow_tooltorial/airflow-local/venv/lib/python3.9/site-packages/airflow/example_dags/plugins/workday.py
[2022-10-12 18:28:33,056] {processor.py:656} WARNING - No viable dags retrieved from /Users/renatomelo/Downloads/airflow_tooltorial/airflow-local/venv/lib/python3.9/site-packages/airflow/example_dags/plugins/workday.py
[2022-10-12 18:28:33,058] {processor.py:171} INFO - Processing /Users/renatomelo/Downloads/airflow_tooltorial/airflow-local/venv/lib/python3.9/site-packages/airflow/example_dags/plugins/workday.py took 0.030 seconds
[2022-10-12 18:29:30,654] {processor.py:163} INFO - Started process (PID=8842) to work on /Users/renatomelo/Downloads/airflow_tooltorial/airflow-local/venv/lib/python3.9/site-packages/airflow/example_dags/plugins/workday.py
[2022-10-12 18:29:30,655] {processor.py:642} INFO - Processing file /Users/renatomelo/Downloads/airflow_tooltorial/airflow-local/venv/lib/python3.9/site-packages/airflow/example_dags/plugins/workday.py for tasks to queue
[2022-10-12 18:29:30,655] {logging_mixin.py:109} INFO - [2022-10-12 18:29:30,655] {dagbag.py:500} INFO - Filling up the DagBag from /Users/renatomelo/Downloads/airflow_tooltorial/airflow-local/venv/lib/python3.9/site-packages/airflow/example_dags/plugins/workday.py
[2022-10-12 18:29:30,682] {processor.py:656} WARNING - No viable dags retrieved from /Users/renatomelo/Downloads/airflow_tooltorial/airflow-local/venv/lib/python3.9/site-packages/airflow/example_dags/plugins/workday.py
[2022-10-12 18:29:30,684] {processor.py:171} INFO - Processing /Users/renatomelo/Downloads/airflow_tooltorial/airflow-local/venv/lib/python3.9/site-packages/airflow/example_dags/plugins/workday.py took 0.030 seconds
[2022-10-12 18:30:38,951] {processor.py:163} INFO - Started process (PID=8899) to work on /Users/renatomelo/Downloads/airflow_tooltorial/airflow-local/venv/lib/python3.9/site-packages/airflow/example_dags/plugins/workday.py
[2022-10-12 18:30:38,951] {processor.py:642} INFO - Processing file /Users/renatomelo/Downloads/airflow_tooltorial/airflow-local/venv/lib/python3.9/site-packages/airflow/example_dags/plugins/workday.py for tasks to queue
[2022-10-12 18:30:38,951] {logging_mixin.py:109} INFO - [2022-10-12 18:30:38,951] {dagbag.py:500} INFO - Filling up the DagBag from /Users/renatomelo/Downloads/airflow_tooltorial/airflow-local/venv/lib/python3.9/site-packages/airflow/example_dags/plugins/workday.py
[2022-10-12 18:30:38,977] {processor.py:656} WARNING - No viable dags retrieved from /Users/renatomelo/Downloads/airflow_tooltorial/airflow-local/venv/lib/python3.9/site-packages/airflow/example_dags/plugins/workday.py
[2022-10-12 18:30:38,979] {processor.py:171} INFO - Processing /Users/renatomelo/Downloads/airflow_tooltorial/airflow-local/venv/lib/python3.9/site-packages/airflow/example_dags/plugins/workday.py took 0.029 seconds
[2022-10-12 18:32:01,498] {processor.py:163} INFO - Started process (PID=8929) to work on /Users/renatomelo/Downloads/airflow_tooltorial/airflow-local/venv/lib/python3.9/site-packages/airflow/example_dags/plugins/workday.py
[2022-10-12 18:32:01,498] {processor.py:642} INFO - Processing file /Users/renatomelo/Downloads/airflow_tooltorial/airflow-local/venv/lib/python3.9/site-packages/airflow/example_dags/plugins/workday.py for tasks to queue
[2022-10-12 18:32:01,499] {logging_mixin.py:109} INFO - [2022-10-12 18:32:01,499] {dagbag.py:500} INFO - Filling up the DagBag from /Users/renatomelo/Downloads/airflow_tooltorial/airflow-local/venv/lib/python3.9/site-packages/airflow/example_dags/plugins/workday.py
[2022-10-12 18:32:01,533] {processor.py:656} WARNING - No viable dags retrieved from /Users/renatomelo/Downloads/airflow_tooltorial/airflow-local/venv/lib/python3.9/site-packages/airflow/example_dags/plugins/workday.py
[2022-10-12 18:32:01,535] {processor.py:171} INFO - Processing /Users/renatomelo/Downloads/airflow_tooltorial/airflow-local/venv/lib/python3.9/site-packages/airflow/example_dags/plugins/workday.py took 0.039 seconds
[2022-10-12 18:33:13,621] {processor.py:163} INFO - Started process (PID=8956) to work on /Users/renatomelo/Downloads/airflow_tooltorial/airflow-local/venv/lib/python3.9/site-packages/airflow/example_dags/plugins/workday.py
[2022-10-12 18:33:13,623] {processor.py:642} INFO - Processing file /Users/renatomelo/Downloads/airflow_tooltorial/airflow-local/venv/lib/python3.9/site-packages/airflow/example_dags/plugins/workday.py for tasks to queue
[2022-10-12 18:33:13,624] {logging_mixin.py:109} INFO - [2022-10-12 18:33:13,624] {dagbag.py:500} INFO - Filling up the DagBag from /Users/renatomelo/Downloads/airflow_tooltorial/airflow-local/venv/lib/python3.9/site-packages/airflow/example_dags/plugins/workday.py
[2022-10-12 18:33:13,664] {processor.py:656} WARNING - No viable dags retrieved from /Users/renatomelo/Downloads/airflow_tooltorial/airflow-local/venv/lib/python3.9/site-packages/airflow/example_dags/plugins/workday.py
[2022-10-12 18:33:13,671] {processor.py:171} INFO - Processing /Users/renatomelo/Downloads/airflow_tooltorial/airflow-local/venv/lib/python3.9/site-packages/airflow/example_dags/plugins/workday.py took 0.054 seconds
