[2022-10-12 19:16:14,975] {taskinstance.py:1032} INFO - Dependencies all met for <TaskInstance: NorthwindELT.load_postgres scheduled__2022-10-11T22:15:37.907031+00:00 [queued]>
[2022-10-12 19:16:14,982] {taskinstance.py:1032} INFO - Dependencies all met for <TaskInstance: NorthwindELT.load_postgres scheduled__2022-10-11T22:15:37.907031+00:00 [queued]>
[2022-10-12 19:16:14,982] {taskinstance.py:1238} INFO - 
--------------------------------------------------------------------------------
[2022-10-12 19:16:14,982] {taskinstance.py:1239} INFO - Starting attempt 1 of 2
[2022-10-12 19:16:14,982] {taskinstance.py:1240} INFO - 
--------------------------------------------------------------------------------
[2022-10-12 19:16:14,996] {taskinstance.py:1259} INFO - Executing <Task(BashOperator): load_postgres> on 2022-10-11 22:15:37.907031+00:00
[2022-10-12 19:16:14,998] {standard_task_runner.py:52} INFO - Started process 9734 to run task
[2022-10-12 19:16:15,006] {standard_task_runner.py:76} INFO - Running: ['airflow', 'tasks', 'run', 'NorthwindELT', 'load_postgres', 'scheduled__2022-10-11T22:15:37.907031+00:00', '--job-id', '6', '--raw', '--subdir', '/Users/renatomelo/Downloads/airflow_tooltorial/airflow-local/airflow-data/dags/elt_dag.py', '--cfg-path', '/var/folders/3_/fx01svh57_x8bcblfx2lsmd00000gn/T/tmps0fwt3x8', '--error-file', '/var/folders/3_/fx01svh57_x8bcblfx2lsmd00000gn/T/tmpmmgsxjd8']
[2022-10-12 19:16:15,009] {standard_task_runner.py:77} INFO - Job 6: Subtask load_postgres
[2022-10-12 19:16:15,055] {logging_mixin.py:109} INFO - Running <TaskInstance: NorthwindELT.load_postgres scheduled__2022-10-11T22:15:37.907031+00:00 [running]> on host 1.0.0.127.in-addr.arpa
[2022-10-12 19:16:15,107] {taskinstance.py:1424} INFO - Exporting the following env vars:
AIRFLOW_CTX_DAG_EMAIL=airflow@example.com
AIRFLOW_CTX_DAG_OWNER=airflow
AIRFLOW_CTX_DAG_ID=NorthwindELT
AIRFLOW_CTX_TASK_ID=load_postgres
AIRFLOW_CTX_EXECUTION_DATE=2022-10-11T22:15:37.907031+00:00
AIRFLOW_CTX_DAG_RUN_ID=scheduled__2022-10-11T22:15:37.907031+00:00
[2022-10-12 19:16:15,108] {subprocess.py:62} INFO - Tmp dir root location: 
 /var/folders/3_/fx01svh57_x8bcblfx2lsmd00000gn/T
[2022-10-12 19:16:15,110] {subprocess.py:74} INFO - Running command: ['bash', '-c', 'echo "Loaded postgres data to db!" ']
[2022-10-12 19:16:15,118] {subprocess.py:85} INFO - Output:
[2022-10-12 19:16:15,129] {subprocess.py:89} INFO - Loaded postgres data to db!
[2022-10-12 19:16:15,130] {subprocess.py:93} INFO - Command exited with return code 0
[2022-10-12 19:16:15,151] {taskinstance.py:1267} INFO - Marking task as SUCCESS. dag_id=NorthwindELT, task_id=load_postgres, execution_date=20221011T221537, start_date=20221012T221614, end_date=20221012T221615
[2022-10-12 19:16:15,197] {local_task_job.py:154} INFO - Task exited with return code 0
[2022-10-12 19:16:15,223] {local_task_job.py:264} INFO - 0 downstream tasks scheduled from follow-on schedule check
