[2022-10-12 18:05:09,656] {processor.py:163} INFO - Started process (PID=7975) to work on /Users/renatomelo/Downloads/airflow_tooltorial/airflow-local/venv/lib/python3.9/site-packages/airflow/example_dags/example_nested_branch_dag.py
[2022-10-12 18:05:09,657] {processor.py:642} INFO - Processing file /Users/renatomelo/Downloads/airflow_tooltorial/airflow-local/venv/lib/python3.9/site-packages/airflow/example_dags/example_nested_branch_dag.py for tasks to queue
[2022-10-12 18:05:09,658] {logging_mixin.py:109} INFO - [2022-10-12 18:05:09,658] {dagbag.py:500} INFO - Filling up the DagBag from /Users/renatomelo/Downloads/airflow_tooltorial/airflow-local/venv/lib/python3.9/site-packages/airflow/example_dags/example_nested_branch_dag.py
[2022-10-12 18:05:09,715] {processor.py:654} INFO - DAG(s) dict_keys(['example_nested_branch_dag']) retrieved from /Users/renatomelo/Downloads/airflow_tooltorial/airflow-local/venv/lib/python3.9/site-packages/airflow/example_dags/example_nested_branch_dag.py
[2022-10-12 18:05:09,736] {logging_mixin.py:109} INFO - [2022-10-12 18:05:09,736] {dag.py:2396} INFO - Sync 1 DAGs
[2022-10-12 18:05:09,759] {logging_mixin.py:109} INFO - [2022-10-12 18:05:09,758] {dag.py:2935} INFO - Setting next_dagrun for example_nested_branch_dag to 2022-10-11 00:00:00+00:00
[2022-10-12 18:05:09,773] {processor.py:171} INFO - Processing /Users/renatomelo/Downloads/airflow_tooltorial/airflow-local/venv/lib/python3.9/site-packages/airflow/example_dags/example_nested_branch_dag.py took 0.118 seconds
[2022-10-12 18:07:11,207] {processor.py:163} INFO - Started process (PID=8213) to work on /Users/renatomelo/Downloads/airflow_tooltorial/airflow-local/venv/lib/python3.9/site-packages/airflow/example_dags/example_nested_branch_dag.py
[2022-10-12 18:07:11,212] {processor.py:642} INFO - Processing file /Users/renatomelo/Downloads/airflow_tooltorial/airflow-local/venv/lib/python3.9/site-packages/airflow/example_dags/example_nested_branch_dag.py for tasks to queue
[2022-10-12 18:07:11,213] {logging_mixin.py:109} INFO - [2022-10-12 18:07:11,212] {dagbag.py:500} INFO - Filling up the DagBag from /Users/renatomelo/Downloads/airflow_tooltorial/airflow-local/venv/lib/python3.9/site-packages/airflow/example_dags/example_nested_branch_dag.py
[2022-10-12 18:07:11,275] {processor.py:654} INFO - DAG(s) dict_keys(['example_nested_branch_dag']) retrieved from /Users/renatomelo/Downloads/airflow_tooltorial/airflow-local/venv/lib/python3.9/site-packages/airflow/example_dags/example_nested_branch_dag.py
[2022-10-12 18:07:11,306] {logging_mixin.py:109} INFO - [2022-10-12 18:07:11,306] {dag.py:2396} INFO - Sync 1 DAGs
[2022-10-12 18:07:11,322] {logging_mixin.py:109} INFO - [2022-10-12 18:07:11,322] {dag.py:2935} INFO - Setting next_dagrun for example_nested_branch_dag to 2022-10-11 00:00:00+00:00
[2022-10-12 18:07:11,334] {processor.py:171} INFO - Processing /Users/renatomelo/Downloads/airflow_tooltorial/airflow-local/venv/lib/python3.9/site-packages/airflow/example_dags/example_nested_branch_dag.py took 0.128 seconds
[2022-10-12 18:09:51,768] {processor.py:163} INFO - Started process (PID=8323) to work on /Users/renatomelo/Downloads/airflow_tooltorial/airflow-local/venv/lib/python3.9/site-packages/airflow/example_dags/example_nested_branch_dag.py
[2022-10-12 18:09:51,769] {processor.py:642} INFO - Processing file /Users/renatomelo/Downloads/airflow_tooltorial/airflow-local/venv/lib/python3.9/site-packages/airflow/example_dags/example_nested_branch_dag.py for tasks to queue
[2022-10-12 18:09:51,769] {logging_mixin.py:109} INFO - [2022-10-12 18:09:51,769] {dagbag.py:500} INFO - Filling up the DagBag from /Users/renatomelo/Downloads/airflow_tooltorial/airflow-local/venv/lib/python3.9/site-packages/airflow/example_dags/example_nested_branch_dag.py
[2022-10-12 18:09:51,927] {processor.py:654} INFO - DAG(s) dict_keys(['example_nested_branch_dag']) retrieved from /Users/renatomelo/Downloads/airflow_tooltorial/airflow-local/venv/lib/python3.9/site-packages/airflow/example_dags/example_nested_branch_dag.py
[2022-10-12 18:09:51,982] {logging_mixin.py:109} INFO - [2022-10-12 18:09:51,982] {dag.py:2396} INFO - Sync 1 DAGs
[2022-10-12 18:09:52,007] {logging_mixin.py:109} INFO - [2022-10-12 18:09:52,007] {dag.py:2935} INFO - Setting next_dagrun for example_nested_branch_dag to 2022-10-11 00:00:00+00:00
[2022-10-12 18:09:52,118] {processor.py:171} INFO - Processing /Users/renatomelo/Downloads/airflow_tooltorial/airflow-local/venv/lib/python3.9/site-packages/airflow/example_dags/example_nested_branch_dag.py took 0.351 seconds
[2022-10-12 18:13:04,535] {processor.py:163} INFO - Started process (PID=8415) to work on /Users/renatomelo/Downloads/airflow_tooltorial/airflow-local/venv/lib/python3.9/site-packages/airflow/example_dags/example_nested_branch_dag.py
[2022-10-12 18:13:04,537] {processor.py:642} INFO - Processing file /Users/renatomelo/Downloads/airflow_tooltorial/airflow-local/venv/lib/python3.9/site-packages/airflow/example_dags/example_nested_branch_dag.py for tasks to queue
[2022-10-12 18:13:04,551] {logging_mixin.py:109} INFO - [2022-10-12 18:13:04,551] {dagbag.py:500} INFO - Filling up the DagBag from /Users/renatomelo/Downloads/airflow_tooltorial/airflow-local/venv/lib/python3.9/site-packages/airflow/example_dags/example_nested_branch_dag.py
[2022-10-12 18:13:04,618] {processor.py:654} INFO - DAG(s) dict_keys(['example_nested_branch_dag']) retrieved from /Users/renatomelo/Downloads/airflow_tooltorial/airflow-local/venv/lib/python3.9/site-packages/airflow/example_dags/example_nested_branch_dag.py
[2022-10-12 18:13:04,640] {logging_mixin.py:109} INFO - [2022-10-12 18:13:04,640] {dag.py:2396} INFO - Sync 1 DAGs
[2022-10-12 18:13:04,652] {logging_mixin.py:109} INFO - [2022-10-12 18:13:04,652] {dag.py:2935} INFO - Setting next_dagrun for example_nested_branch_dag to 2022-10-11 00:00:00+00:00
[2022-10-12 18:13:04,664] {processor.py:171} INFO - Processing /Users/renatomelo/Downloads/airflow_tooltorial/airflow-local/venv/lib/python3.9/site-packages/airflow/example_dags/example_nested_branch_dag.py took 0.130 seconds
[2022-10-12 18:15:51,112] {processor.py:163} INFO - Started process (PID=8474) to work on /Users/renatomelo/Downloads/airflow_tooltorial/airflow-local/venv/lib/python3.9/site-packages/airflow/example_dags/example_nested_branch_dag.py
[2022-10-12 18:15:51,113] {processor.py:642} INFO - Processing file /Users/renatomelo/Downloads/airflow_tooltorial/airflow-local/venv/lib/python3.9/site-packages/airflow/example_dags/example_nested_branch_dag.py for tasks to queue
[2022-10-12 18:15:51,114] {logging_mixin.py:109} INFO - [2022-10-12 18:15:51,114] {dagbag.py:500} INFO - Filling up the DagBag from /Users/renatomelo/Downloads/airflow_tooltorial/airflow-local/venv/lib/python3.9/site-packages/airflow/example_dags/example_nested_branch_dag.py
[2022-10-12 18:15:51,196] {processor.py:654} INFO - DAG(s) dict_keys(['example_nested_branch_dag']) retrieved from /Users/renatomelo/Downloads/airflow_tooltorial/airflow-local/venv/lib/python3.9/site-packages/airflow/example_dags/example_nested_branch_dag.py
[2022-10-12 18:15:51,226] {logging_mixin.py:109} INFO - [2022-10-12 18:15:51,225] {dag.py:2396} INFO - Sync 1 DAGs
[2022-10-12 18:15:51,244] {logging_mixin.py:109} INFO - [2022-10-12 18:15:51,244] {dag.py:2935} INFO - Setting next_dagrun for example_nested_branch_dag to 2022-10-11 00:00:00+00:00
[2022-10-12 18:15:51,257] {processor.py:171} INFO - Processing /Users/renatomelo/Downloads/airflow_tooltorial/airflow-local/venv/lib/python3.9/site-packages/airflow/example_dags/example_nested_branch_dag.py took 0.146 seconds
[2022-10-12 18:18:25,563] {processor.py:163} INFO - Started process (PID=8531) to work on /Users/renatomelo/Downloads/airflow_tooltorial/airflow-local/venv/lib/python3.9/site-packages/airflow/example_dags/example_nested_branch_dag.py
[2022-10-12 18:18:25,563] {processor.py:642} INFO - Processing file /Users/renatomelo/Downloads/airflow_tooltorial/airflow-local/venv/lib/python3.9/site-packages/airflow/example_dags/example_nested_branch_dag.py for tasks to queue
[2022-10-12 18:18:25,564] {logging_mixin.py:109} INFO - [2022-10-12 18:18:25,564] {dagbag.py:500} INFO - Filling up the DagBag from /Users/renatomelo/Downloads/airflow_tooltorial/airflow-local/venv/lib/python3.9/site-packages/airflow/example_dags/example_nested_branch_dag.py
[2022-10-12 18:18:25,613] {processor.py:654} INFO - DAG(s) dict_keys(['example_nested_branch_dag']) retrieved from /Users/renatomelo/Downloads/airflow_tooltorial/airflow-local/venv/lib/python3.9/site-packages/airflow/example_dags/example_nested_branch_dag.py
[2022-10-12 18:18:25,633] {logging_mixin.py:109} INFO - [2022-10-12 18:18:25,633] {dag.py:2396} INFO - Sync 1 DAGs
[2022-10-12 18:18:25,645] {logging_mixin.py:109} INFO - [2022-10-12 18:18:25,645] {dag.py:2935} INFO - Setting next_dagrun for example_nested_branch_dag to 2022-10-11 00:00:00+00:00
[2022-10-12 18:18:25,654] {processor.py:171} INFO - Processing /Users/renatomelo/Downloads/airflow_tooltorial/airflow-local/venv/lib/python3.9/site-packages/airflow/example_dags/example_nested_branch_dag.py took 0.092 seconds
[2022-10-12 18:20:44,565] {processor.py:163} INFO - Started process (PID=8582) to work on /Users/renatomelo/Downloads/airflow_tooltorial/airflow-local/venv/lib/python3.9/site-packages/airflow/example_dags/example_nested_branch_dag.py
[2022-10-12 18:20:44,566] {processor.py:642} INFO - Processing file /Users/renatomelo/Downloads/airflow_tooltorial/airflow-local/venv/lib/python3.9/site-packages/airflow/example_dags/example_nested_branch_dag.py for tasks to queue
[2022-10-12 18:20:44,566] {logging_mixin.py:109} INFO - [2022-10-12 18:20:44,566] {dagbag.py:500} INFO - Filling up the DagBag from /Users/renatomelo/Downloads/airflow_tooltorial/airflow-local/venv/lib/python3.9/site-packages/airflow/example_dags/example_nested_branch_dag.py
[2022-10-12 18:20:44,617] {processor.py:654} INFO - DAG(s) dict_keys(['example_nested_branch_dag']) retrieved from /Users/renatomelo/Downloads/airflow_tooltorial/airflow-local/venv/lib/python3.9/site-packages/airflow/example_dags/example_nested_branch_dag.py
[2022-10-12 18:20:44,638] {logging_mixin.py:109} INFO - [2022-10-12 18:20:44,638] {dag.py:2396} INFO - Sync 1 DAGs
[2022-10-12 18:20:44,651] {logging_mixin.py:109} INFO - [2022-10-12 18:20:44,651] {dag.py:2935} INFO - Setting next_dagrun for example_nested_branch_dag to 2022-10-11 00:00:00+00:00
[2022-10-12 18:20:44,660] {processor.py:171} INFO - Processing /Users/renatomelo/Downloads/airflow_tooltorial/airflow-local/venv/lib/python3.9/site-packages/airflow/example_dags/example_nested_branch_dag.py took 0.095 seconds
[2022-10-12 18:23:07,842] {processor.py:163} INFO - Started process (PID=8655) to work on /Users/renatomelo/Downloads/airflow_tooltorial/airflow-local/venv/lib/python3.9/site-packages/airflow/example_dags/example_nested_branch_dag.py
[2022-10-12 18:23:07,844] {processor.py:642} INFO - Processing file /Users/renatomelo/Downloads/airflow_tooltorial/airflow-local/venv/lib/python3.9/site-packages/airflow/example_dags/example_nested_branch_dag.py for tasks to queue
[2022-10-12 18:23:07,845] {logging_mixin.py:109} INFO - [2022-10-12 18:23:07,845] {dagbag.py:500} INFO - Filling up the DagBag from /Users/renatomelo/Downloads/airflow_tooltorial/airflow-local/venv/lib/python3.9/site-packages/airflow/example_dags/example_nested_branch_dag.py
[2022-10-12 18:23:07,895] {processor.py:654} INFO - DAG(s) dict_keys(['example_nested_branch_dag']) retrieved from /Users/renatomelo/Downloads/airflow_tooltorial/airflow-local/venv/lib/python3.9/site-packages/airflow/example_dags/example_nested_branch_dag.py
[2022-10-12 18:23:07,913] {logging_mixin.py:109} INFO - [2022-10-12 18:23:07,913] {dag.py:2396} INFO - Sync 1 DAGs
[2022-10-12 18:23:07,925] {logging_mixin.py:109} INFO - [2022-10-12 18:23:07,925] {dag.py:2935} INFO - Setting next_dagrun for example_nested_branch_dag to 2022-10-11 00:00:00+00:00
[2022-10-12 18:23:07,934] {processor.py:171} INFO - Processing /Users/renatomelo/Downloads/airflow_tooltorial/airflow-local/venv/lib/python3.9/site-packages/airflow/example_dags/example_nested_branch_dag.py took 0.092 seconds
[2022-10-12 18:25:40,654] {processor.py:163} INFO - Started process (PID=8724) to work on /Users/renatomelo/Downloads/airflow_tooltorial/airflow-local/venv/lib/python3.9/site-packages/airflow/example_dags/example_nested_branch_dag.py
[2022-10-12 18:25:40,656] {processor.py:642} INFO - Processing file /Users/renatomelo/Downloads/airflow_tooltorial/airflow-local/venv/lib/python3.9/site-packages/airflow/example_dags/example_nested_branch_dag.py for tasks to queue
[2022-10-12 18:25:40,657] {logging_mixin.py:109} INFO - [2022-10-12 18:25:40,657] {dagbag.py:500} INFO - Filling up the DagBag from /Users/renatomelo/Downloads/airflow_tooltorial/airflow-local/venv/lib/python3.9/site-packages/airflow/example_dags/example_nested_branch_dag.py
[2022-10-12 18:25:40,706] {processor.py:654} INFO - DAG(s) dict_keys(['example_nested_branch_dag']) retrieved from /Users/renatomelo/Downloads/airflow_tooltorial/airflow-local/venv/lib/python3.9/site-packages/airflow/example_dags/example_nested_branch_dag.py
[2022-10-12 18:25:40,967] {logging_mixin.py:109} INFO - [2022-10-12 18:25:40,967] {dag.py:2396} INFO - Sync 1 DAGs
[2022-10-12 18:25:40,982] {logging_mixin.py:109} INFO - [2022-10-12 18:25:40,982] {dag.py:2935} INFO - Setting next_dagrun for example_nested_branch_dag to 2022-10-11 00:00:00+00:00
[2022-10-12 18:25:40,997] {processor.py:171} INFO - Processing /Users/renatomelo/Downloads/airflow_tooltorial/airflow-local/venv/lib/python3.9/site-packages/airflow/example_dags/example_nested_branch_dag.py took 0.343 seconds
[2022-10-12 18:28:13,626] {processor.py:163} INFO - Started process (PID=8809) to work on /Users/renatomelo/Downloads/airflow_tooltorial/airflow-local/venv/lib/python3.9/site-packages/airflow/example_dags/example_nested_branch_dag.py
[2022-10-12 18:28:13,627] {processor.py:642} INFO - Processing file /Users/renatomelo/Downloads/airflow_tooltorial/airflow-local/venv/lib/python3.9/site-packages/airflow/example_dags/example_nested_branch_dag.py for tasks to queue
[2022-10-12 18:28:13,627] {logging_mixin.py:109} INFO - [2022-10-12 18:28:13,627] {dagbag.py:500} INFO - Filling up the DagBag from /Users/renatomelo/Downloads/airflow_tooltorial/airflow-local/venv/lib/python3.9/site-packages/airflow/example_dags/example_nested_branch_dag.py
[2022-10-12 18:28:13,673] {processor.py:654} INFO - DAG(s) dict_keys(['example_nested_branch_dag']) retrieved from /Users/renatomelo/Downloads/airflow_tooltorial/airflow-local/venv/lib/python3.9/site-packages/airflow/example_dags/example_nested_branch_dag.py
[2022-10-12 18:28:13,691] {logging_mixin.py:109} INFO - [2022-10-12 18:28:13,691] {dag.py:2396} INFO - Sync 1 DAGs
[2022-10-12 18:28:13,703] {logging_mixin.py:109} INFO - [2022-10-12 18:28:13,703] {dag.py:2935} INFO - Setting next_dagrun for example_nested_branch_dag to 2022-10-11 00:00:00+00:00
[2022-10-12 18:28:13,712] {processor.py:171} INFO - Processing /Users/renatomelo/Downloads/airflow_tooltorial/airflow-local/venv/lib/python3.9/site-packages/airflow/example_dags/example_nested_branch_dag.py took 0.086 seconds
[2022-10-12 18:30:16,599] {processor.py:163} INFO - Started process (PID=8865) to work on /Users/renatomelo/Downloads/airflow_tooltorial/airflow-local/venv/lib/python3.9/site-packages/airflow/example_dags/example_nested_branch_dag.py
[2022-10-12 18:30:16,600] {processor.py:642} INFO - Processing file /Users/renatomelo/Downloads/airflow_tooltorial/airflow-local/venv/lib/python3.9/site-packages/airflow/example_dags/example_nested_branch_dag.py for tasks to queue
[2022-10-12 18:30:16,600] {logging_mixin.py:109} INFO - [2022-10-12 18:30:16,600] {dagbag.py:500} INFO - Filling up the DagBag from /Users/renatomelo/Downloads/airflow_tooltorial/airflow-local/venv/lib/python3.9/site-packages/airflow/example_dags/example_nested_branch_dag.py
[2022-10-12 18:30:16,653] {processor.py:654} INFO - DAG(s) dict_keys(['example_nested_branch_dag']) retrieved from /Users/renatomelo/Downloads/airflow_tooltorial/airflow-local/venv/lib/python3.9/site-packages/airflow/example_dags/example_nested_branch_dag.py
[2022-10-12 18:30:16,672] {logging_mixin.py:109} INFO - [2022-10-12 18:30:16,672] {dag.py:2396} INFO - Sync 1 DAGs
[2022-10-12 18:30:16,684] {logging_mixin.py:109} INFO - [2022-10-12 18:30:16,684] {dag.py:2935} INFO - Setting next_dagrun for example_nested_branch_dag to 2022-10-11 00:00:00+00:00
[2022-10-12 18:30:16,693] {processor.py:171} INFO - Processing /Users/renatomelo/Downloads/airflow_tooltorial/airflow-local/venv/lib/python3.9/site-packages/airflow/example_dags/example_nested_branch_dag.py took 0.094 seconds
[2022-10-12 18:32:51,936] {processor.py:163} INFO - Started process (PID=8948) to work on /Users/renatomelo/Downloads/airflow_tooltorial/airflow-local/venv/lib/python3.9/site-packages/airflow/example_dags/example_nested_branch_dag.py
[2022-10-12 18:32:51,938] {processor.py:642} INFO - Processing file /Users/renatomelo/Downloads/airflow_tooltorial/airflow-local/venv/lib/python3.9/site-packages/airflow/example_dags/example_nested_branch_dag.py for tasks to queue
[2022-10-12 18:32:51,939] {logging_mixin.py:109} INFO - [2022-10-12 18:32:51,939] {dagbag.py:500} INFO - Filling up the DagBag from /Users/renatomelo/Downloads/airflow_tooltorial/airflow-local/venv/lib/python3.9/site-packages/airflow/example_dags/example_nested_branch_dag.py
[2022-10-12 18:32:51,991] {processor.py:654} INFO - DAG(s) dict_keys(['example_nested_branch_dag']) retrieved from /Users/renatomelo/Downloads/airflow_tooltorial/airflow-local/venv/lib/python3.9/site-packages/airflow/example_dags/example_nested_branch_dag.py
[2022-10-12 18:32:52,010] {logging_mixin.py:109} INFO - [2022-10-12 18:32:52,010] {dag.py:2396} INFO - Sync 1 DAGs
[2022-10-12 18:32:52,026] {logging_mixin.py:109} INFO - [2022-10-12 18:32:52,026] {dag.py:2935} INFO - Setting next_dagrun for example_nested_branch_dag to 2022-10-11 00:00:00+00:00
[2022-10-12 18:32:52,035] {processor.py:171} INFO - Processing /Users/renatomelo/Downloads/airflow_tooltorial/airflow-local/venv/lib/python3.9/site-packages/airflow/example_dags/example_nested_branch_dag.py took 0.100 seconds
