[2022-10-12 18:04:27,949] {processor.py:163} INFO - Started process (PID=7914) to work on /Users/renatomelo/Downloads/airflow_tooltorial/airflow-local/venv/lib/python3.9/site-packages/airflow/example_dags/example_xcom.py
[2022-10-12 18:04:27,949] {processor.py:642} INFO - Processing file /Users/renatomelo/Downloads/airflow_tooltorial/airflow-local/venv/lib/python3.9/site-packages/airflow/example_dags/example_xcom.py for tasks to queue
[2022-10-12 18:04:27,950] {logging_mixin.py:109} INFO - [2022-10-12 18:04:27,949] {dagbag.py:500} INFO - Filling up the DagBag from /Users/renatomelo/Downloads/airflow_tooltorial/airflow-local/venv/lib/python3.9/site-packages/airflow/example_dags/example_xcom.py
[2022-10-12 18:04:28,011] {processor.py:654} INFO - DAG(s) dict_keys(['example_xcom']) retrieved from /Users/renatomelo/Downloads/airflow_tooltorial/airflow-local/venv/lib/python3.9/site-packages/airflow/example_dags/example_xcom.py
[2022-10-12 18:04:28,295] {logging_mixin.py:109} INFO - [2022-10-12 18:04:28,295] {dag.py:2396} INFO - Sync 1 DAGs
[2022-10-12 18:04:28,305] {logging_mixin.py:109} INFO - [2022-10-12 18:04:28,305] {dag.py:2935} INFO - Setting next_dagrun for example_xcom to 2021-01-01T00:00:00+00:00
[2022-10-12 18:04:28,318] {processor.py:171} INFO - Processing /Users/renatomelo/Downloads/airflow_tooltorial/airflow-local/venv/lib/python3.9/site-packages/airflow/example_dags/example_xcom.py took 0.370 seconds
[2022-10-12 18:06:26,785] {processor.py:163} INFO - Started process (PID=8128) to work on /Users/renatomelo/Downloads/airflow_tooltorial/airflow-local/venv/lib/python3.9/site-packages/airflow/example_dags/example_xcom.py
[2022-10-12 18:06:26,787] {processor.py:642} INFO - Processing file /Users/renatomelo/Downloads/airflow_tooltorial/airflow-local/venv/lib/python3.9/site-packages/airflow/example_dags/example_xcom.py for tasks to queue
[2022-10-12 18:06:26,787] {logging_mixin.py:109} INFO - [2022-10-12 18:06:26,787] {dagbag.py:500} INFO - Filling up the DagBag from /Users/renatomelo/Downloads/airflow_tooltorial/airflow-local/venv/lib/python3.9/site-packages/airflow/example_dags/example_xcom.py
[2022-10-12 18:06:26,847] {processor.py:654} INFO - DAG(s) dict_keys(['example_xcom']) retrieved from /Users/renatomelo/Downloads/airflow_tooltorial/airflow-local/venv/lib/python3.9/site-packages/airflow/example_dags/example_xcom.py
[2022-10-12 18:06:27,185] {logging_mixin.py:109} INFO - [2022-10-12 18:06:27,185] {dag.py:2396} INFO - Sync 1 DAGs
[2022-10-12 18:06:27,201] {logging_mixin.py:109} INFO - [2022-10-12 18:06:27,201] {dag.py:2935} INFO - Setting next_dagrun for example_xcom to 2021-01-01T00:00:00+00:00
[2022-10-12 18:06:27,220] {processor.py:171} INFO - Processing /Users/renatomelo/Downloads/airflow_tooltorial/airflow-local/venv/lib/python3.9/site-packages/airflow/example_dags/example_xcom.py took 0.436 seconds
[2022-10-12 18:07:52,200] {processor.py:163} INFO - Started process (PID=8257) to work on /Users/renatomelo/Downloads/airflow_tooltorial/airflow-local/venv/lib/python3.9/site-packages/airflow/example_dags/example_xcom.py
[2022-10-12 18:07:52,203] {processor.py:642} INFO - Processing file /Users/renatomelo/Downloads/airflow_tooltorial/airflow-local/venv/lib/python3.9/site-packages/airflow/example_dags/example_xcom.py for tasks to queue
[2022-10-12 18:07:52,204] {logging_mixin.py:109} INFO - [2022-10-12 18:07:52,203] {dagbag.py:500} INFO - Filling up the DagBag from /Users/renatomelo/Downloads/airflow_tooltorial/airflow-local/venv/lib/python3.9/site-packages/airflow/example_dags/example_xcom.py
[2022-10-12 18:07:52,273] {processor.py:654} INFO - DAG(s) dict_keys(['example_xcom']) retrieved from /Users/renatomelo/Downloads/airflow_tooltorial/airflow-local/venv/lib/python3.9/site-packages/airflow/example_dags/example_xcom.py
[2022-10-12 18:07:52,523] {logging_mixin.py:109} INFO - [2022-10-12 18:07:52,523] {dag.py:2396} INFO - Sync 1 DAGs
[2022-10-12 18:07:52,532] {logging_mixin.py:109} INFO - [2022-10-12 18:07:52,532] {dag.py:2935} INFO - Setting next_dagrun for example_xcom to 2021-01-01T00:00:00+00:00
[2022-10-12 18:07:52,543] {processor.py:171} INFO - Processing /Users/renatomelo/Downloads/airflow_tooltorial/airflow-local/venv/lib/python3.9/site-packages/airflow/example_dags/example_xcom.py took 0.344 seconds
[2022-10-12 18:09:10,001] {processor.py:163} INFO - Started process (PID=8295) to work on /Users/renatomelo/Downloads/airflow_tooltorial/airflow-local/venv/lib/python3.9/site-packages/airflow/example_dags/example_xcom.py
[2022-10-12 18:09:10,002] {processor.py:642} INFO - Processing file /Users/renatomelo/Downloads/airflow_tooltorial/airflow-local/venv/lib/python3.9/site-packages/airflow/example_dags/example_xcom.py for tasks to queue
[2022-10-12 18:09:10,003] {logging_mixin.py:109} INFO - [2022-10-12 18:09:10,003] {dagbag.py:500} INFO - Filling up the DagBag from /Users/renatomelo/Downloads/airflow_tooltorial/airflow-local/venv/lib/python3.9/site-packages/airflow/example_dags/example_xcom.py
[2022-10-12 18:09:10,092] {processor.py:654} INFO - DAG(s) dict_keys(['example_xcom']) retrieved from /Users/renatomelo/Downloads/airflow_tooltorial/airflow-local/venv/lib/python3.9/site-packages/airflow/example_dags/example_xcom.py
[2022-10-12 18:09:10,407] {logging_mixin.py:109} INFO - [2022-10-12 18:09:10,406] {dag.py:2396} INFO - Sync 1 DAGs
[2022-10-12 18:09:10,421] {logging_mixin.py:109} INFO - [2022-10-12 18:09:10,421] {dag.py:2935} INFO - Setting next_dagrun for example_xcom to 2021-01-01T00:00:00+00:00
[2022-10-12 18:09:10,434] {processor.py:171} INFO - Processing /Users/renatomelo/Downloads/airflow_tooltorial/airflow-local/venv/lib/python3.9/site-packages/airflow/example_dags/example_xcom.py took 0.434 seconds
[2022-10-12 18:10:44,987] {processor.py:163} INFO - Started process (PID=8358) to work on /Users/renatomelo/Downloads/airflow_tooltorial/airflow-local/venv/lib/python3.9/site-packages/airflow/example_dags/example_xcom.py
[2022-10-12 18:10:45,005] {processor.py:642} INFO - Processing file /Users/renatomelo/Downloads/airflow_tooltorial/airflow-local/venv/lib/python3.9/site-packages/airflow/example_dags/example_xcom.py for tasks to queue
[2022-10-12 18:10:45,009] {logging_mixin.py:109} INFO - [2022-10-12 18:10:45,009] {dagbag.py:500} INFO - Filling up the DagBag from /Users/renatomelo/Downloads/airflow_tooltorial/airflow-local/venv/lib/python3.9/site-packages/airflow/example_dags/example_xcom.py
[2022-10-12 18:10:45,156] {processor.py:654} INFO - DAG(s) dict_keys(['example_xcom']) retrieved from /Users/renatomelo/Downloads/airflow_tooltorial/airflow-local/venv/lib/python3.9/site-packages/airflow/example_dags/example_xcom.py
[2022-10-12 18:10:45,509] {logging_mixin.py:109} INFO - [2022-10-12 18:10:45,509] {dag.py:2396} INFO - Sync 1 DAGs
[2022-10-12 18:10:45,523] {logging_mixin.py:109} INFO - [2022-10-12 18:10:45,522] {dag.py:2935} INFO - Setting next_dagrun for example_xcom to 2021-01-01T00:00:00+00:00
[2022-10-12 18:10:45,535] {processor.py:171} INFO - Processing /Users/renatomelo/Downloads/airflow_tooltorial/airflow-local/venv/lib/python3.9/site-packages/airflow/example_dags/example_xcom.py took 0.548 seconds
[2022-10-12 18:12:19,057] {processor.py:163} INFO - Started process (PID=8401) to work on /Users/renatomelo/Downloads/airflow_tooltorial/airflow-local/venv/lib/python3.9/site-packages/airflow/example_dags/example_xcom.py
[2022-10-12 18:12:19,057] {processor.py:642} INFO - Processing file /Users/renatomelo/Downloads/airflow_tooltorial/airflow-local/venv/lib/python3.9/site-packages/airflow/example_dags/example_xcom.py for tasks to queue
[2022-10-12 18:12:19,058] {logging_mixin.py:109} INFO - [2022-10-12 18:12:19,058] {dagbag.py:500} INFO - Filling up the DagBag from /Users/renatomelo/Downloads/airflow_tooltorial/airflow-local/venv/lib/python3.9/site-packages/airflow/example_dags/example_xcom.py
[2022-10-12 18:12:19,125] {processor.py:654} INFO - DAG(s) dict_keys(['example_xcom']) retrieved from /Users/renatomelo/Downloads/airflow_tooltorial/airflow-local/venv/lib/python3.9/site-packages/airflow/example_dags/example_xcom.py
[2022-10-12 18:12:19,447] {logging_mixin.py:109} INFO - [2022-10-12 18:12:19,447] {dag.py:2396} INFO - Sync 1 DAGs
[2022-10-12 18:12:19,488] {logging_mixin.py:109} INFO - [2022-10-12 18:12:19,488] {dag.py:2935} INFO - Setting next_dagrun for example_xcom to 2021-01-01T00:00:00+00:00
[2022-10-12 18:12:19,507] {processor.py:171} INFO - Processing /Users/renatomelo/Downloads/airflow_tooltorial/airflow-local/venv/lib/python3.9/site-packages/airflow/example_dags/example_xcom.py took 0.451 seconds
[2022-10-12 18:13:52,829] {processor.py:163} INFO - Started process (PID=8432) to work on /Users/renatomelo/Downloads/airflow_tooltorial/airflow-local/venv/lib/python3.9/site-packages/airflow/example_dags/example_xcom.py
[2022-10-12 18:13:52,830] {processor.py:642} INFO - Processing file /Users/renatomelo/Downloads/airflow_tooltorial/airflow-local/venv/lib/python3.9/site-packages/airflow/example_dags/example_xcom.py for tasks to queue
[2022-10-12 18:13:52,830] {logging_mixin.py:109} INFO - [2022-10-12 18:13:52,830] {dagbag.py:500} INFO - Filling up the DagBag from /Users/renatomelo/Downloads/airflow_tooltorial/airflow-local/venv/lib/python3.9/site-packages/airflow/example_dags/example_xcom.py
[2022-10-12 18:13:52,906] {processor.py:654} INFO - DAG(s) dict_keys(['example_xcom']) retrieved from /Users/renatomelo/Downloads/airflow_tooltorial/airflow-local/venv/lib/python3.9/site-packages/airflow/example_dags/example_xcom.py
[2022-10-12 18:13:53,258] {logging_mixin.py:109} INFO - [2022-10-12 18:13:53,257] {dag.py:2396} INFO - Sync 1 DAGs
[2022-10-12 18:13:53,275] {logging_mixin.py:109} INFO - [2022-10-12 18:13:53,274] {dag.py:2935} INFO - Setting next_dagrun for example_xcom to 2021-01-01T00:00:00+00:00
[2022-10-12 18:13:53,292] {processor.py:171} INFO - Processing /Users/renatomelo/Downloads/airflow_tooltorial/airflow-local/venv/lib/python3.9/site-packages/airflow/example_dags/example_xcom.py took 0.465 seconds
[2022-10-12 18:15:13,726] {processor.py:163} INFO - Started process (PID=8460) to work on /Users/renatomelo/Downloads/airflow_tooltorial/airflow-local/venv/lib/python3.9/site-packages/airflow/example_dags/example_xcom.py
[2022-10-12 18:15:13,728] {processor.py:642} INFO - Processing file /Users/renatomelo/Downloads/airflow_tooltorial/airflow-local/venv/lib/python3.9/site-packages/airflow/example_dags/example_xcom.py for tasks to queue
[2022-10-12 18:15:13,729] {logging_mixin.py:109} INFO - [2022-10-12 18:15:13,729] {dagbag.py:500} INFO - Filling up the DagBag from /Users/renatomelo/Downloads/airflow_tooltorial/airflow-local/venv/lib/python3.9/site-packages/airflow/example_dags/example_xcom.py
[2022-10-12 18:15:13,842] {processor.py:654} INFO - DAG(s) dict_keys(['example_xcom']) retrieved from /Users/renatomelo/Downloads/airflow_tooltorial/airflow-local/venv/lib/python3.9/site-packages/airflow/example_dags/example_xcom.py
[2022-10-12 18:15:14,257] {logging_mixin.py:109} INFO - [2022-10-12 18:15:14,256] {dag.py:2396} INFO - Sync 1 DAGs
[2022-10-12 18:15:14,268] {logging_mixin.py:109} INFO - [2022-10-12 18:15:14,268] {dag.py:2935} INFO - Setting next_dagrun for example_xcom to 2021-01-01T00:00:00+00:00
[2022-10-12 18:15:14,279] {processor.py:171} INFO - Processing /Users/renatomelo/Downloads/airflow_tooltorial/airflow-local/venv/lib/python3.9/site-packages/airflow/example_dags/example_xcom.py took 0.554 seconds
[2022-10-12 18:16:39,017] {processor.py:163} INFO - Started process (PID=8489) to work on /Users/renatomelo/Downloads/airflow_tooltorial/airflow-local/venv/lib/python3.9/site-packages/airflow/example_dags/example_xcom.py
[2022-10-12 18:16:39,020] {processor.py:642} INFO - Processing file /Users/renatomelo/Downloads/airflow_tooltorial/airflow-local/venv/lib/python3.9/site-packages/airflow/example_dags/example_xcom.py for tasks to queue
[2022-10-12 18:16:39,020] {logging_mixin.py:109} INFO - [2022-10-12 18:16:39,020] {dagbag.py:500} INFO - Filling up the DagBag from /Users/renatomelo/Downloads/airflow_tooltorial/airflow-local/venv/lib/python3.9/site-packages/airflow/example_dags/example_xcom.py
[2022-10-12 18:16:39,076] {processor.py:654} INFO - DAG(s) dict_keys(['example_xcom']) retrieved from /Users/renatomelo/Downloads/airflow_tooltorial/airflow-local/venv/lib/python3.9/site-packages/airflow/example_dags/example_xcom.py
[2022-10-12 18:16:39,347] {logging_mixin.py:109} INFO - [2022-10-12 18:16:39,347] {dag.py:2396} INFO - Sync 1 DAGs
[2022-10-12 18:16:39,357] {logging_mixin.py:109} INFO - [2022-10-12 18:16:39,357] {dag.py:2935} INFO - Setting next_dagrun for example_xcom to 2021-01-01T00:00:00+00:00
[2022-10-12 18:16:39,368] {processor.py:171} INFO - Processing /Users/renatomelo/Downloads/airflow_tooltorial/airflow-local/venv/lib/python3.9/site-packages/airflow/example_dags/example_xcom.py took 0.351 seconds
[2022-10-12 18:17:56,627] {processor.py:163} INFO - Started process (PID=8520) to work on /Users/renatomelo/Downloads/airflow_tooltorial/airflow-local/venv/lib/python3.9/site-packages/airflow/example_dags/example_xcom.py
[2022-10-12 18:17:56,627] {processor.py:642} INFO - Processing file /Users/renatomelo/Downloads/airflow_tooltorial/airflow-local/venv/lib/python3.9/site-packages/airflow/example_dags/example_xcom.py for tasks to queue
[2022-10-12 18:17:56,627] {logging_mixin.py:109} INFO - [2022-10-12 18:17:56,627] {dagbag.py:500} INFO - Filling up the DagBag from /Users/renatomelo/Downloads/airflow_tooltorial/airflow-local/venv/lib/python3.9/site-packages/airflow/example_dags/example_xcom.py
[2022-10-12 18:17:56,679] {processor.py:654} INFO - DAG(s) dict_keys(['example_xcom']) retrieved from /Users/renatomelo/Downloads/airflow_tooltorial/airflow-local/venv/lib/python3.9/site-packages/airflow/example_dags/example_xcom.py
[2022-10-12 18:17:56,927] {logging_mixin.py:109} INFO - [2022-10-12 18:17:56,927] {dag.py:2396} INFO - Sync 1 DAGs
[2022-10-12 18:17:56,936] {logging_mixin.py:109} INFO - [2022-10-12 18:17:56,936] {dag.py:2935} INFO - Setting next_dagrun for example_xcom to 2021-01-01T00:00:00+00:00
[2022-10-12 18:17:56,947] {processor.py:171} INFO - Processing /Users/renatomelo/Downloads/airflow_tooltorial/airflow-local/venv/lib/python3.9/site-packages/airflow/example_dags/example_xcom.py took 0.321 seconds
[2022-10-12 18:19:05,261] {processor.py:163} INFO - Started process (PID=8546) to work on /Users/renatomelo/Downloads/airflow_tooltorial/airflow-local/venv/lib/python3.9/site-packages/airflow/example_dags/example_xcom.py
[2022-10-12 18:19:05,262] {processor.py:642} INFO - Processing file /Users/renatomelo/Downloads/airflow_tooltorial/airflow-local/venv/lib/python3.9/site-packages/airflow/example_dags/example_xcom.py for tasks to queue
[2022-10-12 18:19:05,262] {logging_mixin.py:109} INFO - [2022-10-12 18:19:05,262] {dagbag.py:500} INFO - Filling up the DagBag from /Users/renatomelo/Downloads/airflow_tooltorial/airflow-local/venv/lib/python3.9/site-packages/airflow/example_dags/example_xcom.py
[2022-10-12 18:19:05,314] {processor.py:654} INFO - DAG(s) dict_keys(['example_xcom']) retrieved from /Users/renatomelo/Downloads/airflow_tooltorial/airflow-local/venv/lib/python3.9/site-packages/airflow/example_dags/example_xcom.py
[2022-10-12 18:19:05,581] {logging_mixin.py:109} INFO - [2022-10-12 18:19:05,581] {dag.py:2396} INFO - Sync 1 DAGs
[2022-10-12 18:19:05,595] {logging_mixin.py:109} INFO - [2022-10-12 18:19:05,595] {dag.py:2935} INFO - Setting next_dagrun for example_xcom to 2021-01-01T00:00:00+00:00
[2022-10-12 18:19:05,626] {processor.py:171} INFO - Processing /Users/renatomelo/Downloads/airflow_tooltorial/airflow-local/venv/lib/python3.9/site-packages/airflow/example_dags/example_xcom.py took 0.365 seconds
[2022-10-12 18:20:15,114] {processor.py:163} INFO - Started process (PID=8572) to work on /Users/renatomelo/Downloads/airflow_tooltorial/airflow-local/venv/lib/python3.9/site-packages/airflow/example_dags/example_xcom.py
[2022-10-12 18:20:15,114] {processor.py:642} INFO - Processing file /Users/renatomelo/Downloads/airflow_tooltorial/airflow-local/venv/lib/python3.9/site-packages/airflow/example_dags/example_xcom.py for tasks to queue
[2022-10-12 18:20:15,114] {logging_mixin.py:109} INFO - [2022-10-12 18:20:15,114] {dagbag.py:500} INFO - Filling up the DagBag from /Users/renatomelo/Downloads/airflow_tooltorial/airflow-local/venv/lib/python3.9/site-packages/airflow/example_dags/example_xcom.py
[2022-10-12 18:20:15,174] {processor.py:654} INFO - DAG(s) dict_keys(['example_xcom']) retrieved from /Users/renatomelo/Downloads/airflow_tooltorial/airflow-local/venv/lib/python3.9/site-packages/airflow/example_dags/example_xcom.py
[2022-10-12 18:20:15,478] {logging_mixin.py:109} INFO - [2022-10-12 18:20:15,478] {dag.py:2396} INFO - Sync 1 DAGs
[2022-10-12 18:20:15,489] {logging_mixin.py:109} INFO - [2022-10-12 18:20:15,489] {dag.py:2935} INFO - Setting next_dagrun for example_xcom to 2021-01-01T00:00:00+00:00
[2022-10-12 18:20:15,501] {processor.py:171} INFO - Processing /Users/renatomelo/Downloads/airflow_tooltorial/airflow-local/venv/lib/python3.9/site-packages/airflow/example_dags/example_xcom.py took 0.388 seconds
[2022-10-12 18:21:25,529] {processor.py:163} INFO - Started process (PID=8597) to work on /Users/renatomelo/Downloads/airflow_tooltorial/airflow-local/venv/lib/python3.9/site-packages/airflow/example_dags/example_xcom.py
[2022-10-12 18:21:25,529] {processor.py:642} INFO - Processing file /Users/renatomelo/Downloads/airflow_tooltorial/airflow-local/venv/lib/python3.9/site-packages/airflow/example_dags/example_xcom.py for tasks to queue
[2022-10-12 18:21:25,530] {logging_mixin.py:109} INFO - [2022-10-12 18:21:25,529] {dagbag.py:500} INFO - Filling up the DagBag from /Users/renatomelo/Downloads/airflow_tooltorial/airflow-local/venv/lib/python3.9/site-packages/airflow/example_dags/example_xcom.py
[2022-10-12 18:21:25,582] {processor.py:654} INFO - DAG(s) dict_keys(['example_xcom']) retrieved from /Users/renatomelo/Downloads/airflow_tooltorial/airflow-local/venv/lib/python3.9/site-packages/airflow/example_dags/example_xcom.py
[2022-10-12 18:21:25,842] {logging_mixin.py:109} INFO - [2022-10-12 18:21:25,842] {dag.py:2396} INFO - Sync 1 DAGs
[2022-10-12 18:21:25,852] {logging_mixin.py:109} INFO - [2022-10-12 18:21:25,852] {dag.py:2935} INFO - Setting next_dagrun for example_xcom to 2021-01-01T00:00:00+00:00
[2022-10-12 18:21:25,863] {processor.py:171} INFO - Processing /Users/renatomelo/Downloads/airflow_tooltorial/airflow-local/venv/lib/python3.9/site-packages/airflow/example_dags/example_xcom.py took 0.335 seconds
[2022-10-12 18:22:39,875] {processor.py:163} INFO - Started process (PID=8639) to work on /Users/renatomelo/Downloads/airflow_tooltorial/airflow-local/venv/lib/python3.9/site-packages/airflow/example_dags/example_xcom.py
[2022-10-12 18:22:39,876] {processor.py:642} INFO - Processing file /Users/renatomelo/Downloads/airflow_tooltorial/airflow-local/venv/lib/python3.9/site-packages/airflow/example_dags/example_xcom.py for tasks to queue
[2022-10-12 18:22:39,877] {logging_mixin.py:109} INFO - [2022-10-12 18:22:39,877] {dagbag.py:500} INFO - Filling up the DagBag from /Users/renatomelo/Downloads/airflow_tooltorial/airflow-local/venv/lib/python3.9/site-packages/airflow/example_dags/example_xcom.py
[2022-10-12 18:22:39,930] {processor.py:654} INFO - DAG(s) dict_keys(['example_xcom']) retrieved from /Users/renatomelo/Downloads/airflow_tooltorial/airflow-local/venv/lib/python3.9/site-packages/airflow/example_dags/example_xcom.py
[2022-10-12 18:22:40,179] {logging_mixin.py:109} INFO - [2022-10-12 18:22:40,179] {dag.py:2396} INFO - Sync 1 DAGs
[2022-10-12 18:22:40,188] {logging_mixin.py:109} INFO - [2022-10-12 18:22:40,188] {dag.py:2935} INFO - Setting next_dagrun for example_xcom to 2021-01-01T00:00:00+00:00
[2022-10-12 18:22:40,200] {processor.py:171} INFO - Processing /Users/renatomelo/Downloads/airflow_tooltorial/airflow-local/venv/lib/python3.9/site-packages/airflow/example_dags/example_xcom.py took 0.326 seconds
[2022-10-12 18:23:52,591] {processor.py:163} INFO - Started process (PID=8678) to work on /Users/renatomelo/Downloads/airflow_tooltorial/airflow-local/venv/lib/python3.9/site-packages/airflow/example_dags/example_xcom.py
[2022-10-12 18:23:52,593] {processor.py:642} INFO - Processing file /Users/renatomelo/Downloads/airflow_tooltorial/airflow-local/venv/lib/python3.9/site-packages/airflow/example_dags/example_xcom.py for tasks to queue
[2022-10-12 18:23:52,594] {logging_mixin.py:109} INFO - [2022-10-12 18:23:52,593] {dagbag.py:500} INFO - Filling up the DagBag from /Users/renatomelo/Downloads/airflow_tooltorial/airflow-local/venv/lib/python3.9/site-packages/airflow/example_dags/example_xcom.py
[2022-10-12 18:23:52,657] {processor.py:654} INFO - DAG(s) dict_keys(['example_xcom']) retrieved from /Users/renatomelo/Downloads/airflow_tooltorial/airflow-local/venv/lib/python3.9/site-packages/airflow/example_dags/example_xcom.py
[2022-10-12 18:23:52,978] {logging_mixin.py:109} INFO - [2022-10-12 18:23:52,978] {dag.py:2396} INFO - Sync 1 DAGs
[2022-10-12 18:23:52,990] {logging_mixin.py:109} INFO - [2022-10-12 18:23:52,990] {dag.py:2935} INFO - Setting next_dagrun for example_xcom to 2021-01-01T00:00:00+00:00
[2022-10-12 18:23:53,004] {processor.py:171} INFO - Processing /Users/renatomelo/Downloads/airflow_tooltorial/airflow-local/venv/lib/python3.9/site-packages/airflow/example_dags/example_xcom.py took 0.414 seconds
[2022-10-12 18:25:06,104] {processor.py:163} INFO - Started process (PID=8712) to work on /Users/renatomelo/Downloads/airflow_tooltorial/airflow-local/venv/lib/python3.9/site-packages/airflow/example_dags/example_xcom.py
[2022-10-12 18:25:06,105] {processor.py:642} INFO - Processing file /Users/renatomelo/Downloads/airflow_tooltorial/airflow-local/venv/lib/python3.9/site-packages/airflow/example_dags/example_xcom.py for tasks to queue
[2022-10-12 18:25:06,105] {logging_mixin.py:109} INFO - [2022-10-12 18:25:06,105] {dagbag.py:500} INFO - Filling up the DagBag from /Users/renatomelo/Downloads/airflow_tooltorial/airflow-local/venv/lib/python3.9/site-packages/airflow/example_dags/example_xcom.py
[2022-10-12 18:25:06,154] {processor.py:654} INFO - DAG(s) dict_keys(['example_xcom']) retrieved from /Users/renatomelo/Downloads/airflow_tooltorial/airflow-local/venv/lib/python3.9/site-packages/airflow/example_dags/example_xcom.py
[2022-10-12 18:25:06,393] {logging_mixin.py:109} INFO - [2022-10-12 18:25:06,393] {dag.py:2396} INFO - Sync 1 DAGs
[2022-10-12 18:25:06,403] {logging_mixin.py:109} INFO - [2022-10-12 18:25:06,403] {dag.py:2935} INFO - Setting next_dagrun for example_xcom to 2021-01-01T00:00:00+00:00
[2022-10-12 18:25:06,413] {processor.py:171} INFO - Processing /Users/renatomelo/Downloads/airflow_tooltorial/airflow-local/venv/lib/python3.9/site-packages/airflow/example_dags/example_xcom.py took 0.310 seconds
[2022-10-12 18:26:23,109] {processor.py:163} INFO - Started process (PID=8748) to work on /Users/renatomelo/Downloads/airflow_tooltorial/airflow-local/venv/lib/python3.9/site-packages/airflow/example_dags/example_xcom.py
[2022-10-12 18:26:23,109] {processor.py:642} INFO - Processing file /Users/renatomelo/Downloads/airflow_tooltorial/airflow-local/venv/lib/python3.9/site-packages/airflow/example_dags/example_xcom.py for tasks to queue
[2022-10-12 18:26:23,109] {logging_mixin.py:109} INFO - [2022-10-12 18:26:23,109] {dagbag.py:500} INFO - Filling up the DagBag from /Users/renatomelo/Downloads/airflow_tooltorial/airflow-local/venv/lib/python3.9/site-packages/airflow/example_dags/example_xcom.py
[2022-10-12 18:26:23,182] {processor.py:654} INFO - DAG(s) dict_keys(['example_xcom']) retrieved from /Users/renatomelo/Downloads/airflow_tooltorial/airflow-local/venv/lib/python3.9/site-packages/airflow/example_dags/example_xcom.py
[2022-10-12 18:26:23,699] {logging_mixin.py:109} INFO - [2022-10-12 18:26:23,699] {dag.py:2396} INFO - Sync 1 DAGs
[2022-10-12 18:26:23,716] {logging_mixin.py:109} INFO - [2022-10-12 18:26:23,716] {dag.py:2935} INFO - Setting next_dagrun for example_xcom to 2021-01-01T00:00:00+00:00
[2022-10-12 18:26:23,733] {processor.py:171} INFO - Processing /Users/renatomelo/Downloads/airflow_tooltorial/airflow-local/venv/lib/python3.9/site-packages/airflow/example_dags/example_xcom.py took 0.625 seconds
[2022-10-12 18:27:45,506] {processor.py:163} INFO - Started process (PID=8797) to work on /Users/renatomelo/Downloads/airflow_tooltorial/airflow-local/venv/lib/python3.9/site-packages/airflow/example_dags/example_xcom.py
[2022-10-12 18:27:45,506] {processor.py:642} INFO - Processing file /Users/renatomelo/Downloads/airflow_tooltorial/airflow-local/venv/lib/python3.9/site-packages/airflow/example_dags/example_xcom.py for tasks to queue
[2022-10-12 18:27:45,506] {logging_mixin.py:109} INFO - [2022-10-12 18:27:45,506] {dagbag.py:500} INFO - Filling up the DagBag from /Users/renatomelo/Downloads/airflow_tooltorial/airflow-local/venv/lib/python3.9/site-packages/airflow/example_dags/example_xcom.py
[2022-10-12 18:27:45,557] {processor.py:654} INFO - DAG(s) dict_keys(['example_xcom']) retrieved from /Users/renatomelo/Downloads/airflow_tooltorial/airflow-local/venv/lib/python3.9/site-packages/airflow/example_dags/example_xcom.py
[2022-10-12 18:27:45,795] {logging_mixin.py:109} INFO - [2022-10-12 18:27:45,794] {dag.py:2396} INFO - Sync 1 DAGs
[2022-10-12 18:27:45,804] {logging_mixin.py:109} INFO - [2022-10-12 18:27:45,804] {dag.py:2935} INFO - Setting next_dagrun for example_xcom to 2021-01-01T00:00:00+00:00
[2022-10-12 18:27:45,814] {processor.py:171} INFO - Processing /Users/renatomelo/Downloads/airflow_tooltorial/airflow-local/venv/lib/python3.9/site-packages/airflow/example_dags/example_xcom.py took 0.309 seconds
[2022-10-12 18:28:50,324] {processor.py:163} INFO - Started process (PID=8825) to work on /Users/renatomelo/Downloads/airflow_tooltorial/airflow-local/venv/lib/python3.9/site-packages/airflow/example_dags/example_xcom.py
[2022-10-12 18:28:50,324] {processor.py:642} INFO - Processing file /Users/renatomelo/Downloads/airflow_tooltorial/airflow-local/venv/lib/python3.9/site-packages/airflow/example_dags/example_xcom.py for tasks to queue
[2022-10-12 18:28:50,325] {logging_mixin.py:109} INFO - [2022-10-12 18:28:50,325] {dagbag.py:500} INFO - Filling up the DagBag from /Users/renatomelo/Downloads/airflow_tooltorial/airflow-local/venv/lib/python3.9/site-packages/airflow/example_dags/example_xcom.py
[2022-10-12 18:28:50,377] {processor.py:654} INFO - DAG(s) dict_keys(['example_xcom']) retrieved from /Users/renatomelo/Downloads/airflow_tooltorial/airflow-local/venv/lib/python3.9/site-packages/airflow/example_dags/example_xcom.py
[2022-10-12 18:28:50,612] {logging_mixin.py:109} INFO - [2022-10-12 18:28:50,612] {dag.py:2396} INFO - Sync 1 DAGs
[2022-10-12 18:28:50,621] {logging_mixin.py:109} INFO - [2022-10-12 18:28:50,621] {dag.py:2935} INFO - Setting next_dagrun for example_xcom to 2021-01-01T00:00:00+00:00
[2022-10-12 18:28:50,632] {processor.py:171} INFO - Processing /Users/renatomelo/Downloads/airflow_tooltorial/airflow-local/venv/lib/python3.9/site-packages/airflow/example_dags/example_xcom.py took 0.309 seconds
[2022-10-12 18:29:47,834] {processor.py:163} INFO - Started process (PID=8849) to work on /Users/renatomelo/Downloads/airflow_tooltorial/airflow-local/venv/lib/python3.9/site-packages/airflow/example_dags/example_xcom.py
[2022-10-12 18:29:47,834] {processor.py:642} INFO - Processing file /Users/renatomelo/Downloads/airflow_tooltorial/airflow-local/venv/lib/python3.9/site-packages/airflow/example_dags/example_xcom.py for tasks to queue
[2022-10-12 18:29:47,834] {logging_mixin.py:109} INFO - [2022-10-12 18:29:47,834] {dagbag.py:500} INFO - Filling up the DagBag from /Users/renatomelo/Downloads/airflow_tooltorial/airflow-local/venv/lib/python3.9/site-packages/airflow/example_dags/example_xcom.py
[2022-10-12 18:29:47,885] {processor.py:654} INFO - DAG(s) dict_keys(['example_xcom']) retrieved from /Users/renatomelo/Downloads/airflow_tooltorial/airflow-local/venv/lib/python3.9/site-packages/airflow/example_dags/example_xcom.py
[2022-10-12 18:29:48,125] {logging_mixin.py:109} INFO - [2022-10-12 18:29:48,125] {dag.py:2396} INFO - Sync 1 DAGs
[2022-10-12 18:29:48,134] {logging_mixin.py:109} INFO - [2022-10-12 18:29:48,134] {dag.py:2935} INFO - Setting next_dagrun for example_xcom to 2021-01-01T00:00:00+00:00
[2022-10-12 18:29:48,145] {processor.py:171} INFO - Processing /Users/renatomelo/Downloads/airflow_tooltorial/airflow-local/venv/lib/python3.9/site-packages/airflow/example_dags/example_xcom.py took 0.312 seconds
[2022-10-12 18:31:01,112] {processor.py:163} INFO - Started process (PID=8906) to work on /Users/renatomelo/Downloads/airflow_tooltorial/airflow-local/venv/lib/python3.9/site-packages/airflow/example_dags/example_xcom.py
[2022-10-12 18:31:01,113] {processor.py:642} INFO - Processing file /Users/renatomelo/Downloads/airflow_tooltorial/airflow-local/venv/lib/python3.9/site-packages/airflow/example_dags/example_xcom.py for tasks to queue
[2022-10-12 18:31:01,114] {logging_mixin.py:109} INFO - [2022-10-12 18:31:01,113] {dagbag.py:500} INFO - Filling up the DagBag from /Users/renatomelo/Downloads/airflow_tooltorial/airflow-local/venv/lib/python3.9/site-packages/airflow/example_dags/example_xcom.py
[2022-10-12 18:31:01,196] {processor.py:654} INFO - DAG(s) dict_keys(['example_xcom']) retrieved from /Users/renatomelo/Downloads/airflow_tooltorial/airflow-local/venv/lib/python3.9/site-packages/airflow/example_dags/example_xcom.py
[2022-10-12 18:31:01,625] {logging_mixin.py:109} INFO - [2022-10-12 18:31:01,625] {dag.py:2396} INFO - Sync 1 DAGs
[2022-10-12 18:31:01,639] {logging_mixin.py:109} INFO - [2022-10-12 18:31:01,639] {dag.py:2935} INFO - Setting next_dagrun for example_xcom to 2021-01-01T00:00:00+00:00
[2022-10-12 18:31:01,652] {processor.py:171} INFO - Processing /Users/renatomelo/Downloads/airflow_tooltorial/airflow-local/venv/lib/python3.9/site-packages/airflow/example_dags/example_xcom.py took 0.541 seconds
[2022-10-12 18:32:20,248] {processor.py:163} INFO - Started process (PID=8936) to work on /Users/renatomelo/Downloads/airflow_tooltorial/airflow-local/venv/lib/python3.9/site-packages/airflow/example_dags/example_xcom.py
[2022-10-12 18:32:20,248] {processor.py:642} INFO - Processing file /Users/renatomelo/Downloads/airflow_tooltorial/airflow-local/venv/lib/python3.9/site-packages/airflow/example_dags/example_xcom.py for tasks to queue
[2022-10-12 18:32:20,249] {logging_mixin.py:109} INFO - [2022-10-12 18:32:20,249] {dagbag.py:500} INFO - Filling up the DagBag from /Users/renatomelo/Downloads/airflow_tooltorial/airflow-local/venv/lib/python3.9/site-packages/airflow/example_dags/example_xcom.py
[2022-10-12 18:32:20,302] {processor.py:654} INFO - DAG(s) dict_keys(['example_xcom']) retrieved from /Users/renatomelo/Downloads/airflow_tooltorial/airflow-local/venv/lib/python3.9/site-packages/airflow/example_dags/example_xcom.py
[2022-10-12 18:32:20,650] {logging_mixin.py:109} INFO - [2022-10-12 18:32:20,650] {dag.py:2396} INFO - Sync 1 DAGs
[2022-10-12 18:32:20,667] {logging_mixin.py:109} INFO - [2022-10-12 18:32:20,667] {dag.py:2935} INFO - Setting next_dagrun for example_xcom to 2021-01-01T00:00:00+00:00
[2022-10-12 18:32:20,683] {processor.py:171} INFO - Processing /Users/renatomelo/Downloads/airflow_tooltorial/airflow-local/venv/lib/python3.9/site-packages/airflow/example_dags/example_xcom.py took 0.435 seconds
[2022-10-12 18:33:34,727] {processor.py:163} INFO - Started process (PID=8963) to work on /Users/renatomelo/Downloads/airflow_tooltorial/airflow-local/venv/lib/python3.9/site-packages/airflow/example_dags/example_xcom.py
[2022-10-12 18:33:34,728] {processor.py:642} INFO - Processing file /Users/renatomelo/Downloads/airflow_tooltorial/airflow-local/venv/lib/python3.9/site-packages/airflow/example_dags/example_xcom.py for tasks to queue
[2022-10-12 18:33:34,729] {logging_mixin.py:109} INFO - [2022-10-12 18:33:34,729] {dagbag.py:500} INFO - Filling up the DagBag from /Users/renatomelo/Downloads/airflow_tooltorial/airflow-local/venv/lib/python3.9/site-packages/airflow/example_dags/example_xcom.py
[2022-10-12 18:33:34,787] {processor.py:654} INFO - DAG(s) dict_keys(['example_xcom']) retrieved from /Users/renatomelo/Downloads/airflow_tooltorial/airflow-local/venv/lib/python3.9/site-packages/airflow/example_dags/example_xcom.py
[2022-10-12 18:33:35,031] {logging_mixin.py:109} INFO - [2022-10-12 18:33:35,031] {dag.py:2396} INFO - Sync 1 DAGs
[2022-10-12 18:33:35,042] {logging_mixin.py:109} INFO - [2022-10-12 18:33:35,042] {dag.py:2935} INFO - Setting next_dagrun for example_xcom to 2021-01-01T00:00:00+00:00
[2022-10-12 18:33:35,052] {processor.py:171} INFO - Processing /Users/renatomelo/Downloads/airflow_tooltorial/airflow-local/venv/lib/python3.9/site-packages/airflow/example_dags/example_xcom.py took 0.326 seconds
