[2022-10-12 18:04:38,971] {processor.py:163} INFO - Started process (PID=7932) to work on /Users/renatomelo/Downloads/airflow_tooltorial/airflow-local/venv/lib/python3.9/site-packages/airflow/example_dags/example_time_delta_sensor_async.py
[2022-10-12 18:04:38,972] {processor.py:642} INFO - Processing file /Users/renatomelo/Downloads/airflow_tooltorial/airflow-local/venv/lib/python3.9/site-packages/airflow/example_dags/example_time_delta_sensor_async.py for tasks to queue
[2022-10-12 18:04:38,972] {logging_mixin.py:109} INFO - [2022-10-12 18:04:38,972] {dagbag.py:500} INFO - Filling up the DagBag from /Users/renatomelo/Downloads/airflow_tooltorial/airflow-local/venv/lib/python3.9/site-packages/airflow/example_dags/example_time_delta_sensor_async.py
[2022-10-12 18:04:39,043] {processor.py:654} INFO - DAG(s) dict_keys(['example_time_delta_sensor_async']) retrieved from /Users/renatomelo/Downloads/airflow_tooltorial/airflow-local/venv/lib/python3.9/site-packages/airflow/example_dags/example_time_delta_sensor_async.py
[2022-10-12 18:04:39,094] {logging_mixin.py:109} INFO - [2022-10-12 18:04:39,089] {dag.py:2396} INFO - Sync 1 DAGs
[2022-10-12 18:04:39,123] {logging_mixin.py:109} INFO - [2022-10-12 18:04:39,123] {dag.py:2935} INFO - Setting next_dagrun for example_time_delta_sensor_async to None
[2022-10-12 18:04:39,139] {processor.py:171} INFO - Processing /Users/renatomelo/Downloads/airflow_tooltorial/airflow-local/venv/lib/python3.9/site-packages/airflow/example_dags/example_time_delta_sensor_async.py took 0.170 seconds
[2022-10-12 18:06:39,382] {processor.py:163} INFO - Started process (PID=8157) to work on /Users/renatomelo/Downloads/airflow_tooltorial/airflow-local/venv/lib/python3.9/site-packages/airflow/example_dags/example_time_delta_sensor_async.py
[2022-10-12 18:06:39,393] {processor.py:642} INFO - Processing file /Users/renatomelo/Downloads/airflow_tooltorial/airflow-local/venv/lib/python3.9/site-packages/airflow/example_dags/example_time_delta_sensor_async.py for tasks to queue
[2022-10-12 18:06:39,394] {logging_mixin.py:109} INFO - [2022-10-12 18:06:39,394] {dagbag.py:500} INFO - Filling up the DagBag from /Users/renatomelo/Downloads/airflow_tooltorial/airflow-local/venv/lib/python3.9/site-packages/airflow/example_dags/example_time_delta_sensor_async.py
[2022-10-12 18:06:39,480] {processor.py:654} INFO - DAG(s) dict_keys(['example_time_delta_sensor_async']) retrieved from /Users/renatomelo/Downloads/airflow_tooltorial/airflow-local/venv/lib/python3.9/site-packages/airflow/example_dags/example_time_delta_sensor_async.py
[2022-10-12 18:06:39,506] {logging_mixin.py:109} INFO - [2022-10-12 18:06:39,505] {dag.py:2396} INFO - Sync 1 DAGs
[2022-10-12 18:06:39,517] {logging_mixin.py:109} INFO - [2022-10-12 18:06:39,517] {dag.py:2935} INFO - Setting next_dagrun for example_time_delta_sensor_async to None
[2022-10-12 18:06:39,528] {processor.py:171} INFO - Processing /Users/renatomelo/Downloads/airflow_tooltorial/airflow-local/venv/lib/python3.9/site-packages/airflow/example_dags/example_time_delta_sensor_async.py took 0.147 seconds
[2022-10-12 18:08:01,849] {processor.py:163} INFO - Started process (PID=8268) to work on /Users/renatomelo/Downloads/airflow_tooltorial/airflow-local/venv/lib/python3.9/site-packages/airflow/example_dags/example_time_delta_sensor_async.py
[2022-10-12 18:08:01,849] {processor.py:642} INFO - Processing file /Users/renatomelo/Downloads/airflow_tooltorial/airflow-local/venv/lib/python3.9/site-packages/airflow/example_dags/example_time_delta_sensor_async.py for tasks to queue
[2022-10-12 18:08:01,850] {logging_mixin.py:109} INFO - [2022-10-12 18:08:01,850] {dagbag.py:500} INFO - Filling up the DagBag from /Users/renatomelo/Downloads/airflow_tooltorial/airflow-local/venv/lib/python3.9/site-packages/airflow/example_dags/example_time_delta_sensor_async.py
[2022-10-12 18:08:01,885] {processor.py:654} INFO - DAG(s) dict_keys(['example_time_delta_sensor_async']) retrieved from /Users/renatomelo/Downloads/airflow_tooltorial/airflow-local/venv/lib/python3.9/site-packages/airflow/example_dags/example_time_delta_sensor_async.py
[2022-10-12 18:08:01,904] {logging_mixin.py:109} INFO - [2022-10-12 18:08:01,903] {dag.py:2396} INFO - Sync 1 DAGs
[2022-10-12 18:08:01,914] {logging_mixin.py:109} INFO - [2022-10-12 18:08:01,914] {dag.py:2935} INFO - Setting next_dagrun for example_time_delta_sensor_async to None
[2022-10-12 18:08:01,923] {processor.py:171} INFO - Processing /Users/renatomelo/Downloads/airflow_tooltorial/airflow-local/venv/lib/python3.9/site-packages/airflow/example_dags/example_time_delta_sensor_async.py took 0.076 seconds
[2022-10-12 18:09:20,650] {processor.py:163} INFO - Started process (PID=8309) to work on /Users/renatomelo/Downloads/airflow_tooltorial/airflow-local/venv/lib/python3.9/site-packages/airflow/example_dags/example_time_delta_sensor_async.py
[2022-10-12 18:09:20,651] {processor.py:642} INFO - Processing file /Users/renatomelo/Downloads/airflow_tooltorial/airflow-local/venv/lib/python3.9/site-packages/airflow/example_dags/example_time_delta_sensor_async.py for tasks to queue
[2022-10-12 18:09:20,651] {logging_mixin.py:109} INFO - [2022-10-12 18:09:20,651] {dagbag.py:500} INFO - Filling up the DagBag from /Users/renatomelo/Downloads/airflow_tooltorial/airflow-local/venv/lib/python3.9/site-packages/airflow/example_dags/example_time_delta_sensor_async.py
[2022-10-12 18:09:20,685] {processor.py:654} INFO - DAG(s) dict_keys(['example_time_delta_sensor_async']) retrieved from /Users/renatomelo/Downloads/airflow_tooltorial/airflow-local/venv/lib/python3.9/site-packages/airflow/example_dags/example_time_delta_sensor_async.py
[2022-10-12 18:09:20,702] {logging_mixin.py:109} INFO - [2022-10-12 18:09:20,702] {dag.py:2396} INFO - Sync 1 DAGs
[2022-10-12 18:09:20,712] {logging_mixin.py:109} INFO - [2022-10-12 18:09:20,712] {dag.py:2935} INFO - Setting next_dagrun for example_time_delta_sensor_async to None
[2022-10-12 18:09:20,720] {processor.py:171} INFO - Processing /Users/renatomelo/Downloads/airflow_tooltorial/airflow-local/venv/lib/python3.9/site-packages/airflow/example_dags/example_time_delta_sensor_async.py took 0.071 seconds
[2022-10-12 18:10:57,635] {processor.py:163} INFO - Started process (PID=8373) to work on /Users/renatomelo/Downloads/airflow_tooltorial/airflow-local/venv/lib/python3.9/site-packages/airflow/example_dags/example_time_delta_sensor_async.py
[2022-10-12 18:10:57,636] {processor.py:642} INFO - Processing file /Users/renatomelo/Downloads/airflow_tooltorial/airflow-local/venv/lib/python3.9/site-packages/airflow/example_dags/example_time_delta_sensor_async.py for tasks to queue
[2022-10-12 18:10:57,637] {logging_mixin.py:109} INFO - [2022-10-12 18:10:57,637] {dagbag.py:500} INFO - Filling up the DagBag from /Users/renatomelo/Downloads/airflow_tooltorial/airflow-local/venv/lib/python3.9/site-packages/airflow/example_dags/example_time_delta_sensor_async.py
[2022-10-12 18:10:57,718] {processor.py:654} INFO - DAG(s) dict_keys(['example_time_delta_sensor_async']) retrieved from /Users/renatomelo/Downloads/airflow_tooltorial/airflow-local/venv/lib/python3.9/site-packages/airflow/example_dags/example_time_delta_sensor_async.py
[2022-10-12 18:10:57,756] {logging_mixin.py:109} INFO - [2022-10-12 18:10:57,756] {dag.py:2396} INFO - Sync 1 DAGs
[2022-10-12 18:10:57,772] {logging_mixin.py:109} INFO - [2022-10-12 18:10:57,772] {dag.py:2935} INFO - Setting next_dagrun for example_time_delta_sensor_async to None
[2022-10-12 18:10:57,788] {processor.py:171} INFO - Processing /Users/renatomelo/Downloads/airflow_tooltorial/airflow-local/venv/lib/python3.9/site-packages/airflow/example_dags/example_time_delta_sensor_async.py took 0.154 seconds
[2022-10-12 18:12:30,913] {processor.py:163} INFO - Started process (PID=8405) to work on /Users/renatomelo/Downloads/airflow_tooltorial/airflow-local/venv/lib/python3.9/site-packages/airflow/example_dags/example_time_delta_sensor_async.py
[2022-10-12 18:12:30,913] {processor.py:642} INFO - Processing file /Users/renatomelo/Downloads/airflow_tooltorial/airflow-local/venv/lib/python3.9/site-packages/airflow/example_dags/example_time_delta_sensor_async.py for tasks to queue
[2022-10-12 18:12:30,914] {logging_mixin.py:109} INFO - [2022-10-12 18:12:30,914] {dagbag.py:500} INFO - Filling up the DagBag from /Users/renatomelo/Downloads/airflow_tooltorial/airflow-local/venv/lib/python3.9/site-packages/airflow/example_dags/example_time_delta_sensor_async.py
[2022-10-12 18:12:30,970] {processor.py:654} INFO - DAG(s) dict_keys(['example_time_delta_sensor_async']) retrieved from /Users/renatomelo/Downloads/airflow_tooltorial/airflow-local/venv/lib/python3.9/site-packages/airflow/example_dags/example_time_delta_sensor_async.py
[2022-10-12 18:12:30,996] {logging_mixin.py:109} INFO - [2022-10-12 18:12:30,996] {dag.py:2396} INFO - Sync 1 DAGs
[2022-10-12 18:12:31,013] {logging_mixin.py:109} INFO - [2022-10-12 18:12:31,013] {dag.py:2935} INFO - Setting next_dagrun for example_time_delta_sensor_async to None
[2022-10-12 18:12:31,024] {processor.py:171} INFO - Processing /Users/renatomelo/Downloads/airflow_tooltorial/airflow-local/venv/lib/python3.9/site-packages/airflow/example_dags/example_time_delta_sensor_async.py took 0.112 seconds
[2022-10-12 18:14:03,183] {processor.py:163} INFO - Started process (PID=8435) to work on /Users/renatomelo/Downloads/airflow_tooltorial/airflow-local/venv/lib/python3.9/site-packages/airflow/example_dags/example_time_delta_sensor_async.py
[2022-10-12 18:14:03,185] {processor.py:642} INFO - Processing file /Users/renatomelo/Downloads/airflow_tooltorial/airflow-local/venv/lib/python3.9/site-packages/airflow/example_dags/example_time_delta_sensor_async.py for tasks to queue
[2022-10-12 18:14:03,185] {logging_mixin.py:109} INFO - [2022-10-12 18:14:03,185] {dagbag.py:500} INFO - Filling up the DagBag from /Users/renatomelo/Downloads/airflow_tooltorial/airflow-local/venv/lib/python3.9/site-packages/airflow/example_dags/example_time_delta_sensor_async.py
[2022-10-12 18:14:03,233] {processor.py:654} INFO - DAG(s) dict_keys(['example_time_delta_sensor_async']) retrieved from /Users/renatomelo/Downloads/airflow_tooltorial/airflow-local/venv/lib/python3.9/site-packages/airflow/example_dags/example_time_delta_sensor_async.py
[2022-10-12 18:14:03,252] {logging_mixin.py:109} INFO - [2022-10-12 18:14:03,252] {dag.py:2396} INFO - Sync 1 DAGs
[2022-10-12 18:14:03,264] {logging_mixin.py:109} INFO - [2022-10-12 18:14:03,264] {dag.py:2935} INFO - Setting next_dagrun for example_time_delta_sensor_async to None
[2022-10-12 18:14:03,276] {processor.py:171} INFO - Processing /Users/renatomelo/Downloads/airflow_tooltorial/airflow-local/venv/lib/python3.9/site-packages/airflow/example_dags/example_time_delta_sensor_async.py took 0.094 seconds
[2022-10-12 18:15:25,049] {processor.py:163} INFO - Started process (PID=8463) to work on /Users/renatomelo/Downloads/airflow_tooltorial/airflow-local/venv/lib/python3.9/site-packages/airflow/example_dags/example_time_delta_sensor_async.py
[2022-10-12 18:15:25,051] {processor.py:642} INFO - Processing file /Users/renatomelo/Downloads/airflow_tooltorial/airflow-local/venv/lib/python3.9/site-packages/airflow/example_dags/example_time_delta_sensor_async.py for tasks to queue
[2022-10-12 18:15:25,052] {logging_mixin.py:109} INFO - [2022-10-12 18:15:25,052] {dagbag.py:500} INFO - Filling up the DagBag from /Users/renatomelo/Downloads/airflow_tooltorial/airflow-local/venv/lib/python3.9/site-packages/airflow/example_dags/example_time_delta_sensor_async.py
[2022-10-12 18:15:25,102] {processor.py:654} INFO - DAG(s) dict_keys(['example_time_delta_sensor_async']) retrieved from /Users/renatomelo/Downloads/airflow_tooltorial/airflow-local/venv/lib/python3.9/site-packages/airflow/example_dags/example_time_delta_sensor_async.py
[2022-10-12 18:15:25,121] {logging_mixin.py:109} INFO - [2022-10-12 18:15:25,121] {dag.py:2396} INFO - Sync 1 DAGs
[2022-10-12 18:15:25,131] {logging_mixin.py:109} INFO - [2022-10-12 18:15:25,131] {dag.py:2935} INFO - Setting next_dagrun for example_time_delta_sensor_async to None
[2022-10-12 18:15:25,140] {processor.py:171} INFO - Processing /Users/renatomelo/Downloads/airflow_tooltorial/airflow-local/venv/lib/python3.9/site-packages/airflow/example_dags/example_time_delta_sensor_async.py took 0.091 seconds
[2022-10-12 18:16:48,668] {processor.py:163} INFO - Started process (PID=8493) to work on /Users/renatomelo/Downloads/airflow_tooltorial/airflow-local/venv/lib/python3.9/site-packages/airflow/example_dags/example_time_delta_sensor_async.py
[2022-10-12 18:16:48,670] {processor.py:642} INFO - Processing file /Users/renatomelo/Downloads/airflow_tooltorial/airflow-local/venv/lib/python3.9/site-packages/airflow/example_dags/example_time_delta_sensor_async.py for tasks to queue
[2022-10-12 18:16:48,670] {logging_mixin.py:109} INFO - [2022-10-12 18:16:48,670] {dagbag.py:500} INFO - Filling up the DagBag from /Users/renatomelo/Downloads/airflow_tooltorial/airflow-local/venv/lib/python3.9/site-packages/airflow/example_dags/example_time_delta_sensor_async.py
[2022-10-12 18:16:48,722] {processor.py:654} INFO - DAG(s) dict_keys(['example_time_delta_sensor_async']) retrieved from /Users/renatomelo/Downloads/airflow_tooltorial/airflow-local/venv/lib/python3.9/site-packages/airflow/example_dags/example_time_delta_sensor_async.py
[2022-10-12 18:16:48,743] {logging_mixin.py:109} INFO - [2022-10-12 18:16:48,743] {dag.py:2396} INFO - Sync 1 DAGs
[2022-10-12 18:16:48,755] {logging_mixin.py:109} INFO - [2022-10-12 18:16:48,755] {dag.py:2935} INFO - Setting next_dagrun for example_time_delta_sensor_async to None
[2022-10-12 18:16:48,767] {processor.py:171} INFO - Processing /Users/renatomelo/Downloads/airflow_tooltorial/airflow-local/venv/lib/python3.9/site-packages/airflow/example_dags/example_time_delta_sensor_async.py took 0.100 seconds
[2022-10-12 18:18:05,989] {processor.py:163} INFO - Started process (PID=8523) to work on /Users/renatomelo/Downloads/airflow_tooltorial/airflow-local/venv/lib/python3.9/site-packages/airflow/example_dags/example_time_delta_sensor_async.py
[2022-10-12 18:18:05,989] {processor.py:642} INFO - Processing file /Users/renatomelo/Downloads/airflow_tooltorial/airflow-local/venv/lib/python3.9/site-packages/airflow/example_dags/example_time_delta_sensor_async.py for tasks to queue
[2022-10-12 18:18:05,989] {logging_mixin.py:109} INFO - [2022-10-12 18:18:05,989] {dagbag.py:500} INFO - Filling up the DagBag from /Users/renatomelo/Downloads/airflow_tooltorial/airflow-local/venv/lib/python3.9/site-packages/airflow/example_dags/example_time_delta_sensor_async.py
[2022-10-12 18:18:06,027] {processor.py:654} INFO - DAG(s) dict_keys(['example_time_delta_sensor_async']) retrieved from /Users/renatomelo/Downloads/airflow_tooltorial/airflow-local/venv/lib/python3.9/site-packages/airflow/example_dags/example_time_delta_sensor_async.py
[2022-10-12 18:18:06,046] {logging_mixin.py:109} INFO - [2022-10-12 18:18:06,046] {dag.py:2396} INFO - Sync 1 DAGs
[2022-10-12 18:18:06,056] {logging_mixin.py:109} INFO - [2022-10-12 18:18:06,056] {dag.py:2935} INFO - Setting next_dagrun for example_time_delta_sensor_async to None
[2022-10-12 18:18:06,067] {processor.py:171} INFO - Processing /Users/renatomelo/Downloads/airflow_tooltorial/airflow-local/venv/lib/python3.9/site-packages/airflow/example_dags/example_time_delta_sensor_async.py took 0.079 seconds
[2022-10-12 18:19:14,949] {processor.py:163} INFO - Started process (PID=8550) to work on /Users/renatomelo/Downloads/airflow_tooltorial/airflow-local/venv/lib/python3.9/site-packages/airflow/example_dags/example_time_delta_sensor_async.py
[2022-10-12 18:19:14,950] {processor.py:642} INFO - Processing file /Users/renatomelo/Downloads/airflow_tooltorial/airflow-local/venv/lib/python3.9/site-packages/airflow/example_dags/example_time_delta_sensor_async.py for tasks to queue
[2022-10-12 18:19:14,951] {logging_mixin.py:109} INFO - [2022-10-12 18:19:14,950] {dagbag.py:500} INFO - Filling up the DagBag from /Users/renatomelo/Downloads/airflow_tooltorial/airflow-local/venv/lib/python3.9/site-packages/airflow/example_dags/example_time_delta_sensor_async.py
[2022-10-12 18:19:15,026] {processor.py:654} INFO - DAG(s) dict_keys(['example_time_delta_sensor_async']) retrieved from /Users/renatomelo/Downloads/airflow_tooltorial/airflow-local/venv/lib/python3.9/site-packages/airflow/example_dags/example_time_delta_sensor_async.py
[2022-10-12 18:19:15,050] {logging_mixin.py:109} INFO - [2022-10-12 18:19:15,049] {dag.py:2396} INFO - Sync 1 DAGs
[2022-10-12 18:19:15,063] {logging_mixin.py:109} INFO - [2022-10-12 18:19:15,063] {dag.py:2935} INFO - Setting next_dagrun for example_time_delta_sensor_async to None
[2022-10-12 18:19:15,072] {processor.py:171} INFO - Processing /Users/renatomelo/Downloads/airflow_tooltorial/airflow-local/venv/lib/python3.9/site-packages/airflow/example_dags/example_time_delta_sensor_async.py took 0.124 seconds
[2022-10-12 18:20:24,315] {processor.py:163} INFO - Started process (PID=8575) to work on /Users/renatomelo/Downloads/airflow_tooltorial/airflow-local/venv/lib/python3.9/site-packages/airflow/example_dags/example_time_delta_sensor_async.py
[2022-10-12 18:20:24,315] {processor.py:642} INFO - Processing file /Users/renatomelo/Downloads/airflow_tooltorial/airflow-local/venv/lib/python3.9/site-packages/airflow/example_dags/example_time_delta_sensor_async.py for tasks to queue
[2022-10-12 18:20:24,315] {logging_mixin.py:109} INFO - [2022-10-12 18:20:24,315] {dagbag.py:500} INFO - Filling up the DagBag from /Users/renatomelo/Downloads/airflow_tooltorial/airflow-local/venv/lib/python3.9/site-packages/airflow/example_dags/example_time_delta_sensor_async.py
[2022-10-12 18:20:24,349] {processor.py:654} INFO - DAG(s) dict_keys(['example_time_delta_sensor_async']) retrieved from /Users/renatomelo/Downloads/airflow_tooltorial/airflow-local/venv/lib/python3.9/site-packages/airflow/example_dags/example_time_delta_sensor_async.py
[2022-10-12 18:20:24,371] {logging_mixin.py:109} INFO - [2022-10-12 18:20:24,370] {dag.py:2396} INFO - Sync 1 DAGs
[2022-10-12 18:20:24,389] {logging_mixin.py:109} INFO - [2022-10-12 18:20:24,389] {dag.py:2935} INFO - Setting next_dagrun for example_time_delta_sensor_async to None
[2022-10-12 18:20:24,402] {processor.py:171} INFO - Processing /Users/renatomelo/Downloads/airflow_tooltorial/airflow-local/venv/lib/python3.9/site-packages/airflow/example_dags/example_time_delta_sensor_async.py took 0.088 seconds
[2022-10-12 18:21:34,457] {processor.py:163} INFO - Started process (PID=8601) to work on /Users/renatomelo/Downloads/airflow_tooltorial/airflow-local/venv/lib/python3.9/site-packages/airflow/example_dags/example_time_delta_sensor_async.py
[2022-10-12 18:21:34,458] {processor.py:642} INFO - Processing file /Users/renatomelo/Downloads/airflow_tooltorial/airflow-local/venv/lib/python3.9/site-packages/airflow/example_dags/example_time_delta_sensor_async.py for tasks to queue
[2022-10-12 18:21:34,458] {logging_mixin.py:109} INFO - [2022-10-12 18:21:34,458] {dagbag.py:500} INFO - Filling up the DagBag from /Users/renatomelo/Downloads/airflow_tooltorial/airflow-local/venv/lib/python3.9/site-packages/airflow/example_dags/example_time_delta_sensor_async.py
[2022-10-12 18:21:34,496] {processor.py:654} INFO - DAG(s) dict_keys(['example_time_delta_sensor_async']) retrieved from /Users/renatomelo/Downloads/airflow_tooltorial/airflow-local/venv/lib/python3.9/site-packages/airflow/example_dags/example_time_delta_sensor_async.py
[2022-10-12 18:21:34,517] {logging_mixin.py:109} INFO - [2022-10-12 18:21:34,517] {dag.py:2396} INFO - Sync 1 DAGs
[2022-10-12 18:21:34,528] {logging_mixin.py:109} INFO - [2022-10-12 18:21:34,528] {dag.py:2935} INFO - Setting next_dagrun for example_time_delta_sensor_async to None
[2022-10-12 18:21:34,538] {processor.py:171} INFO - Processing /Users/renatomelo/Downloads/airflow_tooltorial/airflow-local/venv/lib/python3.9/site-packages/airflow/example_dags/example_time_delta_sensor_async.py took 0.081 seconds
[2022-10-12 18:22:48,024] {processor.py:163} INFO - Started process (PID=8643) to work on /Users/renatomelo/Downloads/airflow_tooltorial/airflow-local/venv/lib/python3.9/site-packages/airflow/example_dags/example_time_delta_sensor_async.py
[2022-10-12 18:22:48,026] {processor.py:642} INFO - Processing file /Users/renatomelo/Downloads/airflow_tooltorial/airflow-local/venv/lib/python3.9/site-packages/airflow/example_dags/example_time_delta_sensor_async.py for tasks to queue
[2022-10-12 18:22:48,027] {logging_mixin.py:109} INFO - [2022-10-12 18:22:48,027] {dagbag.py:500} INFO - Filling up the DagBag from /Users/renatomelo/Downloads/airflow_tooltorial/airflow-local/venv/lib/python3.9/site-packages/airflow/example_dags/example_time_delta_sensor_async.py
[2022-10-12 18:22:48,073] {processor.py:654} INFO - DAG(s) dict_keys(['example_time_delta_sensor_async']) retrieved from /Users/renatomelo/Downloads/airflow_tooltorial/airflow-local/venv/lib/python3.9/site-packages/airflow/example_dags/example_time_delta_sensor_async.py
[2022-10-12 18:22:48,097] {logging_mixin.py:109} INFO - [2022-10-12 18:22:48,097] {dag.py:2396} INFO - Sync 1 DAGs
[2022-10-12 18:22:48,110] {logging_mixin.py:109} INFO - [2022-10-12 18:22:48,110] {dag.py:2935} INFO - Setting next_dagrun for example_time_delta_sensor_async to None
[2022-10-12 18:22:48,120] {processor.py:171} INFO - Processing /Users/renatomelo/Downloads/airflow_tooltorial/airflow-local/venv/lib/python3.9/site-packages/airflow/example_dags/example_time_delta_sensor_async.py took 0.096 seconds
[2022-10-12 18:24:01,864] {processor.py:163} INFO - Started process (PID=8681) to work on /Users/renatomelo/Downloads/airflow_tooltorial/airflow-local/venv/lib/python3.9/site-packages/airflow/example_dags/example_time_delta_sensor_async.py
[2022-10-12 18:24:01,866] {processor.py:642} INFO - Processing file /Users/renatomelo/Downloads/airflow_tooltorial/airflow-local/venv/lib/python3.9/site-packages/airflow/example_dags/example_time_delta_sensor_async.py for tasks to queue
[2022-10-12 18:24:01,867] {logging_mixin.py:109} INFO - [2022-10-12 18:24:01,867] {dagbag.py:500} INFO - Filling up the DagBag from /Users/renatomelo/Downloads/airflow_tooltorial/airflow-local/venv/lib/python3.9/site-packages/airflow/example_dags/example_time_delta_sensor_async.py
[2022-10-12 18:24:01,913] {processor.py:654} INFO - DAG(s) dict_keys(['example_time_delta_sensor_async']) retrieved from /Users/renatomelo/Downloads/airflow_tooltorial/airflow-local/venv/lib/python3.9/site-packages/airflow/example_dags/example_time_delta_sensor_async.py
[2022-10-12 18:24:02,154] {logging_mixin.py:109} INFO - [2022-10-12 18:24:02,153] {dag.py:2396} INFO - Sync 1 DAGs
[2022-10-12 18:24:02,163] {logging_mixin.py:109} INFO - [2022-10-12 18:24:02,163] {dag.py:2935} INFO - Setting next_dagrun for example_time_delta_sensor_async to None
[2022-10-12 18:24:02,175] {processor.py:171} INFO - Processing /Users/renatomelo/Downloads/airflow_tooltorial/airflow-local/venv/lib/python3.9/site-packages/airflow/example_dags/example_time_delta_sensor_async.py took 0.311 seconds
[2022-10-12 18:25:15,736] {processor.py:163} INFO - Started process (PID=8716) to work on /Users/renatomelo/Downloads/airflow_tooltorial/airflow-local/venv/lib/python3.9/site-packages/airflow/example_dags/example_time_delta_sensor_async.py
[2022-10-12 18:25:15,736] {processor.py:642} INFO - Processing file /Users/renatomelo/Downloads/airflow_tooltorial/airflow-local/venv/lib/python3.9/site-packages/airflow/example_dags/example_time_delta_sensor_async.py for tasks to queue
[2022-10-12 18:25:15,737] {logging_mixin.py:109} INFO - [2022-10-12 18:25:15,737] {dagbag.py:500} INFO - Filling up the DagBag from /Users/renatomelo/Downloads/airflow_tooltorial/airflow-local/venv/lib/python3.9/site-packages/airflow/example_dags/example_time_delta_sensor_async.py
[2022-10-12 18:25:15,773] {processor.py:654} INFO - DAG(s) dict_keys(['example_time_delta_sensor_async']) retrieved from /Users/renatomelo/Downloads/airflow_tooltorial/airflow-local/venv/lib/python3.9/site-packages/airflow/example_dags/example_time_delta_sensor_async.py
[2022-10-12 18:25:15,791] {logging_mixin.py:109} INFO - [2022-10-12 18:25:15,790] {dag.py:2396} INFO - Sync 1 DAGs
[2022-10-12 18:25:15,800] {logging_mixin.py:109} INFO - [2022-10-12 18:25:15,800] {dag.py:2935} INFO - Setting next_dagrun for example_time_delta_sensor_async to None
[2022-10-12 18:25:15,809] {processor.py:171} INFO - Processing /Users/renatomelo/Downloads/airflow_tooltorial/airflow-local/venv/lib/python3.9/site-packages/airflow/example_dags/example_time_delta_sensor_async.py took 0.074 seconds
[2022-10-12 18:26:33,806] {processor.py:163} INFO - Started process (PID=8754) to work on /Users/renatomelo/Downloads/airflow_tooltorial/airflow-local/venv/lib/python3.9/site-packages/airflow/example_dags/example_time_delta_sensor_async.py
[2022-10-12 18:26:33,807] {processor.py:642} INFO - Processing file /Users/renatomelo/Downloads/airflow_tooltorial/airflow-local/venv/lib/python3.9/site-packages/airflow/example_dags/example_time_delta_sensor_async.py for tasks to queue
[2022-10-12 18:26:33,807] {logging_mixin.py:109} INFO - [2022-10-12 18:26:33,807] {dagbag.py:500} INFO - Filling up the DagBag from /Users/renatomelo/Downloads/airflow_tooltorial/airflow-local/venv/lib/python3.9/site-packages/airflow/example_dags/example_time_delta_sensor_async.py
[2022-10-12 18:26:33,842] {processor.py:654} INFO - DAG(s) dict_keys(['example_time_delta_sensor_async']) retrieved from /Users/renatomelo/Downloads/airflow_tooltorial/airflow-local/venv/lib/python3.9/site-packages/airflow/example_dags/example_time_delta_sensor_async.py
[2022-10-12 18:26:33,860] {logging_mixin.py:109} INFO - [2022-10-12 18:26:33,859] {dag.py:2396} INFO - Sync 1 DAGs
[2022-10-12 18:26:33,869] {logging_mixin.py:109} INFO - [2022-10-12 18:26:33,869] {dag.py:2935} INFO - Setting next_dagrun for example_time_delta_sensor_async to None
[2022-10-12 18:26:33,879] {processor.py:171} INFO - Processing /Users/renatomelo/Downloads/airflow_tooltorial/airflow-local/venv/lib/python3.9/site-packages/airflow/example_dags/example_time_delta_sensor_async.py took 0.073 seconds
[2022-10-12 18:27:54,193] {processor.py:163} INFO - Started process (PID=8801) to work on /Users/renatomelo/Downloads/airflow_tooltorial/airflow-local/venv/lib/python3.9/site-packages/airflow/example_dags/example_time_delta_sensor_async.py
[2022-10-12 18:27:54,193] {processor.py:642} INFO - Processing file /Users/renatomelo/Downloads/airflow_tooltorial/airflow-local/venv/lib/python3.9/site-packages/airflow/example_dags/example_time_delta_sensor_async.py for tasks to queue
[2022-10-12 18:27:54,194] {logging_mixin.py:109} INFO - [2022-10-12 18:27:54,194] {dagbag.py:500} INFO - Filling up the DagBag from /Users/renatomelo/Downloads/airflow_tooltorial/airflow-local/venv/lib/python3.9/site-packages/airflow/example_dags/example_time_delta_sensor_async.py
[2022-10-12 18:27:54,226] {processor.py:654} INFO - DAG(s) dict_keys(['example_time_delta_sensor_async']) retrieved from /Users/renatomelo/Downloads/airflow_tooltorial/airflow-local/venv/lib/python3.9/site-packages/airflow/example_dags/example_time_delta_sensor_async.py
[2022-10-12 18:27:54,243] {logging_mixin.py:109} INFO - [2022-10-12 18:27:54,243] {dag.py:2396} INFO - Sync 1 DAGs
[2022-10-12 18:27:54,252] {logging_mixin.py:109} INFO - [2022-10-12 18:27:54,252] {dag.py:2935} INFO - Setting next_dagrun for example_time_delta_sensor_async to None
[2022-10-12 18:27:54,261] {processor.py:171} INFO - Processing /Users/renatomelo/Downloads/airflow_tooltorial/airflow-local/venv/lib/python3.9/site-packages/airflow/example_dags/example_time_delta_sensor_async.py took 0.069 seconds
[2022-10-12 18:28:57,349] {processor.py:163} INFO - Started process (PID=8828) to work on /Users/renatomelo/Downloads/airflow_tooltorial/airflow-local/venv/lib/python3.9/site-packages/airflow/example_dags/example_time_delta_sensor_async.py
[2022-10-12 18:28:57,349] {processor.py:642} INFO - Processing file /Users/renatomelo/Downloads/airflow_tooltorial/airflow-local/venv/lib/python3.9/site-packages/airflow/example_dags/example_time_delta_sensor_async.py for tasks to queue
[2022-10-12 18:28:57,349] {logging_mixin.py:109} INFO - [2022-10-12 18:28:57,349] {dagbag.py:500} INFO - Filling up the DagBag from /Users/renatomelo/Downloads/airflow_tooltorial/airflow-local/venv/lib/python3.9/site-packages/airflow/example_dags/example_time_delta_sensor_async.py
[2022-10-12 18:28:57,382] {processor.py:654} INFO - DAG(s) dict_keys(['example_time_delta_sensor_async']) retrieved from /Users/renatomelo/Downloads/airflow_tooltorial/airflow-local/venv/lib/python3.9/site-packages/airflow/example_dags/example_time_delta_sensor_async.py
[2022-10-12 18:28:57,399] {logging_mixin.py:109} INFO - [2022-10-12 18:28:57,399] {dag.py:2396} INFO - Sync 1 DAGs
[2022-10-12 18:28:57,409] {logging_mixin.py:109} INFO - [2022-10-12 18:28:57,409] {dag.py:2935} INFO - Setting next_dagrun for example_time_delta_sensor_async to None
[2022-10-12 18:28:57,417] {processor.py:171} INFO - Processing /Users/renatomelo/Downloads/airflow_tooltorial/airflow-local/venv/lib/python3.9/site-packages/airflow/example_dags/example_time_delta_sensor_async.py took 0.069 seconds
[2022-10-12 18:31:11,602] {processor.py:163} INFO - Started process (PID=8913) to work on /Users/renatomelo/Downloads/airflow_tooltorial/airflow-local/venv/lib/python3.9/site-packages/airflow/example_dags/example_time_delta_sensor_async.py
[2022-10-12 18:31:11,602] {processor.py:642} INFO - Processing file /Users/renatomelo/Downloads/airflow_tooltorial/airflow-local/venv/lib/python3.9/site-packages/airflow/example_dags/example_time_delta_sensor_async.py for tasks to queue
[2022-10-12 18:31:11,602] {logging_mixin.py:109} INFO - [2022-10-12 18:31:11,602] {dagbag.py:500} INFO - Filling up the DagBag from /Users/renatomelo/Downloads/airflow_tooltorial/airflow-local/venv/lib/python3.9/site-packages/airflow/example_dags/example_time_delta_sensor_async.py
[2022-10-12 18:31:11,642] {processor.py:654} INFO - DAG(s) dict_keys(['example_time_delta_sensor_async']) retrieved from /Users/renatomelo/Downloads/airflow_tooltorial/airflow-local/venv/lib/python3.9/site-packages/airflow/example_dags/example_time_delta_sensor_async.py
[2022-10-12 18:31:11,661] {logging_mixin.py:109} INFO - [2022-10-12 18:31:11,661] {dag.py:2396} INFO - Sync 1 DAGs
[2022-10-12 18:31:11,670] {logging_mixin.py:109} INFO - [2022-10-12 18:31:11,670] {dag.py:2935} INFO - Setting next_dagrun for example_time_delta_sensor_async to None
[2022-10-12 18:31:11,683] {processor.py:171} INFO - Processing /Users/renatomelo/Downloads/airflow_tooltorial/airflow-local/venv/lib/python3.9/site-packages/airflow/example_dags/example_time_delta_sensor_async.py took 0.082 seconds
[2022-10-12 18:32:30,760] {processor.py:163} INFO - Started process (PID=8940) to work on /Users/renatomelo/Downloads/airflow_tooltorial/airflow-local/venv/lib/python3.9/site-packages/airflow/example_dags/example_time_delta_sensor_async.py
[2022-10-12 18:32:30,762] {processor.py:642} INFO - Processing file /Users/renatomelo/Downloads/airflow_tooltorial/airflow-local/venv/lib/python3.9/site-packages/airflow/example_dags/example_time_delta_sensor_async.py for tasks to queue
[2022-10-12 18:32:30,763] {logging_mixin.py:109} INFO - [2022-10-12 18:32:30,763] {dagbag.py:500} INFO - Filling up the DagBag from /Users/renatomelo/Downloads/airflow_tooltorial/airflow-local/venv/lib/python3.9/site-packages/airflow/example_dags/example_time_delta_sensor_async.py
[2022-10-12 18:32:30,815] {processor.py:654} INFO - DAG(s) dict_keys(['example_time_delta_sensor_async']) retrieved from /Users/renatomelo/Downloads/airflow_tooltorial/airflow-local/venv/lib/python3.9/site-packages/airflow/example_dags/example_time_delta_sensor_async.py
[2022-10-12 18:32:30,838] {logging_mixin.py:109} INFO - [2022-10-12 18:32:30,838] {dag.py:2396} INFO - Sync 1 DAGs
[2022-10-12 18:32:30,852] {logging_mixin.py:109} INFO - [2022-10-12 18:32:30,851] {dag.py:2935} INFO - Setting next_dagrun for example_time_delta_sensor_async to None
[2022-10-12 18:32:30,862] {processor.py:171} INFO - Processing /Users/renatomelo/Downloads/airflow_tooltorial/airflow-local/venv/lib/python3.9/site-packages/airflow/example_dags/example_time_delta_sensor_async.py took 0.102 seconds
[2022-10-12 18:33:43,789] {processor.py:163} INFO - Started process (PID=8967) to work on /Users/renatomelo/Downloads/airflow_tooltorial/airflow-local/venv/lib/python3.9/site-packages/airflow/example_dags/example_time_delta_sensor_async.py
[2022-10-12 18:33:43,791] {processor.py:642} INFO - Processing file /Users/renatomelo/Downloads/airflow_tooltorial/airflow-local/venv/lib/python3.9/site-packages/airflow/example_dags/example_time_delta_sensor_async.py for tasks to queue
[2022-10-12 18:33:43,792] {logging_mixin.py:109} INFO - [2022-10-12 18:33:43,792] {dagbag.py:500} INFO - Filling up the DagBag from /Users/renatomelo/Downloads/airflow_tooltorial/airflow-local/venv/lib/python3.9/site-packages/airflow/example_dags/example_time_delta_sensor_async.py
[2022-10-12 18:33:43,833] {processor.py:654} INFO - DAG(s) dict_keys(['example_time_delta_sensor_async']) retrieved from /Users/renatomelo/Downloads/airflow_tooltorial/airflow-local/venv/lib/python3.9/site-packages/airflow/example_dags/example_time_delta_sensor_async.py
[2022-10-12 18:33:43,852] {logging_mixin.py:109} INFO - [2022-10-12 18:33:43,852] {dag.py:2396} INFO - Sync 1 DAGs
[2022-10-12 18:33:43,861] {logging_mixin.py:109} INFO - [2022-10-12 18:33:43,861] {dag.py:2935} INFO - Setting next_dagrun for example_time_delta_sensor_async to None
[2022-10-12 18:33:43,870] {processor.py:171} INFO - Processing /Users/renatomelo/Downloads/airflow_tooltorial/airflow-local/venv/lib/python3.9/site-packages/airflow/example_dags/example_time_delta_sensor_async.py took 0.082 seconds
