[2022-10-12 18:04:55,742] {processor.py:163} INFO - Started process (PID=7957) to work on /Users/renatomelo/Downloads/airflow_tooltorial/airflow-local/venv/lib/python3.9/site-packages/airflow/example_dags/example_skip_dag.py
[2022-10-12 18:04:55,743] {processor.py:642} INFO - Processing file /Users/renatomelo/Downloads/airflow_tooltorial/airflow-local/venv/lib/python3.9/site-packages/airflow/example_dags/example_skip_dag.py for tasks to queue
[2022-10-12 18:04:55,743] {logging_mixin.py:109} INFO - [2022-10-12 18:04:55,743] {dagbag.py:500} INFO - Filling up the DagBag from /Users/renatomelo/Downloads/airflow_tooltorial/airflow-local/venv/lib/python3.9/site-packages/airflow/example_dags/example_skip_dag.py
[2022-10-12 18:04:55,794] {processor.py:654} INFO - DAG(s) dict_keys(['example_skip_dag']) retrieved from /Users/renatomelo/Downloads/airflow_tooltorial/airflow-local/venv/lib/python3.9/site-packages/airflow/example_dags/example_skip_dag.py
[2022-10-12 18:04:55,820] {logging_mixin.py:109} INFO - [2022-10-12 18:04:55,820] {dag.py:2396} INFO - Sync 1 DAGs
[2022-10-12 18:04:55,832] {logging_mixin.py:109} INFO - [2022-10-12 18:04:55,832] {dag.py:2935} INFO - Setting next_dagrun for example_skip_dag to 2022-10-11T21:04:55.831971+00:00
[2022-10-12 18:04:55,844] {processor.py:171} INFO - Processing /Users/renatomelo/Downloads/airflow_tooltorial/airflow-local/venv/lib/python3.9/site-packages/airflow/example_dags/example_skip_dag.py took 0.102 seconds
[2022-10-12 18:06:57,179] {processor.py:163} INFO - Started process (PID=8205) to work on /Users/renatomelo/Downloads/airflow_tooltorial/airflow-local/venv/lib/python3.9/site-packages/airflow/example_dags/example_skip_dag.py
[2022-10-12 18:06:57,181] {processor.py:642} INFO - Processing file /Users/renatomelo/Downloads/airflow_tooltorial/airflow-local/venv/lib/python3.9/site-packages/airflow/example_dags/example_skip_dag.py for tasks to queue
[2022-10-12 18:06:57,182] {logging_mixin.py:109} INFO - [2022-10-12 18:06:57,182] {dagbag.py:500} INFO - Filling up the DagBag from /Users/renatomelo/Downloads/airflow_tooltorial/airflow-local/venv/lib/python3.9/site-packages/airflow/example_dags/example_skip_dag.py
[2022-10-12 18:06:57,218] {processor.py:654} INFO - DAG(s) dict_keys(['example_skip_dag']) retrieved from /Users/renatomelo/Downloads/airflow_tooltorial/airflow-local/venv/lib/python3.9/site-packages/airflow/example_dags/example_skip_dag.py
[2022-10-12 18:06:57,237] {logging_mixin.py:109} INFO - [2022-10-12 18:06:57,237] {dag.py:2396} INFO - Sync 1 DAGs
[2022-10-12 18:06:57,246] {logging_mixin.py:109} INFO - [2022-10-12 18:06:57,246] {dag.py:2935} INFO - Setting next_dagrun for example_skip_dag to 2022-10-11T21:06:57.246166+00:00
[2022-10-12 18:06:57,256] {processor.py:171} INFO - Processing /Users/renatomelo/Downloads/airflow_tooltorial/airflow-local/venv/lib/python3.9/site-packages/airflow/example_dags/example_skip_dag.py took 0.078 seconds
[2022-10-12 18:09:36,549] {processor.py:163} INFO - Started process (PID=8317) to work on /Users/renatomelo/Downloads/airflow_tooltorial/airflow-local/venv/lib/python3.9/site-packages/airflow/example_dags/example_skip_dag.py
[2022-10-12 18:09:36,558] {processor.py:642} INFO - Processing file /Users/renatomelo/Downloads/airflow_tooltorial/airflow-local/venv/lib/python3.9/site-packages/airflow/example_dags/example_skip_dag.py for tasks to queue
[2022-10-12 18:09:36,559] {logging_mixin.py:109} INFO - [2022-10-12 18:09:36,559] {dagbag.py:500} INFO - Filling up the DagBag from /Users/renatomelo/Downloads/airflow_tooltorial/airflow-local/venv/lib/python3.9/site-packages/airflow/example_dags/example_skip_dag.py
[2022-10-12 18:09:36,613] {processor.py:654} INFO - DAG(s) dict_keys(['example_skip_dag']) retrieved from /Users/renatomelo/Downloads/airflow_tooltorial/airflow-local/venv/lib/python3.9/site-packages/airflow/example_dags/example_skip_dag.py
[2022-10-12 18:09:36,667] {logging_mixin.py:109} INFO - [2022-10-12 18:09:36,667] {dag.py:2396} INFO - Sync 1 DAGs
[2022-10-12 18:09:36,686] {logging_mixin.py:109} INFO - [2022-10-12 18:09:36,686] {dag.py:2935} INFO - Setting next_dagrun for example_skip_dag to 2022-10-11T21:09:36.686097+00:00
[2022-10-12 18:09:36,698] {processor.py:171} INFO - Processing /Users/renatomelo/Downloads/airflow_tooltorial/airflow-local/venv/lib/python3.9/site-packages/airflow/example_dags/example_skip_dag.py took 0.153 seconds
[2022-10-12 18:11:17,049] {processor.py:163} INFO - Started process (PID=8379) to work on /Users/renatomelo/Downloads/airflow_tooltorial/airflow-local/venv/lib/python3.9/site-packages/airflow/example_dags/example_skip_dag.py
[2022-10-12 18:11:17,050] {processor.py:642} INFO - Processing file /Users/renatomelo/Downloads/airflow_tooltorial/airflow-local/venv/lib/python3.9/site-packages/airflow/example_dags/example_skip_dag.py for tasks to queue
[2022-10-12 18:11:17,051] {logging_mixin.py:109} INFO - [2022-10-12 18:11:17,051] {dagbag.py:500} INFO - Filling up the DagBag from /Users/renatomelo/Downloads/airflow_tooltorial/airflow-local/venv/lib/python3.9/site-packages/airflow/example_dags/example_skip_dag.py
[2022-10-12 18:11:17,107] {processor.py:654} INFO - DAG(s) dict_keys(['example_skip_dag']) retrieved from /Users/renatomelo/Downloads/airflow_tooltorial/airflow-local/venv/lib/python3.9/site-packages/airflow/example_dags/example_skip_dag.py
[2022-10-12 18:11:17,142] {logging_mixin.py:109} INFO - [2022-10-12 18:11:17,142] {dag.py:2396} INFO - Sync 1 DAGs
[2022-10-12 18:11:17,165] {logging_mixin.py:109} INFO - [2022-10-12 18:11:17,165] {dag.py:2935} INFO - Setting next_dagrun for example_skip_dag to 2022-10-11T21:11:17.164859+00:00
[2022-10-12 18:11:17,186] {processor.py:171} INFO - Processing /Users/renatomelo/Downloads/airflow_tooltorial/airflow-local/venv/lib/python3.9/site-packages/airflow/example_dags/example_skip_dag.py took 0.139 seconds
[2022-10-12 18:12:51,342] {processor.py:163} INFO - Started process (PID=8411) to work on /Users/renatomelo/Downloads/airflow_tooltorial/airflow-local/venv/lib/python3.9/site-packages/airflow/example_dags/example_skip_dag.py
[2022-10-12 18:12:51,351] {processor.py:642} INFO - Processing file /Users/renatomelo/Downloads/airflow_tooltorial/airflow-local/venv/lib/python3.9/site-packages/airflow/example_dags/example_skip_dag.py for tasks to queue
[2022-10-12 18:12:51,360] {logging_mixin.py:109} INFO - [2022-10-12 18:12:51,360] {dagbag.py:500} INFO - Filling up the DagBag from /Users/renatomelo/Downloads/airflow_tooltorial/airflow-local/venv/lib/python3.9/site-packages/airflow/example_dags/example_skip_dag.py
[2022-10-12 18:12:51,406] {processor.py:654} INFO - DAG(s) dict_keys(['example_skip_dag']) retrieved from /Users/renatomelo/Downloads/airflow_tooltorial/airflow-local/venv/lib/python3.9/site-packages/airflow/example_dags/example_skip_dag.py
[2022-10-12 18:12:51,428] {logging_mixin.py:109} INFO - [2022-10-12 18:12:51,428] {dag.py:2396} INFO - Sync 1 DAGs
[2022-10-12 18:12:51,440] {logging_mixin.py:109} INFO - [2022-10-12 18:12:51,440] {dag.py:2935} INFO - Setting next_dagrun for example_skip_dag to 2022-10-11T21:12:51.440111+00:00
[2022-10-12 18:12:51,461] {processor.py:171} INFO - Processing /Users/renatomelo/Downloads/airflow_tooltorial/airflow-local/venv/lib/python3.9/site-packages/airflow/example_dags/example_skip_dag.py took 0.120 seconds
[2022-10-12 18:14:20,541] {processor.py:163} INFO - Started process (PID=8442) to work on /Users/renatomelo/Downloads/airflow_tooltorial/airflow-local/venv/lib/python3.9/site-packages/airflow/example_dags/example_skip_dag.py
[2022-10-12 18:14:20,543] {processor.py:642} INFO - Processing file /Users/renatomelo/Downloads/airflow_tooltorial/airflow-local/venv/lib/python3.9/site-packages/airflow/example_dags/example_skip_dag.py for tasks to queue
[2022-10-12 18:14:20,544] {logging_mixin.py:109} INFO - [2022-10-12 18:14:20,544] {dagbag.py:500} INFO - Filling up the DagBag from /Users/renatomelo/Downloads/airflow_tooltorial/airflow-local/venv/lib/python3.9/site-packages/airflow/example_dags/example_skip_dag.py
[2022-10-12 18:14:20,577] {processor.py:654} INFO - DAG(s) dict_keys(['example_skip_dag']) retrieved from /Users/renatomelo/Downloads/airflow_tooltorial/airflow-local/venv/lib/python3.9/site-packages/airflow/example_dags/example_skip_dag.py
[2022-10-12 18:14:20,595] {logging_mixin.py:109} INFO - [2022-10-12 18:14:20,595] {dag.py:2396} INFO - Sync 1 DAGs
[2022-10-12 18:14:20,605] {logging_mixin.py:109} INFO - [2022-10-12 18:14:20,605] {dag.py:2935} INFO - Setting next_dagrun for example_skip_dag to 2022-10-11T21:14:20.605055+00:00
[2022-10-12 18:14:20,614] {processor.py:171} INFO - Processing /Users/renatomelo/Downloads/airflow_tooltorial/airflow-local/venv/lib/python3.9/site-packages/airflow/example_dags/example_skip_dag.py took 0.073 seconds
[2022-10-12 18:17:06,419] {processor.py:163} INFO - Started process (PID=8500) to work on /Users/renatomelo/Downloads/airflow_tooltorial/airflow-local/venv/lib/python3.9/site-packages/airflow/example_dags/example_skip_dag.py
[2022-10-12 18:17:06,421] {processor.py:642} INFO - Processing file /Users/renatomelo/Downloads/airflow_tooltorial/airflow-local/venv/lib/python3.9/site-packages/airflow/example_dags/example_skip_dag.py for tasks to queue
[2022-10-12 18:17:06,421] {logging_mixin.py:109} INFO - [2022-10-12 18:17:06,421] {dagbag.py:500} INFO - Filling up the DagBag from /Users/renatomelo/Downloads/airflow_tooltorial/airflow-local/venv/lib/python3.9/site-packages/airflow/example_dags/example_skip_dag.py
[2022-10-12 18:17:06,461] {processor.py:654} INFO - DAG(s) dict_keys(['example_skip_dag']) retrieved from /Users/renatomelo/Downloads/airflow_tooltorial/airflow-local/venv/lib/python3.9/site-packages/airflow/example_dags/example_skip_dag.py
[2022-10-12 18:17:06,480] {logging_mixin.py:109} INFO - [2022-10-12 18:17:06,479] {dag.py:2396} INFO - Sync 1 DAGs
[2022-10-12 18:17:06,489] {logging_mixin.py:109} INFO - [2022-10-12 18:17:06,489] {dag.py:2935} INFO - Setting next_dagrun for example_skip_dag to 2022-10-11T21:17:06.489312+00:00
[2022-10-12 18:17:06,498] {processor.py:171} INFO - Processing /Users/renatomelo/Downloads/airflow_tooltorial/airflow-local/venv/lib/python3.9/site-packages/airflow/example_dags/example_skip_dag.py took 0.080 seconds
[2022-10-12 18:19:25,603] {processor.py:163} INFO - Started process (PID=8553) to work on /Users/renatomelo/Downloads/airflow_tooltorial/airflow-local/venv/lib/python3.9/site-packages/airflow/example_dags/example_skip_dag.py
[2022-10-12 18:19:25,604] {processor.py:642} INFO - Processing file /Users/renatomelo/Downloads/airflow_tooltorial/airflow-local/venv/lib/python3.9/site-packages/airflow/example_dags/example_skip_dag.py for tasks to queue
[2022-10-12 18:19:25,605] {logging_mixin.py:109} INFO - [2022-10-12 18:19:25,605] {dagbag.py:500} INFO - Filling up the DagBag from /Users/renatomelo/Downloads/airflow_tooltorial/airflow-local/venv/lib/python3.9/site-packages/airflow/example_dags/example_skip_dag.py
[2022-10-12 18:19:25,672] {processor.py:654} INFO - DAG(s) dict_keys(['example_skip_dag']) retrieved from /Users/renatomelo/Downloads/airflow_tooltorial/airflow-local/venv/lib/python3.9/site-packages/airflow/example_dags/example_skip_dag.py
[2022-10-12 18:19:25,695] {logging_mixin.py:109} INFO - [2022-10-12 18:19:25,695] {dag.py:2396} INFO - Sync 1 DAGs
[2022-10-12 18:19:25,708] {logging_mixin.py:109} INFO - [2022-10-12 18:19:25,708] {dag.py:2935} INFO - Setting next_dagrun for example_skip_dag to 2022-10-11T21:19:25.708291+00:00
[2022-10-12 18:19:25,721] {processor.py:171} INFO - Processing /Users/renatomelo/Downloads/airflow_tooltorial/airflow-local/venv/lib/python3.9/site-packages/airflow/example_dags/example_skip_dag.py took 0.119 seconds
[2022-10-12 18:21:48,507] {processor.py:163} INFO - Started process (PID=8611) to work on /Users/renatomelo/Downloads/airflow_tooltorial/airflow-local/venv/lib/python3.9/site-packages/airflow/example_dags/example_skip_dag.py
[2022-10-12 18:21:48,514] {processor.py:642} INFO - Processing file /Users/renatomelo/Downloads/airflow_tooltorial/airflow-local/venv/lib/python3.9/site-packages/airflow/example_dags/example_skip_dag.py for tasks to queue
[2022-10-12 18:21:48,517] {logging_mixin.py:109} INFO - [2022-10-12 18:21:48,516] {dagbag.py:500} INFO - Filling up the DagBag from /Users/renatomelo/Downloads/airflow_tooltorial/airflow-local/venv/lib/python3.9/site-packages/airflow/example_dags/example_skip_dag.py
[2022-10-12 18:21:48,570] {processor.py:654} INFO - DAG(s) dict_keys(['example_skip_dag']) retrieved from /Users/renatomelo/Downloads/airflow_tooltorial/airflow-local/venv/lib/python3.9/site-packages/airflow/example_dags/example_skip_dag.py
[2022-10-12 18:21:48,591] {logging_mixin.py:109} INFO - [2022-10-12 18:21:48,591] {dag.py:2396} INFO - Sync 1 DAGs
[2022-10-12 18:21:48,613] {logging_mixin.py:109} INFO - [2022-10-12 18:21:48,612] {dag.py:2935} INFO - Setting next_dagrun for example_skip_dag to 2022-10-11T21:21:48.612754+00:00
[2022-10-12 18:21:48,626] {processor.py:171} INFO - Processing /Users/renatomelo/Downloads/airflow_tooltorial/airflow-local/venv/lib/python3.9/site-packages/airflow/example_dags/example_skip_dag.py took 0.119 seconds
[2022-10-12 18:24:17,141] {processor.py:163} INFO - Started process (PID=8693) to work on /Users/renatomelo/Downloads/airflow_tooltorial/airflow-local/venv/lib/python3.9/site-packages/airflow/example_dags/example_skip_dag.py
[2022-10-12 18:24:17,143] {processor.py:642} INFO - Processing file /Users/renatomelo/Downloads/airflow_tooltorial/airflow-local/venv/lib/python3.9/site-packages/airflow/example_dags/example_skip_dag.py for tasks to queue
[2022-10-12 18:24:17,144] {logging_mixin.py:109} INFO - [2022-10-12 18:24:17,144] {dagbag.py:500} INFO - Filling up the DagBag from /Users/renatomelo/Downloads/airflow_tooltorial/airflow-local/venv/lib/python3.9/site-packages/airflow/example_dags/example_skip_dag.py
[2022-10-12 18:24:17,186] {processor.py:654} INFO - DAG(s) dict_keys(['example_skip_dag']) retrieved from /Users/renatomelo/Downloads/airflow_tooltorial/airflow-local/venv/lib/python3.9/site-packages/airflow/example_dags/example_skip_dag.py
[2022-10-12 18:24:17,725] {logging_mixin.py:109} INFO - [2022-10-12 18:24:17,725] {dag.py:2396} INFO - Sync 1 DAGs
[2022-10-12 18:24:17,737] {logging_mixin.py:109} INFO - [2022-10-12 18:24:17,737] {dag.py:2935} INFO - Setting next_dagrun for example_skip_dag to 2022-10-11T21:24:17.737285+00:00
[2022-10-12 18:24:17,751] {processor.py:171} INFO - Processing /Users/renatomelo/Downloads/airflow_tooltorial/airflow-local/venv/lib/python3.9/site-packages/airflow/example_dags/example_skip_dag.py took 0.610 seconds
[2022-10-12 18:26:49,007] {processor.py:163} INFO - Started process (PID=8758) to work on /Users/renatomelo/Downloads/airflow_tooltorial/airflow-local/venv/lib/python3.9/site-packages/airflow/example_dags/example_skip_dag.py
[2022-10-12 18:26:49,008] {processor.py:642} INFO - Processing file /Users/renatomelo/Downloads/airflow_tooltorial/airflow-local/venv/lib/python3.9/site-packages/airflow/example_dags/example_skip_dag.py for tasks to queue
[2022-10-12 18:26:49,013] {logging_mixin.py:109} INFO - [2022-10-12 18:26:49,013] {dagbag.py:500} INFO - Filling up the DagBag from /Users/renatomelo/Downloads/airflow_tooltorial/airflow-local/venv/lib/python3.9/site-packages/airflow/example_dags/example_skip_dag.py
[2022-10-12 18:26:49,171] {processor.py:654} INFO - DAG(s) dict_keys(['example_skip_dag']) retrieved from /Users/renatomelo/Downloads/airflow_tooltorial/airflow-local/venv/lib/python3.9/site-packages/airflow/example_dags/example_skip_dag.py
[2022-10-12 18:26:49,291] {logging_mixin.py:109} INFO - [2022-10-12 18:26:49,290] {dag.py:2396} INFO - Sync 1 DAGs
[2022-10-12 18:26:49,336] {logging_mixin.py:109} INFO - [2022-10-12 18:26:49,336] {dag.py:2935} INFO - Setting next_dagrun for example_skip_dag to 2022-10-11T21:26:49.334154+00:00
[2022-10-12 18:26:49,361] {processor.py:171} INFO - Processing /Users/renatomelo/Downloads/airflow_tooltorial/airflow-local/venv/lib/python3.9/site-packages/airflow/example_dags/example_skip_dag.py took 0.355 seconds
[2022-10-12 18:29:03,128] {processor.py:163} INFO - Started process (PID=8830) to work on /Users/renatomelo/Downloads/airflow_tooltorial/airflow-local/venv/lib/python3.9/site-packages/airflow/example_dags/example_skip_dag.py
[2022-10-12 18:29:03,129] {processor.py:642} INFO - Processing file /Users/renatomelo/Downloads/airflow_tooltorial/airflow-local/venv/lib/python3.9/site-packages/airflow/example_dags/example_skip_dag.py for tasks to queue
[2022-10-12 18:29:03,129] {logging_mixin.py:109} INFO - [2022-10-12 18:29:03,129] {dagbag.py:500} INFO - Filling up the DagBag from /Users/renatomelo/Downloads/airflow_tooltorial/airflow-local/venv/lib/python3.9/site-packages/airflow/example_dags/example_skip_dag.py
[2022-10-12 18:29:03,163] {processor.py:654} INFO - DAG(s) dict_keys(['example_skip_dag']) retrieved from /Users/renatomelo/Downloads/airflow_tooltorial/airflow-local/venv/lib/python3.9/site-packages/airflow/example_dags/example_skip_dag.py
[2022-10-12 18:29:03,182] {logging_mixin.py:109} INFO - [2022-10-12 18:29:03,182] {dag.py:2396} INFO - Sync 1 DAGs
[2022-10-12 18:29:03,191] {logging_mixin.py:109} INFO - [2022-10-12 18:29:03,191] {dag.py:2935} INFO - Setting next_dagrun for example_skip_dag to 2022-10-11T21:29:03.190945+00:00
[2022-10-12 18:29:03,200] {processor.py:171} INFO - Processing /Users/renatomelo/Downloads/airflow_tooltorial/airflow-local/venv/lib/python3.9/site-packages/airflow/example_dags/example_skip_dag.py took 0.073 seconds
[2022-10-12 18:31:28,134] {processor.py:163} INFO - Started process (PID=8917) to work on /Users/renatomelo/Downloads/airflow_tooltorial/airflow-local/venv/lib/python3.9/site-packages/airflow/example_dags/example_skip_dag.py
[2022-10-12 18:31:28,135] {processor.py:642} INFO - Processing file /Users/renatomelo/Downloads/airflow_tooltorial/airflow-local/venv/lib/python3.9/site-packages/airflow/example_dags/example_skip_dag.py for tasks to queue
[2022-10-12 18:31:28,138] {logging_mixin.py:109} INFO - [2022-10-12 18:31:28,138] {dagbag.py:500} INFO - Filling up the DagBag from /Users/renatomelo/Downloads/airflow_tooltorial/airflow-local/venv/lib/python3.9/site-packages/airflow/example_dags/example_skip_dag.py
[2022-10-12 18:31:28,230] {processor.py:654} INFO - DAG(s) dict_keys(['example_skip_dag']) retrieved from /Users/renatomelo/Downloads/airflow_tooltorial/airflow-local/venv/lib/python3.9/site-packages/airflow/example_dags/example_skip_dag.py
[2022-10-12 18:31:28,283] {logging_mixin.py:109} INFO - [2022-10-12 18:31:28,283] {dag.py:2396} INFO - Sync 1 DAGs
[2022-10-12 18:31:28,302] {logging_mixin.py:109} INFO - [2022-10-12 18:31:28,302] {dag.py:2935} INFO - Setting next_dagrun for example_skip_dag to 2022-10-11T21:31:28.302452+00:00
[2022-10-12 18:31:28,330] {processor.py:171} INFO - Processing /Users/renatomelo/Downloads/airflow_tooltorial/airflow-local/venv/lib/python3.9/site-packages/airflow/example_dags/example_skip_dag.py took 0.198 seconds
[2022-10-12 18:33:52,174] {processor.py:163} INFO - Started process (PID=8973) to work on /Users/renatomelo/Downloads/airflow_tooltorial/airflow-local/venv/lib/python3.9/site-packages/airflow/example_dags/example_skip_dag.py
[2022-10-12 18:33:52,176] {processor.py:642} INFO - Processing file /Users/renatomelo/Downloads/airflow_tooltorial/airflow-local/venv/lib/python3.9/site-packages/airflow/example_dags/example_skip_dag.py for tasks to queue
[2022-10-12 18:33:52,177] {logging_mixin.py:109} INFO - [2022-10-12 18:33:52,176] {dagbag.py:500} INFO - Filling up the DagBag from /Users/renatomelo/Downloads/airflow_tooltorial/airflow-local/venv/lib/python3.9/site-packages/airflow/example_dags/example_skip_dag.py
[2022-10-12 18:33:52,221] {processor.py:654} INFO - DAG(s) dict_keys(['example_skip_dag']) retrieved from /Users/renatomelo/Downloads/airflow_tooltorial/airflow-local/venv/lib/python3.9/site-packages/airflow/example_dags/example_skip_dag.py
[2022-10-12 18:33:52,246] {logging_mixin.py:109} INFO - [2022-10-12 18:33:52,245] {dag.py:2396} INFO - Sync 1 DAGs
[2022-10-12 18:33:52,259] {logging_mixin.py:109} INFO - [2022-10-12 18:33:52,259] {dag.py:2935} INFO - Setting next_dagrun for example_skip_dag to 2022-10-11T21:33:52.258859+00:00
[2022-10-12 18:33:52,273] {processor.py:171} INFO - Processing /Users/renatomelo/Downloads/airflow_tooltorial/airflow-local/venv/lib/python3.9/site-packages/airflow/example_dags/example_skip_dag.py took 0.100 seconds
