[2022-10-12 18:05:21,396] {processor.py:163} INFO - Started process (PID=7998) to work on /Users/renatomelo/Downloads/airflow_tooltorial/airflow-local/venv/lib/python3.9/site-packages/airflow/example_dags/example_kubernetes_executor.py
[2022-10-12 18:05:21,397] {processor.py:642} INFO - Processing file /Users/renatomelo/Downloads/airflow_tooltorial/airflow-local/venv/lib/python3.9/site-packages/airflow/example_dags/example_kubernetes_executor.py for tasks to queue
[2022-10-12 18:05:21,397] {logging_mixin.py:109} INFO - [2022-10-12 18:05:21,397] {dagbag.py:500} INFO - Filling up the DagBag from /Users/renatomelo/Downloads/airflow_tooltorial/airflow-local/venv/lib/python3.9/site-packages/airflow/example_dags/example_kubernetes_executor.py
[2022-10-12 18:05:21,432] {logging_mixin.py:109} INFO - [2022-10-12 18:05:21,432] {example_kubernetes_executor.py:38} WARNING - The example_kubernetes_executor example DAG requires the kubernetes provider. Please install it with: pip install apache-airflow[cncf.kubernetes]
[2022-10-12 18:05:21,467] {processor.py:656} WARNING - No viable dags retrieved from /Users/renatomelo/Downloads/airflow_tooltorial/airflow-local/venv/lib/python3.9/site-packages/airflow/example_dags/example_kubernetes_executor.py
[2022-10-12 18:05:21,469] {processor.py:171} INFO - Processing /Users/renatomelo/Downloads/airflow_tooltorial/airflow-local/venv/lib/python3.9/site-packages/airflow/example_dags/example_kubernetes_executor.py took 0.074 seconds
[2022-10-12 18:07:21,080] {processor.py:163} INFO - Started process (PID=8222) to work on /Users/renatomelo/Downloads/airflow_tooltorial/airflow-local/venv/lib/python3.9/site-packages/airflow/example_dags/example_kubernetes_executor.py
[2022-10-12 18:07:21,081] {processor.py:642} INFO - Processing file /Users/renatomelo/Downloads/airflow_tooltorial/airflow-local/venv/lib/python3.9/site-packages/airflow/example_dags/example_kubernetes_executor.py for tasks to queue
[2022-10-12 18:07:21,081] {logging_mixin.py:109} INFO - [2022-10-12 18:07:21,081] {dagbag.py:500} INFO - Filling up the DagBag from /Users/renatomelo/Downloads/airflow_tooltorial/airflow-local/venv/lib/python3.9/site-packages/airflow/example_dags/example_kubernetes_executor.py
[2022-10-12 18:07:21,108] {logging_mixin.py:109} INFO - [2022-10-12 18:07:21,108] {example_kubernetes_executor.py:38} WARNING - The example_kubernetes_executor example DAG requires the kubernetes provider. Please install it with: pip install apache-airflow[cncf.kubernetes]
[2022-10-12 18:07:21,148] {processor.py:656} WARNING - No viable dags retrieved from /Users/renatomelo/Downloads/airflow_tooltorial/airflow-local/venv/lib/python3.9/site-packages/airflow/example_dags/example_kubernetes_executor.py
[2022-10-12 18:07:21,150] {processor.py:171} INFO - Processing /Users/renatomelo/Downloads/airflow_tooltorial/airflow-local/venv/lib/python3.9/site-packages/airflow/example_dags/example_kubernetes_executor.py took 0.071 seconds
[2022-10-12 18:10:04,208] {processor.py:163} INFO - Started process (PID=8334) to work on /Users/renatomelo/Downloads/airflow_tooltorial/airflow-local/venv/lib/python3.9/site-packages/airflow/example_dags/example_kubernetes_executor.py
[2022-10-12 18:10:04,210] {processor.py:642} INFO - Processing file /Users/renatomelo/Downloads/airflow_tooltorial/airflow-local/venv/lib/python3.9/site-packages/airflow/example_dags/example_kubernetes_executor.py for tasks to queue
[2022-10-12 18:10:04,211] {logging_mixin.py:109} INFO - [2022-10-12 18:10:04,211] {dagbag.py:500} INFO - Filling up the DagBag from /Users/renatomelo/Downloads/airflow_tooltorial/airflow-local/venv/lib/python3.9/site-packages/airflow/example_dags/example_kubernetes_executor.py
[2022-10-12 18:10:04,248] {logging_mixin.py:109} INFO - [2022-10-12 18:10:04,247] {example_kubernetes_executor.py:38} WARNING - The example_kubernetes_executor example DAG requires the kubernetes provider. Please install it with: pip install apache-airflow[cncf.kubernetes]
[2022-10-12 18:10:04,281] {processor.py:656} WARNING - No viable dags retrieved from /Users/renatomelo/Downloads/airflow_tooltorial/airflow-local/venv/lib/python3.9/site-packages/airflow/example_dags/example_kubernetes_executor.py
[2022-10-12 18:10:04,283] {processor.py:171} INFO - Processing /Users/renatomelo/Downloads/airflow_tooltorial/airflow-local/venv/lib/python3.9/site-packages/airflow/example_dags/example_kubernetes_executor.py took 0.076 seconds
[2022-10-12 18:13:14,854] {processor.py:163} INFO - Started process (PID=8420) to work on /Users/renatomelo/Downloads/airflow_tooltorial/airflow-local/venv/lib/python3.9/site-packages/airflow/example_dags/example_kubernetes_executor.py
[2022-10-12 18:13:14,856] {processor.py:642} INFO - Processing file /Users/renatomelo/Downloads/airflow_tooltorial/airflow-local/venv/lib/python3.9/site-packages/airflow/example_dags/example_kubernetes_executor.py for tasks to queue
[2022-10-12 18:13:14,857] {logging_mixin.py:109} INFO - [2022-10-12 18:13:14,857] {dagbag.py:500} INFO - Filling up the DagBag from /Users/renatomelo/Downloads/airflow_tooltorial/airflow-local/venv/lib/python3.9/site-packages/airflow/example_dags/example_kubernetes_executor.py
[2022-10-12 18:13:14,889] {logging_mixin.py:109} INFO - [2022-10-12 18:13:14,889] {example_kubernetes_executor.py:38} WARNING - The example_kubernetes_executor example DAG requires the kubernetes provider. Please install it with: pip install apache-airflow[cncf.kubernetes]
[2022-10-12 18:13:14,925] {processor.py:656} WARNING - No viable dags retrieved from /Users/renatomelo/Downloads/airflow_tooltorial/airflow-local/venv/lib/python3.9/site-packages/airflow/example_dags/example_kubernetes_executor.py
[2022-10-12 18:13:14,927] {processor.py:171} INFO - Processing /Users/renatomelo/Downloads/airflow_tooltorial/airflow-local/venv/lib/python3.9/site-packages/airflow/example_dags/example_kubernetes_executor.py took 0.075 seconds
[2022-10-12 18:16:02,703] {processor.py:163} INFO - Started process (PID=8477) to work on /Users/renatomelo/Downloads/airflow_tooltorial/airflow-local/venv/lib/python3.9/site-packages/airflow/example_dags/example_kubernetes_executor.py
[2022-10-12 18:16:02,705] {processor.py:642} INFO - Processing file /Users/renatomelo/Downloads/airflow_tooltorial/airflow-local/venv/lib/python3.9/site-packages/airflow/example_dags/example_kubernetes_executor.py for tasks to queue
[2022-10-12 18:16:02,705] {logging_mixin.py:109} INFO - [2022-10-12 18:16:02,705] {dagbag.py:500} INFO - Filling up the DagBag from /Users/renatomelo/Downloads/airflow_tooltorial/airflow-local/venv/lib/python3.9/site-packages/airflow/example_dags/example_kubernetes_executor.py
[2022-10-12 18:16:02,736] {logging_mixin.py:109} INFO - [2022-10-12 18:16:02,736] {example_kubernetes_executor.py:38} WARNING - The example_kubernetes_executor example DAG requires the kubernetes provider. Please install it with: pip install apache-airflow[cncf.kubernetes]
[2022-10-12 18:16:02,763] {processor.py:656} WARNING - No viable dags retrieved from /Users/renatomelo/Downloads/airflow_tooltorial/airflow-local/venv/lib/python3.9/site-packages/airflow/example_dags/example_kubernetes_executor.py
[2022-10-12 18:16:02,765] {processor.py:171} INFO - Processing /Users/renatomelo/Downloads/airflow_tooltorial/airflow-local/venv/lib/python3.9/site-packages/airflow/example_dags/example_kubernetes_executor.py took 0.063 seconds
[2022-10-12 18:18:34,614] {processor.py:163} INFO - Started process (PID=8535) to work on /Users/renatomelo/Downloads/airflow_tooltorial/airflow-local/venv/lib/python3.9/site-packages/airflow/example_dags/example_kubernetes_executor.py
[2022-10-12 18:18:34,614] {processor.py:642} INFO - Processing file /Users/renatomelo/Downloads/airflow_tooltorial/airflow-local/venv/lib/python3.9/site-packages/airflow/example_dags/example_kubernetes_executor.py for tasks to queue
[2022-10-12 18:18:34,615] {logging_mixin.py:109} INFO - [2022-10-12 18:18:34,615] {dagbag.py:500} INFO - Filling up the DagBag from /Users/renatomelo/Downloads/airflow_tooltorial/airflow-local/venv/lib/python3.9/site-packages/airflow/example_dags/example_kubernetes_executor.py
[2022-10-12 18:18:34,637] {logging_mixin.py:109} INFO - [2022-10-12 18:18:34,637] {example_kubernetes_executor.py:38} WARNING - The example_kubernetes_executor example DAG requires the kubernetes provider. Please install it with: pip install apache-airflow[cncf.kubernetes]
[2022-10-12 18:18:34,663] {processor.py:656} WARNING - No viable dags retrieved from /Users/renatomelo/Downloads/airflow_tooltorial/airflow-local/venv/lib/python3.9/site-packages/airflow/example_dags/example_kubernetes_executor.py
[2022-10-12 18:18:34,665] {processor.py:171} INFO - Processing /Users/renatomelo/Downloads/airflow_tooltorial/airflow-local/venv/lib/python3.9/site-packages/airflow/example_dags/example_kubernetes_executor.py took 0.052 seconds
[2022-10-12 18:20:53,643] {processor.py:163} INFO - Started process (PID=8586) to work on /Users/renatomelo/Downloads/airflow_tooltorial/airflow-local/venv/lib/python3.9/site-packages/airflow/example_dags/example_kubernetes_executor.py
[2022-10-12 18:20:53,643] {processor.py:642} INFO - Processing file /Users/renatomelo/Downloads/airflow_tooltorial/airflow-local/venv/lib/python3.9/site-packages/airflow/example_dags/example_kubernetes_executor.py for tasks to queue
[2022-10-12 18:20:53,643] {logging_mixin.py:109} INFO - [2022-10-12 18:20:53,643] {dagbag.py:500} INFO - Filling up the DagBag from /Users/renatomelo/Downloads/airflow_tooltorial/airflow-local/venv/lib/python3.9/site-packages/airflow/example_dags/example_kubernetes_executor.py
[2022-10-12 18:20:53,667] {logging_mixin.py:109} INFO - [2022-10-12 18:20:53,667] {example_kubernetes_executor.py:38} WARNING - The example_kubernetes_executor example DAG requires the kubernetes provider. Please install it with: pip install apache-airflow[cncf.kubernetes]
[2022-10-12 18:20:53,691] {processor.py:656} WARNING - No viable dags retrieved from /Users/renatomelo/Downloads/airflow_tooltorial/airflow-local/venv/lib/python3.9/site-packages/airflow/example_dags/example_kubernetes_executor.py
[2022-10-12 18:20:53,693] {processor.py:171} INFO - Processing /Users/renatomelo/Downloads/airflow_tooltorial/airflow-local/venv/lib/python3.9/site-packages/airflow/example_dags/example_kubernetes_executor.py took 0.051 seconds
[2022-10-12 18:23:16,815] {processor.py:163} INFO - Started process (PID=8659) to work on /Users/renatomelo/Downloads/airflow_tooltorial/airflow-local/venv/lib/python3.9/site-packages/airflow/example_dags/example_kubernetes_executor.py
[2022-10-12 18:23:16,816] {processor.py:642} INFO - Processing file /Users/renatomelo/Downloads/airflow_tooltorial/airflow-local/venv/lib/python3.9/site-packages/airflow/example_dags/example_kubernetes_executor.py for tasks to queue
[2022-10-12 18:23:16,817] {logging_mixin.py:109} INFO - [2022-10-12 18:23:16,817] {dagbag.py:500} INFO - Filling up the DagBag from /Users/renatomelo/Downloads/airflow_tooltorial/airflow-local/venv/lib/python3.9/site-packages/airflow/example_dags/example_kubernetes_executor.py
[2022-10-12 18:23:16,865] {logging_mixin.py:109} INFO - [2022-10-12 18:23:16,864] {example_kubernetes_executor.py:38} WARNING - The example_kubernetes_executor example DAG requires the kubernetes provider. Please install it with: pip install apache-airflow[cncf.kubernetes]
[2022-10-12 18:23:16,994] {processor.py:656} WARNING - No viable dags retrieved from /Users/renatomelo/Downloads/airflow_tooltorial/airflow-local/venv/lib/python3.9/site-packages/airflow/example_dags/example_kubernetes_executor.py
[2022-10-12 18:23:16,997] {processor.py:171} INFO - Processing /Users/renatomelo/Downloads/airflow_tooltorial/airflow-local/venv/lib/python3.9/site-packages/airflow/example_dags/example_kubernetes_executor.py took 0.183 seconds
[2022-10-12 18:25:50,679] {processor.py:163} INFO - Started process (PID=8728) to work on /Users/renatomelo/Downloads/airflow_tooltorial/airflow-local/venv/lib/python3.9/site-packages/airflow/example_dags/example_kubernetes_executor.py
[2022-10-12 18:25:50,681] {processor.py:642} INFO - Processing file /Users/renatomelo/Downloads/airflow_tooltorial/airflow-local/venv/lib/python3.9/site-packages/airflow/example_dags/example_kubernetes_executor.py for tasks to queue
[2022-10-12 18:25:50,682] {logging_mixin.py:109} INFO - [2022-10-12 18:25:50,682] {dagbag.py:500} INFO - Filling up the DagBag from /Users/renatomelo/Downloads/airflow_tooltorial/airflow-local/venv/lib/python3.9/site-packages/airflow/example_dags/example_kubernetes_executor.py
[2022-10-12 18:25:50,702] {logging_mixin.py:109} INFO - [2022-10-12 18:25:50,702] {example_kubernetes_executor.py:38} WARNING - The example_kubernetes_executor example DAG requires the kubernetes provider. Please install it with: pip install apache-airflow[cncf.kubernetes]
[2022-10-12 18:25:50,727] {processor.py:656} WARNING - No viable dags retrieved from /Users/renatomelo/Downloads/airflow_tooltorial/airflow-local/venv/lib/python3.9/site-packages/airflow/example_dags/example_kubernetes_executor.py
[2022-10-12 18:25:50,729] {processor.py:171} INFO - Processing /Users/renatomelo/Downloads/airflow_tooltorial/airflow-local/venv/lib/python3.9/site-packages/airflow/example_dags/example_kubernetes_executor.py took 0.050 seconds
[2022-10-12 18:28:21,872] {processor.py:163} INFO - Started process (PID=8812) to work on /Users/renatomelo/Downloads/airflow_tooltorial/airflow-local/venv/lib/python3.9/site-packages/airflow/example_dags/example_kubernetes_executor.py
[2022-10-12 18:28:21,872] {processor.py:642} INFO - Processing file /Users/renatomelo/Downloads/airflow_tooltorial/airflow-local/venv/lib/python3.9/site-packages/airflow/example_dags/example_kubernetes_executor.py for tasks to queue
[2022-10-12 18:28:21,873] {logging_mixin.py:109} INFO - [2022-10-12 18:28:21,872] {dagbag.py:500} INFO - Filling up the DagBag from /Users/renatomelo/Downloads/airflow_tooltorial/airflow-local/venv/lib/python3.9/site-packages/airflow/example_dags/example_kubernetes_executor.py
[2022-10-12 18:28:21,892] {logging_mixin.py:109} INFO - [2022-10-12 18:28:21,892] {example_kubernetes_executor.py:38} WARNING - The example_kubernetes_executor example DAG requires the kubernetes provider. Please install it with: pip install apache-airflow[cncf.kubernetes]
[2022-10-12 18:28:21,916] {processor.py:656} WARNING - No viable dags retrieved from /Users/renatomelo/Downloads/airflow_tooltorial/airflow-local/venv/lib/python3.9/site-packages/airflow/example_dags/example_kubernetes_executor.py
[2022-10-12 18:28:21,917] {processor.py:171} INFO - Processing /Users/renatomelo/Downloads/airflow_tooltorial/airflow-local/venv/lib/python3.9/site-packages/airflow/example_dags/example_kubernetes_executor.py took 0.046 seconds
[2022-10-12 18:30:26,148] {processor.py:163} INFO - Started process (PID=8883) to work on /Users/renatomelo/Downloads/airflow_tooltorial/airflow-local/venv/lib/python3.9/site-packages/airflow/example_dags/example_kubernetes_executor.py
[2022-10-12 18:30:26,149] {processor.py:642} INFO - Processing file /Users/renatomelo/Downloads/airflow_tooltorial/airflow-local/venv/lib/python3.9/site-packages/airflow/example_dags/example_kubernetes_executor.py for tasks to queue
[2022-10-12 18:30:26,149] {logging_mixin.py:109} INFO - [2022-10-12 18:30:26,149] {dagbag.py:500} INFO - Filling up the DagBag from /Users/renatomelo/Downloads/airflow_tooltorial/airflow-local/venv/lib/python3.9/site-packages/airflow/example_dags/example_kubernetes_executor.py
[2022-10-12 18:30:26,183] {logging_mixin.py:109} INFO - [2022-10-12 18:30:26,183] {example_kubernetes_executor.py:38} WARNING - The example_kubernetes_executor example DAG requires the kubernetes provider. Please install it with: pip install apache-airflow[cncf.kubernetes]
[2022-10-12 18:30:26,230] {processor.py:656} WARNING - No viable dags retrieved from /Users/renatomelo/Downloads/airflow_tooltorial/airflow-local/venv/lib/python3.9/site-packages/airflow/example_dags/example_kubernetes_executor.py
[2022-10-12 18:30:26,232] {processor.py:171} INFO - Processing /Users/renatomelo/Downloads/airflow_tooltorial/airflow-local/venv/lib/python3.9/site-packages/airflow/example_dags/example_kubernetes_executor.py took 0.085 seconds
[2022-10-12 18:33:00,041] {processor.py:163} INFO - Started process (PID=8951) to work on /Users/renatomelo/Downloads/airflow_tooltorial/airflow-local/venv/lib/python3.9/site-packages/airflow/example_dags/example_kubernetes_executor.py
[2022-10-12 18:33:00,043] {processor.py:642} INFO - Processing file /Users/renatomelo/Downloads/airflow_tooltorial/airflow-local/venv/lib/python3.9/site-packages/airflow/example_dags/example_kubernetes_executor.py for tasks to queue
[2022-10-12 18:33:00,044] {logging_mixin.py:109} INFO - [2022-10-12 18:33:00,044] {dagbag.py:500} INFO - Filling up the DagBag from /Users/renatomelo/Downloads/airflow_tooltorial/airflow-local/venv/lib/python3.9/site-packages/airflow/example_dags/example_kubernetes_executor.py
[2022-10-12 18:33:00,072] {logging_mixin.py:109} INFO - [2022-10-12 18:33:00,072] {example_kubernetes_executor.py:38} WARNING - The example_kubernetes_executor example DAG requires the kubernetes provider. Please install it with: pip install apache-airflow[cncf.kubernetes]
[2022-10-12 18:33:00,097] {processor.py:656} WARNING - No viable dags retrieved from /Users/renatomelo/Downloads/airflow_tooltorial/airflow-local/venv/lib/python3.9/site-packages/airflow/example_dags/example_kubernetes_executor.py
[2022-10-12 18:33:00,098] {processor.py:171} INFO - Processing /Users/renatomelo/Downloads/airflow_tooltorial/airflow-local/venv/lib/python3.9/site-packages/airflow/example_dags/example_kubernetes_executor.py took 0.058 seconds
