[2022-10-12 18:05:40,494] {processor.py:163} INFO - Started process (PID=8043) to work on /Users/renatomelo/Downloads/airflow_tooltorial/airflow-local/venv/lib/python3.9/site-packages/airflow/example_dags/example_branch_operator.py
[2022-10-12 18:05:40,495] {processor.py:642} INFO - Processing file /Users/renatomelo/Downloads/airflow_tooltorial/airflow-local/venv/lib/python3.9/site-packages/airflow/example_dags/example_branch_operator.py for tasks to queue
[2022-10-12 18:05:40,499] {logging_mixin.py:109} INFO - [2022-10-12 18:05:40,499] {dagbag.py:500} INFO - Filling up the DagBag from /Users/renatomelo/Downloads/airflow_tooltorial/airflow-local/venv/lib/python3.9/site-packages/airflow/example_dags/example_branch_operator.py
[2022-10-12 18:05:40,627] {processor.py:654} INFO - DAG(s) dict_keys(['example_branch_operator']) retrieved from /Users/renatomelo/Downloads/airflow_tooltorial/airflow-local/venv/lib/python3.9/site-packages/airflow/example_dags/example_branch_operator.py
[2022-10-12 18:05:40,670] {logging_mixin.py:109} INFO - [2022-10-12 18:05:40,669] {dag.py:2396} INFO - Sync 1 DAGs
[2022-10-12 18:05:40,686] {logging_mixin.py:109} INFO - [2022-10-12 18:05:40,686] {dag.py:2935} INFO - Setting next_dagrun for example_branch_operator to 2022-10-11 00:00:00+00:00
[2022-10-12 18:05:40,698] {processor.py:171} INFO - Processing /Users/renatomelo/Downloads/airflow_tooltorial/airflow-local/venv/lib/python3.9/site-packages/airflow/example_dags/example_branch_operator.py took 0.204 seconds
[2022-10-12 18:08:28,344] {processor.py:163} INFO - Started process (PID=8279) to work on /Users/renatomelo/Downloads/airflow_tooltorial/airflow-local/venv/lib/python3.9/site-packages/airflow/example_dags/example_branch_operator.py
[2022-10-12 18:08:28,344] {processor.py:642} INFO - Processing file /Users/renatomelo/Downloads/airflow_tooltorial/airflow-local/venv/lib/python3.9/site-packages/airflow/example_dags/example_branch_operator.py for tasks to queue
[2022-10-12 18:08:28,345] {logging_mixin.py:109} INFO - [2022-10-12 18:08:28,345] {dagbag.py:500} INFO - Filling up the DagBag from /Users/renatomelo/Downloads/airflow_tooltorial/airflow-local/venv/lib/python3.9/site-packages/airflow/example_dags/example_branch_operator.py
[2022-10-12 18:08:28,409] {processor.py:654} INFO - DAG(s) dict_keys(['example_branch_operator']) retrieved from /Users/renatomelo/Downloads/airflow_tooltorial/airflow-local/venv/lib/python3.9/site-packages/airflow/example_dags/example_branch_operator.py
[2022-10-12 18:08:28,430] {logging_mixin.py:109} INFO - [2022-10-12 18:08:28,430] {dag.py:2396} INFO - Sync 1 DAGs
[2022-10-12 18:08:28,442] {logging_mixin.py:109} INFO - [2022-10-12 18:08:28,442] {dag.py:2935} INFO - Setting next_dagrun for example_branch_operator to 2022-10-11 00:00:00+00:00
[2022-10-12 18:08:28,454] {processor.py:171} INFO - Processing /Users/renatomelo/Downloads/airflow_tooltorial/airflow-local/venv/lib/python3.9/site-packages/airflow/example_dags/example_branch_operator.py took 0.112 seconds
[2022-10-12 18:11:32,200] {processor.py:163} INFO - Started process (PID=8384) to work on /Users/renatomelo/Downloads/airflow_tooltorial/airflow-local/venv/lib/python3.9/site-packages/airflow/example_dags/example_branch_operator.py
[2022-10-12 18:11:32,201] {processor.py:642} INFO - Processing file /Users/renatomelo/Downloads/airflow_tooltorial/airflow-local/venv/lib/python3.9/site-packages/airflow/example_dags/example_branch_operator.py for tasks to queue
[2022-10-12 18:11:32,202] {logging_mixin.py:109} INFO - [2022-10-12 18:11:32,202] {dagbag.py:500} INFO - Filling up the DagBag from /Users/renatomelo/Downloads/airflow_tooltorial/airflow-local/venv/lib/python3.9/site-packages/airflow/example_dags/example_branch_operator.py
[2022-10-12 18:11:32,269] {processor.py:654} INFO - DAG(s) dict_keys(['example_branch_operator']) retrieved from /Users/renatomelo/Downloads/airflow_tooltorial/airflow-local/venv/lib/python3.9/site-packages/airflow/example_dags/example_branch_operator.py
[2022-10-12 18:11:32,299] {logging_mixin.py:109} INFO - [2022-10-12 18:11:32,299] {dag.py:2396} INFO - Sync 1 DAGs
[2022-10-12 18:11:32,312] {logging_mixin.py:109} INFO - [2022-10-12 18:11:32,311] {dag.py:2935} INFO - Setting next_dagrun for example_branch_operator to 2022-10-11 00:00:00+00:00
[2022-10-12 18:11:32,322] {processor.py:171} INFO - Processing /Users/renatomelo/Downloads/airflow_tooltorial/airflow-local/venv/lib/python3.9/site-packages/airflow/example_dags/example_branch_operator.py took 0.124 seconds
[2022-10-12 18:14:30,803] {processor.py:163} INFO - Started process (PID=8446) to work on /Users/renatomelo/Downloads/airflow_tooltorial/airflow-local/venv/lib/python3.9/site-packages/airflow/example_dags/example_branch_operator.py
[2022-10-12 18:14:30,805] {processor.py:642} INFO - Processing file /Users/renatomelo/Downloads/airflow_tooltorial/airflow-local/venv/lib/python3.9/site-packages/airflow/example_dags/example_branch_operator.py for tasks to queue
[2022-10-12 18:14:30,806] {logging_mixin.py:109} INFO - [2022-10-12 18:14:30,806] {dagbag.py:500} INFO - Filling up the DagBag from /Users/renatomelo/Downloads/airflow_tooltorial/airflow-local/venv/lib/python3.9/site-packages/airflow/example_dags/example_branch_operator.py
[2022-10-12 18:14:30,853] {processor.py:654} INFO - DAG(s) dict_keys(['example_branch_operator']) retrieved from /Users/renatomelo/Downloads/airflow_tooltorial/airflow-local/venv/lib/python3.9/site-packages/airflow/example_dags/example_branch_operator.py
[2022-10-12 18:14:30,871] {logging_mixin.py:109} INFO - [2022-10-12 18:14:30,871] {dag.py:2396} INFO - Sync 1 DAGs
[2022-10-12 18:14:30,883] {logging_mixin.py:109} INFO - [2022-10-12 18:14:30,883] {dag.py:2935} INFO - Setting next_dagrun for example_branch_operator to 2022-10-11 00:00:00+00:00
[2022-10-12 18:14:30,892] {processor.py:171} INFO - Processing /Users/renatomelo/Downloads/airflow_tooltorial/airflow-local/venv/lib/python3.9/site-packages/airflow/example_dags/example_branch_operator.py took 0.089 seconds
[2022-10-12 18:17:19,061] {processor.py:163} INFO - Started process (PID=8505) to work on /Users/renatomelo/Downloads/airflow_tooltorial/airflow-local/venv/lib/python3.9/site-packages/airflow/example_dags/example_branch_operator.py
[2022-10-12 18:17:19,063] {processor.py:642} INFO - Processing file /Users/renatomelo/Downloads/airflow_tooltorial/airflow-local/venv/lib/python3.9/site-packages/airflow/example_dags/example_branch_operator.py for tasks to queue
[2022-10-12 18:17:19,063] {logging_mixin.py:109} INFO - [2022-10-12 18:17:19,063] {dagbag.py:500} INFO - Filling up the DagBag from /Users/renatomelo/Downloads/airflow_tooltorial/airflow-local/venv/lib/python3.9/site-packages/airflow/example_dags/example_branch_operator.py
[2022-10-12 18:17:19,116] {processor.py:654} INFO - DAG(s) dict_keys(['example_branch_operator']) retrieved from /Users/renatomelo/Downloads/airflow_tooltorial/airflow-local/venv/lib/python3.9/site-packages/airflow/example_dags/example_branch_operator.py
[2022-10-12 18:17:19,135] {logging_mixin.py:109} INFO - [2022-10-12 18:17:19,135] {dag.py:2396} INFO - Sync 1 DAGs
[2022-10-12 18:17:19,148] {logging_mixin.py:109} INFO - [2022-10-12 18:17:19,148] {dag.py:2935} INFO - Setting next_dagrun for example_branch_operator to 2022-10-11 00:00:00+00:00
[2022-10-12 18:17:19,156] {processor.py:171} INFO - Processing /Users/renatomelo/Downloads/airflow_tooltorial/airflow-local/venv/lib/python3.9/site-packages/airflow/example_dags/example_branch_operator.py took 0.096 seconds
[2022-10-12 18:19:38,708] {processor.py:163} INFO - Started process (PID=8558) to work on /Users/renatomelo/Downloads/airflow_tooltorial/airflow-local/venv/lib/python3.9/site-packages/airflow/example_dags/example_branch_operator.py
[2022-10-12 18:19:38,712] {processor.py:642} INFO - Processing file /Users/renatomelo/Downloads/airflow_tooltorial/airflow-local/venv/lib/python3.9/site-packages/airflow/example_dags/example_branch_operator.py for tasks to queue
[2022-10-12 18:19:38,713] {logging_mixin.py:109} INFO - [2022-10-12 18:19:38,712] {dagbag.py:500} INFO - Filling up the DagBag from /Users/renatomelo/Downloads/airflow_tooltorial/airflow-local/venv/lib/python3.9/site-packages/airflow/example_dags/example_branch_operator.py
[2022-10-12 18:19:38,772] {processor.py:654} INFO - DAG(s) dict_keys(['example_branch_operator']) retrieved from /Users/renatomelo/Downloads/airflow_tooltorial/airflow-local/venv/lib/python3.9/site-packages/airflow/example_dags/example_branch_operator.py
[2022-10-12 18:19:38,792] {logging_mixin.py:109} INFO - [2022-10-12 18:19:38,792] {dag.py:2396} INFO - Sync 1 DAGs
[2022-10-12 18:19:38,810] {logging_mixin.py:109} INFO - [2022-10-12 18:19:38,810] {dag.py:2935} INFO - Setting next_dagrun for example_branch_operator to 2022-10-11 00:00:00+00:00
[2022-10-12 18:19:38,823] {processor.py:171} INFO - Processing /Users/renatomelo/Downloads/airflow_tooltorial/airflow-local/venv/lib/python3.9/site-packages/airflow/example_dags/example_branch_operator.py took 0.117 seconds
[2022-10-12 18:22:02,205] {processor.py:163} INFO - Started process (PID=8618) to work on /Users/renatomelo/Downloads/airflow_tooltorial/airflow-local/venv/lib/python3.9/site-packages/airflow/example_dags/example_branch_operator.py
[2022-10-12 18:22:02,206] {processor.py:642} INFO - Processing file /Users/renatomelo/Downloads/airflow_tooltorial/airflow-local/venv/lib/python3.9/site-packages/airflow/example_dags/example_branch_operator.py for tasks to queue
[2022-10-12 18:22:02,207] {logging_mixin.py:109} INFO - [2022-10-12 18:22:02,207] {dagbag.py:500} INFO - Filling up the DagBag from /Users/renatomelo/Downloads/airflow_tooltorial/airflow-local/venv/lib/python3.9/site-packages/airflow/example_dags/example_branch_operator.py
[2022-10-12 18:22:02,263] {processor.py:654} INFO - DAG(s) dict_keys(['example_branch_operator']) retrieved from /Users/renatomelo/Downloads/airflow_tooltorial/airflow-local/venv/lib/python3.9/site-packages/airflow/example_dags/example_branch_operator.py
[2022-10-12 18:22:02,286] {logging_mixin.py:109} INFO - [2022-10-12 18:22:02,286] {dag.py:2396} INFO - Sync 1 DAGs
[2022-10-12 18:22:02,299] {logging_mixin.py:109} INFO - [2022-10-12 18:22:02,299] {dag.py:2935} INFO - Setting next_dagrun for example_branch_operator to 2022-10-11 00:00:00+00:00
[2022-10-12 18:22:02,348] {processor.py:171} INFO - Processing /Users/renatomelo/Downloads/airflow_tooltorial/airflow-local/venv/lib/python3.9/site-packages/airflow/example_dags/example_branch_operator.py took 0.143 seconds
[2022-10-12 18:24:29,959] {processor.py:163} INFO - Started process (PID=8699) to work on /Users/renatomelo/Downloads/airflow_tooltorial/airflow-local/venv/lib/python3.9/site-packages/airflow/example_dags/example_branch_operator.py
[2022-10-12 18:24:29,961] {processor.py:642} INFO - Processing file /Users/renatomelo/Downloads/airflow_tooltorial/airflow-local/venv/lib/python3.9/site-packages/airflow/example_dags/example_branch_operator.py for tasks to queue
[2022-10-12 18:24:29,961] {logging_mixin.py:109} INFO - [2022-10-12 18:24:29,961] {dagbag.py:500} INFO - Filling up the DagBag from /Users/renatomelo/Downloads/airflow_tooltorial/airflow-local/venv/lib/python3.9/site-packages/airflow/example_dags/example_branch_operator.py
[2022-10-12 18:24:30,029] {processor.py:654} INFO - DAG(s) dict_keys(['example_branch_operator']) retrieved from /Users/renatomelo/Downloads/airflow_tooltorial/airflow-local/venv/lib/python3.9/site-packages/airflow/example_dags/example_branch_operator.py
[2022-10-12 18:24:30,269] {logging_mixin.py:109} INFO - [2022-10-12 18:24:30,269] {dag.py:2396} INFO - Sync 1 DAGs
[2022-10-12 18:24:30,280] {logging_mixin.py:109} INFO - [2022-10-12 18:24:30,280] {dag.py:2935} INFO - Setting next_dagrun for example_branch_operator to 2022-10-11 00:00:00+00:00
[2022-10-12 18:24:30,293] {processor.py:171} INFO - Processing /Users/renatomelo/Downloads/airflow_tooltorial/airflow-local/venv/lib/python3.9/site-packages/airflow/example_dags/example_branch_operator.py took 0.334 seconds
[2022-10-12 18:27:03,628] {processor.py:163} INFO - Started process (PID=8766) to work on /Users/renatomelo/Downloads/airflow_tooltorial/airflow-local/venv/lib/python3.9/site-packages/airflow/example_dags/example_branch_operator.py
[2022-10-12 18:27:03,631] {processor.py:642} INFO - Processing file /Users/renatomelo/Downloads/airflow_tooltorial/airflow-local/venv/lib/python3.9/site-packages/airflow/example_dags/example_branch_operator.py for tasks to queue
[2022-10-12 18:27:03,632] {logging_mixin.py:109} INFO - [2022-10-12 18:27:03,632] {dagbag.py:500} INFO - Filling up the DagBag from /Users/renatomelo/Downloads/airflow_tooltorial/airflow-local/venv/lib/python3.9/site-packages/airflow/example_dags/example_branch_operator.py
[2022-10-12 18:27:03,815] {processor.py:654} INFO - DAG(s) dict_keys(['example_branch_operator']) retrieved from /Users/renatomelo/Downloads/airflow_tooltorial/airflow-local/venv/lib/python3.9/site-packages/airflow/example_dags/example_branch_operator.py
[2022-10-12 18:27:03,869] {logging_mixin.py:109} INFO - [2022-10-12 18:27:03,869] {dag.py:2396} INFO - Sync 1 DAGs
[2022-10-12 18:27:03,885] {logging_mixin.py:109} INFO - [2022-10-12 18:27:03,885] {dag.py:2935} INFO - Setting next_dagrun for example_branch_operator to 2022-10-11 00:00:00+00:00
[2022-10-12 18:27:03,900] {processor.py:171} INFO - Processing /Users/renatomelo/Downloads/airflow_tooltorial/airflow-local/venv/lib/python3.9/site-packages/airflow/example_dags/example_branch_operator.py took 0.273 seconds
[2022-10-12 18:29:14,190] {processor.py:163} INFO - Started process (PID=8835) to work on /Users/renatomelo/Downloads/airflow_tooltorial/airflow-local/venv/lib/python3.9/site-packages/airflow/example_dags/example_branch_operator.py
[2022-10-12 18:29:14,190] {processor.py:642} INFO - Processing file /Users/renatomelo/Downloads/airflow_tooltorial/airflow-local/venv/lib/python3.9/site-packages/airflow/example_dags/example_branch_operator.py for tasks to queue
[2022-10-12 18:29:14,190] {logging_mixin.py:109} INFO - [2022-10-12 18:29:14,190] {dagbag.py:500} INFO - Filling up the DagBag from /Users/renatomelo/Downloads/airflow_tooltorial/airflow-local/venv/lib/python3.9/site-packages/airflow/example_dags/example_branch_operator.py
[2022-10-12 18:29:14,236] {processor.py:654} INFO - DAG(s) dict_keys(['example_branch_operator']) retrieved from /Users/renatomelo/Downloads/airflow_tooltorial/airflow-local/venv/lib/python3.9/site-packages/airflow/example_dags/example_branch_operator.py
[2022-10-12 18:29:14,254] {logging_mixin.py:109} INFO - [2022-10-12 18:29:14,254] {dag.py:2396} INFO - Sync 1 DAGs
[2022-10-12 18:29:14,266] {logging_mixin.py:109} INFO - [2022-10-12 18:29:14,266] {dag.py:2935} INFO - Setting next_dagrun for example_branch_operator to 2022-10-11 00:00:00+00:00
[2022-10-12 18:29:14,278] {processor.py:171} INFO - Processing /Users/renatomelo/Downloads/airflow_tooltorial/airflow-local/venv/lib/python3.9/site-packages/airflow/example_dags/example_branch_operator.py took 0.089 seconds
[2022-10-12 18:31:42,806] {processor.py:163} INFO - Started process (PID=8922) to work on /Users/renatomelo/Downloads/airflow_tooltorial/airflow-local/venv/lib/python3.9/site-packages/airflow/example_dags/example_branch_operator.py
[2022-10-12 18:31:42,806] {processor.py:642} INFO - Processing file /Users/renatomelo/Downloads/airflow_tooltorial/airflow-local/venv/lib/python3.9/site-packages/airflow/example_dags/example_branch_operator.py for tasks to queue
[2022-10-12 18:31:42,806] {logging_mixin.py:109} INFO - [2022-10-12 18:31:42,806] {dagbag.py:500} INFO - Filling up the DagBag from /Users/renatomelo/Downloads/airflow_tooltorial/airflow-local/venv/lib/python3.9/site-packages/airflow/example_dags/example_branch_operator.py
[2022-10-12 18:31:42,873] {processor.py:654} INFO - DAG(s) dict_keys(['example_branch_operator']) retrieved from /Users/renatomelo/Downloads/airflow_tooltorial/airflow-local/venv/lib/python3.9/site-packages/airflow/example_dags/example_branch_operator.py
[2022-10-12 18:31:42,896] {logging_mixin.py:109} INFO - [2022-10-12 18:31:42,896] {dag.py:2396} INFO - Sync 1 DAGs
[2022-10-12 18:31:42,910] {logging_mixin.py:109} INFO - [2022-10-12 18:31:42,910] {dag.py:2935} INFO - Setting next_dagrun for example_branch_operator to 2022-10-11 00:00:00+00:00
[2022-10-12 18:31:42,919] {processor.py:171} INFO - Processing /Users/renatomelo/Downloads/airflow_tooltorial/airflow-local/venv/lib/python3.9/site-packages/airflow/example_dags/example_branch_operator.py took 0.114 seconds
[2022-10-12 18:34:04,188] {processor.py:163} INFO - Started process (PID=8977) to work on /Users/renatomelo/Downloads/airflow_tooltorial/airflow-local/venv/lib/python3.9/site-packages/airflow/example_dags/example_branch_operator.py
[2022-10-12 18:34:04,191] {processor.py:642} INFO - Processing file /Users/renatomelo/Downloads/airflow_tooltorial/airflow-local/venv/lib/python3.9/site-packages/airflow/example_dags/example_branch_operator.py for tasks to queue
[2022-10-12 18:34:04,192] {logging_mixin.py:109} INFO - [2022-10-12 18:34:04,192] {dagbag.py:500} INFO - Filling up the DagBag from /Users/renatomelo/Downloads/airflow_tooltorial/airflow-local/venv/lib/python3.9/site-packages/airflow/example_dags/example_branch_operator.py
[2022-10-12 18:34:04,244] {processor.py:654} INFO - DAG(s) dict_keys(['example_branch_operator']) retrieved from /Users/renatomelo/Downloads/airflow_tooltorial/airflow-local/venv/lib/python3.9/site-packages/airflow/example_dags/example_branch_operator.py
[2022-10-12 18:34:04,263] {logging_mixin.py:109} INFO - [2022-10-12 18:34:04,263] {dag.py:2396} INFO - Sync 1 DAGs
[2022-10-12 18:34:04,276] {logging_mixin.py:109} INFO - [2022-10-12 18:34:04,276] {dag.py:2935} INFO - Setting next_dagrun for example_branch_operator to 2022-10-11 00:00:00+00:00
[2022-10-12 18:34:04,285] {processor.py:171} INFO - Processing /Users/renatomelo/Downloads/airflow_tooltorial/airflow-local/venv/lib/python3.9/site-packages/airflow/example_dags/example_branch_operator.py took 0.097 seconds
