[2022-10-12 18:04:52,477] {processor.py:163} INFO - Started process (PID=7956) to work on /Users/renatomelo/Downloads/airflow_tooltorial/airflow-local/venv/lib/python3.9/site-packages/airflow/example_dags/example_sla_dag.py
[2022-10-12 18:04:52,477] {processor.py:642} INFO - Processing file /Users/renatomelo/Downloads/airflow_tooltorial/airflow-local/venv/lib/python3.9/site-packages/airflow/example_dags/example_sla_dag.py for tasks to queue
[2022-10-12 18:04:52,478] {logging_mixin.py:109} INFO - [2022-10-12 18:04:52,477] {dagbag.py:500} INFO - Filling up the DagBag from /Users/renatomelo/Downloads/airflow_tooltorial/airflow-local/venv/lib/python3.9/site-packages/airflow/example_dags/example_sla_dag.py
[2022-10-12 18:04:52,553] {processor.py:654} INFO - DAG(s) dict_keys(['example_sla_dag']) retrieved from /Users/renatomelo/Downloads/airflow_tooltorial/airflow-local/venv/lib/python3.9/site-packages/airflow/example_dags/example_sla_dag.py
[2022-10-12 18:04:52,591] {logging_mixin.py:109} INFO - [2022-10-12 18:04:52,591] {dag.py:2396} INFO - Sync 1 DAGs
[2022-10-12 18:04:52,608] {logging_mixin.py:109} INFO - [2022-10-12 18:04:52,608] {dag.py:2935} INFO - Setting next_dagrun for example_sla_dag to 2022-10-12T21:02:00+00:00
[2022-10-12 18:04:52,640] {processor.py:171} INFO - Processing /Users/renatomelo/Downloads/airflow_tooltorial/airflow-local/venv/lib/python3.9/site-packages/airflow/example_dags/example_sla_dag.py took 0.164 seconds
[2022-10-12 18:06:53,858] {processor.py:163} INFO - Started process (PID=8203) to work on /Users/renatomelo/Downloads/airflow_tooltorial/airflow-local/venv/lib/python3.9/site-packages/airflow/example_dags/example_sla_dag.py
[2022-10-12 18:06:53,861] {processor.py:642} INFO - Processing file /Users/renatomelo/Downloads/airflow_tooltorial/airflow-local/venv/lib/python3.9/site-packages/airflow/example_dags/example_sla_dag.py for tasks to queue
[2022-10-12 18:06:53,862] {logging_mixin.py:109} INFO - [2022-10-12 18:06:53,862] {dagbag.py:500} INFO - Filling up the DagBag from /Users/renatomelo/Downloads/airflow_tooltorial/airflow-local/venv/lib/python3.9/site-packages/airflow/example_dags/example_sla_dag.py
[2022-10-12 18:06:53,916] {processor.py:654} INFO - DAG(s) dict_keys(['example_sla_dag']) retrieved from /Users/renatomelo/Downloads/airflow_tooltorial/airflow-local/venv/lib/python3.9/site-packages/airflow/example_dags/example_sla_dag.py
[2022-10-12 18:06:53,935] {logging_mixin.py:109} INFO - [2022-10-12 18:06:53,935] {dag.py:2396} INFO - Sync 1 DAGs
[2022-10-12 18:06:53,947] {logging_mixin.py:109} INFO - [2022-10-12 18:06:53,947] {dag.py:2935} INFO - Setting next_dagrun for example_sla_dag to 2022-10-12T21:04:00+00:00
[2022-10-12 18:06:53,956] {processor.py:171} INFO - Processing /Users/renatomelo/Downloads/airflow_tooltorial/airflow-local/venv/lib/python3.9/site-packages/airflow/example_dags/example_sla_dag.py took 0.098 seconds
[2022-10-12 18:08:14,646] {processor.py:163} INFO - Started process (PID=8273) to work on /Users/renatomelo/Downloads/airflow_tooltorial/airflow-local/venv/lib/python3.9/site-packages/airflow/example_dags/example_sla_dag.py
[2022-10-12 18:08:14,647] {processor.py:642} INFO - Processing file /Users/renatomelo/Downloads/airflow_tooltorial/airflow-local/venv/lib/python3.9/site-packages/airflow/example_dags/example_sla_dag.py for tasks to queue
[2022-10-12 18:08:14,647] {logging_mixin.py:109} INFO - [2022-10-12 18:08:14,647] {dagbag.py:500} INFO - Filling up the DagBag from /Users/renatomelo/Downloads/airflow_tooltorial/airflow-local/venv/lib/python3.9/site-packages/airflow/example_dags/example_sla_dag.py
[2022-10-12 18:08:14,730] {processor.py:654} INFO - DAG(s) dict_keys(['example_sla_dag']) retrieved from /Users/renatomelo/Downloads/airflow_tooltorial/airflow-local/venv/lib/python3.9/site-packages/airflow/example_dags/example_sla_dag.py
[2022-10-12 18:08:14,769] {logging_mixin.py:109} INFO - [2022-10-12 18:08:14,769] {dag.py:2396} INFO - Sync 1 DAGs
[2022-10-12 18:08:14,782] {logging_mixin.py:109} INFO - [2022-10-12 18:08:14,782] {dag.py:2935} INFO - Setting next_dagrun for example_sla_dag to 2022-10-12T21:06:00+00:00
[2022-10-12 18:08:14,806] {processor.py:171} INFO - Processing /Users/renatomelo/Downloads/airflow_tooltorial/airflow-local/venv/lib/python3.9/site-packages/airflow/example_dags/example_sla_dag.py took 0.160 seconds
[2022-10-12 18:11:13,333] {processor.py:163} INFO - Started process (PID=8378) to work on /Users/renatomelo/Downloads/airflow_tooltorial/airflow-local/venv/lib/python3.9/site-packages/airflow/example_dags/example_sla_dag.py
[2022-10-12 18:11:13,335] {processor.py:642} INFO - Processing file /Users/renatomelo/Downloads/airflow_tooltorial/airflow-local/venv/lib/python3.9/site-packages/airflow/example_dags/example_sla_dag.py for tasks to queue
[2022-10-12 18:11:13,335] {logging_mixin.py:109} INFO - [2022-10-12 18:11:13,335] {dagbag.py:500} INFO - Filling up the DagBag from /Users/renatomelo/Downloads/airflow_tooltorial/airflow-local/venv/lib/python3.9/site-packages/airflow/example_dags/example_sla_dag.py
[2022-10-12 18:11:13,398] {processor.py:654} INFO - DAG(s) dict_keys(['example_sla_dag']) retrieved from /Users/renatomelo/Downloads/airflow_tooltorial/airflow-local/venv/lib/python3.9/site-packages/airflow/example_dags/example_sla_dag.py
[2022-10-12 18:11:13,420] {logging_mixin.py:109} INFO - [2022-10-12 18:11:13,420] {dag.py:2396} INFO - Sync 1 DAGs
[2022-10-12 18:11:13,434] {logging_mixin.py:109} INFO - [2022-10-12 18:11:13,434] {dag.py:2935} INFO - Setting next_dagrun for example_sla_dag to 2022-10-12T21:08:00+00:00
[2022-10-12 18:11:13,444] {processor.py:171} INFO - Processing /Users/renatomelo/Downloads/airflow_tooltorial/airflow-local/venv/lib/python3.9/site-packages/airflow/example_dags/example_sla_dag.py took 0.112 seconds
[2022-10-12 18:12:47,552] {processor.py:163} INFO - Started process (PID=8410) to work on /Users/renatomelo/Downloads/airflow_tooltorial/airflow-local/venv/lib/python3.9/site-packages/airflow/example_dags/example_sla_dag.py
[2022-10-12 18:12:47,553] {processor.py:642} INFO - Processing file /Users/renatomelo/Downloads/airflow_tooltorial/airflow-local/venv/lib/python3.9/site-packages/airflow/example_dags/example_sla_dag.py for tasks to queue
[2022-10-12 18:12:47,554] {logging_mixin.py:109} INFO - [2022-10-12 18:12:47,554] {dagbag.py:500} INFO - Filling up the DagBag from /Users/renatomelo/Downloads/airflow_tooltorial/airflow-local/venv/lib/python3.9/site-packages/airflow/example_dags/example_sla_dag.py
[2022-10-12 18:12:47,617] {processor.py:654} INFO - DAG(s) dict_keys(['example_sla_dag']) retrieved from /Users/renatomelo/Downloads/airflow_tooltorial/airflow-local/venv/lib/python3.9/site-packages/airflow/example_dags/example_sla_dag.py
[2022-10-12 18:12:47,641] {logging_mixin.py:109} INFO - [2022-10-12 18:12:47,641] {dag.py:2396} INFO - Sync 1 DAGs
[2022-10-12 18:12:47,655] {logging_mixin.py:109} INFO - [2022-10-12 18:12:47,654] {dag.py:2935} INFO - Setting next_dagrun for example_sla_dag to 2022-10-12T21:10:00+00:00
[2022-10-12 18:12:47,671] {processor.py:171} INFO - Processing /Users/renatomelo/Downloads/airflow_tooltorial/airflow-local/venv/lib/python3.9/site-packages/airflow/example_dags/example_sla_dag.py took 0.120 seconds
[2022-10-12 18:14:17,554] {processor.py:163} INFO - Started process (PID=8441) to work on /Users/renatomelo/Downloads/airflow_tooltorial/airflow-local/venv/lib/python3.9/site-packages/airflow/example_dags/example_sla_dag.py
[2022-10-12 18:14:17,556] {processor.py:642} INFO - Processing file /Users/renatomelo/Downloads/airflow_tooltorial/airflow-local/venv/lib/python3.9/site-packages/airflow/example_dags/example_sla_dag.py for tasks to queue
[2022-10-12 18:14:17,556] {logging_mixin.py:109} INFO - [2022-10-12 18:14:17,556] {dagbag.py:500} INFO - Filling up the DagBag from /Users/renatomelo/Downloads/airflow_tooltorial/airflow-local/venv/lib/python3.9/site-packages/airflow/example_dags/example_sla_dag.py
[2022-10-12 18:14:17,611] {processor.py:654} INFO - DAG(s) dict_keys(['example_sla_dag']) retrieved from /Users/renatomelo/Downloads/airflow_tooltorial/airflow-local/venv/lib/python3.9/site-packages/airflow/example_dags/example_sla_dag.py
[2022-10-12 18:14:17,631] {logging_mixin.py:109} INFO - [2022-10-12 18:14:17,630] {dag.py:2396} INFO - Sync 1 DAGs
[2022-10-12 18:14:17,643] {logging_mixin.py:109} INFO - [2022-10-12 18:14:17,642] {dag.py:2935} INFO - Setting next_dagrun for example_sla_dag to 2022-10-12T21:12:00+00:00
[2022-10-12 18:14:17,652] {processor.py:171} INFO - Processing /Users/renatomelo/Downloads/airflow_tooltorial/airflow-local/venv/lib/python3.9/site-packages/airflow/example_dags/example_sla_dag.py took 0.098 seconds
[2022-10-12 18:17:03,463] {processor.py:163} INFO - Started process (PID=8499) to work on /Users/renatomelo/Downloads/airflow_tooltorial/airflow-local/venv/lib/python3.9/site-packages/airflow/example_dags/example_sla_dag.py
[2022-10-12 18:17:03,465] {processor.py:642} INFO - Processing file /Users/renatomelo/Downloads/airflow_tooltorial/airflow-local/venv/lib/python3.9/site-packages/airflow/example_dags/example_sla_dag.py for tasks to queue
[2022-10-12 18:17:03,466] {logging_mixin.py:109} INFO - [2022-10-12 18:17:03,466] {dagbag.py:500} INFO - Filling up the DagBag from /Users/renatomelo/Downloads/airflow_tooltorial/airflow-local/venv/lib/python3.9/site-packages/airflow/example_dags/example_sla_dag.py
[2022-10-12 18:17:03,523] {processor.py:654} INFO - DAG(s) dict_keys(['example_sla_dag']) retrieved from /Users/renatomelo/Downloads/airflow_tooltorial/airflow-local/venv/lib/python3.9/site-packages/airflow/example_dags/example_sla_dag.py
[2022-10-12 18:17:03,543] {logging_mixin.py:109} INFO - [2022-10-12 18:17:03,542] {dag.py:2396} INFO - Sync 1 DAGs
[2022-10-12 18:17:03,555] {logging_mixin.py:109} INFO - [2022-10-12 18:17:03,555] {dag.py:2935} INFO - Setting next_dagrun for example_sla_dag to 2022-10-12T21:14:00+00:00
[2022-10-12 18:17:03,564] {processor.py:171} INFO - Processing /Users/renatomelo/Downloads/airflow_tooltorial/airflow-local/venv/lib/python3.9/site-packages/airflow/example_dags/example_sla_dag.py took 0.102 seconds
[2022-10-12 18:19:22,292] {processor.py:163} INFO - Started process (PID=8552) to work on /Users/renatomelo/Downloads/airflow_tooltorial/airflow-local/venv/lib/python3.9/site-packages/airflow/example_dags/example_sla_dag.py
[2022-10-12 18:19:22,292] {processor.py:642} INFO - Processing file /Users/renatomelo/Downloads/airflow_tooltorial/airflow-local/venv/lib/python3.9/site-packages/airflow/example_dags/example_sla_dag.py for tasks to queue
[2022-10-12 18:19:22,293] {logging_mixin.py:109} INFO - [2022-10-12 18:19:22,292] {dagbag.py:500} INFO - Filling up the DagBag from /Users/renatomelo/Downloads/airflow_tooltorial/airflow-local/venv/lib/python3.9/site-packages/airflow/example_dags/example_sla_dag.py
[2022-10-12 18:19:22,340] {processor.py:654} INFO - DAG(s) dict_keys(['example_sla_dag']) retrieved from /Users/renatomelo/Downloads/airflow_tooltorial/airflow-local/venv/lib/python3.9/site-packages/airflow/example_dags/example_sla_dag.py
[2022-10-12 18:19:22,359] {logging_mixin.py:109} INFO - [2022-10-12 18:19:22,359] {dag.py:2396} INFO - Sync 1 DAGs
[2022-10-12 18:19:22,370] {logging_mixin.py:109} INFO - [2022-10-12 18:19:22,370] {dag.py:2935} INFO - Setting next_dagrun for example_sla_dag to 2022-10-12T21:16:00+00:00
[2022-10-12 18:19:22,380] {processor.py:171} INFO - Processing /Users/renatomelo/Downloads/airflow_tooltorial/airflow-local/venv/lib/python3.9/site-packages/airflow/example_dags/example_sla_dag.py took 0.089 seconds
[2022-10-12 18:21:45,007] {processor.py:163} INFO - Started process (PID=8609) to work on /Users/renatomelo/Downloads/airflow_tooltorial/airflow-local/venv/lib/python3.9/site-packages/airflow/example_dags/example_sla_dag.py
[2022-10-12 18:21:45,014] {processor.py:642} INFO - Processing file /Users/renatomelo/Downloads/airflow_tooltorial/airflow-local/venv/lib/python3.9/site-packages/airflow/example_dags/example_sla_dag.py for tasks to queue
[2022-10-12 18:21:45,017] {logging_mixin.py:109} INFO - [2022-10-12 18:21:45,016] {dagbag.py:500} INFO - Filling up the DagBag from /Users/renatomelo/Downloads/airflow_tooltorial/airflow-local/venv/lib/python3.9/site-packages/airflow/example_dags/example_sla_dag.py
[2022-10-12 18:21:45,080] {processor.py:654} INFO - DAG(s) dict_keys(['example_sla_dag']) retrieved from /Users/renatomelo/Downloads/airflow_tooltorial/airflow-local/venv/lib/python3.9/site-packages/airflow/example_dags/example_sla_dag.py
[2022-10-12 18:21:45,106] {logging_mixin.py:109} INFO - [2022-10-12 18:21:45,105] {dag.py:2396} INFO - Sync 1 DAGs
[2022-10-12 18:21:45,125] {logging_mixin.py:109} INFO - [2022-10-12 18:21:45,125] {dag.py:2935} INFO - Setting next_dagrun for example_sla_dag to 2022-10-12T21:18:00+00:00
[2022-10-12 18:21:45,162] {processor.py:171} INFO - Processing /Users/renatomelo/Downloads/airflow_tooltorial/airflow-local/venv/lib/python3.9/site-packages/airflow/example_dags/example_sla_dag.py took 0.156 seconds
[2022-10-12 18:22:59,829] {processor.py:163} INFO - Started process (PID=8649) to work on /Users/renatomelo/Downloads/airflow_tooltorial/airflow-local/venv/lib/python3.9/site-packages/airflow/example_dags/example_sla_dag.py
[2022-10-12 18:22:59,830] {processor.py:642} INFO - Processing file /Users/renatomelo/Downloads/airflow_tooltorial/airflow-local/venv/lib/python3.9/site-packages/airflow/example_dags/example_sla_dag.py for tasks to queue
[2022-10-12 18:22:59,830] {logging_mixin.py:109} INFO - [2022-10-12 18:22:59,830] {dagbag.py:500} INFO - Filling up the DagBag from /Users/renatomelo/Downloads/airflow_tooltorial/airflow-local/venv/lib/python3.9/site-packages/airflow/example_dags/example_sla_dag.py
[2022-10-12 18:22:59,879] {processor.py:654} INFO - DAG(s) dict_keys(['example_sla_dag']) retrieved from /Users/renatomelo/Downloads/airflow_tooltorial/airflow-local/venv/lib/python3.9/site-packages/airflow/example_dags/example_sla_dag.py
[2022-10-12 18:22:59,901] {logging_mixin.py:109} INFO - [2022-10-12 18:22:59,901] {dag.py:2396} INFO - Sync 1 DAGs
[2022-10-12 18:22:59,913] {logging_mixin.py:109} INFO - [2022-10-12 18:22:59,913] {dag.py:2935} INFO - Setting next_dagrun for example_sla_dag to 2022-10-12T21:20:00+00:00
[2022-10-12 18:22:59,924] {processor.py:171} INFO - Processing /Users/renatomelo/Downloads/airflow_tooltorial/airflow-local/venv/lib/python3.9/site-packages/airflow/example_dags/example_sla_dag.py took 0.096 seconds
[2022-10-12 18:25:30,198] {processor.py:163} INFO - Started process (PID=8721) to work on /Users/renatomelo/Downloads/airflow_tooltorial/airflow-local/venv/lib/python3.9/site-packages/airflow/example_dags/example_sla_dag.py
[2022-10-12 18:25:30,200] {processor.py:642} INFO - Processing file /Users/renatomelo/Downloads/airflow_tooltorial/airflow-local/venv/lib/python3.9/site-packages/airflow/example_dags/example_sla_dag.py for tasks to queue
[2022-10-12 18:25:30,201] {logging_mixin.py:109} INFO - [2022-10-12 18:25:30,200] {dagbag.py:500} INFO - Filling up the DagBag from /Users/renatomelo/Downloads/airflow_tooltorial/airflow-local/venv/lib/python3.9/site-packages/airflow/example_dags/example_sla_dag.py
[2022-10-12 18:25:30,260] {processor.py:654} INFO - DAG(s) dict_keys(['example_sla_dag']) retrieved from /Users/renatomelo/Downloads/airflow_tooltorial/airflow-local/venv/lib/python3.9/site-packages/airflow/example_dags/example_sla_dag.py
[2022-10-12 18:25:30,533] {logging_mixin.py:109} INFO - [2022-10-12 18:25:30,532] {dag.py:2396} INFO - Sync 1 DAGs
[2022-10-12 18:25:30,544] {logging_mixin.py:109} INFO - [2022-10-12 18:25:30,544] {dag.py:2935} INFO - Setting next_dagrun for example_sla_dag to 2022-10-12T21:22:00+00:00
[2022-10-12 18:25:30,556] {processor.py:171} INFO - Processing /Users/renatomelo/Downloads/airflow_tooltorial/airflow-local/venv/lib/python3.9/site-packages/airflow/example_dags/example_sla_dag.py took 0.358 seconds
[2022-10-12 18:28:05,298] {processor.py:163} INFO - Started process (PID=8805) to work on /Users/renatomelo/Downloads/airflow_tooltorial/airflow-local/venv/lib/python3.9/site-packages/airflow/example_dags/example_sla_dag.py
[2022-10-12 18:28:05,299] {processor.py:642} INFO - Processing file /Users/renatomelo/Downloads/airflow_tooltorial/airflow-local/venv/lib/python3.9/site-packages/airflow/example_dags/example_sla_dag.py for tasks to queue
[2022-10-12 18:28:05,299] {logging_mixin.py:109} INFO - [2022-10-12 18:28:05,299] {dagbag.py:500} INFO - Filling up the DagBag from /Users/renatomelo/Downloads/airflow_tooltorial/airflow-local/venv/lib/python3.9/site-packages/airflow/example_dags/example_sla_dag.py
[2022-10-12 18:28:05,348] {processor.py:654} INFO - DAG(s) dict_keys(['example_sla_dag']) retrieved from /Users/renatomelo/Downloads/airflow_tooltorial/airflow-local/venv/lib/python3.9/site-packages/airflow/example_dags/example_sla_dag.py
[2022-10-12 18:28:05,367] {logging_mixin.py:109} INFO - [2022-10-12 18:28:05,366] {dag.py:2396} INFO - Sync 1 DAGs
[2022-10-12 18:28:05,378] {logging_mixin.py:109} INFO - [2022-10-12 18:28:05,378] {dag.py:2935} INFO - Setting next_dagrun for example_sla_dag to 2022-10-12T21:26:00+00:00
[2022-10-12 18:28:05,387] {processor.py:171} INFO - Processing /Users/renatomelo/Downloads/airflow_tooltorial/airflow-local/venv/lib/python3.9/site-packages/airflow/example_dags/example_sla_dag.py took 0.090 seconds
[2022-10-12 18:30:03,804] {processor.py:163} INFO - Started process (PID=8857) to work on /Users/renatomelo/Downloads/airflow_tooltorial/airflow-local/venv/lib/python3.9/site-packages/airflow/example_dags/example_sla_dag.py
[2022-10-12 18:30:03,804] {processor.py:642} INFO - Processing file /Users/renatomelo/Downloads/airflow_tooltorial/airflow-local/venv/lib/python3.9/site-packages/airflow/example_dags/example_sla_dag.py for tasks to queue
[2022-10-12 18:30:03,805] {logging_mixin.py:109} INFO - [2022-10-12 18:30:03,805] {dagbag.py:500} INFO - Filling up the DagBag from /Users/renatomelo/Downloads/airflow_tooltorial/airflow-local/venv/lib/python3.9/site-packages/airflow/example_dags/example_sla_dag.py
[2022-10-12 18:30:03,856] {processor.py:654} INFO - DAG(s) dict_keys(['example_sla_dag']) retrieved from /Users/renatomelo/Downloads/airflow_tooltorial/airflow-local/venv/lib/python3.9/site-packages/airflow/example_dags/example_sla_dag.py
[2022-10-12 18:30:03,876] {logging_mixin.py:109} INFO - [2022-10-12 18:30:03,876] {dag.py:2396} INFO - Sync 1 DAGs
[2022-10-12 18:30:03,889] {logging_mixin.py:109} INFO - [2022-10-12 18:30:03,889] {dag.py:2935} INFO - Setting next_dagrun for example_sla_dag to 2022-10-12T21:28:00+00:00
[2022-10-12 18:30:03,898] {processor.py:171} INFO - Processing /Users/renatomelo/Downloads/airflow_tooltorial/airflow-local/venv/lib/python3.9/site-packages/airflow/example_dags/example_sla_dag.py took 0.095 seconds
[2022-10-12 18:32:43,056] {processor.py:163} INFO - Started process (PID=8944) to work on /Users/renatomelo/Downloads/airflow_tooltorial/airflow-local/venv/lib/python3.9/site-packages/airflow/example_dags/example_sla_dag.py
[2022-10-12 18:32:43,058] {processor.py:642} INFO - Processing file /Users/renatomelo/Downloads/airflow_tooltorial/airflow-local/venv/lib/python3.9/site-packages/airflow/example_dags/example_sla_dag.py for tasks to queue
[2022-10-12 18:32:43,058] {logging_mixin.py:109} INFO - [2022-10-12 18:32:43,058] {dagbag.py:500} INFO - Filling up the DagBag from /Users/renatomelo/Downloads/airflow_tooltorial/airflow-local/venv/lib/python3.9/site-packages/airflow/example_dags/example_sla_dag.py
[2022-10-12 18:32:43,199] {processor.py:654} INFO - DAG(s) dict_keys(['example_sla_dag']) retrieved from /Users/renatomelo/Downloads/airflow_tooltorial/airflow-local/venv/lib/python3.9/site-packages/airflow/example_dags/example_sla_dag.py
[2022-10-12 18:32:43,221] {logging_mixin.py:109} INFO - [2022-10-12 18:32:43,221] {dag.py:2396} INFO - Sync 1 DAGs
[2022-10-12 18:32:43,236] {logging_mixin.py:109} INFO - [2022-10-12 18:32:43,236] {dag.py:2935} INFO - Setting next_dagrun for example_sla_dag to 2022-10-12T21:30:00+00:00
[2022-10-12 18:32:43,245] {processor.py:171} INFO - Processing /Users/renatomelo/Downloads/airflow_tooltorial/airflow-local/venv/lib/python3.9/site-packages/airflow/example_dags/example_sla_dag.py took 0.190 seconds
