[2022-10-12 18:05:32,781] {processor.py:163} INFO - Started process (PID=8025) to work on /Users/renatomelo/Downloads/airflow_tooltorial/airflow-local/venv/lib/python3.9/site-packages/airflow/example_dags/example_complex.py
[2022-10-12 18:05:32,782] {processor.py:642} INFO - Processing file /Users/renatomelo/Downloads/airflow_tooltorial/airflow-local/venv/lib/python3.9/site-packages/airflow/example_dags/example_complex.py for tasks to queue
[2022-10-12 18:05:32,783] {logging_mixin.py:109} INFO - [2022-10-12 18:05:32,783] {dagbag.py:500} INFO - Filling up the DagBag from /Users/renatomelo/Downloads/airflow_tooltorial/airflow-local/venv/lib/python3.9/site-packages/airflow/example_dags/example_complex.py
[2022-10-12 18:05:32,835] {processor.py:654} INFO - DAG(s) dict_keys(['example_complex']) retrieved from /Users/renatomelo/Downloads/airflow_tooltorial/airflow-local/venv/lib/python3.9/site-packages/airflow/example_dags/example_complex.py
[2022-10-12 18:05:32,864] {logging_mixin.py:109} INFO - [2022-10-12 18:05:32,864] {dag.py:2396} INFO - Sync 1 DAGs
[2022-10-12 18:05:32,875] {logging_mixin.py:109} INFO - [2022-10-12 18:05:32,874] {dag.py:2935} INFO - Setting next_dagrun for example_complex to None
[2022-10-12 18:05:32,887] {processor.py:171} INFO - Processing /Users/renatomelo/Downloads/airflow_tooltorial/airflow-local/venv/lib/python3.9/site-packages/airflow/example_dags/example_complex.py took 0.108 seconds
[2022-10-12 18:08:21,834] {processor.py:163} INFO - Started process (PID=8276) to work on /Users/renatomelo/Downloads/airflow_tooltorial/airflow-local/venv/lib/python3.9/site-packages/airflow/example_dags/example_complex.py
[2022-10-12 18:08:21,835] {processor.py:642} INFO - Processing file /Users/renatomelo/Downloads/airflow_tooltorial/airflow-local/venv/lib/python3.9/site-packages/airflow/example_dags/example_complex.py for tasks to queue
[2022-10-12 18:08:21,835] {logging_mixin.py:109} INFO - [2022-10-12 18:08:21,835] {dagbag.py:500} INFO - Filling up the DagBag from /Users/renatomelo/Downloads/airflow_tooltorial/airflow-local/venv/lib/python3.9/site-packages/airflow/example_dags/example_complex.py
[2022-10-12 18:08:21,915] {processor.py:654} INFO - DAG(s) dict_keys(['example_complex']) retrieved from /Users/renatomelo/Downloads/airflow_tooltorial/airflow-local/venv/lib/python3.9/site-packages/airflow/example_dags/example_complex.py
[2022-10-12 18:08:21,943] {logging_mixin.py:109} INFO - [2022-10-12 18:08:21,943] {dag.py:2396} INFO - Sync 1 DAGs
[2022-10-12 18:08:21,955] {logging_mixin.py:109} INFO - [2022-10-12 18:08:21,954] {dag.py:2935} INFO - Setting next_dagrun for example_complex to None
[2022-10-12 18:08:21,965] {processor.py:171} INFO - Processing /Users/renatomelo/Downloads/airflow_tooltorial/airflow-local/venv/lib/python3.9/site-packages/airflow/example_dags/example_complex.py took 0.133 seconds
[2022-10-12 18:11:24,494] {processor.py:163} INFO - Started process (PID=8381) to work on /Users/renatomelo/Downloads/airflow_tooltorial/airflow-local/venv/lib/python3.9/site-packages/airflow/example_dags/example_complex.py
[2022-10-12 18:11:24,495] {processor.py:642} INFO - Processing file /Users/renatomelo/Downloads/airflow_tooltorial/airflow-local/venv/lib/python3.9/site-packages/airflow/example_dags/example_complex.py for tasks to queue
[2022-10-12 18:11:24,497] {logging_mixin.py:109} INFO - [2022-10-12 18:11:24,496] {dagbag.py:500} INFO - Filling up the DagBag from /Users/renatomelo/Downloads/airflow_tooltorial/airflow-local/venv/lib/python3.9/site-packages/airflow/example_dags/example_complex.py
[2022-10-12 18:11:24,558] {processor.py:654} INFO - DAG(s) dict_keys(['example_complex']) retrieved from /Users/renatomelo/Downloads/airflow_tooltorial/airflow-local/venv/lib/python3.9/site-packages/airflow/example_dags/example_complex.py
[2022-10-12 18:11:24,585] {logging_mixin.py:109} INFO - [2022-10-12 18:11:24,585] {dag.py:2396} INFO - Sync 1 DAGs
[2022-10-12 18:11:24,596] {logging_mixin.py:109} INFO - [2022-10-12 18:11:24,595] {dag.py:2935} INFO - Setting next_dagrun for example_complex to None
[2022-10-12 18:11:24,608] {processor.py:171} INFO - Processing /Users/renatomelo/Downloads/airflow_tooltorial/airflow-local/venv/lib/python3.9/site-packages/airflow/example_dags/example_complex.py took 0.115 seconds
[2022-10-12 18:14:24,420] {processor.py:163} INFO - Started process (PID=8443) to work on /Users/renatomelo/Downloads/airflow_tooltorial/airflow-local/venv/lib/python3.9/site-packages/airflow/example_dags/example_complex.py
[2022-10-12 18:14:24,422] {processor.py:642} INFO - Processing file /Users/renatomelo/Downloads/airflow_tooltorial/airflow-local/venv/lib/python3.9/site-packages/airflow/example_dags/example_complex.py for tasks to queue
[2022-10-12 18:14:24,423] {logging_mixin.py:109} INFO - [2022-10-12 18:14:24,423] {dagbag.py:500} INFO - Filling up the DagBag from /Users/renatomelo/Downloads/airflow_tooltorial/airflow-local/venv/lib/python3.9/site-packages/airflow/example_dags/example_complex.py
[2022-10-12 18:14:24,484] {processor.py:654} INFO - DAG(s) dict_keys(['example_complex']) retrieved from /Users/renatomelo/Downloads/airflow_tooltorial/airflow-local/venv/lib/python3.9/site-packages/airflow/example_dags/example_complex.py
[2022-10-12 18:14:24,517] {logging_mixin.py:109} INFO - [2022-10-12 18:14:24,517] {dag.py:2396} INFO - Sync 1 DAGs
[2022-10-12 18:14:24,536] {logging_mixin.py:109} INFO - [2022-10-12 18:14:24,536] {dag.py:2935} INFO - Setting next_dagrun for example_complex to None
[2022-10-12 18:14:24,548] {processor.py:171} INFO - Processing /Users/renatomelo/Downloads/airflow_tooltorial/airflow-local/venv/lib/python3.9/site-packages/airflow/example_dags/example_complex.py took 0.128 seconds
[2022-10-12 18:17:12,619] {processor.py:163} INFO - Started process (PID=8503) to work on /Users/renatomelo/Downloads/airflow_tooltorial/airflow-local/venv/lib/python3.9/site-packages/airflow/example_dags/example_complex.py
[2022-10-12 18:17:12,642] {processor.py:642} INFO - Processing file /Users/renatomelo/Downloads/airflow_tooltorial/airflow-local/venv/lib/python3.9/site-packages/airflow/example_dags/example_complex.py for tasks to queue
[2022-10-12 18:17:12,642] {logging_mixin.py:109} INFO - [2022-10-12 18:17:12,642] {dagbag.py:500} INFO - Filling up the DagBag from /Users/renatomelo/Downloads/airflow_tooltorial/airflow-local/venv/lib/python3.9/site-packages/airflow/example_dags/example_complex.py
[2022-10-12 18:17:12,700] {processor.py:654} INFO - DAG(s) dict_keys(['example_complex']) retrieved from /Users/renatomelo/Downloads/airflow_tooltorial/airflow-local/venv/lib/python3.9/site-packages/airflow/example_dags/example_complex.py
[2022-10-12 18:17:12,726] {logging_mixin.py:109} INFO - [2022-10-12 18:17:12,726] {dag.py:2396} INFO - Sync 1 DAGs
[2022-10-12 18:17:12,737] {logging_mixin.py:109} INFO - [2022-10-12 18:17:12,737] {dag.py:2935} INFO - Setting next_dagrun for example_complex to None
[2022-10-12 18:17:12,752] {processor.py:171} INFO - Processing /Users/renatomelo/Downloads/airflow_tooltorial/airflow-local/venv/lib/python3.9/site-packages/airflow/example_dags/example_complex.py took 0.133 seconds
[2022-10-12 18:19:32,418] {processor.py:163} INFO - Started process (PID=8556) to work on /Users/renatomelo/Downloads/airflow_tooltorial/airflow-local/venv/lib/python3.9/site-packages/airflow/example_dags/example_complex.py
[2022-10-12 18:19:32,418] {processor.py:642} INFO - Processing file /Users/renatomelo/Downloads/airflow_tooltorial/airflow-local/venv/lib/python3.9/site-packages/airflow/example_dags/example_complex.py for tasks to queue
[2022-10-12 18:19:32,419] {logging_mixin.py:109} INFO - [2022-10-12 18:19:32,419] {dagbag.py:500} INFO - Filling up the DagBag from /Users/renatomelo/Downloads/airflow_tooltorial/airflow-local/venv/lib/python3.9/site-packages/airflow/example_dags/example_complex.py
[2022-10-12 18:19:32,466] {processor.py:654} INFO - DAG(s) dict_keys(['example_complex']) retrieved from /Users/renatomelo/Downloads/airflow_tooltorial/airflow-local/venv/lib/python3.9/site-packages/airflow/example_dags/example_complex.py
[2022-10-12 18:19:32,492] {logging_mixin.py:109} INFO - [2022-10-12 18:19:32,492] {dag.py:2396} INFO - Sync 1 DAGs
[2022-10-12 18:19:32,504] {logging_mixin.py:109} INFO - [2022-10-12 18:19:32,504] {dag.py:2935} INFO - Setting next_dagrun for example_complex to None
[2022-10-12 18:19:32,514] {processor.py:171} INFO - Processing /Users/renatomelo/Downloads/airflow_tooltorial/airflow-local/venv/lib/python3.9/site-packages/airflow/example_dags/example_complex.py took 0.097 seconds
[2022-10-12 18:21:55,481] {processor.py:163} INFO - Started process (PID=8615) to work on /Users/renatomelo/Downloads/airflow_tooltorial/airflow-local/venv/lib/python3.9/site-packages/airflow/example_dags/example_complex.py
[2022-10-12 18:21:55,483] {processor.py:642} INFO - Processing file /Users/renatomelo/Downloads/airflow_tooltorial/airflow-local/venv/lib/python3.9/site-packages/airflow/example_dags/example_complex.py for tasks to queue
[2022-10-12 18:21:55,485] {logging_mixin.py:109} INFO - [2022-10-12 18:21:55,485] {dagbag.py:500} INFO - Filling up the DagBag from /Users/renatomelo/Downloads/airflow_tooltorial/airflow-local/venv/lib/python3.9/site-packages/airflow/example_dags/example_complex.py
[2022-10-12 18:21:55,528] {processor.py:654} INFO - DAG(s) dict_keys(['example_complex']) retrieved from /Users/renatomelo/Downloads/airflow_tooltorial/airflow-local/venv/lib/python3.9/site-packages/airflow/example_dags/example_complex.py
[2022-10-12 18:21:55,554] {logging_mixin.py:109} INFO - [2022-10-12 18:21:55,553] {dag.py:2396} INFO - Sync 1 DAGs
[2022-10-12 18:21:55,564] {logging_mixin.py:109} INFO - [2022-10-12 18:21:55,564] {dag.py:2935} INFO - Setting next_dagrun for example_complex to None
[2022-10-12 18:21:55,584] {processor.py:171} INFO - Processing /Users/renatomelo/Downloads/airflow_tooltorial/airflow-local/venv/lib/python3.9/site-packages/airflow/example_dags/example_complex.py took 0.104 seconds
[2022-10-12 18:24:23,764] {processor.py:163} INFO - Started process (PID=8696) to work on /Users/renatomelo/Downloads/airflow_tooltorial/airflow-local/venv/lib/python3.9/site-packages/airflow/example_dags/example_complex.py
[2022-10-12 18:24:23,766] {processor.py:642} INFO - Processing file /Users/renatomelo/Downloads/airflow_tooltorial/airflow-local/venv/lib/python3.9/site-packages/airflow/example_dags/example_complex.py for tasks to queue
[2022-10-12 18:24:23,769] {logging_mixin.py:109} INFO - [2022-10-12 18:24:23,769] {dagbag.py:500} INFO - Filling up the DagBag from /Users/renatomelo/Downloads/airflow_tooltorial/airflow-local/venv/lib/python3.9/site-packages/airflow/example_dags/example_complex.py
[2022-10-12 18:24:23,812] {processor.py:654} INFO - DAG(s) dict_keys(['example_complex']) retrieved from /Users/renatomelo/Downloads/airflow_tooltorial/airflow-local/venv/lib/python3.9/site-packages/airflow/example_dags/example_complex.py
[2022-10-12 18:24:24,055] {logging_mixin.py:109} INFO - [2022-10-12 18:24:24,055] {dag.py:2396} INFO - Sync 1 DAGs
[2022-10-12 18:24:24,064] {logging_mixin.py:109} INFO - [2022-10-12 18:24:24,064] {dag.py:2935} INFO - Setting next_dagrun for example_complex to None
[2022-10-12 18:24:24,078] {processor.py:171} INFO - Processing /Users/renatomelo/Downloads/airflow_tooltorial/airflow-local/venv/lib/python3.9/site-packages/airflow/example_dags/example_complex.py took 0.314 seconds
[2022-10-12 18:26:55,398] {processor.py:163} INFO - Started process (PID=8762) to work on /Users/renatomelo/Downloads/airflow_tooltorial/airflow-local/venv/lib/python3.9/site-packages/airflow/example_dags/example_complex.py
[2022-10-12 18:26:55,398] {processor.py:642} INFO - Processing file /Users/renatomelo/Downloads/airflow_tooltorial/airflow-local/venv/lib/python3.9/site-packages/airflow/example_dags/example_complex.py for tasks to queue
[2022-10-12 18:26:55,399] {logging_mixin.py:109} INFO - [2022-10-12 18:26:55,399] {dagbag.py:500} INFO - Filling up the DagBag from /Users/renatomelo/Downloads/airflow_tooltorial/airflow-local/venv/lib/python3.9/site-packages/airflow/example_dags/example_complex.py
[2022-10-12 18:26:55,445] {processor.py:654} INFO - DAG(s) dict_keys(['example_complex']) retrieved from /Users/renatomelo/Downloads/airflow_tooltorial/airflow-local/venv/lib/python3.9/site-packages/airflow/example_dags/example_complex.py
[2022-10-12 18:26:55,472] {logging_mixin.py:109} INFO - [2022-10-12 18:26:55,472] {dag.py:2396} INFO - Sync 1 DAGs
[2022-10-12 18:26:55,482] {logging_mixin.py:109} INFO - [2022-10-12 18:26:55,482] {dag.py:2935} INFO - Setting next_dagrun for example_complex to None
[2022-10-12 18:26:55,493] {processor.py:171} INFO - Processing /Users/renatomelo/Downloads/airflow_tooltorial/airflow-local/venv/lib/python3.9/site-packages/airflow/example_dags/example_complex.py took 0.096 seconds
[2022-10-12 18:29:08,659] {processor.py:163} INFO - Started process (PID=8833) to work on /Users/renatomelo/Downloads/airflow_tooltorial/airflow-local/venv/lib/python3.9/site-packages/airflow/example_dags/example_complex.py
[2022-10-12 18:29:08,660] {processor.py:642} INFO - Processing file /Users/renatomelo/Downloads/airflow_tooltorial/airflow-local/venv/lib/python3.9/site-packages/airflow/example_dags/example_complex.py for tasks to queue
[2022-10-12 18:29:08,660] {logging_mixin.py:109} INFO - [2022-10-12 18:29:08,660] {dagbag.py:500} INFO - Filling up the DagBag from /Users/renatomelo/Downloads/airflow_tooltorial/airflow-local/venv/lib/python3.9/site-packages/airflow/example_dags/example_complex.py
[2022-10-12 18:29:08,700] {processor.py:654} INFO - DAG(s) dict_keys(['example_complex']) retrieved from /Users/renatomelo/Downloads/airflow_tooltorial/airflow-local/venv/lib/python3.9/site-packages/airflow/example_dags/example_complex.py
[2022-10-12 18:29:08,723] {logging_mixin.py:109} INFO - [2022-10-12 18:29:08,723] {dag.py:2396} INFO - Sync 1 DAGs
[2022-10-12 18:29:08,732] {logging_mixin.py:109} INFO - [2022-10-12 18:29:08,732] {dag.py:2935} INFO - Setting next_dagrun for example_complex to None
[2022-10-12 18:29:08,742] {processor.py:171} INFO - Processing /Users/renatomelo/Downloads/airflow_tooltorial/airflow-local/venv/lib/python3.9/site-packages/airflow/example_dags/example_complex.py took 0.083 seconds
[2022-10-12 18:31:34,173] {processor.py:163} INFO - Started process (PID=8920) to work on /Users/renatomelo/Downloads/airflow_tooltorial/airflow-local/venv/lib/python3.9/site-packages/airflow/example_dags/example_complex.py
[2022-10-12 18:31:34,174] {processor.py:642} INFO - Processing file /Users/renatomelo/Downloads/airflow_tooltorial/airflow-local/venv/lib/python3.9/site-packages/airflow/example_dags/example_complex.py for tasks to queue
[2022-10-12 18:31:34,174] {logging_mixin.py:109} INFO - [2022-10-12 18:31:34,174] {dagbag.py:500} INFO - Filling up the DagBag from /Users/renatomelo/Downloads/airflow_tooltorial/airflow-local/venv/lib/python3.9/site-packages/airflow/example_dags/example_complex.py
[2022-10-12 18:31:34,216] {processor.py:654} INFO - DAG(s) dict_keys(['example_complex']) retrieved from /Users/renatomelo/Downloads/airflow_tooltorial/airflow-local/venv/lib/python3.9/site-packages/airflow/example_dags/example_complex.py
[2022-10-12 18:31:34,241] {logging_mixin.py:109} INFO - [2022-10-12 18:31:34,241] {dag.py:2396} INFO - Sync 1 DAGs
[2022-10-12 18:31:34,250] {logging_mixin.py:109} INFO - [2022-10-12 18:31:34,250] {dag.py:2935} INFO - Setting next_dagrun for example_complex to None
[2022-10-12 18:31:34,260] {processor.py:171} INFO - Processing /Users/renatomelo/Downloads/airflow_tooltorial/airflow-local/venv/lib/python3.9/site-packages/airflow/example_dags/example_complex.py took 0.087 seconds
[2022-10-12 18:33:58,550] {processor.py:163} INFO - Started process (PID=8975) to work on /Users/renatomelo/Downloads/airflow_tooltorial/airflow-local/venv/lib/python3.9/site-packages/airflow/example_dags/example_complex.py
[2022-10-12 18:33:58,551] {processor.py:642} INFO - Processing file /Users/renatomelo/Downloads/airflow_tooltorial/airflow-local/venv/lib/python3.9/site-packages/airflow/example_dags/example_complex.py for tasks to queue
[2022-10-12 18:33:58,552] {logging_mixin.py:109} INFO - [2022-10-12 18:33:58,552] {dagbag.py:500} INFO - Filling up the DagBag from /Users/renatomelo/Downloads/airflow_tooltorial/airflow-local/venv/lib/python3.9/site-packages/airflow/example_dags/example_complex.py
[2022-10-12 18:33:58,610] {processor.py:654} INFO - DAG(s) dict_keys(['example_complex']) retrieved from /Users/renatomelo/Downloads/airflow_tooltorial/airflow-local/venv/lib/python3.9/site-packages/airflow/example_dags/example_complex.py
[2022-10-12 18:33:58,638] {logging_mixin.py:109} INFO - [2022-10-12 18:33:58,637] {dag.py:2396} INFO - Sync 1 DAGs
[2022-10-12 18:33:58,648] {logging_mixin.py:109} INFO - [2022-10-12 18:33:58,648] {dag.py:2935} INFO - Setting next_dagrun for example_complex to None
[2022-10-12 18:33:58,658] {processor.py:171} INFO - Processing /Users/renatomelo/Downloads/airflow_tooltorial/airflow-local/venv/lib/python3.9/site-packages/airflow/example_dags/example_complex.py took 0.109 seconds
