[2022-10-12 18:04:35,496] {processor.py:163} INFO - Started process (PID=7927) to work on /Users/renatomelo/Downloads/airflow_tooltorial/airflow-local/venv/lib/python3.9/site-packages/airflow/example_dags/example_trigger_controller_dag.py
[2022-10-12 18:04:35,540] {processor.py:642} INFO - Processing file /Users/renatomelo/Downloads/airflow_tooltorial/airflow-local/venv/lib/python3.9/site-packages/airflow/example_dags/example_trigger_controller_dag.py for tasks to queue
[2022-10-12 18:04:35,541] {logging_mixin.py:109} INFO - [2022-10-12 18:04:35,541] {dagbag.py:500} INFO - Filling up the DagBag from /Users/renatomelo/Downloads/airflow_tooltorial/airflow-local/venv/lib/python3.9/site-packages/airflow/example_dags/example_trigger_controller_dag.py
[2022-10-12 18:04:35,607] {processor.py:654} INFO - DAG(s) dict_keys(['example_trigger_controller_dag']) retrieved from /Users/renatomelo/Downloads/airflow_tooltorial/airflow-local/venv/lib/python3.9/site-packages/airflow/example_dags/example_trigger_controller_dag.py
[2022-10-12 18:04:35,635] {logging_mixin.py:109} INFO - [2022-10-12 18:04:35,634] {dag.py:2396} INFO - Sync 1 DAGs
[2022-10-12 18:04:35,653] {logging_mixin.py:109} INFO - [2022-10-12 18:04:35,653] {dag.py:2935} INFO - Setting next_dagrun for example_trigger_controller_dag to 2021-01-01T00:00:00+00:00
[2022-10-12 18:04:35,662] {processor.py:171} INFO - Processing /Users/renatomelo/Downloads/airflow_tooltorial/airflow-local/venv/lib/python3.9/site-packages/airflow/example_dags/example_trigger_controller_dag.py took 0.167 seconds
[2022-10-12 18:06:35,166] {processor.py:163} INFO - Started process (PID=8145) to work on /Users/renatomelo/Downloads/airflow_tooltorial/airflow-local/venv/lib/python3.9/site-packages/airflow/example_dags/example_trigger_controller_dag.py
[2022-10-12 18:06:35,168] {processor.py:642} INFO - Processing file /Users/renatomelo/Downloads/airflow_tooltorial/airflow-local/venv/lib/python3.9/site-packages/airflow/example_dags/example_trigger_controller_dag.py for tasks to queue
[2022-10-12 18:06:35,169] {logging_mixin.py:109} INFO - [2022-10-12 18:06:35,169] {dagbag.py:500} INFO - Filling up the DagBag from /Users/renatomelo/Downloads/airflow_tooltorial/airflow-local/venv/lib/python3.9/site-packages/airflow/example_dags/example_trigger_controller_dag.py
[2022-10-12 18:06:35,248] {processor.py:654} INFO - DAG(s) dict_keys(['example_trigger_controller_dag']) retrieved from /Users/renatomelo/Downloads/airflow_tooltorial/airflow-local/venv/lib/python3.9/site-packages/airflow/example_dags/example_trigger_controller_dag.py
[2022-10-12 18:06:35,296] {logging_mixin.py:109} INFO - [2022-10-12 18:06:35,296] {dag.py:2396} INFO - Sync 1 DAGs
[2022-10-12 18:06:35,312] {logging_mixin.py:109} INFO - [2022-10-12 18:06:35,312] {dag.py:2935} INFO - Setting next_dagrun for example_trigger_controller_dag to 2021-01-01T00:00:00+00:00
[2022-10-12 18:06:35,335] {processor.py:171} INFO - Processing /Users/renatomelo/Downloads/airflow_tooltorial/airflow-local/venv/lib/python3.9/site-packages/airflow/example_dags/example_trigger_controller_dag.py took 0.170 seconds
[2022-10-12 18:07:58,931] {processor.py:163} INFO - Started process (PID=8262) to work on /Users/renatomelo/Downloads/airflow_tooltorial/airflow-local/venv/lib/python3.9/site-packages/airflow/example_dags/example_trigger_controller_dag.py
[2022-10-12 18:07:58,931] {processor.py:642} INFO - Processing file /Users/renatomelo/Downloads/airflow_tooltorial/airflow-local/venv/lib/python3.9/site-packages/airflow/example_dags/example_trigger_controller_dag.py for tasks to queue
[2022-10-12 18:07:58,932] {logging_mixin.py:109} INFO - [2022-10-12 18:07:58,932] {dagbag.py:500} INFO - Filling up the DagBag from /Users/renatomelo/Downloads/airflow_tooltorial/airflow-local/venv/lib/python3.9/site-packages/airflow/example_dags/example_trigger_controller_dag.py
[2022-10-12 18:07:58,968] {processor.py:654} INFO - DAG(s) dict_keys(['example_trigger_controller_dag']) retrieved from /Users/renatomelo/Downloads/airflow_tooltorial/airflow-local/venv/lib/python3.9/site-packages/airflow/example_dags/example_trigger_controller_dag.py
[2022-10-12 18:07:58,990] {logging_mixin.py:109} INFO - [2022-10-12 18:07:58,990] {dag.py:2396} INFO - Sync 1 DAGs
[2022-10-12 18:07:58,999] {logging_mixin.py:109} INFO - [2022-10-12 18:07:58,999] {dag.py:2935} INFO - Setting next_dagrun for example_trigger_controller_dag to 2021-01-01T00:00:00+00:00
[2022-10-12 18:07:59,009] {processor.py:171} INFO - Processing /Users/renatomelo/Downloads/airflow_tooltorial/airflow-local/venv/lib/python3.9/site-packages/airflow/example_dags/example_trigger_controller_dag.py took 0.079 seconds
[2022-10-12 18:09:17,537] {processor.py:163} INFO - Started process (PID=8297) to work on /Users/renatomelo/Downloads/airflow_tooltorial/airflow-local/venv/lib/python3.9/site-packages/airflow/example_dags/example_trigger_controller_dag.py
[2022-10-12 18:09:17,539] {processor.py:642} INFO - Processing file /Users/renatomelo/Downloads/airflow_tooltorial/airflow-local/venv/lib/python3.9/site-packages/airflow/example_dags/example_trigger_controller_dag.py for tasks to queue
[2022-10-12 18:09:17,540] {logging_mixin.py:109} INFO - [2022-10-12 18:09:17,540] {dagbag.py:500} INFO - Filling up the DagBag from /Users/renatomelo/Downloads/airflow_tooltorial/airflow-local/venv/lib/python3.9/site-packages/airflow/example_dags/example_trigger_controller_dag.py
[2022-10-12 18:09:17,615] {processor.py:654} INFO - DAG(s) dict_keys(['example_trigger_controller_dag']) retrieved from /Users/renatomelo/Downloads/airflow_tooltorial/airflow-local/venv/lib/python3.9/site-packages/airflow/example_dags/example_trigger_controller_dag.py
[2022-10-12 18:09:17,659] {logging_mixin.py:109} INFO - [2022-10-12 18:09:17,659] {dag.py:2396} INFO - Sync 1 DAGs
[2022-10-12 18:09:17,678] {logging_mixin.py:109} INFO - [2022-10-12 18:09:17,678] {dag.py:2935} INFO - Setting next_dagrun for example_trigger_controller_dag to 2021-01-01T00:00:00+00:00
[2022-10-12 18:09:17,690] {processor.py:171} INFO - Processing /Users/renatomelo/Downloads/airflow_tooltorial/airflow-local/venv/lib/python3.9/site-packages/airflow/example_dags/example_trigger_controller_dag.py took 0.158 seconds
[2022-10-12 18:10:53,740] {processor.py:163} INFO - Started process (PID=8372) to work on /Users/renatomelo/Downloads/airflow_tooltorial/airflow-local/venv/lib/python3.9/site-packages/airflow/example_dags/example_trigger_controller_dag.py
[2022-10-12 18:10:53,742] {processor.py:642} INFO - Processing file /Users/renatomelo/Downloads/airflow_tooltorial/airflow-local/venv/lib/python3.9/site-packages/airflow/example_dags/example_trigger_controller_dag.py for tasks to queue
[2022-10-12 18:10:53,743] {logging_mixin.py:109} INFO - [2022-10-12 18:10:53,743] {dagbag.py:500} INFO - Filling up the DagBag from /Users/renatomelo/Downloads/airflow_tooltorial/airflow-local/venv/lib/python3.9/site-packages/airflow/example_dags/example_trigger_controller_dag.py
[2022-10-12 18:10:53,791] {processor.py:654} INFO - DAG(s) dict_keys(['example_trigger_controller_dag']) retrieved from /Users/renatomelo/Downloads/airflow_tooltorial/airflow-local/venv/lib/python3.9/site-packages/airflow/example_dags/example_trigger_controller_dag.py
[2022-10-12 18:10:53,816] {logging_mixin.py:109} INFO - [2022-10-12 18:10:53,815] {dag.py:2396} INFO - Sync 1 DAGs
[2022-10-12 18:10:53,825] {logging_mixin.py:109} INFO - [2022-10-12 18:10:53,825] {dag.py:2935} INFO - Setting next_dagrun for example_trigger_controller_dag to 2021-01-01T00:00:00+00:00
[2022-10-12 18:10:53,837] {processor.py:171} INFO - Processing /Users/renatomelo/Downloads/airflow_tooltorial/airflow-local/venv/lib/python3.9/site-packages/airflow/example_dags/example_trigger_controller_dag.py took 0.097 seconds
[2022-10-12 18:12:27,107] {processor.py:163} INFO - Started process (PID=8404) to work on /Users/renatomelo/Downloads/airflow_tooltorial/airflow-local/venv/lib/python3.9/site-packages/airflow/example_dags/example_trigger_controller_dag.py
[2022-10-12 18:12:27,107] {processor.py:642} INFO - Processing file /Users/renatomelo/Downloads/airflow_tooltorial/airflow-local/venv/lib/python3.9/site-packages/airflow/example_dags/example_trigger_controller_dag.py for tasks to queue
[2022-10-12 18:12:27,109] {logging_mixin.py:109} INFO - [2022-10-12 18:12:27,109] {dagbag.py:500} INFO - Filling up the DagBag from /Users/renatomelo/Downloads/airflow_tooltorial/airflow-local/venv/lib/python3.9/site-packages/airflow/example_dags/example_trigger_controller_dag.py
[2022-10-12 18:12:27,174] {processor.py:654} INFO - DAG(s) dict_keys(['example_trigger_controller_dag']) retrieved from /Users/renatomelo/Downloads/airflow_tooltorial/airflow-local/venv/lib/python3.9/site-packages/airflow/example_dags/example_trigger_controller_dag.py
[2022-10-12 18:12:27,213] {logging_mixin.py:109} INFO - [2022-10-12 18:12:27,213] {dag.py:2396} INFO - Sync 1 DAGs
[2022-10-12 18:12:27,237] {logging_mixin.py:109} INFO - [2022-10-12 18:12:27,237] {dag.py:2935} INFO - Setting next_dagrun for example_trigger_controller_dag to 2021-01-01T00:00:00+00:00
[2022-10-12 18:12:27,248] {processor.py:171} INFO - Processing /Users/renatomelo/Downloads/airflow_tooltorial/airflow-local/venv/lib/python3.9/site-packages/airflow/example_dags/example_trigger_controller_dag.py took 0.142 seconds
[2022-10-12 18:13:59,834] {processor.py:163} INFO - Started process (PID=8434) to work on /Users/renatomelo/Downloads/airflow_tooltorial/airflow-local/venv/lib/python3.9/site-packages/airflow/example_dags/example_trigger_controller_dag.py
[2022-10-12 18:13:59,836] {processor.py:642} INFO - Processing file /Users/renatomelo/Downloads/airflow_tooltorial/airflow-local/venv/lib/python3.9/site-packages/airflow/example_dags/example_trigger_controller_dag.py for tasks to queue
[2022-10-12 18:13:59,836] {logging_mixin.py:109} INFO - [2022-10-12 18:13:59,836] {dagbag.py:500} INFO - Filling up the DagBag from /Users/renatomelo/Downloads/airflow_tooltorial/airflow-local/venv/lib/python3.9/site-packages/airflow/example_dags/example_trigger_controller_dag.py
[2022-10-12 18:13:59,881] {processor.py:654} INFO - DAG(s) dict_keys(['example_trigger_controller_dag']) retrieved from /Users/renatomelo/Downloads/airflow_tooltorial/airflow-local/venv/lib/python3.9/site-packages/airflow/example_dags/example_trigger_controller_dag.py
[2022-10-12 18:13:59,903] {logging_mixin.py:109} INFO - [2022-10-12 18:13:59,903] {dag.py:2396} INFO - Sync 1 DAGs
[2022-10-12 18:13:59,917] {logging_mixin.py:109} INFO - [2022-10-12 18:13:59,917] {dag.py:2935} INFO - Setting next_dagrun for example_trigger_controller_dag to 2021-01-01T00:00:00+00:00
[2022-10-12 18:14:00,020] {processor.py:171} INFO - Processing /Users/renatomelo/Downloads/airflow_tooltorial/airflow-local/venv/lib/python3.9/site-packages/airflow/example_dags/example_trigger_controller_dag.py took 0.186 seconds
[2022-10-12 18:15:21,609] {processor.py:163} INFO - Started process (PID=8462) to work on /Users/renatomelo/Downloads/airflow_tooltorial/airflow-local/venv/lib/python3.9/site-packages/airflow/example_dags/example_trigger_controller_dag.py
[2022-10-12 18:15:21,612] {processor.py:642} INFO - Processing file /Users/renatomelo/Downloads/airflow_tooltorial/airflow-local/venv/lib/python3.9/site-packages/airflow/example_dags/example_trigger_controller_dag.py for tasks to queue
[2022-10-12 18:15:21,612] {logging_mixin.py:109} INFO - [2022-10-12 18:15:21,612] {dagbag.py:500} INFO - Filling up the DagBag from /Users/renatomelo/Downloads/airflow_tooltorial/airflow-local/venv/lib/python3.9/site-packages/airflow/example_dags/example_trigger_controller_dag.py
[2022-10-12 18:15:21,673] {processor.py:654} INFO - DAG(s) dict_keys(['example_trigger_controller_dag']) retrieved from /Users/renatomelo/Downloads/airflow_tooltorial/airflow-local/venv/lib/python3.9/site-packages/airflow/example_dags/example_trigger_controller_dag.py
[2022-10-12 18:15:21,719] {logging_mixin.py:109} INFO - [2022-10-12 18:15:21,718] {dag.py:2396} INFO - Sync 1 DAGs
[2022-10-12 18:15:21,748] {logging_mixin.py:109} INFO - [2022-10-12 18:15:21,747] {dag.py:2935} INFO - Setting next_dagrun for example_trigger_controller_dag to 2021-01-01T00:00:00+00:00
[2022-10-12 18:15:21,783] {processor.py:171} INFO - Processing /Users/renatomelo/Downloads/airflow_tooltorial/airflow-local/venv/lib/python3.9/site-packages/airflow/example_dags/example_trigger_controller_dag.py took 0.175 seconds
[2022-10-12 18:16:45,673] {processor.py:163} INFO - Started process (PID=8491) to work on /Users/renatomelo/Downloads/airflow_tooltorial/airflow-local/venv/lib/python3.9/site-packages/airflow/example_dags/example_trigger_controller_dag.py
[2022-10-12 18:16:45,675] {processor.py:642} INFO - Processing file /Users/renatomelo/Downloads/airflow_tooltorial/airflow-local/venv/lib/python3.9/site-packages/airflow/example_dags/example_trigger_controller_dag.py for tasks to queue
[2022-10-12 18:16:45,676] {logging_mixin.py:109} INFO - [2022-10-12 18:16:45,675] {dagbag.py:500} INFO - Filling up the DagBag from /Users/renatomelo/Downloads/airflow_tooltorial/airflow-local/venv/lib/python3.9/site-packages/airflow/example_dags/example_trigger_controller_dag.py
[2022-10-12 18:16:45,728] {processor.py:654} INFO - DAG(s) dict_keys(['example_trigger_controller_dag']) retrieved from /Users/renatomelo/Downloads/airflow_tooltorial/airflow-local/venv/lib/python3.9/site-packages/airflow/example_dags/example_trigger_controller_dag.py
[2022-10-12 18:16:45,749] {logging_mixin.py:109} INFO - [2022-10-12 18:16:45,749] {dag.py:2396} INFO - Sync 1 DAGs
[2022-10-12 18:16:45,761] {logging_mixin.py:109} INFO - [2022-10-12 18:16:45,761] {dag.py:2935} INFO - Setting next_dagrun for example_trigger_controller_dag to 2021-01-01T00:00:00+00:00
[2022-10-12 18:16:45,771] {processor.py:171} INFO - Processing /Users/renatomelo/Downloads/airflow_tooltorial/airflow-local/venv/lib/python3.9/site-packages/airflow/example_dags/example_trigger_controller_dag.py took 0.099 seconds
[2022-10-12 18:18:03,072] {processor.py:163} INFO - Started process (PID=8522) to work on /Users/renatomelo/Downloads/airflow_tooltorial/airflow-local/venv/lib/python3.9/site-packages/airflow/example_dags/example_trigger_controller_dag.py
[2022-10-12 18:18:03,073] {processor.py:642} INFO - Processing file /Users/renatomelo/Downloads/airflow_tooltorial/airflow-local/venv/lib/python3.9/site-packages/airflow/example_dags/example_trigger_controller_dag.py for tasks to queue
[2022-10-12 18:18:03,074] {logging_mixin.py:109} INFO - [2022-10-12 18:18:03,074] {dagbag.py:500} INFO - Filling up the DagBag from /Users/renatomelo/Downloads/airflow_tooltorial/airflow-local/venv/lib/python3.9/site-packages/airflow/example_dags/example_trigger_controller_dag.py
[2022-10-12 18:18:03,112] {processor.py:654} INFO - DAG(s) dict_keys(['example_trigger_controller_dag']) retrieved from /Users/renatomelo/Downloads/airflow_tooltorial/airflow-local/venv/lib/python3.9/site-packages/airflow/example_dags/example_trigger_controller_dag.py
[2022-10-12 18:18:03,138] {logging_mixin.py:109} INFO - [2022-10-12 18:18:03,138] {dag.py:2396} INFO - Sync 1 DAGs
[2022-10-12 18:18:03,149] {logging_mixin.py:109} INFO - [2022-10-12 18:18:03,148] {dag.py:2935} INFO - Setting next_dagrun for example_trigger_controller_dag to 2021-01-01T00:00:00+00:00
[2022-10-12 18:18:03,179] {processor.py:171} INFO - Processing /Users/renatomelo/Downloads/airflow_tooltorial/airflow-local/venv/lib/python3.9/site-packages/airflow/example_dags/example_trigger_controller_dag.py took 0.108 seconds
[2022-10-12 18:19:11,921] {processor.py:163} INFO - Started process (PID=8549) to work on /Users/renatomelo/Downloads/airflow_tooltorial/airflow-local/venv/lib/python3.9/site-packages/airflow/example_dags/example_trigger_controller_dag.py
[2022-10-12 18:19:11,922] {processor.py:642} INFO - Processing file /Users/renatomelo/Downloads/airflow_tooltorial/airflow-local/venv/lib/python3.9/site-packages/airflow/example_dags/example_trigger_controller_dag.py for tasks to queue
[2022-10-12 18:19:11,923] {logging_mixin.py:109} INFO - [2022-10-12 18:19:11,923] {dagbag.py:500} INFO - Filling up the DagBag from /Users/renatomelo/Downloads/airflow_tooltorial/airflow-local/venv/lib/python3.9/site-packages/airflow/example_dags/example_trigger_controller_dag.py
[2022-10-12 18:19:11,961] {processor.py:654} INFO - DAG(s) dict_keys(['example_trigger_controller_dag']) retrieved from /Users/renatomelo/Downloads/airflow_tooltorial/airflow-local/venv/lib/python3.9/site-packages/airflow/example_dags/example_trigger_controller_dag.py
[2022-10-12 18:19:11,981] {logging_mixin.py:109} INFO - [2022-10-12 18:19:11,981] {dag.py:2396} INFO - Sync 1 DAGs
[2022-10-12 18:19:11,992] {logging_mixin.py:109} INFO - [2022-10-12 18:19:11,992] {dag.py:2935} INFO - Setting next_dagrun for example_trigger_controller_dag to 2021-01-01T00:00:00+00:00
[2022-10-12 18:19:12,001] {processor.py:171} INFO - Processing /Users/renatomelo/Downloads/airflow_tooltorial/airflow-local/venv/lib/python3.9/site-packages/airflow/example_dags/example_trigger_controller_dag.py took 0.082 seconds
[2022-10-12 18:20:21,349] {processor.py:163} INFO - Started process (PID=8574) to work on /Users/renatomelo/Downloads/airflow_tooltorial/airflow-local/venv/lib/python3.9/site-packages/airflow/example_dags/example_trigger_controller_dag.py
[2022-10-12 18:20:21,350] {processor.py:642} INFO - Processing file /Users/renatomelo/Downloads/airflow_tooltorial/airflow-local/venv/lib/python3.9/site-packages/airflow/example_dags/example_trigger_controller_dag.py for tasks to queue
[2022-10-12 18:20:21,350] {logging_mixin.py:109} INFO - [2022-10-12 18:20:21,350] {dagbag.py:500} INFO - Filling up the DagBag from /Users/renatomelo/Downloads/airflow_tooltorial/airflow-local/venv/lib/python3.9/site-packages/airflow/example_dags/example_trigger_controller_dag.py
[2022-10-12 18:20:21,393] {processor.py:654} INFO - DAG(s) dict_keys(['example_trigger_controller_dag']) retrieved from /Users/renatomelo/Downloads/airflow_tooltorial/airflow-local/venv/lib/python3.9/site-packages/airflow/example_dags/example_trigger_controller_dag.py
[2022-10-12 18:20:21,418] {logging_mixin.py:109} INFO - [2022-10-12 18:20:21,418] {dag.py:2396} INFO - Sync 1 DAGs
[2022-10-12 18:20:21,429] {logging_mixin.py:109} INFO - [2022-10-12 18:20:21,429] {dag.py:2935} INFO - Setting next_dagrun for example_trigger_controller_dag to 2021-01-01T00:00:00+00:00
[2022-10-12 18:20:21,450] {processor.py:171} INFO - Processing /Users/renatomelo/Downloads/airflow_tooltorial/airflow-local/venv/lib/python3.9/site-packages/airflow/example_dags/example_trigger_controller_dag.py took 0.101 seconds
[2022-10-12 18:21:31,415] {processor.py:163} INFO - Started process (PID=8600) to work on /Users/renatomelo/Downloads/airflow_tooltorial/airflow-local/venv/lib/python3.9/site-packages/airflow/example_dags/example_trigger_controller_dag.py
[2022-10-12 18:21:31,415] {processor.py:642} INFO - Processing file /Users/renatomelo/Downloads/airflow_tooltorial/airflow-local/venv/lib/python3.9/site-packages/airflow/example_dags/example_trigger_controller_dag.py for tasks to queue
[2022-10-12 18:21:31,416] {logging_mixin.py:109} INFO - [2022-10-12 18:21:31,415] {dagbag.py:500} INFO - Filling up the DagBag from /Users/renatomelo/Downloads/airflow_tooltorial/airflow-local/venv/lib/python3.9/site-packages/airflow/example_dags/example_trigger_controller_dag.py
[2022-10-12 18:21:31,448] {processor.py:654} INFO - DAG(s) dict_keys(['example_trigger_controller_dag']) retrieved from /Users/renatomelo/Downloads/airflow_tooltorial/airflow-local/venv/lib/python3.9/site-packages/airflow/example_dags/example_trigger_controller_dag.py
[2022-10-12 18:21:31,466] {logging_mixin.py:109} INFO - [2022-10-12 18:21:31,466] {dag.py:2396} INFO - Sync 1 DAGs
[2022-10-12 18:21:31,475] {logging_mixin.py:109} INFO - [2022-10-12 18:21:31,475] {dag.py:2935} INFO - Setting next_dagrun for example_trigger_controller_dag to 2021-01-01T00:00:00+00:00
[2022-10-12 18:21:31,488] {processor.py:171} INFO - Processing /Users/renatomelo/Downloads/airflow_tooltorial/airflow-local/venv/lib/python3.9/site-packages/airflow/example_dags/example_trigger_controller_dag.py took 0.073 seconds
[2022-10-12 18:22:45,715] {processor.py:163} INFO - Started process (PID=8641) to work on /Users/renatomelo/Downloads/airflow_tooltorial/airflow-local/venv/lib/python3.9/site-packages/airflow/example_dags/example_trigger_controller_dag.py
[2022-10-12 18:22:45,716] {processor.py:642} INFO - Processing file /Users/renatomelo/Downloads/airflow_tooltorial/airflow-local/venv/lib/python3.9/site-packages/airflow/example_dags/example_trigger_controller_dag.py for tasks to queue
[2022-10-12 18:22:45,717] {logging_mixin.py:109} INFO - [2022-10-12 18:22:45,717] {dagbag.py:500} INFO - Filling up the DagBag from /Users/renatomelo/Downloads/airflow_tooltorial/airflow-local/venv/lib/python3.9/site-packages/airflow/example_dags/example_trigger_controller_dag.py
[2022-10-12 18:22:45,756] {processor.py:654} INFO - DAG(s) dict_keys(['example_trigger_controller_dag']) retrieved from /Users/renatomelo/Downloads/airflow_tooltorial/airflow-local/venv/lib/python3.9/site-packages/airflow/example_dags/example_trigger_controller_dag.py
[2022-10-12 18:22:45,773] {logging_mixin.py:109} INFO - [2022-10-12 18:22:45,773] {dag.py:2396} INFO - Sync 1 DAGs
[2022-10-12 18:22:45,782] {logging_mixin.py:109} INFO - [2022-10-12 18:22:45,782] {dag.py:2935} INFO - Setting next_dagrun for example_trigger_controller_dag to 2021-01-01T00:00:00+00:00
[2022-10-12 18:22:45,794] {processor.py:171} INFO - Processing /Users/renatomelo/Downloads/airflow_tooltorial/airflow-local/venv/lib/python3.9/site-packages/airflow/example_dags/example_trigger_controller_dag.py took 0.080 seconds
[2022-10-12 18:23:58,831] {processor.py:163} INFO - Started process (PID=8680) to work on /Users/renatomelo/Downloads/airflow_tooltorial/airflow-local/venv/lib/python3.9/site-packages/airflow/example_dags/example_trigger_controller_dag.py
[2022-10-12 18:23:58,833] {processor.py:642} INFO - Processing file /Users/renatomelo/Downloads/airflow_tooltorial/airflow-local/venv/lib/python3.9/site-packages/airflow/example_dags/example_trigger_controller_dag.py for tasks to queue
[2022-10-12 18:23:58,833] {logging_mixin.py:109} INFO - [2022-10-12 18:23:58,833] {dagbag.py:500} INFO - Filling up the DagBag from /Users/renatomelo/Downloads/airflow_tooltorial/airflow-local/venv/lib/python3.9/site-packages/airflow/example_dags/example_trigger_controller_dag.py
[2022-10-12 18:23:58,875] {processor.py:654} INFO - DAG(s) dict_keys(['example_trigger_controller_dag']) retrieved from /Users/renatomelo/Downloads/airflow_tooltorial/airflow-local/venv/lib/python3.9/site-packages/airflow/example_dags/example_trigger_controller_dag.py
[2022-10-12 18:23:59,117] {logging_mixin.py:109} INFO - [2022-10-12 18:23:59,117] {dag.py:2396} INFO - Sync 1 DAGs
[2022-10-12 18:23:59,127] {logging_mixin.py:109} INFO - [2022-10-12 18:23:59,127] {dag.py:2935} INFO - Setting next_dagrun for example_trigger_controller_dag to 2021-01-01T00:00:00+00:00
[2022-10-12 18:23:59,138] {processor.py:171} INFO - Processing /Users/renatomelo/Downloads/airflow_tooltorial/airflow-local/venv/lib/python3.9/site-packages/airflow/example_dags/example_trigger_controller_dag.py took 0.308 seconds
[2022-10-12 18:25:12,599] {processor.py:163} INFO - Started process (PID=8715) to work on /Users/renatomelo/Downloads/airflow_tooltorial/airflow-local/venv/lib/python3.9/site-packages/airflow/example_dags/example_trigger_controller_dag.py
[2022-10-12 18:25:12,599] {processor.py:642} INFO - Processing file /Users/renatomelo/Downloads/airflow_tooltorial/airflow-local/venv/lib/python3.9/site-packages/airflow/example_dags/example_trigger_controller_dag.py for tasks to queue
[2022-10-12 18:25:12,599] {logging_mixin.py:109} INFO - [2022-10-12 18:25:12,599] {dagbag.py:500} INFO - Filling up the DagBag from /Users/renatomelo/Downloads/airflow_tooltorial/airflow-local/venv/lib/python3.9/site-packages/airflow/example_dags/example_trigger_controller_dag.py
[2022-10-12 18:25:12,633] {processor.py:654} INFO - DAG(s) dict_keys(['example_trigger_controller_dag']) retrieved from /Users/renatomelo/Downloads/airflow_tooltorial/airflow-local/venv/lib/python3.9/site-packages/airflow/example_dags/example_trigger_controller_dag.py
[2022-10-12 18:25:12,655] {logging_mixin.py:109} INFO - [2022-10-12 18:25:12,655] {dag.py:2396} INFO - Sync 1 DAGs
[2022-10-12 18:25:12,664] {logging_mixin.py:109} INFO - [2022-10-12 18:25:12,664] {dag.py:2935} INFO - Setting next_dagrun for example_trigger_controller_dag to 2021-01-01T00:00:00+00:00
[2022-10-12 18:25:12,673] {processor.py:171} INFO - Processing /Users/renatomelo/Downloads/airflow_tooltorial/airflow-local/venv/lib/python3.9/site-packages/airflow/example_dags/example_trigger_controller_dag.py took 0.075 seconds
[2022-10-12 18:26:30,740] {processor.py:163} INFO - Started process (PID=8753) to work on /Users/renatomelo/Downloads/airflow_tooltorial/airflow-local/venv/lib/python3.9/site-packages/airflow/example_dags/example_trigger_controller_dag.py
[2022-10-12 18:26:30,740] {processor.py:642} INFO - Processing file /Users/renatomelo/Downloads/airflow_tooltorial/airflow-local/venv/lib/python3.9/site-packages/airflow/example_dags/example_trigger_controller_dag.py for tasks to queue
[2022-10-12 18:26:30,741] {logging_mixin.py:109} INFO - [2022-10-12 18:26:30,741] {dagbag.py:500} INFO - Filling up the DagBag from /Users/renatomelo/Downloads/airflow_tooltorial/airflow-local/venv/lib/python3.9/site-packages/airflow/example_dags/example_trigger_controller_dag.py
[2022-10-12 18:26:30,774] {processor.py:654} INFO - DAG(s) dict_keys(['example_trigger_controller_dag']) retrieved from /Users/renatomelo/Downloads/airflow_tooltorial/airflow-local/venv/lib/python3.9/site-packages/airflow/example_dags/example_trigger_controller_dag.py
[2022-10-12 18:26:30,792] {logging_mixin.py:109} INFO - [2022-10-12 18:26:30,792] {dag.py:2396} INFO - Sync 1 DAGs
[2022-10-12 18:26:30,802] {logging_mixin.py:109} INFO - [2022-10-12 18:26:30,801] {dag.py:2935} INFO - Setting next_dagrun for example_trigger_controller_dag to 2021-01-01T00:00:00+00:00
[2022-10-12 18:26:30,810] {processor.py:171} INFO - Processing /Users/renatomelo/Downloads/airflow_tooltorial/airflow-local/venv/lib/python3.9/site-packages/airflow/example_dags/example_trigger_controller_dag.py took 0.071 seconds
[2022-10-12 18:27:51,406] {processor.py:163} INFO - Started process (PID=8800) to work on /Users/renatomelo/Downloads/airflow_tooltorial/airflow-local/venv/lib/python3.9/site-packages/airflow/example_dags/example_trigger_controller_dag.py
[2022-10-12 18:27:51,407] {processor.py:642} INFO - Processing file /Users/renatomelo/Downloads/airflow_tooltorial/airflow-local/venv/lib/python3.9/site-packages/airflow/example_dags/example_trigger_controller_dag.py for tasks to queue
[2022-10-12 18:27:51,407] {logging_mixin.py:109} INFO - [2022-10-12 18:27:51,407] {dagbag.py:500} INFO - Filling up the DagBag from /Users/renatomelo/Downloads/airflow_tooltorial/airflow-local/venv/lib/python3.9/site-packages/airflow/example_dags/example_trigger_controller_dag.py
[2022-10-12 18:27:51,440] {processor.py:654} INFO - DAG(s) dict_keys(['example_trigger_controller_dag']) retrieved from /Users/renatomelo/Downloads/airflow_tooltorial/airflow-local/venv/lib/python3.9/site-packages/airflow/example_dags/example_trigger_controller_dag.py
[2022-10-12 18:27:51,457] {logging_mixin.py:109} INFO - [2022-10-12 18:27:51,457] {dag.py:2396} INFO - Sync 1 DAGs
[2022-10-12 18:27:51,467] {logging_mixin.py:109} INFO - [2022-10-12 18:27:51,467] {dag.py:2935} INFO - Setting next_dagrun for example_trigger_controller_dag to 2021-01-01T00:00:00+00:00
[2022-10-12 18:27:51,476] {processor.py:171} INFO - Processing /Users/renatomelo/Downloads/airflow_tooltorial/airflow-local/venv/lib/python3.9/site-packages/airflow/example_dags/example_trigger_controller_dag.py took 0.071 seconds
[2022-10-12 18:28:55,495] {processor.py:163} INFO - Started process (PID=8827) to work on /Users/renatomelo/Downloads/airflow_tooltorial/airflow-local/venv/lib/python3.9/site-packages/airflow/example_dags/example_trigger_controller_dag.py
[2022-10-12 18:28:55,496] {processor.py:642} INFO - Processing file /Users/renatomelo/Downloads/airflow_tooltorial/airflow-local/venv/lib/python3.9/site-packages/airflow/example_dags/example_trigger_controller_dag.py for tasks to queue
[2022-10-12 18:28:55,496] {logging_mixin.py:109} INFO - [2022-10-12 18:28:55,496] {dagbag.py:500} INFO - Filling up the DagBag from /Users/renatomelo/Downloads/airflow_tooltorial/airflow-local/venv/lib/python3.9/site-packages/airflow/example_dags/example_trigger_controller_dag.py
[2022-10-12 18:28:55,528] {processor.py:654} INFO - DAG(s) dict_keys(['example_trigger_controller_dag']) retrieved from /Users/renatomelo/Downloads/airflow_tooltorial/airflow-local/venv/lib/python3.9/site-packages/airflow/example_dags/example_trigger_controller_dag.py
[2022-10-12 18:28:55,545] {logging_mixin.py:109} INFO - [2022-10-12 18:28:55,545] {dag.py:2396} INFO - Sync 1 DAGs
[2022-10-12 18:28:55,554] {logging_mixin.py:109} INFO - [2022-10-12 18:28:55,554] {dag.py:2935} INFO - Setting next_dagrun for example_trigger_controller_dag to 2021-01-01T00:00:00+00:00
[2022-10-12 18:28:55,566] {processor.py:171} INFO - Processing /Users/renatomelo/Downloads/airflow_tooltorial/airflow-local/venv/lib/python3.9/site-packages/airflow/example_dags/example_trigger_controller_dag.py took 0.072 seconds
[2022-10-12 18:29:54,587] {processor.py:163} INFO - Started process (PID=8853) to work on /Users/renatomelo/Downloads/airflow_tooltorial/airflow-local/venv/lib/python3.9/site-packages/airflow/example_dags/example_trigger_controller_dag.py
[2022-10-12 18:29:54,587] {processor.py:642} INFO - Processing file /Users/renatomelo/Downloads/airflow_tooltorial/airflow-local/venv/lib/python3.9/site-packages/airflow/example_dags/example_trigger_controller_dag.py for tasks to queue
[2022-10-12 18:29:54,588] {logging_mixin.py:109} INFO - [2022-10-12 18:29:54,588] {dagbag.py:500} INFO - Filling up the DagBag from /Users/renatomelo/Downloads/airflow_tooltorial/airflow-local/venv/lib/python3.9/site-packages/airflow/example_dags/example_trigger_controller_dag.py
[2022-10-12 18:29:54,629] {processor.py:654} INFO - DAG(s) dict_keys(['example_trigger_controller_dag']) retrieved from /Users/renatomelo/Downloads/airflow_tooltorial/airflow-local/venv/lib/python3.9/site-packages/airflow/example_dags/example_trigger_controller_dag.py
[2022-10-12 18:29:54,648] {logging_mixin.py:109} INFO - [2022-10-12 18:29:54,648] {dag.py:2396} INFO - Sync 1 DAGs
[2022-10-12 18:29:54,658] {logging_mixin.py:109} INFO - [2022-10-12 18:29:54,658] {dag.py:2935} INFO - Setting next_dagrun for example_trigger_controller_dag to 2021-01-01T00:00:00+00:00
[2022-10-12 18:29:54,669] {processor.py:171} INFO - Processing /Users/renatomelo/Downloads/airflow_tooltorial/airflow-local/venv/lib/python3.9/site-packages/airflow/example_dags/example_trigger_controller_dag.py took 0.083 seconds
[2022-10-12 18:31:08,497] {processor.py:163} INFO - Started process (PID=8912) to work on /Users/renatomelo/Downloads/airflow_tooltorial/airflow-local/venv/lib/python3.9/site-packages/airflow/example_dags/example_trigger_controller_dag.py
[2022-10-12 18:31:08,498] {processor.py:642} INFO - Processing file /Users/renatomelo/Downloads/airflow_tooltorial/airflow-local/venv/lib/python3.9/site-packages/airflow/example_dags/example_trigger_controller_dag.py for tasks to queue
[2022-10-12 18:31:08,498] {logging_mixin.py:109} INFO - [2022-10-12 18:31:08,498] {dagbag.py:500} INFO - Filling up the DagBag from /Users/renatomelo/Downloads/airflow_tooltorial/airflow-local/venv/lib/python3.9/site-packages/airflow/example_dags/example_trigger_controller_dag.py
[2022-10-12 18:31:08,545] {processor.py:654} INFO - DAG(s) dict_keys(['example_trigger_controller_dag']) retrieved from /Users/renatomelo/Downloads/airflow_tooltorial/airflow-local/venv/lib/python3.9/site-packages/airflow/example_dags/example_trigger_controller_dag.py
[2022-10-12 18:31:08,567] {logging_mixin.py:109} INFO - [2022-10-12 18:31:08,567] {dag.py:2396} INFO - Sync 1 DAGs
[2022-10-12 18:31:08,580] {logging_mixin.py:109} INFO - [2022-10-12 18:31:08,580] {dag.py:2935} INFO - Setting next_dagrun for example_trigger_controller_dag to 2021-01-01T00:00:00+00:00
[2022-10-12 18:31:08,590] {processor.py:171} INFO - Processing /Users/renatomelo/Downloads/airflow_tooltorial/airflow-local/venv/lib/python3.9/site-packages/airflow/example_dags/example_trigger_controller_dag.py took 0.094 seconds
[2022-10-12 18:32:27,492] {processor.py:163} INFO - Started process (PID=8938) to work on /Users/renatomelo/Downloads/airflow_tooltorial/airflow-local/venv/lib/python3.9/site-packages/airflow/example_dags/example_trigger_controller_dag.py
[2022-10-12 18:32:27,494] {processor.py:642} INFO - Processing file /Users/renatomelo/Downloads/airflow_tooltorial/airflow-local/venv/lib/python3.9/site-packages/airflow/example_dags/example_trigger_controller_dag.py for tasks to queue
[2022-10-12 18:32:27,495] {logging_mixin.py:109} INFO - [2022-10-12 18:32:27,495] {dagbag.py:500} INFO - Filling up the DagBag from /Users/renatomelo/Downloads/airflow_tooltorial/airflow-local/venv/lib/python3.9/site-packages/airflow/example_dags/example_trigger_controller_dag.py
[2022-10-12 18:32:27,540] {processor.py:654} INFO - DAG(s) dict_keys(['example_trigger_controller_dag']) retrieved from /Users/renatomelo/Downloads/airflow_tooltorial/airflow-local/venv/lib/python3.9/site-packages/airflow/example_dags/example_trigger_controller_dag.py
[2022-10-12 18:32:27,561] {logging_mixin.py:109} INFO - [2022-10-12 18:32:27,560] {dag.py:2396} INFO - Sync 1 DAGs
[2022-10-12 18:32:27,571] {logging_mixin.py:109} INFO - [2022-10-12 18:32:27,571] {dag.py:2935} INFO - Setting next_dagrun for example_trigger_controller_dag to 2021-01-01T00:00:00+00:00
[2022-10-12 18:32:27,580] {processor.py:171} INFO - Processing /Users/renatomelo/Downloads/airflow_tooltorial/airflow-local/venv/lib/python3.9/site-packages/airflow/example_dags/example_trigger_controller_dag.py took 0.089 seconds
[2022-10-12 18:33:40,885] {processor.py:163} INFO - Started process (PID=8966) to work on /Users/renatomelo/Downloads/airflow_tooltorial/airflow-local/venv/lib/python3.9/site-packages/airflow/example_dags/example_trigger_controller_dag.py
[2022-10-12 18:33:40,887] {processor.py:642} INFO - Processing file /Users/renatomelo/Downloads/airflow_tooltorial/airflow-local/venv/lib/python3.9/site-packages/airflow/example_dags/example_trigger_controller_dag.py for tasks to queue
[2022-10-12 18:33:40,887] {logging_mixin.py:109} INFO - [2022-10-12 18:33:40,887] {dagbag.py:500} INFO - Filling up the DagBag from /Users/renatomelo/Downloads/airflow_tooltorial/airflow-local/venv/lib/python3.9/site-packages/airflow/example_dags/example_trigger_controller_dag.py
[2022-10-12 18:33:40,928] {processor.py:654} INFO - DAG(s) dict_keys(['example_trigger_controller_dag']) retrieved from /Users/renatomelo/Downloads/airflow_tooltorial/airflow-local/venv/lib/python3.9/site-packages/airflow/example_dags/example_trigger_controller_dag.py
[2022-10-12 18:33:40,945] {logging_mixin.py:109} INFO - [2022-10-12 18:33:40,945] {dag.py:2396} INFO - Sync 1 DAGs
[2022-10-12 18:33:40,954] {logging_mixin.py:109} INFO - [2022-10-12 18:33:40,954] {dag.py:2935} INFO - Setting next_dagrun for example_trigger_controller_dag to 2021-01-01T00:00:00+00:00
[2022-10-12 18:33:40,967] {processor.py:171} INFO - Processing /Users/renatomelo/Downloads/airflow_tooltorial/airflow-local/venv/lib/python3.9/site-packages/airflow/example_dags/example_trigger_controller_dag.py took 0.082 seconds
