[2022-10-12 18:05:14,879] {processor.py:163} INFO - Started process (PID=7983) to work on /Users/renatomelo/Downloads/airflow_tooltorial/airflow-local/venv/lib/python3.9/site-packages/airflow/example_dags/example_latest_only_with_trigger.py
[2022-10-12 18:05:14,879] {processor.py:642} INFO - Processing file /Users/renatomelo/Downloads/airflow_tooltorial/airflow-local/venv/lib/python3.9/site-packages/airflow/example_dags/example_latest_only_with_trigger.py for tasks to queue
[2022-10-12 18:05:14,880] {logging_mixin.py:109} INFO - [2022-10-12 18:05:14,880] {dagbag.py:500} INFO - Filling up the DagBag from /Users/renatomelo/Downloads/airflow_tooltorial/airflow-local/venv/lib/python3.9/site-packages/airflow/example_dags/example_latest_only_with_trigger.py
[2022-10-12 18:05:14,927] {processor.py:654} INFO - DAG(s) dict_keys(['latest_only_with_trigger']) retrieved from /Users/renatomelo/Downloads/airflow_tooltorial/airflow-local/venv/lib/python3.9/site-packages/airflow/example_dags/example_latest_only_with_trigger.py
[2022-10-12 18:05:14,946] {logging_mixin.py:109} INFO - [2022-10-12 18:05:14,946] {dag.py:2396} INFO - Sync 1 DAGs
[2022-10-12 18:05:14,956] {logging_mixin.py:109} INFO - [2022-10-12 18:05:14,956] {dag.py:2935} INFO - Setting next_dagrun for latest_only_with_trigger to 2022-10-12T17:05:14.955953+00:00
[2022-10-12 18:05:14,965] {processor.py:171} INFO - Processing /Users/renatomelo/Downloads/airflow_tooltorial/airflow-local/venv/lib/python3.9/site-packages/airflow/example_dags/example_latest_only_with_trigger.py took 0.087 seconds
[2022-10-12 18:07:14,524] {processor.py:163} INFO - Started process (PID=8214) to work on /Users/renatomelo/Downloads/airflow_tooltorial/airflow-local/venv/lib/python3.9/site-packages/airflow/example_dags/example_latest_only_with_trigger.py
[2022-10-12 18:07:14,526] {processor.py:642} INFO - Processing file /Users/renatomelo/Downloads/airflow_tooltorial/airflow-local/venv/lib/python3.9/site-packages/airflow/example_dags/example_latest_only_with_trigger.py for tasks to queue
[2022-10-12 18:07:14,526] {logging_mixin.py:109} INFO - [2022-10-12 18:07:14,526] {dagbag.py:500} INFO - Filling up the DagBag from /Users/renatomelo/Downloads/airflow_tooltorial/airflow-local/venv/lib/python3.9/site-packages/airflow/example_dags/example_latest_only_with_trigger.py
[2022-10-12 18:07:14,569] {processor.py:654} INFO - DAG(s) dict_keys(['latest_only_with_trigger']) retrieved from /Users/renatomelo/Downloads/airflow_tooltorial/airflow-local/venv/lib/python3.9/site-packages/airflow/example_dags/example_latest_only_with_trigger.py
[2022-10-12 18:07:14,590] {logging_mixin.py:109} INFO - [2022-10-12 18:07:14,590] {dag.py:2396} INFO - Sync 1 DAGs
[2022-10-12 18:07:14,601] {logging_mixin.py:109} INFO - [2022-10-12 18:07:14,601] {dag.py:2935} INFO - Setting next_dagrun for latest_only_with_trigger to 2022-10-12T17:07:14.601415+00:00
[2022-10-12 18:07:14,612] {processor.py:171} INFO - Processing /Users/renatomelo/Downloads/airflow_tooltorial/airflow-local/venv/lib/python3.9/site-packages/airflow/example_dags/example_latest_only_with_trigger.py took 0.088 seconds
[2022-10-12 18:09:56,151] {processor.py:163} INFO - Started process (PID=8330) to work on /Users/renatomelo/Downloads/airflow_tooltorial/airflow-local/venv/lib/python3.9/site-packages/airflow/example_dags/example_latest_only_with_trigger.py
[2022-10-12 18:09:56,158] {processor.py:642} INFO - Processing file /Users/renatomelo/Downloads/airflow_tooltorial/airflow-local/venv/lib/python3.9/site-packages/airflow/example_dags/example_latest_only_with_trigger.py for tasks to queue
[2022-10-12 18:09:56,159] {logging_mixin.py:109} INFO - [2022-10-12 18:09:56,159] {dagbag.py:500} INFO - Filling up the DagBag from /Users/renatomelo/Downloads/airflow_tooltorial/airflow-local/venv/lib/python3.9/site-packages/airflow/example_dags/example_latest_only_with_trigger.py
[2022-10-12 18:09:56,207] {processor.py:654} INFO - DAG(s) dict_keys(['latest_only_with_trigger']) retrieved from /Users/renatomelo/Downloads/airflow_tooltorial/airflow-local/venv/lib/python3.9/site-packages/airflow/example_dags/example_latest_only_with_trigger.py
[2022-10-12 18:09:56,231] {logging_mixin.py:109} INFO - [2022-10-12 18:09:56,231] {dag.py:2396} INFO - Sync 1 DAGs
[2022-10-12 18:09:56,246] {logging_mixin.py:109} INFO - [2022-10-12 18:09:56,246] {dag.py:2935} INFO - Setting next_dagrun for latest_only_with_trigger to 2022-10-12T17:09:56.246562+00:00
[2022-10-12 18:09:56,259] {processor.py:171} INFO - Processing /Users/renatomelo/Downloads/airflow_tooltorial/airflow-local/venv/lib/python3.9/site-packages/airflow/example_dags/example_latest_only_with_trigger.py took 0.108 seconds
[2022-10-12 18:13:07,936] {processor.py:163} INFO - Started process (PID=8417) to work on /Users/renatomelo/Downloads/airflow_tooltorial/airflow-local/venv/lib/python3.9/site-packages/airflow/example_dags/example_latest_only_with_trigger.py
[2022-10-12 18:13:07,938] {processor.py:642} INFO - Processing file /Users/renatomelo/Downloads/airflow_tooltorial/airflow-local/venv/lib/python3.9/site-packages/airflow/example_dags/example_latest_only_with_trigger.py for tasks to queue
[2022-10-12 18:13:07,938] {logging_mixin.py:109} INFO - [2022-10-12 18:13:07,938] {dagbag.py:500} INFO - Filling up the DagBag from /Users/renatomelo/Downloads/airflow_tooltorial/airflow-local/venv/lib/python3.9/site-packages/airflow/example_dags/example_latest_only_with_trigger.py
[2022-10-12 18:13:07,981] {processor.py:654} INFO - DAG(s) dict_keys(['latest_only_with_trigger']) retrieved from /Users/renatomelo/Downloads/airflow_tooltorial/airflow-local/venv/lib/python3.9/site-packages/airflow/example_dags/example_latest_only_with_trigger.py
[2022-10-12 18:13:08,003] {logging_mixin.py:109} INFO - [2022-10-12 18:13:08,003] {dag.py:2396} INFO - Sync 1 DAGs
[2022-10-12 18:13:08,016] {logging_mixin.py:109} INFO - [2022-10-12 18:13:08,016] {dag.py:2935} INFO - Setting next_dagrun for latest_only_with_trigger to 2022-10-12T17:13:08.016027+00:00
[2022-10-12 18:13:08,027] {processor.py:171} INFO - Processing /Users/renatomelo/Downloads/airflow_tooltorial/airflow-local/venv/lib/python3.9/site-packages/airflow/example_dags/example_latest_only_with_trigger.py took 0.092 seconds
[2022-10-12 18:15:55,661] {processor.py:163} INFO - Started process (PID=8475) to work on /Users/renatomelo/Downloads/airflow_tooltorial/airflow-local/venv/lib/python3.9/site-packages/airflow/example_dags/example_latest_only_with_trigger.py
[2022-10-12 18:15:55,664] {processor.py:642} INFO - Processing file /Users/renatomelo/Downloads/airflow_tooltorial/airflow-local/venv/lib/python3.9/site-packages/airflow/example_dags/example_latest_only_with_trigger.py for tasks to queue
[2022-10-12 18:15:55,665] {logging_mixin.py:109} INFO - [2022-10-12 18:15:55,665] {dagbag.py:500} INFO - Filling up the DagBag from /Users/renatomelo/Downloads/airflow_tooltorial/airflow-local/venv/lib/python3.9/site-packages/airflow/example_dags/example_latest_only_with_trigger.py
[2022-10-12 18:15:55,740] {processor.py:654} INFO - DAG(s) dict_keys(['latest_only_with_trigger']) retrieved from /Users/renatomelo/Downloads/airflow_tooltorial/airflow-local/venv/lib/python3.9/site-packages/airflow/example_dags/example_latest_only_with_trigger.py
[2022-10-12 18:15:55,774] {logging_mixin.py:109} INFO - [2022-10-12 18:15:55,774] {dag.py:2396} INFO - Sync 1 DAGs
[2022-10-12 18:15:55,793] {logging_mixin.py:109} INFO - [2022-10-12 18:15:55,793] {dag.py:2935} INFO - Setting next_dagrun for latest_only_with_trigger to 2022-10-12T17:15:55.793601+00:00
[2022-10-12 18:15:55,830] {processor.py:171} INFO - Processing /Users/renatomelo/Downloads/airflow_tooltorial/airflow-local/venv/lib/python3.9/site-packages/airflow/example_dags/example_latest_only_with_trigger.py took 0.172 seconds
[2022-10-12 18:18:28,448] {processor.py:163} INFO - Started process (PID=8533) to work on /Users/renatomelo/Downloads/airflow_tooltorial/airflow-local/venv/lib/python3.9/site-packages/airflow/example_dags/example_latest_only_with_trigger.py
[2022-10-12 18:18:28,448] {processor.py:642} INFO - Processing file /Users/renatomelo/Downloads/airflow_tooltorial/airflow-local/venv/lib/python3.9/site-packages/airflow/example_dags/example_latest_only_with_trigger.py for tasks to queue
[2022-10-12 18:18:28,449] {logging_mixin.py:109} INFO - [2022-10-12 18:18:28,449] {dagbag.py:500} INFO - Filling up the DagBag from /Users/renatomelo/Downloads/airflow_tooltorial/airflow-local/venv/lib/python3.9/site-packages/airflow/example_dags/example_latest_only_with_trigger.py
[2022-10-12 18:18:28,484] {processor.py:654} INFO - DAG(s) dict_keys(['latest_only_with_trigger']) retrieved from /Users/renatomelo/Downloads/airflow_tooltorial/airflow-local/venv/lib/python3.9/site-packages/airflow/example_dags/example_latest_only_with_trigger.py
[2022-10-12 18:18:28,502] {logging_mixin.py:109} INFO - [2022-10-12 18:18:28,502] {dag.py:2396} INFO - Sync 1 DAGs
[2022-10-12 18:18:28,512] {logging_mixin.py:109} INFO - [2022-10-12 18:18:28,512] {dag.py:2935} INFO - Setting next_dagrun for latest_only_with_trigger to 2022-10-12T17:18:28.511943+00:00
[2022-10-12 18:18:28,523] {processor.py:171} INFO - Processing /Users/renatomelo/Downloads/airflow_tooltorial/airflow-local/venv/lib/python3.9/site-packages/airflow/example_dags/example_latest_only_with_trigger.py took 0.076 seconds
[2022-10-12 18:20:47,415] {processor.py:163} INFO - Started process (PID=8584) to work on /Users/renatomelo/Downloads/airflow_tooltorial/airflow-local/venv/lib/python3.9/site-packages/airflow/example_dags/example_latest_only_with_trigger.py
[2022-10-12 18:20:47,416] {processor.py:642} INFO - Processing file /Users/renatomelo/Downloads/airflow_tooltorial/airflow-local/venv/lib/python3.9/site-packages/airflow/example_dags/example_latest_only_with_trigger.py for tasks to queue
[2022-10-12 18:20:47,416] {logging_mixin.py:109} INFO - [2022-10-12 18:20:47,416] {dagbag.py:500} INFO - Filling up the DagBag from /Users/renatomelo/Downloads/airflow_tooltorial/airflow-local/venv/lib/python3.9/site-packages/airflow/example_dags/example_latest_only_with_trigger.py
[2022-10-12 18:20:47,453] {processor.py:654} INFO - DAG(s) dict_keys(['latest_only_with_trigger']) retrieved from /Users/renatomelo/Downloads/airflow_tooltorial/airflow-local/venv/lib/python3.9/site-packages/airflow/example_dags/example_latest_only_with_trigger.py
[2022-10-12 18:20:47,477] {logging_mixin.py:109} INFO - [2022-10-12 18:20:47,476] {dag.py:2396} INFO - Sync 1 DAGs
[2022-10-12 18:20:47,486] {logging_mixin.py:109} INFO - [2022-10-12 18:20:47,486] {dag.py:2935} INFO - Setting next_dagrun for latest_only_with_trigger to 2022-10-12T17:20:47.486521+00:00
[2022-10-12 18:20:47,496] {processor.py:171} INFO - Processing /Users/renatomelo/Downloads/airflow_tooltorial/airflow-local/venv/lib/python3.9/site-packages/airflow/example_dags/example_latest_only_with_trigger.py took 0.081 seconds
[2022-10-12 18:23:10,697] {processor.py:163} INFO - Started process (PID=8656) to work on /Users/renatomelo/Downloads/airflow_tooltorial/airflow-local/venv/lib/python3.9/site-packages/airflow/example_dags/example_latest_only_with_trigger.py
[2022-10-12 18:23:10,699] {processor.py:642} INFO - Processing file /Users/renatomelo/Downloads/airflow_tooltorial/airflow-local/venv/lib/python3.9/site-packages/airflow/example_dags/example_latest_only_with_trigger.py for tasks to queue
[2022-10-12 18:23:10,700] {logging_mixin.py:109} INFO - [2022-10-12 18:23:10,700] {dagbag.py:500} INFO - Filling up the DagBag from /Users/renatomelo/Downloads/airflow_tooltorial/airflow-local/venv/lib/python3.9/site-packages/airflow/example_dags/example_latest_only_with_trigger.py
[2022-10-12 18:23:10,744] {processor.py:654} INFO - DAG(s) dict_keys(['latest_only_with_trigger']) retrieved from /Users/renatomelo/Downloads/airflow_tooltorial/airflow-local/venv/lib/python3.9/site-packages/airflow/example_dags/example_latest_only_with_trigger.py
[2022-10-12 18:23:10,763] {logging_mixin.py:109} INFO - [2022-10-12 18:23:10,763] {dag.py:2396} INFO - Sync 1 DAGs
[2022-10-12 18:23:10,772] {logging_mixin.py:109} INFO - [2022-10-12 18:23:10,772] {dag.py:2935} INFO - Setting next_dagrun for latest_only_with_trigger to 2022-10-12T17:23:10.772417+00:00
[2022-10-12 18:23:10,783] {processor.py:171} INFO - Processing /Users/renatomelo/Downloads/airflow_tooltorial/airflow-local/venv/lib/python3.9/site-packages/airflow/example_dags/example_latest_only_with_trigger.py took 0.087 seconds
[2022-10-12 18:25:44,050] {processor.py:163} INFO - Started process (PID=8725) to work on /Users/renatomelo/Downloads/airflow_tooltorial/airflow-local/venv/lib/python3.9/site-packages/airflow/example_dags/example_latest_only_with_trigger.py
[2022-10-12 18:25:44,051] {processor.py:642} INFO - Processing file /Users/renatomelo/Downloads/airflow_tooltorial/airflow-local/venv/lib/python3.9/site-packages/airflow/example_dags/example_latest_only_with_trigger.py for tasks to queue
[2022-10-12 18:25:44,052] {logging_mixin.py:109} INFO - [2022-10-12 18:25:44,052] {dagbag.py:500} INFO - Filling up the DagBag from /Users/renatomelo/Downloads/airflow_tooltorial/airflow-local/venv/lib/python3.9/site-packages/airflow/example_dags/example_latest_only_with_trigger.py
[2022-10-12 18:25:44,099] {processor.py:654} INFO - DAG(s) dict_keys(['latest_only_with_trigger']) retrieved from /Users/renatomelo/Downloads/airflow_tooltorial/airflow-local/venv/lib/python3.9/site-packages/airflow/example_dags/example_latest_only_with_trigger.py
[2022-10-12 18:25:44,509] {logging_mixin.py:109} INFO - [2022-10-12 18:25:44,509] {dag.py:2396} INFO - Sync 1 DAGs
[2022-10-12 18:25:44,523] {logging_mixin.py:109} INFO - [2022-10-12 18:25:44,523] {dag.py:2935} INFO - Setting next_dagrun for latest_only_with_trigger to 2022-10-12T17:25:44.523482+00:00
[2022-10-12 18:25:44,536] {processor.py:171} INFO - Processing /Users/renatomelo/Downloads/airflow_tooltorial/airflow-local/venv/lib/python3.9/site-packages/airflow/example_dags/example_latest_only_with_trigger.py took 0.488 seconds
[2022-10-12 18:28:16,376] {processor.py:163} INFO - Started process (PID=8810) to work on /Users/renatomelo/Downloads/airflow_tooltorial/airflow-local/venv/lib/python3.9/site-packages/airflow/example_dags/example_latest_only_with_trigger.py
[2022-10-12 18:28:16,376] {processor.py:642} INFO - Processing file /Users/renatomelo/Downloads/airflow_tooltorial/airflow-local/venv/lib/python3.9/site-packages/airflow/example_dags/example_latest_only_with_trigger.py for tasks to queue
[2022-10-12 18:28:16,377] {logging_mixin.py:109} INFO - [2022-10-12 18:28:16,377] {dagbag.py:500} INFO - Filling up the DagBag from /Users/renatomelo/Downloads/airflow_tooltorial/airflow-local/venv/lib/python3.9/site-packages/airflow/example_dags/example_latest_only_with_trigger.py
[2022-10-12 18:28:16,410] {processor.py:654} INFO - DAG(s) dict_keys(['latest_only_with_trigger']) retrieved from /Users/renatomelo/Downloads/airflow_tooltorial/airflow-local/venv/lib/python3.9/site-packages/airflow/example_dags/example_latest_only_with_trigger.py
[2022-10-12 18:28:16,428] {logging_mixin.py:109} INFO - [2022-10-12 18:28:16,428] {dag.py:2396} INFO - Sync 1 DAGs
[2022-10-12 18:28:16,437] {logging_mixin.py:109} INFO - [2022-10-12 18:28:16,437] {dag.py:2935} INFO - Setting next_dagrun for latest_only_with_trigger to 2022-10-12T17:28:16.437318+00:00
[2022-10-12 18:28:16,446] {processor.py:171} INFO - Processing /Users/renatomelo/Downloads/airflow_tooltorial/airflow-local/venv/lib/python3.9/site-packages/airflow/example_dags/example_latest_only_with_trigger.py took 0.071 seconds
[2022-10-12 18:30:19,486] {processor.py:163} INFO - Started process (PID=8881) to work on /Users/renatomelo/Downloads/airflow_tooltorial/airflow-local/venv/lib/python3.9/site-packages/airflow/example_dags/example_latest_only_with_trigger.py
[2022-10-12 18:30:19,486] {processor.py:642} INFO - Processing file /Users/renatomelo/Downloads/airflow_tooltorial/airflow-local/venv/lib/python3.9/site-packages/airflow/example_dags/example_latest_only_with_trigger.py for tasks to queue
[2022-10-12 18:30:19,487] {logging_mixin.py:109} INFO - [2022-10-12 18:30:19,487] {dagbag.py:500} INFO - Filling up the DagBag from /Users/renatomelo/Downloads/airflow_tooltorial/airflow-local/venv/lib/python3.9/site-packages/airflow/example_dags/example_latest_only_with_trigger.py
[2022-10-12 18:30:19,521] {processor.py:654} INFO - DAG(s) dict_keys(['latest_only_with_trigger']) retrieved from /Users/renatomelo/Downloads/airflow_tooltorial/airflow-local/venv/lib/python3.9/site-packages/airflow/example_dags/example_latest_only_with_trigger.py
[2022-10-12 18:30:19,540] {logging_mixin.py:109} INFO - [2022-10-12 18:30:19,540] {dag.py:2396} INFO - Sync 1 DAGs
[2022-10-12 18:30:19,550] {logging_mixin.py:109} INFO - [2022-10-12 18:30:19,550] {dag.py:2935} INFO - Setting next_dagrun for latest_only_with_trigger to 2022-10-12T17:30:19.550024+00:00
[2022-10-12 18:30:19,559] {processor.py:171} INFO - Processing /Users/renatomelo/Downloads/airflow_tooltorial/airflow-local/venv/lib/python3.9/site-packages/airflow/example_dags/example_latest_only_with_trigger.py took 0.074 seconds
[2022-10-12 18:32:54,755] {processor.py:163} INFO - Started process (PID=8949) to work on /Users/renatomelo/Downloads/airflow_tooltorial/airflow-local/venv/lib/python3.9/site-packages/airflow/example_dags/example_latest_only_with_trigger.py
[2022-10-12 18:32:54,757] {processor.py:642} INFO - Processing file /Users/renatomelo/Downloads/airflow_tooltorial/airflow-local/venv/lib/python3.9/site-packages/airflow/example_dags/example_latest_only_with_trigger.py for tasks to queue
[2022-10-12 18:32:54,757] {logging_mixin.py:109} INFO - [2022-10-12 18:32:54,757] {dagbag.py:500} INFO - Filling up the DagBag from /Users/renatomelo/Downloads/airflow_tooltorial/airflow-local/venv/lib/python3.9/site-packages/airflow/example_dags/example_latest_only_with_trigger.py
[2022-10-12 18:32:54,803] {processor.py:654} INFO - DAG(s) dict_keys(['latest_only_with_trigger']) retrieved from /Users/renatomelo/Downloads/airflow_tooltorial/airflow-local/venv/lib/python3.9/site-packages/airflow/example_dags/example_latest_only_with_trigger.py
[2022-10-12 18:32:54,821] {logging_mixin.py:109} INFO - [2022-10-12 18:32:54,820] {dag.py:2396} INFO - Sync 1 DAGs
[2022-10-12 18:32:54,830] {logging_mixin.py:109} INFO - [2022-10-12 18:32:54,830] {dag.py:2935} INFO - Setting next_dagrun for latest_only_with_trigger to 2022-10-12T17:32:54.830053+00:00
[2022-10-12 18:32:54,839] {processor.py:171} INFO - Processing /Users/renatomelo/Downloads/airflow_tooltorial/airflow-local/venv/lib/python3.9/site-packages/airflow/example_dags/example_latest_only_with_trigger.py took 0.085 seconds
