[2022-10-12 18:04:59,050] {processor.py:163} INFO - Started process (PID=7958) to work on /Users/renatomelo/Downloads/airflow_tooltorial/airflow-local/venv/lib/python3.9/site-packages/airflow/example_dags/example_short_circuit_operator.py
[2022-10-12 18:04:59,051] {processor.py:642} INFO - Processing file /Users/renatomelo/Downloads/airflow_tooltorial/airflow-local/venv/lib/python3.9/site-packages/airflow/example_dags/example_short_circuit_operator.py for tasks to queue
[2022-10-12 18:04:59,051] {logging_mixin.py:109} INFO - [2022-10-12 18:04:59,051] {dagbag.py:500} INFO - Filling up the DagBag from /Users/renatomelo/Downloads/airflow_tooltorial/airflow-local/venv/lib/python3.9/site-packages/airflow/example_dags/example_short_circuit_operator.py
[2022-10-12 18:04:59,128] {processor.py:654} INFO - DAG(s) dict_keys(['example_short_circuit_operator']) retrieved from /Users/renatomelo/Downloads/airflow_tooltorial/airflow-local/venv/lib/python3.9/site-packages/airflow/example_dags/example_short_circuit_operator.py
[2022-10-12 18:04:59,152] {logging_mixin.py:109} INFO - [2022-10-12 18:04:59,152] {dag.py:2396} INFO - Sync 1 DAGs
[2022-10-12 18:04:59,165] {logging_mixin.py:109} INFO - [2022-10-12 18:04:59,165] {dag.py:2935} INFO - Setting next_dagrun for example_short_circuit_operator to 2022-10-11T21:04:59.164821+00:00
[2022-10-12 18:04:59,175] {processor.py:171} INFO - Processing /Users/renatomelo/Downloads/airflow_tooltorial/airflow-local/venv/lib/python3.9/site-packages/airflow/example_dags/example_short_circuit_operator.py took 0.127 seconds
[2022-10-12 18:07:00,585] {processor.py:163} INFO - Started process (PID=8209) to work on /Users/renatomelo/Downloads/airflow_tooltorial/airflow-local/venv/lib/python3.9/site-packages/airflow/example_dags/example_short_circuit_operator.py
[2022-10-12 18:07:00,587] {processor.py:642} INFO - Processing file /Users/renatomelo/Downloads/airflow_tooltorial/airflow-local/venv/lib/python3.9/site-packages/airflow/example_dags/example_short_circuit_operator.py for tasks to queue
[2022-10-12 18:07:00,587] {logging_mixin.py:109} INFO - [2022-10-12 18:07:00,587] {dagbag.py:500} INFO - Filling up the DagBag from /Users/renatomelo/Downloads/airflow_tooltorial/airflow-local/venv/lib/python3.9/site-packages/airflow/example_dags/example_short_circuit_operator.py
[2022-10-12 18:07:00,666] {processor.py:654} INFO - DAG(s) dict_keys(['example_short_circuit_operator']) retrieved from /Users/renatomelo/Downloads/airflow_tooltorial/airflow-local/venv/lib/python3.9/site-packages/airflow/example_dags/example_short_circuit_operator.py
[2022-10-12 18:07:00,692] {logging_mixin.py:109} INFO - [2022-10-12 18:07:00,692] {dag.py:2396} INFO - Sync 1 DAGs
[2022-10-12 18:07:00,705] {logging_mixin.py:109} INFO - [2022-10-12 18:07:00,705] {dag.py:2935} INFO - Setting next_dagrun for example_short_circuit_operator to 2022-10-11T21:07:00.704565+00:00
[2022-10-12 18:07:00,717] {processor.py:171} INFO - Processing /Users/renatomelo/Downloads/airflow_tooltorial/airflow-local/venv/lib/python3.9/site-packages/airflow/example_dags/example_short_circuit_operator.py took 0.133 seconds
[2022-10-12 18:09:39,847] {processor.py:163} INFO - Started process (PID=8319) to work on /Users/renatomelo/Downloads/airflow_tooltorial/airflow-local/venv/lib/python3.9/site-packages/airflow/example_dags/example_short_circuit_operator.py
[2022-10-12 18:09:39,849] {processor.py:642} INFO - Processing file /Users/renatomelo/Downloads/airflow_tooltorial/airflow-local/venv/lib/python3.9/site-packages/airflow/example_dags/example_short_circuit_operator.py for tasks to queue
[2022-10-12 18:09:39,849] {logging_mixin.py:109} INFO - [2022-10-12 18:09:39,849] {dagbag.py:500} INFO - Filling up the DagBag from /Users/renatomelo/Downloads/airflow_tooltorial/airflow-local/venv/lib/python3.9/site-packages/airflow/example_dags/example_short_circuit_operator.py
[2022-10-12 18:09:39,933] {processor.py:654} INFO - DAG(s) dict_keys(['example_short_circuit_operator']) retrieved from /Users/renatomelo/Downloads/airflow_tooltorial/airflow-local/venv/lib/python3.9/site-packages/airflow/example_dags/example_short_circuit_operator.py
[2022-10-12 18:09:39,957] {logging_mixin.py:109} INFO - [2022-10-12 18:09:39,957] {dag.py:2396} INFO - Sync 1 DAGs
[2022-10-12 18:09:39,968] {logging_mixin.py:109} INFO - [2022-10-12 18:09:39,968] {dag.py:2935} INFO - Setting next_dagrun for example_short_circuit_operator to 2022-10-11T21:09:39.968319+00:00
[2022-10-12 18:09:39,980] {processor.py:171} INFO - Processing /Users/renatomelo/Downloads/airflow_tooltorial/airflow-local/venv/lib/python3.9/site-packages/airflow/example_dags/example_short_circuit_operator.py took 0.134 seconds
[2022-10-12 18:12:55,343] {processor.py:163} INFO - Started process (PID=8412) to work on /Users/renatomelo/Downloads/airflow_tooltorial/airflow-local/venv/lib/python3.9/site-packages/airflow/example_dags/example_short_circuit_operator.py
[2022-10-12 18:12:55,345] {processor.py:642} INFO - Processing file /Users/renatomelo/Downloads/airflow_tooltorial/airflow-local/venv/lib/python3.9/site-packages/airflow/example_dags/example_short_circuit_operator.py for tasks to queue
[2022-10-12 18:12:55,346] {logging_mixin.py:109} INFO - [2022-10-12 18:12:55,346] {dagbag.py:500} INFO - Filling up the DagBag from /Users/renatomelo/Downloads/airflow_tooltorial/airflow-local/venv/lib/python3.9/site-packages/airflow/example_dags/example_short_circuit_operator.py
[2022-10-12 18:12:55,404] {processor.py:654} INFO - DAG(s) dict_keys(['example_short_circuit_operator']) retrieved from /Users/renatomelo/Downloads/airflow_tooltorial/airflow-local/venv/lib/python3.9/site-packages/airflow/example_dags/example_short_circuit_operator.py
[2022-10-12 18:12:55,427] {logging_mixin.py:109} INFO - [2022-10-12 18:12:55,427] {dag.py:2396} INFO - Sync 1 DAGs
[2022-10-12 18:12:55,440] {logging_mixin.py:109} INFO - [2022-10-12 18:12:55,439] {dag.py:2935} INFO - Setting next_dagrun for example_short_circuit_operator to 2022-10-11T21:12:55.439625+00:00
[2022-10-12 18:12:55,450] {processor.py:171} INFO - Processing /Users/renatomelo/Downloads/airflow_tooltorial/airflow-local/venv/lib/python3.9/site-packages/airflow/example_dags/example_short_circuit_operator.py took 0.108 seconds
[2022-10-12 18:15:40,615] {processor.py:163} INFO - Started process (PID=8470) to work on /Users/renatomelo/Downloads/airflow_tooltorial/airflow-local/venv/lib/python3.9/site-packages/airflow/example_dags/example_short_circuit_operator.py
[2022-10-12 18:15:40,617] {processor.py:642} INFO - Processing file /Users/renatomelo/Downloads/airflow_tooltorial/airflow-local/venv/lib/python3.9/site-packages/airflow/example_dags/example_short_circuit_operator.py for tasks to queue
[2022-10-12 18:15:40,618] {logging_mixin.py:109} INFO - [2022-10-12 18:15:40,617] {dagbag.py:500} INFO - Filling up the DagBag from /Users/renatomelo/Downloads/airflow_tooltorial/airflow-local/venv/lib/python3.9/site-packages/airflow/example_dags/example_short_circuit_operator.py
[2022-10-12 18:15:40,673] {processor.py:654} INFO - DAG(s) dict_keys(['example_short_circuit_operator']) retrieved from /Users/renatomelo/Downloads/airflow_tooltorial/airflow-local/venv/lib/python3.9/site-packages/airflow/example_dags/example_short_circuit_operator.py
[2022-10-12 18:15:40,694] {logging_mixin.py:109} INFO - [2022-10-12 18:15:40,694] {dag.py:2396} INFO - Sync 1 DAGs
[2022-10-12 18:15:40,706] {logging_mixin.py:109} INFO - [2022-10-12 18:15:40,706] {dag.py:2935} INFO - Setting next_dagrun for example_short_circuit_operator to 2022-10-11T21:15:40.706284+00:00
[2022-10-12 18:15:40,716] {processor.py:171} INFO - Processing /Users/renatomelo/Downloads/airflow_tooltorial/airflow-local/venv/lib/python3.9/site-packages/airflow/example_dags/example_short_circuit_operator.py took 0.102 seconds
[2022-10-12 18:17:09,515] {processor.py:163} INFO - Started process (PID=8502) to work on /Users/renatomelo/Downloads/airflow_tooltorial/airflow-local/venv/lib/python3.9/site-packages/airflow/example_dags/example_short_circuit_operator.py
[2022-10-12 18:17:09,516] {processor.py:642} INFO - Processing file /Users/renatomelo/Downloads/airflow_tooltorial/airflow-local/venv/lib/python3.9/site-packages/airflow/example_dags/example_short_circuit_operator.py for tasks to queue
[2022-10-12 18:17:09,517] {logging_mixin.py:109} INFO - [2022-10-12 18:17:09,517] {dagbag.py:500} INFO - Filling up the DagBag from /Users/renatomelo/Downloads/airflow_tooltorial/airflow-local/venv/lib/python3.9/site-packages/airflow/example_dags/example_short_circuit_operator.py
[2022-10-12 18:17:09,565] {processor.py:654} INFO - DAG(s) dict_keys(['example_short_circuit_operator']) retrieved from /Users/renatomelo/Downloads/airflow_tooltorial/airflow-local/venv/lib/python3.9/site-packages/airflow/example_dags/example_short_circuit_operator.py
[2022-10-12 18:17:09,583] {logging_mixin.py:109} INFO - [2022-10-12 18:17:09,583] {dag.py:2396} INFO - Sync 1 DAGs
[2022-10-12 18:17:09,594] {logging_mixin.py:109} INFO - [2022-10-12 18:17:09,594] {dag.py:2935} INFO - Setting next_dagrun for example_short_circuit_operator to 2022-10-11T21:17:09.594243+00:00
[2022-10-12 18:17:09,604] {processor.py:171} INFO - Processing /Users/renatomelo/Downloads/airflow_tooltorial/airflow-local/venv/lib/python3.9/site-packages/airflow/example_dags/example_short_circuit_operator.py took 0.090 seconds
[2022-10-12 18:19:28,843] {processor.py:163} INFO - Started process (PID=8555) to work on /Users/renatomelo/Downloads/airflow_tooltorial/airflow-local/venv/lib/python3.9/site-packages/airflow/example_dags/example_short_circuit_operator.py
[2022-10-12 18:19:28,843] {processor.py:642} INFO - Processing file /Users/renatomelo/Downloads/airflow_tooltorial/airflow-local/venv/lib/python3.9/site-packages/airflow/example_dags/example_short_circuit_operator.py for tasks to queue
[2022-10-12 18:19:28,844] {logging_mixin.py:109} INFO - [2022-10-12 18:19:28,844] {dagbag.py:500} INFO - Filling up the DagBag from /Users/renatomelo/Downloads/airflow_tooltorial/airflow-local/venv/lib/python3.9/site-packages/airflow/example_dags/example_short_circuit_operator.py
[2022-10-12 18:19:28,904] {processor.py:654} INFO - DAG(s) dict_keys(['example_short_circuit_operator']) retrieved from /Users/renatomelo/Downloads/airflow_tooltorial/airflow-local/venv/lib/python3.9/site-packages/airflow/example_dags/example_short_circuit_operator.py
[2022-10-12 18:19:28,934] {logging_mixin.py:109} INFO - [2022-10-12 18:19:28,934] {dag.py:2396} INFO - Sync 1 DAGs
[2022-10-12 18:19:28,951] {logging_mixin.py:109} INFO - [2022-10-12 18:19:28,951] {dag.py:2935} INFO - Setting next_dagrun for example_short_circuit_operator to 2022-10-11T21:19:28.950836+00:00
[2022-10-12 18:19:28,965] {processor.py:171} INFO - Processing /Users/renatomelo/Downloads/airflow_tooltorial/airflow-local/venv/lib/python3.9/site-packages/airflow/example_dags/example_short_circuit_operator.py took 0.123 seconds
[2022-10-12 18:21:51,983] {processor.py:163} INFO - Started process (PID=8612) to work on /Users/renatomelo/Downloads/airflow_tooltorial/airflow-local/venv/lib/python3.9/site-packages/airflow/example_dags/example_short_circuit_operator.py
[2022-10-12 18:21:51,993] {processor.py:642} INFO - Processing file /Users/renatomelo/Downloads/airflow_tooltorial/airflow-local/venv/lib/python3.9/site-packages/airflow/example_dags/example_short_circuit_operator.py for tasks to queue
[2022-10-12 18:21:51,997] {logging_mixin.py:109} INFO - [2022-10-12 18:21:51,996] {dagbag.py:500} INFO - Filling up the DagBag from /Users/renatomelo/Downloads/airflow_tooltorial/airflow-local/venv/lib/python3.9/site-packages/airflow/example_dags/example_short_circuit_operator.py
[2022-10-12 18:21:52,058] {processor.py:654} INFO - DAG(s) dict_keys(['example_short_circuit_operator']) retrieved from /Users/renatomelo/Downloads/airflow_tooltorial/airflow-local/venv/lib/python3.9/site-packages/airflow/example_dags/example_short_circuit_operator.py
[2022-10-12 18:21:52,079] {logging_mixin.py:109} INFO - [2022-10-12 18:21:52,078] {dag.py:2396} INFO - Sync 1 DAGs
[2022-10-12 18:21:52,092] {logging_mixin.py:109} INFO - [2022-10-12 18:21:52,092] {dag.py:2935} INFO - Setting next_dagrun for example_short_circuit_operator to 2022-10-11T21:21:52.092627+00:00
[2022-10-12 18:21:52,105] {processor.py:171} INFO - Processing /Users/renatomelo/Downloads/airflow_tooltorial/airflow-local/venv/lib/python3.9/site-packages/airflow/example_dags/example_short_circuit_operator.py took 0.122 seconds
[2022-10-12 18:24:20,601] {processor.py:163} INFO - Started process (PID=8694) to work on /Users/renatomelo/Downloads/airflow_tooltorial/airflow-local/venv/lib/python3.9/site-packages/airflow/example_dags/example_short_circuit_operator.py
[2022-10-12 18:24:20,603] {processor.py:642} INFO - Processing file /Users/renatomelo/Downloads/airflow_tooltorial/airflow-local/venv/lib/python3.9/site-packages/airflow/example_dags/example_short_circuit_operator.py for tasks to queue
[2022-10-12 18:24:20,606] {logging_mixin.py:109} INFO - [2022-10-12 18:24:20,606] {dagbag.py:500} INFO - Filling up the DagBag from /Users/renatomelo/Downloads/airflow_tooltorial/airflow-local/venv/lib/python3.9/site-packages/airflow/example_dags/example_short_circuit_operator.py
[2022-10-12 18:24:20,652] {processor.py:654} INFO - DAG(s) dict_keys(['example_short_circuit_operator']) retrieved from /Users/renatomelo/Downloads/airflow_tooltorial/airflow-local/venv/lib/python3.9/site-packages/airflow/example_dags/example_short_circuit_operator.py
[2022-10-12 18:24:20,898] {logging_mixin.py:109} INFO - [2022-10-12 18:24:20,898] {dag.py:2396} INFO - Sync 1 DAGs
[2022-10-12 18:24:20,909] {logging_mixin.py:109} INFO - [2022-10-12 18:24:20,909] {dag.py:2935} INFO - Setting next_dagrun for example_short_circuit_operator to 2022-10-11T21:24:20.908933+00:00
[2022-10-12 18:24:20,920] {processor.py:171} INFO - Processing /Users/renatomelo/Downloads/airflow_tooltorial/airflow-local/venv/lib/python3.9/site-packages/airflow/example_dags/example_short_circuit_operator.py took 0.320 seconds
[2022-10-12 18:26:52,423] {processor.py:163} INFO - Started process (PID=8761) to work on /Users/renatomelo/Downloads/airflow_tooltorial/airflow-local/venv/lib/python3.9/site-packages/airflow/example_dags/example_short_circuit_operator.py
[2022-10-12 18:26:52,427] {processor.py:642} INFO - Processing file /Users/renatomelo/Downloads/airflow_tooltorial/airflow-local/venv/lib/python3.9/site-packages/airflow/example_dags/example_short_circuit_operator.py for tasks to queue
[2022-10-12 18:26:52,431] {logging_mixin.py:109} INFO - [2022-10-12 18:26:52,431] {dagbag.py:500} INFO - Filling up the DagBag from /Users/renatomelo/Downloads/airflow_tooltorial/airflow-local/venv/lib/python3.9/site-packages/airflow/example_dags/example_short_circuit_operator.py
[2022-10-12 18:26:52,483] {processor.py:654} INFO - DAG(s) dict_keys(['example_short_circuit_operator']) retrieved from /Users/renatomelo/Downloads/airflow_tooltorial/airflow-local/venv/lib/python3.9/site-packages/airflow/example_dags/example_short_circuit_operator.py
[2022-10-12 18:26:52,505] {logging_mixin.py:109} INFO - [2022-10-12 18:26:52,505] {dag.py:2396} INFO - Sync 1 DAGs
[2022-10-12 18:26:52,517] {logging_mixin.py:109} INFO - [2022-10-12 18:26:52,517] {dag.py:2935} INFO - Setting next_dagrun for example_short_circuit_operator to 2022-10-11T21:26:52.517055+00:00
[2022-10-12 18:26:52,530] {processor.py:171} INFO - Processing /Users/renatomelo/Downloads/airflow_tooltorial/airflow-local/venv/lib/python3.9/site-packages/airflow/example_dags/example_short_circuit_operator.py took 0.107 seconds
[2022-10-12 18:29:05,878] {processor.py:163} INFO - Started process (PID=8831) to work on /Users/renatomelo/Downloads/airflow_tooltorial/airflow-local/venv/lib/python3.9/site-packages/airflow/example_dags/example_short_circuit_operator.py
[2022-10-12 18:29:05,878] {processor.py:642} INFO - Processing file /Users/renatomelo/Downloads/airflow_tooltorial/airflow-local/venv/lib/python3.9/site-packages/airflow/example_dags/example_short_circuit_operator.py for tasks to queue
[2022-10-12 18:29:05,878] {logging_mixin.py:109} INFO - [2022-10-12 18:29:05,878] {dagbag.py:500} INFO - Filling up the DagBag from /Users/renatomelo/Downloads/airflow_tooltorial/airflow-local/venv/lib/python3.9/site-packages/airflow/example_dags/example_short_circuit_operator.py
[2022-10-12 18:29:05,923] {processor.py:654} INFO - DAG(s) dict_keys(['example_short_circuit_operator']) retrieved from /Users/renatomelo/Downloads/airflow_tooltorial/airflow-local/venv/lib/python3.9/site-packages/airflow/example_dags/example_short_circuit_operator.py
[2022-10-12 18:29:05,941] {logging_mixin.py:109} INFO - [2022-10-12 18:29:05,941] {dag.py:2396} INFO - Sync 1 DAGs
[2022-10-12 18:29:05,952] {logging_mixin.py:109} INFO - [2022-10-12 18:29:05,952] {dag.py:2935} INFO - Setting next_dagrun for example_short_circuit_operator to 2022-10-11T21:29:05.952307+00:00
[2022-10-12 18:29:05,962] {processor.py:171} INFO - Processing /Users/renatomelo/Downloads/airflow_tooltorial/airflow-local/venv/lib/python3.9/site-packages/airflow/example_dags/example_short_circuit_operator.py took 0.085 seconds
[2022-10-12 18:31:31,274] {processor.py:163} INFO - Started process (PID=8919) to work on /Users/renatomelo/Downloads/airflow_tooltorial/airflow-local/venv/lib/python3.9/site-packages/airflow/example_dags/example_short_circuit_operator.py
[2022-10-12 18:31:31,275] {processor.py:642} INFO - Processing file /Users/renatomelo/Downloads/airflow_tooltorial/airflow-local/venv/lib/python3.9/site-packages/airflow/example_dags/example_short_circuit_operator.py for tasks to queue
[2022-10-12 18:31:31,275] {logging_mixin.py:109} INFO - [2022-10-12 18:31:31,275] {dagbag.py:500} INFO - Filling up the DagBag from /Users/renatomelo/Downloads/airflow_tooltorial/airflow-local/venv/lib/python3.9/site-packages/airflow/example_dags/example_short_circuit_operator.py
[2022-10-12 18:31:31,322] {processor.py:654} INFO - DAG(s) dict_keys(['example_short_circuit_operator']) retrieved from /Users/renatomelo/Downloads/airflow_tooltorial/airflow-local/venv/lib/python3.9/site-packages/airflow/example_dags/example_short_circuit_operator.py
[2022-10-12 18:31:31,341] {logging_mixin.py:109} INFO - [2022-10-12 18:31:31,340] {dag.py:2396} INFO - Sync 1 DAGs
[2022-10-12 18:31:31,351] {logging_mixin.py:109} INFO - [2022-10-12 18:31:31,351] {dag.py:2935} INFO - Setting next_dagrun for example_short_circuit_operator to 2022-10-11T21:31:31.351320+00:00
[2022-10-12 18:31:31,363] {processor.py:171} INFO - Processing /Users/renatomelo/Downloads/airflow_tooltorial/airflow-local/venv/lib/python3.9/site-packages/airflow/example_dags/example_short_circuit_operator.py took 0.089 seconds
[2022-10-12 18:33:55,378] {processor.py:163} INFO - Started process (PID=8974) to work on /Users/renatomelo/Downloads/airflow_tooltorial/airflow-local/venv/lib/python3.9/site-packages/airflow/example_dags/example_short_circuit_operator.py
[2022-10-12 18:33:55,379] {processor.py:642} INFO - Processing file /Users/renatomelo/Downloads/airflow_tooltorial/airflow-local/venv/lib/python3.9/site-packages/airflow/example_dags/example_short_circuit_operator.py for tasks to queue
[2022-10-12 18:33:55,380] {logging_mixin.py:109} INFO - [2022-10-12 18:33:55,380] {dagbag.py:500} INFO - Filling up the DagBag from /Users/renatomelo/Downloads/airflow_tooltorial/airflow-local/venv/lib/python3.9/site-packages/airflow/example_dags/example_short_circuit_operator.py
[2022-10-12 18:33:55,431] {processor.py:654} INFO - DAG(s) dict_keys(['example_short_circuit_operator']) retrieved from /Users/renatomelo/Downloads/airflow_tooltorial/airflow-local/venv/lib/python3.9/site-packages/airflow/example_dags/example_short_circuit_operator.py
[2022-10-12 18:33:55,450] {logging_mixin.py:109} INFO - [2022-10-12 18:33:55,450] {dag.py:2396} INFO - Sync 1 DAGs
[2022-10-12 18:33:55,462] {logging_mixin.py:109} INFO - [2022-10-12 18:33:55,462] {dag.py:2935} INFO - Setting next_dagrun for example_short_circuit_operator to 2022-10-11T21:33:55.462268+00:00
[2022-10-12 18:33:55,471] {processor.py:171} INFO - Processing /Users/renatomelo/Downloads/airflow_tooltorial/airflow-local/venv/lib/python3.9/site-packages/airflow/example_dags/example_short_circuit_operator.py took 0.094 seconds
