[2022-10-12 18:05:56,067] {processor.py:163} INFO - Started process (PID=8063) to work on /Users/renatomelo/Downloads/airflow_tooltorial/airflow-local/venv/lib/python3.9/site-packages/airflow/example_dags/example_bash_operator.py
[2022-10-12 18:05:56,068] {processor.py:642} INFO - Processing file /Users/renatomelo/Downloads/airflow_tooltorial/airflow-local/venv/lib/python3.9/site-packages/airflow/example_dags/example_bash_operator.py for tasks to queue
[2022-10-12 18:05:56,069] {logging_mixin.py:109} INFO - [2022-10-12 18:05:56,069] {dagbag.py:500} INFO - Filling up the DagBag from /Users/renatomelo/Downloads/airflow_tooltorial/airflow-local/venv/lib/python3.9/site-packages/airflow/example_dags/example_bash_operator.py
[2022-10-12 18:05:56,169] {processor.py:654} INFO - DAG(s) dict_keys(['example_bash_operator']) retrieved from /Users/renatomelo/Downloads/airflow_tooltorial/airflow-local/venv/lib/python3.9/site-packages/airflow/example_dags/example_bash_operator.py
[2022-10-12 18:05:56,217] {logging_mixin.py:109} INFO - [2022-10-12 18:05:56,217] {dag.py:2396} INFO - Sync 1 DAGs
[2022-10-12 18:05:56,243] {logging_mixin.py:109} INFO - [2022-10-12 18:05:56,243] {dag.py:2935} INFO - Setting next_dagrun for example_bash_operator to 2022-10-11 00:00:00+00:00
[2022-10-12 18:05:56,262] {processor.py:171} INFO - Processing /Users/renatomelo/Downloads/airflow_tooltorial/airflow-local/venv/lib/python3.9/site-packages/airflow/example_dags/example_bash_operator.py took 0.197 seconds
[2022-10-12 18:08:40,398] {processor.py:163} INFO - Started process (PID=8283) to work on /Users/renatomelo/Downloads/airflow_tooltorial/airflow-local/venv/lib/python3.9/site-packages/airflow/example_dags/example_bash_operator.py
[2022-10-12 18:08:40,398] {processor.py:642} INFO - Processing file /Users/renatomelo/Downloads/airflow_tooltorial/airflow-local/venv/lib/python3.9/site-packages/airflow/example_dags/example_bash_operator.py for tasks to queue
[2022-10-12 18:08:40,399] {logging_mixin.py:109} INFO - [2022-10-12 18:08:40,399] {dagbag.py:500} INFO - Filling up the DagBag from /Users/renatomelo/Downloads/airflow_tooltorial/airflow-local/venv/lib/python3.9/site-packages/airflow/example_dags/example_bash_operator.py
[2022-10-12 18:08:40,438] {processor.py:654} INFO - DAG(s) dict_keys(['example_bash_operator']) retrieved from /Users/renatomelo/Downloads/airflow_tooltorial/airflow-local/venv/lib/python3.9/site-packages/airflow/example_dags/example_bash_operator.py
[2022-10-12 18:08:40,459] {logging_mixin.py:109} INFO - [2022-10-12 18:08:40,459] {dag.py:2396} INFO - Sync 1 DAGs
[2022-10-12 18:08:40,470] {logging_mixin.py:109} INFO - [2022-10-12 18:08:40,470] {dag.py:2935} INFO - Setting next_dagrun for example_bash_operator to 2022-10-11 00:00:00+00:00
[2022-10-12 18:08:40,479] {processor.py:171} INFO - Processing /Users/renatomelo/Downloads/airflow_tooltorial/airflow-local/venv/lib/python3.9/site-packages/airflow/example_dags/example_bash_operator.py took 0.082 seconds
[2022-10-12 18:11:49,950] {processor.py:163} INFO - Started process (PID=8391) to work on /Users/renatomelo/Downloads/airflow_tooltorial/airflow-local/venv/lib/python3.9/site-packages/airflow/example_dags/example_bash_operator.py
[2022-10-12 18:11:49,951] {processor.py:642} INFO - Processing file /Users/renatomelo/Downloads/airflow_tooltorial/airflow-local/venv/lib/python3.9/site-packages/airflow/example_dags/example_bash_operator.py for tasks to queue
[2022-10-12 18:11:49,956] {logging_mixin.py:109} INFO - [2022-10-12 18:11:49,956] {dagbag.py:500} INFO - Filling up the DagBag from /Users/renatomelo/Downloads/airflow_tooltorial/airflow-local/venv/lib/python3.9/site-packages/airflow/example_dags/example_bash_operator.py
[2022-10-12 18:11:50,045] {processor.py:654} INFO - DAG(s) dict_keys(['example_bash_operator']) retrieved from /Users/renatomelo/Downloads/airflow_tooltorial/airflow-local/venv/lib/python3.9/site-packages/airflow/example_dags/example_bash_operator.py
[2022-10-12 18:11:50,078] {logging_mixin.py:109} INFO - [2022-10-12 18:11:50,078] {dag.py:2396} INFO - Sync 1 DAGs
[2022-10-12 18:11:50,104] {logging_mixin.py:109} INFO - [2022-10-12 18:11:50,104] {dag.py:2935} INFO - Setting next_dagrun for example_bash_operator to 2022-10-11 00:00:00+00:00
[2022-10-12 18:11:50,121] {processor.py:171} INFO - Processing /Users/renatomelo/Downloads/airflow_tooltorial/airflow-local/venv/lib/python3.9/site-packages/airflow/example_dags/example_bash_operator.py took 0.172 seconds
[2022-10-12 18:14:44,472] {processor.py:163} INFO - Started process (PID=8450) to work on /Users/renatomelo/Downloads/airflow_tooltorial/airflow-local/venv/lib/python3.9/site-packages/airflow/example_dags/example_bash_operator.py
[2022-10-12 18:14:44,478] {processor.py:642} INFO - Processing file /Users/renatomelo/Downloads/airflow_tooltorial/airflow-local/venv/lib/python3.9/site-packages/airflow/example_dags/example_bash_operator.py for tasks to queue
[2022-10-12 18:14:44,488] {logging_mixin.py:109} INFO - [2022-10-12 18:14:44,488] {dagbag.py:500} INFO - Filling up the DagBag from /Users/renatomelo/Downloads/airflow_tooltorial/airflow-local/venv/lib/python3.9/site-packages/airflow/example_dags/example_bash_operator.py
[2022-10-12 18:14:44,580] {processor.py:654} INFO - DAG(s) dict_keys(['example_bash_operator']) retrieved from /Users/renatomelo/Downloads/airflow_tooltorial/airflow-local/venv/lib/python3.9/site-packages/airflow/example_dags/example_bash_operator.py
[2022-10-12 18:14:44,605] {logging_mixin.py:109} INFO - [2022-10-12 18:14:44,605] {dag.py:2396} INFO - Sync 1 DAGs
[2022-10-12 18:14:44,621] {logging_mixin.py:109} INFO - [2022-10-12 18:14:44,621] {dag.py:2935} INFO - Setting next_dagrun for example_bash_operator to 2022-10-11 00:00:00+00:00
[2022-10-12 18:14:44,633] {processor.py:171} INFO - Processing /Users/renatomelo/Downloads/airflow_tooltorial/airflow-local/venv/lib/python3.9/site-packages/airflow/example_dags/example_bash_operator.py took 0.162 seconds
[2022-10-12 18:17:31,492] {processor.py:163} INFO - Started process (PID=8510) to work on /Users/renatomelo/Downloads/airflow_tooltorial/airflow-local/venv/lib/python3.9/site-packages/airflow/example_dags/example_bash_operator.py
[2022-10-12 18:17:31,493] {processor.py:642} INFO - Processing file /Users/renatomelo/Downloads/airflow_tooltorial/airflow-local/venv/lib/python3.9/site-packages/airflow/example_dags/example_bash_operator.py for tasks to queue
[2022-10-12 18:17:31,494] {logging_mixin.py:109} INFO - [2022-10-12 18:17:31,494] {dagbag.py:500} INFO - Filling up the DagBag from /Users/renatomelo/Downloads/airflow_tooltorial/airflow-local/venv/lib/python3.9/site-packages/airflow/example_dags/example_bash_operator.py
[2022-10-12 18:17:31,539] {processor.py:654} INFO - DAG(s) dict_keys(['example_bash_operator']) retrieved from /Users/renatomelo/Downloads/airflow_tooltorial/airflow-local/venv/lib/python3.9/site-packages/airflow/example_dags/example_bash_operator.py
[2022-10-12 18:17:31,558] {logging_mixin.py:109} INFO - [2022-10-12 18:17:31,558] {dag.py:2396} INFO - Sync 1 DAGs
[2022-10-12 18:17:31,570] {logging_mixin.py:109} INFO - [2022-10-12 18:17:31,570] {dag.py:2935} INFO - Setting next_dagrun for example_bash_operator to 2022-10-11 00:00:00+00:00
[2022-10-12 18:17:31,580] {processor.py:171} INFO - Processing /Users/renatomelo/Downloads/airflow_tooltorial/airflow-local/venv/lib/python3.9/site-packages/airflow/example_dags/example_bash_operator.py took 0.089 seconds
[2022-10-12 18:19:49,323] {processor.py:163} INFO - Started process (PID=8563) to work on /Users/renatomelo/Downloads/airflow_tooltorial/airflow-local/venv/lib/python3.9/site-packages/airflow/example_dags/example_bash_operator.py
[2022-10-12 18:19:49,324] {processor.py:642} INFO - Processing file /Users/renatomelo/Downloads/airflow_tooltorial/airflow-local/venv/lib/python3.9/site-packages/airflow/example_dags/example_bash_operator.py for tasks to queue
[2022-10-12 18:19:49,324] {logging_mixin.py:109} INFO - [2022-10-12 18:19:49,324] {dagbag.py:500} INFO - Filling up the DagBag from /Users/renatomelo/Downloads/airflow_tooltorial/airflow-local/venv/lib/python3.9/site-packages/airflow/example_dags/example_bash_operator.py
[2022-10-12 18:19:49,377] {processor.py:654} INFO - DAG(s) dict_keys(['example_bash_operator']) retrieved from /Users/renatomelo/Downloads/airflow_tooltorial/airflow-local/venv/lib/python3.9/site-packages/airflow/example_dags/example_bash_operator.py
[2022-10-12 18:19:49,397] {logging_mixin.py:109} INFO - [2022-10-12 18:19:49,397] {dag.py:2396} INFO - Sync 1 DAGs
[2022-10-12 18:19:49,407] {logging_mixin.py:109} INFO - [2022-10-12 18:19:49,407] {dag.py:2935} INFO - Setting next_dagrun for example_bash_operator to 2022-10-11 00:00:00+00:00
[2022-10-12 18:19:49,422] {processor.py:171} INFO - Processing /Users/renatomelo/Downloads/airflow_tooltorial/airflow-local/venv/lib/python3.9/site-packages/airflow/example_dags/example_bash_operator.py took 0.101 seconds
[2022-10-12 18:22:14,608] {processor.py:163} INFO - Started process (PID=8627) to work on /Users/renatomelo/Downloads/airflow_tooltorial/airflow-local/venv/lib/python3.9/site-packages/airflow/example_dags/example_bash_operator.py
[2022-10-12 18:22:14,610] {processor.py:642} INFO - Processing file /Users/renatomelo/Downloads/airflow_tooltorial/airflow-local/venv/lib/python3.9/site-packages/airflow/example_dags/example_bash_operator.py for tasks to queue
[2022-10-12 18:22:14,611] {logging_mixin.py:109} INFO - [2022-10-12 18:22:14,610] {dagbag.py:500} INFO - Filling up the DagBag from /Users/renatomelo/Downloads/airflow_tooltorial/airflow-local/venv/lib/python3.9/site-packages/airflow/example_dags/example_bash_operator.py
[2022-10-12 18:22:14,661] {processor.py:654} INFO - DAG(s) dict_keys(['example_bash_operator']) retrieved from /Users/renatomelo/Downloads/airflow_tooltorial/airflow-local/venv/lib/python3.9/site-packages/airflow/example_dags/example_bash_operator.py
[2022-10-12 18:22:14,687] {logging_mixin.py:109} INFO - [2022-10-12 18:22:14,687] {dag.py:2396} INFO - Sync 1 DAGs
[2022-10-12 18:22:14,700] {logging_mixin.py:109} INFO - [2022-10-12 18:22:14,700] {dag.py:2935} INFO - Setting next_dagrun for example_bash_operator to 2022-10-11 00:00:00+00:00
[2022-10-12 18:22:14,711] {processor.py:171} INFO - Processing /Users/renatomelo/Downloads/airflow_tooltorial/airflow-local/venv/lib/python3.9/site-packages/airflow/example_dags/example_bash_operator.py took 0.103 seconds
[2022-10-12 18:24:42,944] {processor.py:163} INFO - Started process (PID=8703) to work on /Users/renatomelo/Downloads/airflow_tooltorial/airflow-local/venv/lib/python3.9/site-packages/airflow/example_dags/example_bash_operator.py
[2022-10-12 18:24:42,946] {processor.py:642} INFO - Processing file /Users/renatomelo/Downloads/airflow_tooltorial/airflow-local/venv/lib/python3.9/site-packages/airflow/example_dags/example_bash_operator.py for tasks to queue
[2022-10-12 18:24:42,948] {logging_mixin.py:109} INFO - [2022-10-12 18:24:42,948] {dagbag.py:500} INFO - Filling up the DagBag from /Users/renatomelo/Downloads/airflow_tooltorial/airflow-local/venv/lib/python3.9/site-packages/airflow/example_dags/example_bash_operator.py
[2022-10-12 18:24:43,017] {processor.py:654} INFO - DAG(s) dict_keys(['example_bash_operator']) retrieved from /Users/renatomelo/Downloads/airflow_tooltorial/airflow-local/venv/lib/python3.9/site-packages/airflow/example_dags/example_bash_operator.py
[2022-10-12 18:24:43,498] {logging_mixin.py:109} INFO - [2022-10-12 18:24:43,497] {dag.py:2396} INFO - Sync 1 DAGs
[2022-10-12 18:24:43,517] {logging_mixin.py:109} INFO - [2022-10-12 18:24:43,517] {dag.py:2935} INFO - Setting next_dagrun for example_bash_operator to 2022-10-11 00:00:00+00:00
[2022-10-12 18:24:43,539] {processor.py:171} INFO - Processing /Users/renatomelo/Downloads/airflow_tooltorial/airflow-local/venv/lib/python3.9/site-packages/airflow/example_dags/example_bash_operator.py took 0.595 seconds
[2022-10-12 18:27:17,503] {processor.py:163} INFO - Started process (PID=8771) to work on /Users/renatomelo/Downloads/airflow_tooltorial/airflow-local/venv/lib/python3.9/site-packages/airflow/example_dags/example_bash_operator.py
[2022-10-12 18:27:17,503] {processor.py:642} INFO - Processing file /Users/renatomelo/Downloads/airflow_tooltorial/airflow-local/venv/lib/python3.9/site-packages/airflow/example_dags/example_bash_operator.py for tasks to queue
[2022-10-12 18:27:17,504] {logging_mixin.py:109} INFO - [2022-10-12 18:27:17,504] {dagbag.py:500} INFO - Filling up the DagBag from /Users/renatomelo/Downloads/airflow_tooltorial/airflow-local/venv/lib/python3.9/site-packages/airflow/example_dags/example_bash_operator.py
[2022-10-12 18:27:17,543] {processor.py:654} INFO - DAG(s) dict_keys(['example_bash_operator']) retrieved from /Users/renatomelo/Downloads/airflow_tooltorial/airflow-local/venv/lib/python3.9/site-packages/airflow/example_dags/example_bash_operator.py
[2022-10-12 18:27:17,563] {logging_mixin.py:109} INFO - [2022-10-12 18:27:17,563] {dag.py:2396} INFO - Sync 1 DAGs
[2022-10-12 18:27:17,575] {logging_mixin.py:109} INFO - [2022-10-12 18:27:17,575] {dag.py:2935} INFO - Setting next_dagrun for example_bash_operator to 2022-10-11 00:00:00+00:00
[2022-10-12 18:27:17,586] {processor.py:171} INFO - Processing /Users/renatomelo/Downloads/airflow_tooltorial/airflow-local/venv/lib/python3.9/site-packages/airflow/example_dags/example_bash_operator.py took 0.084 seconds
[2022-10-12 18:29:25,194] {processor.py:163} INFO - Started process (PID=8839) to work on /Users/renatomelo/Downloads/airflow_tooltorial/airflow-local/venv/lib/python3.9/site-packages/airflow/example_dags/example_bash_operator.py
[2022-10-12 18:29:25,194] {processor.py:642} INFO - Processing file /Users/renatomelo/Downloads/airflow_tooltorial/airflow-local/venv/lib/python3.9/site-packages/airflow/example_dags/example_bash_operator.py for tasks to queue
[2022-10-12 18:29:25,195] {logging_mixin.py:109} INFO - [2022-10-12 18:29:25,195] {dagbag.py:500} INFO - Filling up the DagBag from /Users/renatomelo/Downloads/airflow_tooltorial/airflow-local/venv/lib/python3.9/site-packages/airflow/example_dags/example_bash_operator.py
[2022-10-12 18:29:25,231] {processor.py:654} INFO - DAG(s) dict_keys(['example_bash_operator']) retrieved from /Users/renatomelo/Downloads/airflow_tooltorial/airflow-local/venv/lib/python3.9/site-packages/airflow/example_dags/example_bash_operator.py
[2022-10-12 18:29:25,249] {logging_mixin.py:109} INFO - [2022-10-12 18:29:25,249] {dag.py:2396} INFO - Sync 1 DAGs
[2022-10-12 18:29:25,259] {logging_mixin.py:109} INFO - [2022-10-12 18:29:25,259] {dag.py:2935} INFO - Setting next_dagrun for example_bash_operator to 2022-10-11 00:00:00+00:00
[2022-10-12 18:29:25,271] {processor.py:171} INFO - Processing /Users/renatomelo/Downloads/airflow_tooltorial/airflow-local/venv/lib/python3.9/site-packages/airflow/example_dags/example_bash_operator.py took 0.078 seconds
[2022-10-12 18:31:55,251] {processor.py:163} INFO - Started process (PID=8927) to work on /Users/renatomelo/Downloads/airflow_tooltorial/airflow-local/venv/lib/python3.9/site-packages/airflow/example_dags/example_bash_operator.py
[2022-10-12 18:31:55,251] {processor.py:642} INFO - Processing file /Users/renatomelo/Downloads/airflow_tooltorial/airflow-local/venv/lib/python3.9/site-packages/airflow/example_dags/example_bash_operator.py for tasks to queue
[2022-10-12 18:31:55,251] {logging_mixin.py:109} INFO - [2022-10-12 18:31:55,251] {dagbag.py:500} INFO - Filling up the DagBag from /Users/renatomelo/Downloads/airflow_tooltorial/airflow-local/venv/lib/python3.9/site-packages/airflow/example_dags/example_bash_operator.py
[2022-10-12 18:31:55,293] {processor.py:654} INFO - DAG(s) dict_keys(['example_bash_operator']) retrieved from /Users/renatomelo/Downloads/airflow_tooltorial/airflow-local/venv/lib/python3.9/site-packages/airflow/example_dags/example_bash_operator.py
[2022-10-12 18:31:55,316] {logging_mixin.py:109} INFO - [2022-10-12 18:31:55,315] {dag.py:2396} INFO - Sync 1 DAGs
[2022-10-12 18:31:55,331] {logging_mixin.py:109} INFO - [2022-10-12 18:31:55,331] {dag.py:2935} INFO - Setting next_dagrun for example_bash_operator to 2022-10-11 00:00:00+00:00
[2022-10-12 18:31:55,341] {processor.py:171} INFO - Processing /Users/renatomelo/Downloads/airflow_tooltorial/airflow-local/venv/lib/python3.9/site-packages/airflow/example_dags/example_bash_operator.py took 0.091 seconds
[2022-10-12 18:34:14,056] {processor.py:163} INFO - Started process (PID=8983) to work on /Users/renatomelo/Downloads/airflow_tooltorial/airflow-local/venv/lib/python3.9/site-packages/airflow/example_dags/example_bash_operator.py
[2022-10-12 18:34:14,058] {processor.py:642} INFO - Processing file /Users/renatomelo/Downloads/airflow_tooltorial/airflow-local/venv/lib/python3.9/site-packages/airflow/example_dags/example_bash_operator.py for tasks to queue
[2022-10-12 18:34:14,059] {logging_mixin.py:109} INFO - [2022-10-12 18:34:14,059] {dagbag.py:500} INFO - Filling up the DagBag from /Users/renatomelo/Downloads/airflow_tooltorial/airflow-local/venv/lib/python3.9/site-packages/airflow/example_dags/example_bash_operator.py
[2022-10-12 18:34:14,108] {processor.py:654} INFO - DAG(s) dict_keys(['example_bash_operator']) retrieved from /Users/renatomelo/Downloads/airflow_tooltorial/airflow-local/venv/lib/python3.9/site-packages/airflow/example_dags/example_bash_operator.py
[2022-10-12 18:34:14,127] {logging_mixin.py:109} INFO - [2022-10-12 18:34:14,127] {dag.py:2396} INFO - Sync 1 DAGs
[2022-10-12 18:34:14,138] {logging_mixin.py:109} INFO - [2022-10-12 18:34:14,138] {dag.py:2935} INFO - Setting next_dagrun for example_bash_operator to 2022-10-11 00:00:00+00:00
[2022-10-12 18:34:14,147] {processor.py:171} INFO - Processing /Users/renatomelo/Downloads/airflow_tooltorial/airflow-local/venv/lib/python3.9/site-packages/airflow/example_dags/example_bash_operator.py took 0.091 seconds
