[2022-10-12 18:04:31,909] {processor.py:163} INFO - Started process (PID=7925) to work on /Users/renatomelo/Downloads/airflow_tooltorial/airflow-local/venv/lib/python3.9/site-packages/airflow/example_dags/example_trigger_target_dag.py
[2022-10-12 18:04:31,909] {processor.py:642} INFO - Processing file /Users/renatomelo/Downloads/airflow_tooltorial/airflow-local/venv/lib/python3.9/site-packages/airflow/example_dags/example_trigger_target_dag.py for tasks to queue
[2022-10-12 18:04:31,910] {logging_mixin.py:109} INFO - [2022-10-12 18:04:31,909] {dagbag.py:500} INFO - Filling up the DagBag from /Users/renatomelo/Downloads/airflow_tooltorial/airflow-local/venv/lib/python3.9/site-packages/airflow/example_dags/example_trigger_target_dag.py
[2022-10-12 18:04:31,969] {processor.py:654} INFO - DAG(s) dict_keys(['example_trigger_target_dag']) retrieved from /Users/renatomelo/Downloads/airflow_tooltorial/airflow-local/venv/lib/python3.9/site-packages/airflow/example_dags/example_trigger_target_dag.py
[2022-10-12 18:04:31,991] {logging_mixin.py:109} INFO - [2022-10-12 18:04:31,991] {dag.py:2396} INFO - Sync 1 DAGs
[2022-10-12 18:04:32,000] {logging_mixin.py:109} INFO - [2022-10-12 18:04:32,000] {dag.py:2935} INFO - Setting next_dagrun for example_trigger_target_dag to None
[2022-10-12 18:04:32,015] {processor.py:171} INFO - Processing /Users/renatomelo/Downloads/airflow_tooltorial/airflow-local/venv/lib/python3.9/site-packages/airflow/example_dags/example_trigger_target_dag.py took 0.107 seconds
[2022-10-12 18:06:31,257] {processor.py:163} INFO - Started process (PID=8138) to work on /Users/renatomelo/Downloads/airflow_tooltorial/airflow-local/venv/lib/python3.9/site-packages/airflow/example_dags/example_trigger_target_dag.py
[2022-10-12 18:06:31,258] {processor.py:642} INFO - Processing file /Users/renatomelo/Downloads/airflow_tooltorial/airflow-local/venv/lib/python3.9/site-packages/airflow/example_dags/example_trigger_target_dag.py for tasks to queue
[2022-10-12 18:06:31,259] {logging_mixin.py:109} INFO - [2022-10-12 18:06:31,259] {dagbag.py:500} INFO - Filling up the DagBag from /Users/renatomelo/Downloads/airflow_tooltorial/airflow-local/venv/lib/python3.9/site-packages/airflow/example_dags/example_trigger_target_dag.py
[2022-10-12 18:06:31,343] {processor.py:654} INFO - DAG(s) dict_keys(['example_trigger_target_dag']) retrieved from /Users/renatomelo/Downloads/airflow_tooltorial/airflow-local/venv/lib/python3.9/site-packages/airflow/example_dags/example_trigger_target_dag.py
[2022-10-12 18:06:31,370] {logging_mixin.py:109} INFO - [2022-10-12 18:06:31,370] {dag.py:2396} INFO - Sync 1 DAGs
[2022-10-12 18:06:31,387] {logging_mixin.py:109} INFO - [2022-10-12 18:06:31,387] {dag.py:2935} INFO - Setting next_dagrun for example_trigger_target_dag to None
[2022-10-12 18:06:31,400] {processor.py:171} INFO - Processing /Users/renatomelo/Downloads/airflow_tooltorial/airflow-local/venv/lib/python3.9/site-packages/airflow/example_dags/example_trigger_target_dag.py took 0.147 seconds
[2022-10-12 18:07:55,506] {processor.py:163} INFO - Started process (PID=8258) to work on /Users/renatomelo/Downloads/airflow_tooltorial/airflow-local/venv/lib/python3.9/site-packages/airflow/example_dags/example_trigger_target_dag.py
[2022-10-12 18:07:55,507] {processor.py:642} INFO - Processing file /Users/renatomelo/Downloads/airflow_tooltorial/airflow-local/venv/lib/python3.9/site-packages/airflow/example_dags/example_trigger_target_dag.py for tasks to queue
[2022-10-12 18:07:55,507] {logging_mixin.py:109} INFO - [2022-10-12 18:07:55,507] {dagbag.py:500} INFO - Filling up the DagBag from /Users/renatomelo/Downloads/airflow_tooltorial/airflow-local/venv/lib/python3.9/site-packages/airflow/example_dags/example_trigger_target_dag.py
[2022-10-12 18:07:55,571] {processor.py:654} INFO - DAG(s) dict_keys(['example_trigger_target_dag']) retrieved from /Users/renatomelo/Downloads/airflow_tooltorial/airflow-local/venv/lib/python3.9/site-packages/airflow/example_dags/example_trigger_target_dag.py
[2022-10-12 18:07:55,611] {logging_mixin.py:109} INFO - [2022-10-12 18:07:55,611] {dag.py:2396} INFO - Sync 1 DAGs
[2022-10-12 18:07:55,632] {logging_mixin.py:109} INFO - [2022-10-12 18:07:55,632] {dag.py:2935} INFO - Setting next_dagrun for example_trigger_target_dag to None
[2022-10-12 18:07:55,665] {processor.py:171} INFO - Processing /Users/renatomelo/Downloads/airflow_tooltorial/airflow-local/venv/lib/python3.9/site-packages/airflow/example_dags/example_trigger_target_dag.py took 0.160 seconds
[2022-10-12 18:09:13,682] {processor.py:163} INFO - Started process (PID=8296) to work on /Users/renatomelo/Downloads/airflow_tooltorial/airflow-local/venv/lib/python3.9/site-packages/airflow/example_dags/example_trigger_target_dag.py
[2022-10-12 18:09:13,682] {processor.py:642} INFO - Processing file /Users/renatomelo/Downloads/airflow_tooltorial/airflow-local/venv/lib/python3.9/site-packages/airflow/example_dags/example_trigger_target_dag.py for tasks to queue
[2022-10-12 18:09:13,683] {logging_mixin.py:109} INFO - [2022-10-12 18:09:13,683] {dagbag.py:500} INFO - Filling up the DagBag from /Users/renatomelo/Downloads/airflow_tooltorial/airflow-local/venv/lib/python3.9/site-packages/airflow/example_dags/example_trigger_target_dag.py
[2022-10-12 18:09:13,743] {processor.py:654} INFO - DAG(s) dict_keys(['example_trigger_target_dag']) retrieved from /Users/renatomelo/Downloads/airflow_tooltorial/airflow-local/venv/lib/python3.9/site-packages/airflow/example_dags/example_trigger_target_dag.py
[2022-10-12 18:09:13,763] {logging_mixin.py:109} INFO - [2022-10-12 18:09:13,763] {dag.py:2396} INFO - Sync 1 DAGs
[2022-10-12 18:09:13,773] {logging_mixin.py:109} INFO - [2022-10-12 18:09:13,773] {dag.py:2935} INFO - Setting next_dagrun for example_trigger_target_dag to None
[2022-10-12 18:09:13,784] {processor.py:171} INFO - Processing /Users/renatomelo/Downloads/airflow_tooltorial/airflow-local/venv/lib/python3.9/site-packages/airflow/example_dags/example_trigger_target_dag.py took 0.103 seconds
[2022-10-12 18:10:49,172] {processor.py:163} INFO - Started process (PID=8361) to work on /Users/renatomelo/Downloads/airflow_tooltorial/airflow-local/venv/lib/python3.9/site-packages/airflow/example_dags/example_trigger_target_dag.py
[2022-10-12 18:10:49,174] {processor.py:642} INFO - Processing file /Users/renatomelo/Downloads/airflow_tooltorial/airflow-local/venv/lib/python3.9/site-packages/airflow/example_dags/example_trigger_target_dag.py for tasks to queue
[2022-10-12 18:10:49,175] {logging_mixin.py:109} INFO - [2022-10-12 18:10:49,175] {dagbag.py:500} INFO - Filling up the DagBag from /Users/renatomelo/Downloads/airflow_tooltorial/airflow-local/venv/lib/python3.9/site-packages/airflow/example_dags/example_trigger_target_dag.py
[2022-10-12 18:10:49,447] {processor.py:654} INFO - DAG(s) dict_keys(['example_trigger_target_dag']) retrieved from /Users/renatomelo/Downloads/airflow_tooltorial/airflow-local/venv/lib/python3.9/site-packages/airflow/example_dags/example_trigger_target_dag.py
[2022-10-12 18:10:49,652] {logging_mixin.py:109} INFO - [2022-10-12 18:10:49,651] {dag.py:2396} INFO - Sync 1 DAGs
[2022-10-12 18:10:49,673] {logging_mixin.py:109} INFO - [2022-10-12 18:10:49,672] {dag.py:2935} INFO - Setting next_dagrun for example_trigger_target_dag to None
[2022-10-12 18:10:49,706] {processor.py:171} INFO - Processing /Users/renatomelo/Downloads/airflow_tooltorial/airflow-local/venv/lib/python3.9/site-packages/airflow/example_dags/example_trigger_target_dag.py took 0.534 seconds
[2022-10-12 18:12:22,945] {processor.py:163} INFO - Started process (PID=8402) to work on /Users/renatomelo/Downloads/airflow_tooltorial/airflow-local/venv/lib/python3.9/site-packages/airflow/example_dags/example_trigger_target_dag.py
[2022-10-12 18:12:22,946] {processor.py:642} INFO - Processing file /Users/renatomelo/Downloads/airflow_tooltorial/airflow-local/venv/lib/python3.9/site-packages/airflow/example_dags/example_trigger_target_dag.py for tasks to queue
[2022-10-12 18:12:22,946] {logging_mixin.py:109} INFO - [2022-10-12 18:12:22,946] {dagbag.py:500} INFO - Filling up the DagBag from /Users/renatomelo/Downloads/airflow_tooltorial/airflow-local/venv/lib/python3.9/site-packages/airflow/example_dags/example_trigger_target_dag.py
[2022-10-12 18:12:23,006] {processor.py:654} INFO - DAG(s) dict_keys(['example_trigger_target_dag']) retrieved from /Users/renatomelo/Downloads/airflow_tooltorial/airflow-local/venv/lib/python3.9/site-packages/airflow/example_dags/example_trigger_target_dag.py
[2022-10-12 18:12:23,027] {logging_mixin.py:109} INFO - [2022-10-12 18:12:23,027] {dag.py:2396} INFO - Sync 1 DAGs
[2022-10-12 18:12:23,039] {logging_mixin.py:109} INFO - [2022-10-12 18:12:23,039] {dag.py:2935} INFO - Setting next_dagrun for example_trigger_target_dag to None
[2022-10-12 18:12:23,049] {processor.py:171} INFO - Processing /Users/renatomelo/Downloads/airflow_tooltorial/airflow-local/venv/lib/python3.9/site-packages/airflow/example_dags/example_trigger_target_dag.py took 0.104 seconds
[2022-10-12 18:13:56,368] {processor.py:163} INFO - Started process (PID=8433) to work on /Users/renatomelo/Downloads/airflow_tooltorial/airflow-local/venv/lib/python3.9/site-packages/airflow/example_dags/example_trigger_target_dag.py
[2022-10-12 18:13:56,370] {processor.py:642} INFO - Processing file /Users/renatomelo/Downloads/airflow_tooltorial/airflow-local/venv/lib/python3.9/site-packages/airflow/example_dags/example_trigger_target_dag.py for tasks to queue
[2022-10-12 18:13:56,371] {logging_mixin.py:109} INFO - [2022-10-12 18:13:56,371] {dagbag.py:500} INFO - Filling up the DagBag from /Users/renatomelo/Downloads/airflow_tooltorial/airflow-local/venv/lib/python3.9/site-packages/airflow/example_dags/example_trigger_target_dag.py
[2022-10-12 18:13:56,432] {processor.py:654} INFO - DAG(s) dict_keys(['example_trigger_target_dag']) retrieved from /Users/renatomelo/Downloads/airflow_tooltorial/airflow-local/venv/lib/python3.9/site-packages/airflow/example_dags/example_trigger_target_dag.py
[2022-10-12 18:13:56,451] {logging_mixin.py:109} INFO - [2022-10-12 18:13:56,451] {dag.py:2396} INFO - Sync 1 DAGs
[2022-10-12 18:13:56,461] {logging_mixin.py:109} INFO - [2022-10-12 18:13:56,461] {dag.py:2935} INFO - Setting next_dagrun for example_trigger_target_dag to None
[2022-10-12 18:13:56,470] {processor.py:171} INFO - Processing /Users/renatomelo/Downloads/airflow_tooltorial/airflow-local/venv/lib/python3.9/site-packages/airflow/example_dags/example_trigger_target_dag.py took 0.103 seconds
[2022-10-12 18:15:18,228] {processor.py:163} INFO - Started process (PID=8461) to work on /Users/renatomelo/Downloads/airflow_tooltorial/airflow-local/venv/lib/python3.9/site-packages/airflow/example_dags/example_trigger_target_dag.py
[2022-10-12 18:15:18,238] {processor.py:642} INFO - Processing file /Users/renatomelo/Downloads/airflow_tooltorial/airflow-local/venv/lib/python3.9/site-packages/airflow/example_dags/example_trigger_target_dag.py for tasks to queue
[2022-10-12 18:15:18,256] {logging_mixin.py:109} INFO - [2022-10-12 18:15:18,255] {dagbag.py:500} INFO - Filling up the DagBag from /Users/renatomelo/Downloads/airflow_tooltorial/airflow-local/venv/lib/python3.9/site-packages/airflow/example_dags/example_trigger_target_dag.py
[2022-10-12 18:15:18,377] {processor.py:654} INFO - DAG(s) dict_keys(['example_trigger_target_dag']) retrieved from /Users/renatomelo/Downloads/airflow_tooltorial/airflow-local/venv/lib/python3.9/site-packages/airflow/example_dags/example_trigger_target_dag.py
[2022-10-12 18:15:18,415] {logging_mixin.py:109} INFO - [2022-10-12 18:15:18,415] {dag.py:2396} INFO - Sync 1 DAGs
[2022-10-12 18:15:18,431] {logging_mixin.py:109} INFO - [2022-10-12 18:15:18,431] {dag.py:2935} INFO - Setting next_dagrun for example_trigger_target_dag to None
[2022-10-12 18:15:18,445] {processor.py:171} INFO - Processing /Users/renatomelo/Downloads/airflow_tooltorial/airflow-local/venv/lib/python3.9/site-packages/airflow/example_dags/example_trigger_target_dag.py took 0.218 seconds
[2022-10-12 18:16:42,553] {processor.py:163} INFO - Started process (PID=8490) to work on /Users/renatomelo/Downloads/airflow_tooltorial/airflow-local/venv/lib/python3.9/site-packages/airflow/example_dags/example_trigger_target_dag.py
[2022-10-12 18:16:42,555] {processor.py:642} INFO - Processing file /Users/renatomelo/Downloads/airflow_tooltorial/airflow-local/venv/lib/python3.9/site-packages/airflow/example_dags/example_trigger_target_dag.py for tasks to queue
[2022-10-12 18:16:42,556] {logging_mixin.py:109} INFO - [2022-10-12 18:16:42,556] {dagbag.py:500} INFO - Filling up the DagBag from /Users/renatomelo/Downloads/airflow_tooltorial/airflow-local/venv/lib/python3.9/site-packages/airflow/example_dags/example_trigger_target_dag.py
[2022-10-12 18:16:42,608] {processor.py:654} INFO - DAG(s) dict_keys(['example_trigger_target_dag']) retrieved from /Users/renatomelo/Downloads/airflow_tooltorial/airflow-local/venv/lib/python3.9/site-packages/airflow/example_dags/example_trigger_target_dag.py
[2022-10-12 18:16:42,626] {logging_mixin.py:109} INFO - [2022-10-12 18:16:42,626] {dag.py:2396} INFO - Sync 1 DAGs
[2022-10-12 18:16:42,635] {logging_mixin.py:109} INFO - [2022-10-12 18:16:42,635] {dag.py:2935} INFO - Setting next_dagrun for example_trigger_target_dag to None
[2022-10-12 18:16:42,645] {processor.py:171} INFO - Processing /Users/renatomelo/Downloads/airflow_tooltorial/airflow-local/venv/lib/python3.9/site-packages/airflow/example_dags/example_trigger_target_dag.py took 0.092 seconds
[2022-10-12 18:17:59,960] {processor.py:163} INFO - Started process (PID=8521) to work on /Users/renatomelo/Downloads/airflow_tooltorial/airflow-local/venv/lib/python3.9/site-packages/airflow/example_dags/example_trigger_target_dag.py
[2022-10-12 18:17:59,960] {processor.py:642} INFO - Processing file /Users/renatomelo/Downloads/airflow_tooltorial/airflow-local/venv/lib/python3.9/site-packages/airflow/example_dags/example_trigger_target_dag.py for tasks to queue
[2022-10-12 18:17:59,961] {logging_mixin.py:109} INFO - [2022-10-12 18:17:59,961] {dagbag.py:500} INFO - Filling up the DagBag from /Users/renatomelo/Downloads/airflow_tooltorial/airflow-local/venv/lib/python3.9/site-packages/airflow/example_dags/example_trigger_target_dag.py
[2022-10-12 18:18:00,011] {processor.py:654} INFO - DAG(s) dict_keys(['example_trigger_target_dag']) retrieved from /Users/renatomelo/Downloads/airflow_tooltorial/airflow-local/venv/lib/python3.9/site-packages/airflow/example_dags/example_trigger_target_dag.py
[2022-10-12 18:18:00,030] {logging_mixin.py:109} INFO - [2022-10-12 18:18:00,030] {dag.py:2396} INFO - Sync 1 DAGs
[2022-10-12 18:18:00,039] {logging_mixin.py:109} INFO - [2022-10-12 18:18:00,039] {dag.py:2935} INFO - Setting next_dagrun for example_trigger_target_dag to None
[2022-10-12 18:18:00,048] {processor.py:171} INFO - Processing /Users/renatomelo/Downloads/airflow_tooltorial/airflow-local/venv/lib/python3.9/site-packages/airflow/example_dags/example_trigger_target_dag.py took 0.089 seconds
[2022-10-12 18:19:08,728] {processor.py:163} INFO - Started process (PID=8548) to work on /Users/renatomelo/Downloads/airflow_tooltorial/airflow-local/venv/lib/python3.9/site-packages/airflow/example_dags/example_trigger_target_dag.py
[2022-10-12 18:19:08,729] {processor.py:642} INFO - Processing file /Users/renatomelo/Downloads/airflow_tooltorial/airflow-local/venv/lib/python3.9/site-packages/airflow/example_dags/example_trigger_target_dag.py for tasks to queue
[2022-10-12 18:19:08,729] {logging_mixin.py:109} INFO - [2022-10-12 18:19:08,729] {dagbag.py:500} INFO - Filling up the DagBag from /Users/renatomelo/Downloads/airflow_tooltorial/airflow-local/venv/lib/python3.9/site-packages/airflow/example_dags/example_trigger_target_dag.py
[2022-10-12 18:19:08,792] {processor.py:654} INFO - DAG(s) dict_keys(['example_trigger_target_dag']) retrieved from /Users/renatomelo/Downloads/airflow_tooltorial/airflow-local/venv/lib/python3.9/site-packages/airflow/example_dags/example_trigger_target_dag.py
[2022-10-12 18:19:08,832] {logging_mixin.py:109} INFO - [2022-10-12 18:19:08,831] {dag.py:2396} INFO - Sync 1 DAGs
[2022-10-12 18:19:08,852] {logging_mixin.py:109} INFO - [2022-10-12 18:19:08,852] {dag.py:2935} INFO - Setting next_dagrun for example_trigger_target_dag to None
[2022-10-12 18:19:08,869] {processor.py:171} INFO - Processing /Users/renatomelo/Downloads/airflow_tooltorial/airflow-local/venv/lib/python3.9/site-packages/airflow/example_dags/example_trigger_target_dag.py took 0.141 seconds
[2022-10-12 18:20:18,366] {processor.py:163} INFO - Started process (PID=8573) to work on /Users/renatomelo/Downloads/airflow_tooltorial/airflow-local/venv/lib/python3.9/site-packages/airflow/example_dags/example_trigger_target_dag.py
[2022-10-12 18:20:18,367] {processor.py:642} INFO - Processing file /Users/renatomelo/Downloads/airflow_tooltorial/airflow-local/venv/lib/python3.9/site-packages/airflow/example_dags/example_trigger_target_dag.py for tasks to queue
[2022-10-12 18:20:18,367] {logging_mixin.py:109} INFO - [2022-10-12 18:20:18,367] {dagbag.py:500} INFO - Filling up the DagBag from /Users/renatomelo/Downloads/airflow_tooltorial/airflow-local/venv/lib/python3.9/site-packages/airflow/example_dags/example_trigger_target_dag.py
[2022-10-12 18:20:18,427] {processor.py:654} INFO - DAG(s) dict_keys(['example_trigger_target_dag']) retrieved from /Users/renatomelo/Downloads/airflow_tooltorial/airflow-local/venv/lib/python3.9/site-packages/airflow/example_dags/example_trigger_target_dag.py
[2022-10-12 18:20:18,449] {logging_mixin.py:109} INFO - [2022-10-12 18:20:18,449] {dag.py:2396} INFO - Sync 1 DAGs
[2022-10-12 18:20:18,460] {logging_mixin.py:109} INFO - [2022-10-12 18:20:18,460] {dag.py:2935} INFO - Setting next_dagrun for example_trigger_target_dag to None
[2022-10-12 18:20:18,471] {processor.py:171} INFO - Processing /Users/renatomelo/Downloads/airflow_tooltorial/airflow-local/venv/lib/python3.9/site-packages/airflow/example_dags/example_trigger_target_dag.py took 0.105 seconds
[2022-10-12 18:21:28,625] {processor.py:163} INFO - Started process (PID=8599) to work on /Users/renatomelo/Downloads/airflow_tooltorial/airflow-local/venv/lib/python3.9/site-packages/airflow/example_dags/example_trigger_target_dag.py
[2022-10-12 18:21:28,626] {processor.py:642} INFO - Processing file /Users/renatomelo/Downloads/airflow_tooltorial/airflow-local/venv/lib/python3.9/site-packages/airflow/example_dags/example_trigger_target_dag.py for tasks to queue
[2022-10-12 18:21:28,626] {logging_mixin.py:109} INFO - [2022-10-12 18:21:28,626] {dagbag.py:500} INFO - Filling up the DagBag from /Users/renatomelo/Downloads/airflow_tooltorial/airflow-local/venv/lib/python3.9/site-packages/airflow/example_dags/example_trigger_target_dag.py
[2022-10-12 18:21:28,676] {processor.py:654} INFO - DAG(s) dict_keys(['example_trigger_target_dag']) retrieved from /Users/renatomelo/Downloads/airflow_tooltorial/airflow-local/venv/lib/python3.9/site-packages/airflow/example_dags/example_trigger_target_dag.py
[2022-10-12 18:21:28,695] {logging_mixin.py:109} INFO - [2022-10-12 18:21:28,695] {dag.py:2396} INFO - Sync 1 DAGs
[2022-10-12 18:21:28,707] {logging_mixin.py:109} INFO - [2022-10-12 18:21:28,707] {dag.py:2935} INFO - Setting next_dagrun for example_trigger_target_dag to None
[2022-10-12 18:21:28,720] {processor.py:171} INFO - Processing /Users/renatomelo/Downloads/airflow_tooltorial/airflow-local/venv/lib/python3.9/site-packages/airflow/example_dags/example_trigger_target_dag.py took 0.095 seconds
[2022-10-12 18:22:42,948] {processor.py:163} INFO - Started process (PID=8640) to work on /Users/renatomelo/Downloads/airflow_tooltorial/airflow-local/venv/lib/python3.9/site-packages/airflow/example_dags/example_trigger_target_dag.py
[2022-10-12 18:22:42,950] {processor.py:642} INFO - Processing file /Users/renatomelo/Downloads/airflow_tooltorial/airflow-local/venv/lib/python3.9/site-packages/airflow/example_dags/example_trigger_target_dag.py for tasks to queue
[2022-10-12 18:22:42,951] {logging_mixin.py:109} INFO - [2022-10-12 18:22:42,951] {dagbag.py:500} INFO - Filling up the DagBag from /Users/renatomelo/Downloads/airflow_tooltorial/airflow-local/venv/lib/python3.9/site-packages/airflow/example_dags/example_trigger_target_dag.py
[2022-10-12 18:22:43,008] {processor.py:654} INFO - DAG(s) dict_keys(['example_trigger_target_dag']) retrieved from /Users/renatomelo/Downloads/airflow_tooltorial/airflow-local/venv/lib/python3.9/site-packages/airflow/example_dags/example_trigger_target_dag.py
[2022-10-12 18:22:43,027] {logging_mixin.py:109} INFO - [2022-10-12 18:22:43,027] {dag.py:2396} INFO - Sync 1 DAGs
[2022-10-12 18:22:43,036] {logging_mixin.py:109} INFO - [2022-10-12 18:22:43,035] {dag.py:2935} INFO - Setting next_dagrun for example_trigger_target_dag to None
[2022-10-12 18:22:43,045] {processor.py:171} INFO - Processing /Users/renatomelo/Downloads/airflow_tooltorial/airflow-local/venv/lib/python3.9/site-packages/airflow/example_dags/example_trigger_target_dag.py took 0.097 seconds
[2022-10-12 18:23:55,788] {processor.py:163} INFO - Started process (PID=8679) to work on /Users/renatomelo/Downloads/airflow_tooltorial/airflow-local/venv/lib/python3.9/site-packages/airflow/example_dags/example_trigger_target_dag.py
[2022-10-12 18:23:55,790] {processor.py:642} INFO - Processing file /Users/renatomelo/Downloads/airflow_tooltorial/airflow-local/venv/lib/python3.9/site-packages/airflow/example_dags/example_trigger_target_dag.py for tasks to queue
[2022-10-12 18:23:55,790] {logging_mixin.py:109} INFO - [2022-10-12 18:23:55,790] {dagbag.py:500} INFO - Filling up the DagBag from /Users/renatomelo/Downloads/airflow_tooltorial/airflow-local/venv/lib/python3.9/site-packages/airflow/example_dags/example_trigger_target_dag.py
[2022-10-12 18:23:55,843] {processor.py:654} INFO - DAG(s) dict_keys(['example_trigger_target_dag']) retrieved from /Users/renatomelo/Downloads/airflow_tooltorial/airflow-local/venv/lib/python3.9/site-packages/airflow/example_dags/example_trigger_target_dag.py
[2022-10-12 18:23:56,091] {logging_mixin.py:109} INFO - [2022-10-12 18:23:56,090] {dag.py:2396} INFO - Sync 1 DAGs
[2022-10-12 18:23:56,100] {logging_mixin.py:109} INFO - [2022-10-12 18:23:56,100] {dag.py:2935} INFO - Setting next_dagrun for example_trigger_target_dag to None
[2022-10-12 18:23:56,113] {processor.py:171} INFO - Processing /Users/renatomelo/Downloads/airflow_tooltorial/airflow-local/venv/lib/python3.9/site-packages/airflow/example_dags/example_trigger_target_dag.py took 0.326 seconds
[2022-10-12 18:25:09,667] {processor.py:163} INFO - Started process (PID=8714) to work on /Users/renatomelo/Downloads/airflow_tooltorial/airflow-local/venv/lib/python3.9/site-packages/airflow/example_dags/example_trigger_target_dag.py
[2022-10-12 18:25:09,668] {processor.py:642} INFO - Processing file /Users/renatomelo/Downloads/airflow_tooltorial/airflow-local/venv/lib/python3.9/site-packages/airflow/example_dags/example_trigger_target_dag.py for tasks to queue
[2022-10-12 18:25:09,668] {logging_mixin.py:109} INFO - [2022-10-12 18:25:09,668] {dagbag.py:500} INFO - Filling up the DagBag from /Users/renatomelo/Downloads/airflow_tooltorial/airflow-local/venv/lib/python3.9/site-packages/airflow/example_dags/example_trigger_target_dag.py
[2022-10-12 18:25:09,717] {processor.py:654} INFO - DAG(s) dict_keys(['example_trigger_target_dag']) retrieved from /Users/renatomelo/Downloads/airflow_tooltorial/airflow-local/venv/lib/python3.9/site-packages/airflow/example_dags/example_trigger_target_dag.py
[2022-10-12 18:25:09,738] {logging_mixin.py:109} INFO - [2022-10-12 18:25:09,737] {dag.py:2396} INFO - Sync 1 DAGs
[2022-10-12 18:25:09,749] {logging_mixin.py:109} INFO - [2022-10-12 18:25:09,749] {dag.py:2935} INFO - Setting next_dagrun for example_trigger_target_dag to None
[2022-10-12 18:25:09,761] {processor.py:171} INFO - Processing /Users/renatomelo/Downloads/airflow_tooltorial/airflow-local/venv/lib/python3.9/site-packages/airflow/example_dags/example_trigger_target_dag.py took 0.094 seconds
[2022-10-12 18:26:27,443] {processor.py:163} INFO - Started process (PID=8750) to work on /Users/renatomelo/Downloads/airflow_tooltorial/airflow-local/venv/lib/python3.9/site-packages/airflow/example_dags/example_trigger_target_dag.py
[2022-10-12 18:26:27,444] {processor.py:642} INFO - Processing file /Users/renatomelo/Downloads/airflow_tooltorial/airflow-local/venv/lib/python3.9/site-packages/airflow/example_dags/example_trigger_target_dag.py for tasks to queue
[2022-10-12 18:26:27,445] {logging_mixin.py:109} INFO - [2022-10-12 18:26:27,445] {dagbag.py:500} INFO - Filling up the DagBag from /Users/renatomelo/Downloads/airflow_tooltorial/airflow-local/venv/lib/python3.9/site-packages/airflow/example_dags/example_trigger_target_dag.py
[2022-10-12 18:26:27,503] {processor.py:654} INFO - DAG(s) dict_keys(['example_trigger_target_dag']) retrieved from /Users/renatomelo/Downloads/airflow_tooltorial/airflow-local/venv/lib/python3.9/site-packages/airflow/example_dags/example_trigger_target_dag.py
[2022-10-12 18:26:27,525] {logging_mixin.py:109} INFO - [2022-10-12 18:26:27,525] {dag.py:2396} INFO - Sync 1 DAGs
[2022-10-12 18:26:27,538] {logging_mixin.py:109} INFO - [2022-10-12 18:26:27,538] {dag.py:2935} INFO - Setting next_dagrun for example_trigger_target_dag to None
[2022-10-12 18:26:27,550] {processor.py:171} INFO - Processing /Users/renatomelo/Downloads/airflow_tooltorial/airflow-local/venv/lib/python3.9/site-packages/airflow/example_dags/example_trigger_target_dag.py took 0.108 seconds
[2022-10-12 18:27:48,585] {processor.py:163} INFO - Started process (PID=8799) to work on /Users/renatomelo/Downloads/airflow_tooltorial/airflow-local/venv/lib/python3.9/site-packages/airflow/example_dags/example_trigger_target_dag.py
[2022-10-12 18:27:48,586] {processor.py:642} INFO - Processing file /Users/renatomelo/Downloads/airflow_tooltorial/airflow-local/venv/lib/python3.9/site-packages/airflow/example_dags/example_trigger_target_dag.py for tasks to queue
[2022-10-12 18:27:48,586] {logging_mixin.py:109} INFO - [2022-10-12 18:27:48,586] {dagbag.py:500} INFO - Filling up the DagBag from /Users/renatomelo/Downloads/airflow_tooltorial/airflow-local/venv/lib/python3.9/site-packages/airflow/example_dags/example_trigger_target_dag.py
[2022-10-12 18:27:48,633] {processor.py:654} INFO - DAG(s) dict_keys(['example_trigger_target_dag']) retrieved from /Users/renatomelo/Downloads/airflow_tooltorial/airflow-local/venv/lib/python3.9/site-packages/airflow/example_dags/example_trigger_target_dag.py
[2022-10-12 18:27:48,652] {logging_mixin.py:109} INFO - [2022-10-12 18:27:48,651] {dag.py:2396} INFO - Sync 1 DAGs
[2022-10-12 18:27:48,661] {logging_mixin.py:109} INFO - [2022-10-12 18:27:48,661] {dag.py:2935} INFO - Setting next_dagrun for example_trigger_target_dag to None
[2022-10-12 18:27:48,671] {processor.py:171} INFO - Processing /Users/renatomelo/Downloads/airflow_tooltorial/airflow-local/venv/lib/python3.9/site-packages/airflow/example_dags/example_trigger_target_dag.py took 0.086 seconds
[2022-10-12 18:28:52,757] {processor.py:163} INFO - Started process (PID=8826) to work on /Users/renatomelo/Downloads/airflow_tooltorial/airflow-local/venv/lib/python3.9/site-packages/airflow/example_dags/example_trigger_target_dag.py
[2022-10-12 18:28:52,758] {processor.py:642} INFO - Processing file /Users/renatomelo/Downloads/airflow_tooltorial/airflow-local/venv/lib/python3.9/site-packages/airflow/example_dags/example_trigger_target_dag.py for tasks to queue
[2022-10-12 18:28:52,758] {logging_mixin.py:109} INFO - [2022-10-12 18:28:52,758] {dagbag.py:500} INFO - Filling up the DagBag from /Users/renatomelo/Downloads/airflow_tooltorial/airflow-local/venv/lib/python3.9/site-packages/airflow/example_dags/example_trigger_target_dag.py
[2022-10-12 18:28:52,805] {processor.py:654} INFO - DAG(s) dict_keys(['example_trigger_target_dag']) retrieved from /Users/renatomelo/Downloads/airflow_tooltorial/airflow-local/venv/lib/python3.9/site-packages/airflow/example_dags/example_trigger_target_dag.py
[2022-10-12 18:28:52,824] {logging_mixin.py:109} INFO - [2022-10-12 18:28:52,824] {dag.py:2396} INFO - Sync 1 DAGs
[2022-10-12 18:28:52,833] {logging_mixin.py:109} INFO - [2022-10-12 18:28:52,833] {dag.py:2935} INFO - Setting next_dagrun for example_trigger_target_dag to None
[2022-10-12 18:28:52,842] {processor.py:171} INFO - Processing /Users/renatomelo/Downloads/airflow_tooltorial/airflow-local/venv/lib/python3.9/site-packages/airflow/example_dags/example_trigger_target_dag.py took 0.086 seconds
[2022-10-12 18:29:51,061] {processor.py:163} INFO - Started process (PID=8851) to work on /Users/renatomelo/Downloads/airflow_tooltorial/airflow-local/venv/lib/python3.9/site-packages/airflow/example_dags/example_trigger_target_dag.py
[2022-10-12 18:29:51,062] {processor.py:642} INFO - Processing file /Users/renatomelo/Downloads/airflow_tooltorial/airflow-local/venv/lib/python3.9/site-packages/airflow/example_dags/example_trigger_target_dag.py for tasks to queue
[2022-10-12 18:29:51,062] {logging_mixin.py:109} INFO - [2022-10-12 18:29:51,062] {dagbag.py:500} INFO - Filling up the DagBag from /Users/renatomelo/Downloads/airflow_tooltorial/airflow-local/venv/lib/python3.9/site-packages/airflow/example_dags/example_trigger_target_dag.py
[2022-10-12 18:29:51,124] {processor.py:654} INFO - DAG(s) dict_keys(['example_trigger_target_dag']) retrieved from /Users/renatomelo/Downloads/airflow_tooltorial/airflow-local/venv/lib/python3.9/site-packages/airflow/example_dags/example_trigger_target_dag.py
[2022-10-12 18:29:51,143] {logging_mixin.py:109} INFO - [2022-10-12 18:29:51,143] {dag.py:2396} INFO - Sync 1 DAGs
[2022-10-12 18:29:51,152] {logging_mixin.py:109} INFO - [2022-10-12 18:29:51,152] {dag.py:2935} INFO - Setting next_dagrun for example_trigger_target_dag to None
[2022-10-12 18:29:51,161] {processor.py:171} INFO - Processing /Users/renatomelo/Downloads/airflow_tooltorial/airflow-local/venv/lib/python3.9/site-packages/airflow/example_dags/example_trigger_target_dag.py took 0.100 seconds
[2022-10-12 18:31:05,116] {processor.py:163} INFO - Started process (PID=8907) to work on /Users/renatomelo/Downloads/airflow_tooltorial/airflow-local/venv/lib/python3.9/site-packages/airflow/example_dags/example_trigger_target_dag.py
[2022-10-12 18:31:05,116] {processor.py:642} INFO - Processing file /Users/renatomelo/Downloads/airflow_tooltorial/airflow-local/venv/lib/python3.9/site-packages/airflow/example_dags/example_trigger_target_dag.py for tasks to queue
[2022-10-12 18:31:05,117] {logging_mixin.py:109} INFO - [2022-10-12 18:31:05,117] {dagbag.py:500} INFO - Filling up the DagBag from /Users/renatomelo/Downloads/airflow_tooltorial/airflow-local/venv/lib/python3.9/site-packages/airflow/example_dags/example_trigger_target_dag.py
[2022-10-12 18:31:05,177] {processor.py:654} INFO - DAG(s) dict_keys(['example_trigger_target_dag']) retrieved from /Users/renatomelo/Downloads/airflow_tooltorial/airflow-local/venv/lib/python3.9/site-packages/airflow/example_dags/example_trigger_target_dag.py
[2022-10-12 18:31:05,209] {logging_mixin.py:109} INFO - [2022-10-12 18:31:05,208] {dag.py:2396} INFO - Sync 1 DAGs
[2022-10-12 18:31:05,226] {logging_mixin.py:109} INFO - [2022-10-12 18:31:05,226] {dag.py:2935} INFO - Setting next_dagrun for example_trigger_target_dag to None
[2022-10-12 18:31:05,237] {processor.py:171} INFO - Processing /Users/renatomelo/Downloads/airflow_tooltorial/airflow-local/venv/lib/python3.9/site-packages/airflow/example_dags/example_trigger_target_dag.py took 0.122 seconds
[2022-10-12 18:32:24,207] {processor.py:163} INFO - Started process (PID=8937) to work on /Users/renatomelo/Downloads/airflow_tooltorial/airflow-local/venv/lib/python3.9/site-packages/airflow/example_dags/example_trigger_target_dag.py
[2022-10-12 18:32:24,208] {processor.py:642} INFO - Processing file /Users/renatomelo/Downloads/airflow_tooltorial/airflow-local/venv/lib/python3.9/site-packages/airflow/example_dags/example_trigger_target_dag.py for tasks to queue
[2022-10-12 18:32:24,208] {logging_mixin.py:109} INFO - [2022-10-12 18:32:24,208] {dagbag.py:500} INFO - Filling up the DagBag from /Users/renatomelo/Downloads/airflow_tooltorial/airflow-local/venv/lib/python3.9/site-packages/airflow/example_dags/example_trigger_target_dag.py
[2022-10-12 18:32:24,275] {processor.py:654} INFO - DAG(s) dict_keys(['example_trigger_target_dag']) retrieved from /Users/renatomelo/Downloads/airflow_tooltorial/airflow-local/venv/lib/python3.9/site-packages/airflow/example_dags/example_trigger_target_dag.py
[2022-10-12 18:32:24,300] {logging_mixin.py:109} INFO - [2022-10-12 18:32:24,300] {dag.py:2396} INFO - Sync 1 DAGs
[2022-10-12 18:32:24,317] {logging_mixin.py:109} INFO - [2022-10-12 18:32:24,317] {dag.py:2935} INFO - Setting next_dagrun for example_trigger_target_dag to None
[2022-10-12 18:32:24,335] {processor.py:171} INFO - Processing /Users/renatomelo/Downloads/airflow_tooltorial/airflow-local/venv/lib/python3.9/site-packages/airflow/example_dags/example_trigger_target_dag.py took 0.128 seconds
[2022-10-12 18:33:37,939] {processor.py:163} INFO - Started process (PID=8964) to work on /Users/renatomelo/Downloads/airflow_tooltorial/airflow-local/venv/lib/python3.9/site-packages/airflow/example_dags/example_trigger_target_dag.py
[2022-10-12 18:33:37,941] {processor.py:642} INFO - Processing file /Users/renatomelo/Downloads/airflow_tooltorial/airflow-local/venv/lib/python3.9/site-packages/airflow/example_dags/example_trigger_target_dag.py for tasks to queue
[2022-10-12 18:33:37,941] {logging_mixin.py:109} INFO - [2022-10-12 18:33:37,941] {dagbag.py:500} INFO - Filling up the DagBag from /Users/renatomelo/Downloads/airflow_tooltorial/airflow-local/venv/lib/python3.9/site-packages/airflow/example_dags/example_trigger_target_dag.py
[2022-10-12 18:33:37,998] {processor.py:654} INFO - DAG(s) dict_keys(['example_trigger_target_dag']) retrieved from /Users/renatomelo/Downloads/airflow_tooltorial/airflow-local/venv/lib/python3.9/site-packages/airflow/example_dags/example_trigger_target_dag.py
[2022-10-12 18:33:38,017] {logging_mixin.py:109} INFO - [2022-10-12 18:33:38,017] {dag.py:2396} INFO - Sync 1 DAGs
[2022-10-12 18:33:38,026] {logging_mixin.py:109} INFO - [2022-10-12 18:33:38,026] {dag.py:2935} INFO - Setting next_dagrun for example_trigger_target_dag to None
[2022-10-12 18:33:38,035] {processor.py:171} INFO - Processing /Users/renatomelo/Downloads/airflow_tooltorial/airflow-local/venv/lib/python3.9/site-packages/airflow/example_dags/example_trigger_target_dag.py took 0.097 seconds
