[2022-10-12 18:05:51,439] {processor.py:163} INFO - Started process (PID=8056) to work on /Users/renatomelo/Downloads/airflow_tooltorial/airflow-local/venv/lib/python3.9/site-packages/airflow/example_dags/example_branch_datetime_operator.py
[2022-10-12 18:05:51,440] {processor.py:642} INFO - Processing file /Users/renatomelo/Downloads/airflow_tooltorial/airflow-local/venv/lib/python3.9/site-packages/airflow/example_dags/example_branch_datetime_operator.py for tasks to queue
[2022-10-12 18:05:51,440] {logging_mixin.py:109} INFO - [2022-10-12 18:05:51,440] {dagbag.py:500} INFO - Filling up the DagBag from /Users/renatomelo/Downloads/airflow_tooltorial/airflow-local/venv/lib/python3.9/site-packages/airflow/example_dags/example_branch_datetime_operator.py
[2022-10-12 18:05:51,505] {processor.py:654} INFO - DAG(s) dict_keys(['example_branch_datetime_operator_2']) retrieved from /Users/renatomelo/Downloads/airflow_tooltorial/airflow-local/venv/lib/python3.9/site-packages/airflow/example_dags/example_branch_datetime_operator.py
[2022-10-12 18:05:51,529] {logging_mixin.py:109} INFO - [2022-10-12 18:05:51,529] {dag.py:2396} INFO - Sync 1 DAGs
[2022-10-12 18:05:51,543] {logging_mixin.py:109} INFO - [2022-10-12 18:05:51,543] {dag.py:2935} INFO - Setting next_dagrun for example_branch_datetime_operator_2 to 2022-10-11 00:00:00+00:00
[2022-10-12 18:05:51,557] {processor.py:171} INFO - Processing /Users/renatomelo/Downloads/airflow_tooltorial/airflow-local/venv/lib/python3.9/site-packages/airflow/example_dags/example_branch_datetime_operator.py took 0.119 seconds
[2022-10-12 18:08:37,299] {processor.py:163} INFO - Started process (PID=8282) to work on /Users/renatomelo/Downloads/airflow_tooltorial/airflow-local/venv/lib/python3.9/site-packages/airflow/example_dags/example_branch_datetime_operator.py
[2022-10-12 18:08:37,300] {processor.py:642} INFO - Processing file /Users/renatomelo/Downloads/airflow_tooltorial/airflow-local/venv/lib/python3.9/site-packages/airflow/example_dags/example_branch_datetime_operator.py for tasks to queue
[2022-10-12 18:08:37,300] {logging_mixin.py:109} INFO - [2022-10-12 18:08:37,300] {dagbag.py:500} INFO - Filling up the DagBag from /Users/renatomelo/Downloads/airflow_tooltorial/airflow-local/venv/lib/python3.9/site-packages/airflow/example_dags/example_branch_datetime_operator.py
[2022-10-12 18:08:37,357] {processor.py:654} INFO - DAG(s) dict_keys(['example_branch_datetime_operator_2']) retrieved from /Users/renatomelo/Downloads/airflow_tooltorial/airflow-local/venv/lib/python3.9/site-packages/airflow/example_dags/example_branch_datetime_operator.py
[2022-10-12 18:08:37,380] {logging_mixin.py:109} INFO - [2022-10-12 18:08:37,380] {dag.py:2396} INFO - Sync 1 DAGs
[2022-10-12 18:08:37,395] {logging_mixin.py:109} INFO - [2022-10-12 18:08:37,395] {dag.py:2935} INFO - Setting next_dagrun for example_branch_datetime_operator_2 to 2022-10-11 00:00:00+00:00
[2022-10-12 18:08:37,404] {processor.py:171} INFO - Processing /Users/renatomelo/Downloads/airflow_tooltorial/airflow-local/venv/lib/python3.9/site-packages/airflow/example_dags/example_branch_datetime_operator.py took 0.106 seconds
[2022-10-12 18:11:43,885] {processor.py:163} INFO - Started process (PID=8388) to work on /Users/renatomelo/Downloads/airflow_tooltorial/airflow-local/venv/lib/python3.9/site-packages/airflow/example_dags/example_branch_datetime_operator.py
[2022-10-12 18:11:43,887] {processor.py:642} INFO - Processing file /Users/renatomelo/Downloads/airflow_tooltorial/airflow-local/venv/lib/python3.9/site-packages/airflow/example_dags/example_branch_datetime_operator.py for tasks to queue
[2022-10-12 18:11:43,888] {logging_mixin.py:109} INFO - [2022-10-12 18:11:43,887] {dagbag.py:500} INFO - Filling up the DagBag from /Users/renatomelo/Downloads/airflow_tooltorial/airflow-local/venv/lib/python3.9/site-packages/airflow/example_dags/example_branch_datetime_operator.py
[2022-10-12 18:11:43,940] {processor.py:654} INFO - DAG(s) dict_keys(['example_branch_datetime_operator_2']) retrieved from /Users/renatomelo/Downloads/airflow_tooltorial/airflow-local/venv/lib/python3.9/site-packages/airflow/example_dags/example_branch_datetime_operator.py
[2022-10-12 18:11:43,965] {logging_mixin.py:109} INFO - [2022-10-12 18:11:43,964] {dag.py:2396} INFO - Sync 1 DAGs
[2022-10-12 18:11:43,978] {logging_mixin.py:109} INFO - [2022-10-12 18:11:43,977] {dag.py:2935} INFO - Setting next_dagrun for example_branch_datetime_operator_2 to 2022-10-11 00:00:00+00:00
[2022-10-12 18:11:43,988] {processor.py:171} INFO - Processing /Users/renatomelo/Downloads/airflow_tooltorial/airflow-local/venv/lib/python3.9/site-packages/airflow/example_dags/example_branch_datetime_operator.py took 0.103 seconds
[2022-10-12 18:14:41,197] {processor.py:163} INFO - Started process (PID=8449) to work on /Users/renatomelo/Downloads/airflow_tooltorial/airflow-local/venv/lib/python3.9/site-packages/airflow/example_dags/example_branch_datetime_operator.py
[2022-10-12 18:14:41,199] {processor.py:642} INFO - Processing file /Users/renatomelo/Downloads/airflow_tooltorial/airflow-local/venv/lib/python3.9/site-packages/airflow/example_dags/example_branch_datetime_operator.py for tasks to queue
[2022-10-12 18:14:41,200] {logging_mixin.py:109} INFO - [2022-10-12 18:14:41,200] {dagbag.py:500} INFO - Filling up the DagBag from /Users/renatomelo/Downloads/airflow_tooltorial/airflow-local/venv/lib/python3.9/site-packages/airflow/example_dags/example_branch_datetime_operator.py
[2022-10-12 18:14:41,241] {processor.py:654} INFO - DAG(s) dict_keys(['example_branch_datetime_operator_2']) retrieved from /Users/renatomelo/Downloads/airflow_tooltorial/airflow-local/venv/lib/python3.9/site-packages/airflow/example_dags/example_branch_datetime_operator.py
[2022-10-12 18:14:41,262] {logging_mixin.py:109} INFO - [2022-10-12 18:14:41,261] {dag.py:2396} INFO - Sync 1 DAGs
[2022-10-12 18:14:41,276] {logging_mixin.py:109} INFO - [2022-10-12 18:14:41,276] {dag.py:2935} INFO - Setting next_dagrun for example_branch_datetime_operator_2 to 2022-10-11 00:00:00+00:00
[2022-10-12 18:14:41,287] {processor.py:171} INFO - Processing /Users/renatomelo/Downloads/airflow_tooltorial/airflow-local/venv/lib/python3.9/site-packages/airflow/example_dags/example_branch_datetime_operator.py took 0.090 seconds
[2022-10-12 18:17:28,284] {processor.py:163} INFO - Started process (PID=8509) to work on /Users/renatomelo/Downloads/airflow_tooltorial/airflow-local/venv/lib/python3.9/site-packages/airflow/example_dags/example_branch_datetime_operator.py
[2022-10-12 18:17:28,285] {processor.py:642} INFO - Processing file /Users/renatomelo/Downloads/airflow_tooltorial/airflow-local/venv/lib/python3.9/site-packages/airflow/example_dags/example_branch_datetime_operator.py for tasks to queue
[2022-10-12 18:17:28,286] {logging_mixin.py:109} INFO - [2022-10-12 18:17:28,286] {dagbag.py:500} INFO - Filling up the DagBag from /Users/renatomelo/Downloads/airflow_tooltorial/airflow-local/venv/lib/python3.9/site-packages/airflow/example_dags/example_branch_datetime_operator.py
[2022-10-12 18:17:28,326] {processor.py:654} INFO - DAG(s) dict_keys(['example_branch_datetime_operator_2']) retrieved from /Users/renatomelo/Downloads/airflow_tooltorial/airflow-local/venv/lib/python3.9/site-packages/airflow/example_dags/example_branch_datetime_operator.py
[2022-10-12 18:17:28,343] {logging_mixin.py:109} INFO - [2022-10-12 18:17:28,343] {dag.py:2396} INFO - Sync 1 DAGs
[2022-10-12 18:17:28,354] {logging_mixin.py:109} INFO - [2022-10-12 18:17:28,353] {dag.py:2935} INFO - Setting next_dagrun for example_branch_datetime_operator_2 to 2022-10-11 00:00:00+00:00
[2022-10-12 18:17:28,363] {processor.py:171} INFO - Processing /Users/renatomelo/Downloads/airflow_tooltorial/airflow-local/venv/lib/python3.9/site-packages/airflow/example_dags/example_branch_datetime_operator.py took 0.080 seconds
[2022-10-12 18:19:47,380] {processor.py:163} INFO - Started process (PID=8562) to work on /Users/renatomelo/Downloads/airflow_tooltorial/airflow-local/venv/lib/python3.9/site-packages/airflow/example_dags/example_branch_datetime_operator.py
[2022-10-12 18:19:47,380] {processor.py:642} INFO - Processing file /Users/renatomelo/Downloads/airflow_tooltorial/airflow-local/venv/lib/python3.9/site-packages/airflow/example_dags/example_branch_datetime_operator.py for tasks to queue
[2022-10-12 18:19:47,381] {logging_mixin.py:109} INFO - [2022-10-12 18:19:47,381] {dagbag.py:500} INFO - Filling up the DagBag from /Users/renatomelo/Downloads/airflow_tooltorial/airflow-local/venv/lib/python3.9/site-packages/airflow/example_dags/example_branch_datetime_operator.py
[2022-10-12 18:19:47,416] {processor.py:654} INFO - DAG(s) dict_keys(['example_branch_datetime_operator_2']) retrieved from /Users/renatomelo/Downloads/airflow_tooltorial/airflow-local/venv/lib/python3.9/site-packages/airflow/example_dags/example_branch_datetime_operator.py
[2022-10-12 18:19:47,435] {logging_mixin.py:109} INFO - [2022-10-12 18:19:47,435] {dag.py:2396} INFO - Sync 1 DAGs
[2022-10-12 18:19:47,446] {logging_mixin.py:109} INFO - [2022-10-12 18:19:47,445] {dag.py:2935} INFO - Setting next_dagrun for example_branch_datetime_operator_2 to 2022-10-11 00:00:00+00:00
[2022-10-12 18:19:47,454] {processor.py:171} INFO - Processing /Users/renatomelo/Downloads/airflow_tooltorial/airflow-local/venv/lib/python3.9/site-packages/airflow/example_dags/example_branch_datetime_operator.py took 0.075 seconds
[2022-10-12 18:22:11,772] {processor.py:163} INFO - Started process (PID=8625) to work on /Users/renatomelo/Downloads/airflow_tooltorial/airflow-local/venv/lib/python3.9/site-packages/airflow/example_dags/example_branch_datetime_operator.py
[2022-10-12 18:22:11,774] {processor.py:642} INFO - Processing file /Users/renatomelo/Downloads/airflow_tooltorial/airflow-local/venv/lib/python3.9/site-packages/airflow/example_dags/example_branch_datetime_operator.py for tasks to queue
[2022-10-12 18:22:11,774] {logging_mixin.py:109} INFO - [2022-10-12 18:22:11,774] {dagbag.py:500} INFO - Filling up the DagBag from /Users/renatomelo/Downloads/airflow_tooltorial/airflow-local/venv/lib/python3.9/site-packages/airflow/example_dags/example_branch_datetime_operator.py
[2022-10-12 18:22:11,812] {processor.py:654} INFO - DAG(s) dict_keys(['example_branch_datetime_operator_2']) retrieved from /Users/renatomelo/Downloads/airflow_tooltorial/airflow-local/venv/lib/python3.9/site-packages/airflow/example_dags/example_branch_datetime_operator.py
[2022-10-12 18:22:11,829] {logging_mixin.py:109} INFO - [2022-10-12 18:22:11,829] {dag.py:2396} INFO - Sync 1 DAGs
[2022-10-12 18:22:11,839] {logging_mixin.py:109} INFO - [2022-10-12 18:22:11,839] {dag.py:2935} INFO - Setting next_dagrun for example_branch_datetime_operator_2 to 2022-10-11 00:00:00+00:00
[2022-10-12 18:22:11,848] {processor.py:171} INFO - Processing /Users/renatomelo/Downloads/airflow_tooltorial/airflow-local/venv/lib/python3.9/site-packages/airflow/example_dags/example_branch_datetime_operator.py took 0.076 seconds
[2022-10-12 18:24:39,340] {processor.py:163} INFO - Started process (PID=8702) to work on /Users/renatomelo/Downloads/airflow_tooltorial/airflow-local/venv/lib/python3.9/site-packages/airflow/example_dags/example_branch_datetime_operator.py
[2022-10-12 18:24:39,341] {processor.py:642} INFO - Processing file /Users/renatomelo/Downloads/airflow_tooltorial/airflow-local/venv/lib/python3.9/site-packages/airflow/example_dags/example_branch_datetime_operator.py for tasks to queue
[2022-10-12 18:24:39,342] {logging_mixin.py:109} INFO - [2022-10-12 18:24:39,342] {dagbag.py:500} INFO - Filling up the DagBag from /Users/renatomelo/Downloads/airflow_tooltorial/airflow-local/venv/lib/python3.9/site-packages/airflow/example_dags/example_branch_datetime_operator.py
[2022-10-12 18:24:39,378] {processor.py:654} INFO - DAG(s) dict_keys(['example_branch_datetime_operator_2']) retrieved from /Users/renatomelo/Downloads/airflow_tooltorial/airflow-local/venv/lib/python3.9/site-packages/airflow/example_dags/example_branch_datetime_operator.py
[2022-10-12 18:24:39,624] {logging_mixin.py:109} INFO - [2022-10-12 18:24:39,623] {dag.py:2396} INFO - Sync 1 DAGs
[2022-10-12 18:24:39,634] {logging_mixin.py:109} INFO - [2022-10-12 18:24:39,634] {dag.py:2935} INFO - Setting next_dagrun for example_branch_datetime_operator_2 to 2022-10-11 00:00:00+00:00
[2022-10-12 18:24:39,646] {processor.py:171} INFO - Processing /Users/renatomelo/Downloads/airflow_tooltorial/airflow-local/venv/lib/python3.9/site-packages/airflow/example_dags/example_branch_datetime_operator.py took 0.307 seconds
[2022-10-12 18:27:14,561] {processor.py:163} INFO - Started process (PID=8770) to work on /Users/renatomelo/Downloads/airflow_tooltorial/airflow-local/venv/lib/python3.9/site-packages/airflow/example_dags/example_branch_datetime_operator.py
[2022-10-12 18:27:14,562] {processor.py:642} INFO - Processing file /Users/renatomelo/Downloads/airflow_tooltorial/airflow-local/venv/lib/python3.9/site-packages/airflow/example_dags/example_branch_datetime_operator.py for tasks to queue
[2022-10-12 18:27:14,563] {logging_mixin.py:109} INFO - [2022-10-12 18:27:14,563] {dagbag.py:500} INFO - Filling up the DagBag from /Users/renatomelo/Downloads/airflow_tooltorial/airflow-local/venv/lib/python3.9/site-packages/airflow/example_dags/example_branch_datetime_operator.py
[2022-10-12 18:27:14,603] {processor.py:654} INFO - DAG(s) dict_keys(['example_branch_datetime_operator_2']) retrieved from /Users/renatomelo/Downloads/airflow_tooltorial/airflow-local/venv/lib/python3.9/site-packages/airflow/example_dags/example_branch_datetime_operator.py
[2022-10-12 18:27:14,622] {logging_mixin.py:109} INFO - [2022-10-12 18:27:14,622] {dag.py:2396} INFO - Sync 1 DAGs
[2022-10-12 18:27:14,634] {logging_mixin.py:109} INFO - [2022-10-12 18:27:14,634] {dag.py:2935} INFO - Setting next_dagrun for example_branch_datetime_operator_2 to 2022-10-11 00:00:00+00:00
[2022-10-12 18:27:14,644] {processor.py:171} INFO - Processing /Users/renatomelo/Downloads/airflow_tooltorial/airflow-local/venv/lib/python3.9/site-packages/airflow/example_dags/example_branch_datetime_operator.py took 0.084 seconds
[2022-10-12 18:29:22,474] {processor.py:163} INFO - Started process (PID=8838) to work on /Users/renatomelo/Downloads/airflow_tooltorial/airflow-local/venv/lib/python3.9/site-packages/airflow/example_dags/example_branch_datetime_operator.py
[2022-10-12 18:29:22,474] {processor.py:642} INFO - Processing file /Users/renatomelo/Downloads/airflow_tooltorial/airflow-local/venv/lib/python3.9/site-packages/airflow/example_dags/example_branch_datetime_operator.py for tasks to queue
[2022-10-12 18:29:22,474] {logging_mixin.py:109} INFO - [2022-10-12 18:29:22,474] {dagbag.py:500} INFO - Filling up the DagBag from /Users/renatomelo/Downloads/airflow_tooltorial/airflow-local/venv/lib/python3.9/site-packages/airflow/example_dags/example_branch_datetime_operator.py
[2022-10-12 18:29:22,508] {processor.py:654} INFO - DAG(s) dict_keys(['example_branch_datetime_operator_2']) retrieved from /Users/renatomelo/Downloads/airflow_tooltorial/airflow-local/venv/lib/python3.9/site-packages/airflow/example_dags/example_branch_datetime_operator.py
[2022-10-12 18:29:22,527] {logging_mixin.py:109} INFO - [2022-10-12 18:29:22,527] {dag.py:2396} INFO - Sync 1 DAGs
[2022-10-12 18:29:22,538] {logging_mixin.py:109} INFO - [2022-10-12 18:29:22,538] {dag.py:2935} INFO - Setting next_dagrun for example_branch_datetime_operator_2 to 2022-10-11 00:00:00+00:00
[2022-10-12 18:29:22,547] {processor.py:171} INFO - Processing /Users/renatomelo/Downloads/airflow_tooltorial/airflow-local/venv/lib/python3.9/site-packages/airflow/example_dags/example_branch_datetime_operator.py took 0.074 seconds
[2022-10-12 18:31:51,759] {processor.py:163} INFO - Started process (PID=8926) to work on /Users/renatomelo/Downloads/airflow_tooltorial/airflow-local/venv/lib/python3.9/site-packages/airflow/example_dags/example_branch_datetime_operator.py
[2022-10-12 18:31:51,760] {processor.py:642} INFO - Processing file /Users/renatomelo/Downloads/airflow_tooltorial/airflow-local/venv/lib/python3.9/site-packages/airflow/example_dags/example_branch_datetime_operator.py for tasks to queue
[2022-10-12 18:31:51,761] {logging_mixin.py:109} INFO - [2022-10-12 18:31:51,761] {dagbag.py:500} INFO - Filling up the DagBag from /Users/renatomelo/Downloads/airflow_tooltorial/airflow-local/venv/lib/python3.9/site-packages/airflow/example_dags/example_branch_datetime_operator.py
[2022-10-12 18:31:51,801] {processor.py:654} INFO - DAG(s) dict_keys(['example_branch_datetime_operator_2']) retrieved from /Users/renatomelo/Downloads/airflow_tooltorial/airflow-local/venv/lib/python3.9/site-packages/airflow/example_dags/example_branch_datetime_operator.py
[2022-10-12 18:31:51,823] {logging_mixin.py:109} INFO - [2022-10-12 18:31:51,823] {dag.py:2396} INFO - Sync 1 DAGs
[2022-10-12 18:31:51,838] {logging_mixin.py:109} INFO - [2022-10-12 18:31:51,838] {dag.py:2935} INFO - Setting next_dagrun for example_branch_datetime_operator_2 to 2022-10-11 00:00:00+00:00
[2022-10-12 18:31:51,853] {processor.py:171} INFO - Processing /Users/renatomelo/Downloads/airflow_tooltorial/airflow-local/venv/lib/python3.9/site-packages/airflow/example_dags/example_branch_datetime_operator.py took 0.095 seconds
[2022-10-12 18:34:11,254] {processor.py:163} INFO - Started process (PID=8982) to work on /Users/renatomelo/Downloads/airflow_tooltorial/airflow-local/venv/lib/python3.9/site-packages/airflow/example_dags/example_branch_datetime_operator.py
[2022-10-12 18:34:11,255] {processor.py:642} INFO - Processing file /Users/renatomelo/Downloads/airflow_tooltorial/airflow-local/venv/lib/python3.9/site-packages/airflow/example_dags/example_branch_datetime_operator.py for tasks to queue
[2022-10-12 18:34:11,256] {logging_mixin.py:109} INFO - [2022-10-12 18:34:11,256] {dagbag.py:500} INFO - Filling up the DagBag from /Users/renatomelo/Downloads/airflow_tooltorial/airflow-local/venv/lib/python3.9/site-packages/airflow/example_dags/example_branch_datetime_operator.py
[2022-10-12 18:34:11,297] {processor.py:654} INFO - DAG(s) dict_keys(['example_branch_datetime_operator_2']) retrieved from /Users/renatomelo/Downloads/airflow_tooltorial/airflow-local/venv/lib/python3.9/site-packages/airflow/example_dags/example_branch_datetime_operator.py
[2022-10-12 18:34:11,315] {logging_mixin.py:109} INFO - [2022-10-12 18:34:11,315] {dag.py:2396} INFO - Sync 1 DAGs
[2022-10-12 18:34:11,326] {logging_mixin.py:109} INFO - [2022-10-12 18:34:11,326] {dag.py:2935} INFO - Setting next_dagrun for example_branch_datetime_operator_2 to 2022-10-11 00:00:00+00:00
[2022-10-12 18:34:11,335] {processor.py:171} INFO - Processing /Users/renatomelo/Downloads/airflow_tooltorial/airflow-local/venv/lib/python3.9/site-packages/airflow/example_dags/example_branch_datetime_operator.py took 0.083 seconds
