[2022-10-12 18:04:42,449] {processor.py:163} INFO - Started process (PID=7936) to work on /Users/renatomelo/Downloads/airflow_tooltorial/airflow-local/venv/lib/python3.9/site-packages/airflow/example_dags/example_task_group_decorator.py
[2022-10-12 18:04:42,450] {processor.py:642} INFO - Processing file /Users/renatomelo/Downloads/airflow_tooltorial/airflow-local/venv/lib/python3.9/site-packages/airflow/example_dags/example_task_group_decorator.py for tasks to queue
[2022-10-12 18:04:42,451] {logging_mixin.py:109} INFO - [2022-10-12 18:04:42,451] {dagbag.py:500} INFO - Filling up the DagBag from /Users/renatomelo/Downloads/airflow_tooltorial/airflow-local/venv/lib/python3.9/site-packages/airflow/example_dags/example_task_group_decorator.py
[2022-10-12 18:04:42,533] {processor.py:654} INFO - DAG(s) dict_keys(['example_task_group_decorator']) retrieved from /Users/renatomelo/Downloads/airflow_tooltorial/airflow-local/venv/lib/python3.9/site-packages/airflow/example_dags/example_task_group_decorator.py
[2022-10-12 18:04:42,874] {logging_mixin.py:109} INFO - [2022-10-12 18:04:42,873] {dag.py:2396} INFO - Sync 1 DAGs
[2022-10-12 18:04:42,886] {logging_mixin.py:109} INFO - [2022-10-12 18:04:42,886] {dag.py:2935} INFO - Setting next_dagrun for example_task_group_decorator to 2022-10-11T21:04:42.886242+00:00
[2022-10-12 18:04:42,900] {processor.py:171} INFO - Processing /Users/renatomelo/Downloads/airflow_tooltorial/airflow-local/venv/lib/python3.9/site-packages/airflow/example_dags/example_task_group_decorator.py took 0.452 seconds
[2022-10-12 18:06:43,277] {processor.py:163} INFO - Started process (PID=8163) to work on /Users/renatomelo/Downloads/airflow_tooltorial/airflow-local/venv/lib/python3.9/site-packages/airflow/example_dags/example_task_group_decorator.py
[2022-10-12 18:06:43,281] {processor.py:642} INFO - Processing file /Users/renatomelo/Downloads/airflow_tooltorial/airflow-local/venv/lib/python3.9/site-packages/airflow/example_dags/example_task_group_decorator.py for tasks to queue
[2022-10-12 18:06:43,285] {logging_mixin.py:109} INFO - [2022-10-12 18:06:43,285] {dagbag.py:500} INFO - Filling up the DagBag from /Users/renatomelo/Downloads/airflow_tooltorial/airflow-local/venv/lib/python3.9/site-packages/airflow/example_dags/example_task_group_decorator.py
[2022-10-12 18:06:43,358] {processor.py:654} INFO - DAG(s) dict_keys(['example_task_group_decorator']) retrieved from /Users/renatomelo/Downloads/airflow_tooltorial/airflow-local/venv/lib/python3.9/site-packages/airflow/example_dags/example_task_group_decorator.py
[2022-10-12 18:06:43,747] {logging_mixin.py:109} INFO - [2022-10-12 18:06:43,747] {dag.py:2396} INFO - Sync 1 DAGs
[2022-10-12 18:06:43,760] {logging_mixin.py:109} INFO - [2022-10-12 18:06:43,760] {dag.py:2935} INFO - Setting next_dagrun for example_task_group_decorator to 2022-10-11T21:06:43.760276+00:00
[2022-10-12 18:06:43,773] {processor.py:171} INFO - Processing /Users/renatomelo/Downloads/airflow_tooltorial/airflow-local/venv/lib/python3.9/site-packages/airflow/example_dags/example_task_group_decorator.py took 0.497 seconds
[2022-10-12 18:08:04,790] {processor.py:163} INFO - Started process (PID=8269) to work on /Users/renatomelo/Downloads/airflow_tooltorial/airflow-local/venv/lib/python3.9/site-packages/airflow/example_dags/example_task_group_decorator.py
[2022-10-12 18:08:04,791] {processor.py:642} INFO - Processing file /Users/renatomelo/Downloads/airflow_tooltorial/airflow-local/venv/lib/python3.9/site-packages/airflow/example_dags/example_task_group_decorator.py for tasks to queue
[2022-10-12 18:08:04,791] {logging_mixin.py:109} INFO - [2022-10-12 18:08:04,791] {dagbag.py:500} INFO - Filling up the DagBag from /Users/renatomelo/Downloads/airflow_tooltorial/airflow-local/venv/lib/python3.9/site-packages/airflow/example_dags/example_task_group_decorator.py
[2022-10-12 18:08:04,847] {processor.py:654} INFO - DAG(s) dict_keys(['example_task_group_decorator']) retrieved from /Users/renatomelo/Downloads/airflow_tooltorial/airflow-local/venv/lib/python3.9/site-packages/airflow/example_dags/example_task_group_decorator.py
[2022-10-12 18:08:05,091] {logging_mixin.py:109} INFO - [2022-10-12 18:08:05,091] {dag.py:2396} INFO - Sync 1 DAGs
[2022-10-12 18:08:05,100] {logging_mixin.py:109} INFO - [2022-10-12 18:08:05,100] {dag.py:2935} INFO - Setting next_dagrun for example_task_group_decorator to 2022-10-11T21:08:05.100191+00:00
[2022-10-12 18:08:05,113] {processor.py:171} INFO - Processing /Users/renatomelo/Downloads/airflow_tooltorial/airflow-local/venv/lib/python3.9/site-packages/airflow/example_dags/example_task_group_decorator.py took 0.324 seconds
[2022-10-12 18:09:24,274] {processor.py:163} INFO - Started process (PID=8310) to work on /Users/renatomelo/Downloads/airflow_tooltorial/airflow-local/venv/lib/python3.9/site-packages/airflow/example_dags/example_task_group_decorator.py
[2022-10-12 18:09:24,275] {processor.py:642} INFO - Processing file /Users/renatomelo/Downloads/airflow_tooltorial/airflow-local/venv/lib/python3.9/site-packages/airflow/example_dags/example_task_group_decorator.py for tasks to queue
[2022-10-12 18:09:24,275] {logging_mixin.py:109} INFO - [2022-10-12 18:09:24,275] {dagbag.py:500} INFO - Filling up the DagBag from /Users/renatomelo/Downloads/airflow_tooltorial/airflow-local/venv/lib/python3.9/site-packages/airflow/example_dags/example_task_group_decorator.py
[2022-10-12 18:09:24,346] {processor.py:654} INFO - DAG(s) dict_keys(['example_task_group_decorator']) retrieved from /Users/renatomelo/Downloads/airflow_tooltorial/airflow-local/venv/lib/python3.9/site-packages/airflow/example_dags/example_task_group_decorator.py
[2022-10-12 18:09:24,706] {logging_mixin.py:109} INFO - [2022-10-12 18:09:24,706] {dag.py:2396} INFO - Sync 1 DAGs
[2022-10-12 18:09:24,717] {logging_mixin.py:109} INFO - [2022-10-12 18:09:24,717] {dag.py:2935} INFO - Setting next_dagrun for example_task_group_decorator to 2022-10-11T21:09:24.717635+00:00
[2022-10-12 18:09:24,731] {processor.py:171} INFO - Processing /Users/renatomelo/Downloads/airflow_tooltorial/airflow-local/venv/lib/python3.9/site-packages/airflow/example_dags/example_task_group_decorator.py took 0.458 seconds
[2022-10-12 18:11:01,641] {processor.py:163} INFO - Started process (PID=8374) to work on /Users/renatomelo/Downloads/airflow_tooltorial/airflow-local/venv/lib/python3.9/site-packages/airflow/example_dags/example_task_group_decorator.py
[2022-10-12 18:11:01,643] {processor.py:642} INFO - Processing file /Users/renatomelo/Downloads/airflow_tooltorial/airflow-local/venv/lib/python3.9/site-packages/airflow/example_dags/example_task_group_decorator.py for tasks to queue
[2022-10-12 18:11:01,644] {logging_mixin.py:109} INFO - [2022-10-12 18:11:01,644] {dagbag.py:500} INFO - Filling up the DagBag from /Users/renatomelo/Downloads/airflow_tooltorial/airflow-local/venv/lib/python3.9/site-packages/airflow/example_dags/example_task_group_decorator.py
[2022-10-12 18:11:01,732] {processor.py:654} INFO - DAG(s) dict_keys(['example_task_group_decorator']) retrieved from /Users/renatomelo/Downloads/airflow_tooltorial/airflow-local/venv/lib/python3.9/site-packages/airflow/example_dags/example_task_group_decorator.py
[2022-10-12 18:11:02,299] {logging_mixin.py:109} INFO - [2022-10-12 18:11:02,299] {dag.py:2396} INFO - Sync 1 DAGs
[2022-10-12 18:11:02,315] {logging_mixin.py:109} INFO - [2022-10-12 18:11:02,314] {dag.py:2935} INFO - Setting next_dagrun for example_task_group_decorator to 2022-10-11T21:11:02.314720+00:00
[2022-10-12 18:11:02,329] {processor.py:171} INFO - Processing /Users/renatomelo/Downloads/airflow_tooltorial/airflow-local/venv/lib/python3.9/site-packages/airflow/example_dags/example_task_group_decorator.py took 0.688 seconds
[2022-10-12 18:12:35,297] {processor.py:163} INFO - Started process (PID=8406) to work on /Users/renatomelo/Downloads/airflow_tooltorial/airflow-local/venv/lib/python3.9/site-packages/airflow/example_dags/example_task_group_decorator.py
[2022-10-12 18:12:35,297] {processor.py:642} INFO - Processing file /Users/renatomelo/Downloads/airflow_tooltorial/airflow-local/venv/lib/python3.9/site-packages/airflow/example_dags/example_task_group_decorator.py for tasks to queue
[2022-10-12 18:12:35,298] {logging_mixin.py:109} INFO - [2022-10-12 18:12:35,298] {dagbag.py:500} INFO - Filling up the DagBag from /Users/renatomelo/Downloads/airflow_tooltorial/airflow-local/venv/lib/python3.9/site-packages/airflow/example_dags/example_task_group_decorator.py
[2022-10-12 18:12:35,376] {processor.py:654} INFO - DAG(s) dict_keys(['example_task_group_decorator']) retrieved from /Users/renatomelo/Downloads/airflow_tooltorial/airflow-local/venv/lib/python3.9/site-packages/airflow/example_dags/example_task_group_decorator.py
[2022-10-12 18:12:35,850] {logging_mixin.py:109} INFO - [2022-10-12 18:12:35,850] {dag.py:2396} INFO - Sync 1 DAGs
[2022-10-12 18:12:35,870] {logging_mixin.py:109} INFO - [2022-10-12 18:12:35,867] {dag.py:2935} INFO - Setting next_dagrun for example_task_group_decorator to 2022-10-11T21:12:35.867007+00:00
[2022-10-12 18:12:35,892] {processor.py:171} INFO - Processing /Users/renatomelo/Downloads/airflow_tooltorial/airflow-local/venv/lib/python3.9/site-packages/airflow/example_dags/example_task_group_decorator.py took 0.595 seconds
[2022-10-12 18:14:07,082] {processor.py:163} INFO - Started process (PID=8436) to work on /Users/renatomelo/Downloads/airflow_tooltorial/airflow-local/venv/lib/python3.9/site-packages/airflow/example_dags/example_task_group_decorator.py
[2022-10-12 18:14:07,102] {processor.py:642} INFO - Processing file /Users/renatomelo/Downloads/airflow_tooltorial/airflow-local/venv/lib/python3.9/site-packages/airflow/example_dags/example_task_group_decorator.py for tasks to queue
[2022-10-12 18:14:07,104] {logging_mixin.py:109} INFO - [2022-10-12 18:14:07,103] {dagbag.py:500} INFO - Filling up the DagBag from /Users/renatomelo/Downloads/airflow_tooltorial/airflow-local/venv/lib/python3.9/site-packages/airflow/example_dags/example_task_group_decorator.py
[2022-10-12 18:14:07,258] {processor.py:654} INFO - DAG(s) dict_keys(['example_task_group_decorator']) retrieved from /Users/renatomelo/Downloads/airflow_tooltorial/airflow-local/venv/lib/python3.9/site-packages/airflow/example_dags/example_task_group_decorator.py
[2022-10-12 18:14:07,790] {logging_mixin.py:109} INFO - [2022-10-12 18:14:07,790] {dag.py:2396} INFO - Sync 1 DAGs
[2022-10-12 18:14:07,800] {logging_mixin.py:109} INFO - [2022-10-12 18:14:07,800] {dag.py:2935} INFO - Setting next_dagrun for example_task_group_decorator to 2022-10-11T21:14:07.800395+00:00
[2022-10-12 18:14:07,813] {processor.py:171} INFO - Processing /Users/renatomelo/Downloads/airflow_tooltorial/airflow-local/venv/lib/python3.9/site-packages/airflow/example_dags/example_task_group_decorator.py took 0.732 seconds
[2022-10-12 18:15:28,769] {processor.py:163} INFO - Started process (PID=8465) to work on /Users/renatomelo/Downloads/airflow_tooltorial/airflow-local/venv/lib/python3.9/site-packages/airflow/example_dags/example_task_group_decorator.py
[2022-10-12 18:15:28,771] {processor.py:642} INFO - Processing file /Users/renatomelo/Downloads/airflow_tooltorial/airflow-local/venv/lib/python3.9/site-packages/airflow/example_dags/example_task_group_decorator.py for tasks to queue
[2022-10-12 18:15:28,771] {logging_mixin.py:109} INFO - [2022-10-12 18:15:28,771] {dagbag.py:500} INFO - Filling up the DagBag from /Users/renatomelo/Downloads/airflow_tooltorial/airflow-local/venv/lib/python3.9/site-packages/airflow/example_dags/example_task_group_decorator.py
[2022-10-12 18:15:28,868] {processor.py:654} INFO - DAG(s) dict_keys(['example_task_group_decorator']) retrieved from /Users/renatomelo/Downloads/airflow_tooltorial/airflow-local/venv/lib/python3.9/site-packages/airflow/example_dags/example_task_group_decorator.py
[2022-10-12 18:15:29,664] {logging_mixin.py:109} INFO - [2022-10-12 18:15:29,664] {dag.py:2396} INFO - Sync 1 DAGs
[2022-10-12 18:15:29,679] {logging_mixin.py:109} INFO - [2022-10-12 18:15:29,679] {dag.py:2935} INFO - Setting next_dagrun for example_task_group_decorator to 2022-10-11T21:15:29.679209+00:00
[2022-10-12 18:15:29,693] {processor.py:171} INFO - Processing /Users/renatomelo/Downloads/airflow_tooltorial/airflow-local/venv/lib/python3.9/site-packages/airflow/example_dags/example_task_group_decorator.py took 0.925 seconds
[2022-10-12 18:16:51,655] {processor.py:163} INFO - Started process (PID=8495) to work on /Users/renatomelo/Downloads/airflow_tooltorial/airflow-local/venv/lib/python3.9/site-packages/airflow/example_dags/example_task_group_decorator.py
[2022-10-12 18:16:51,658] {processor.py:642} INFO - Processing file /Users/renatomelo/Downloads/airflow_tooltorial/airflow-local/venv/lib/python3.9/site-packages/airflow/example_dags/example_task_group_decorator.py for tasks to queue
[2022-10-12 18:16:51,658] {logging_mixin.py:109} INFO - [2022-10-12 18:16:51,658] {dagbag.py:500} INFO - Filling up the DagBag from /Users/renatomelo/Downloads/airflow_tooltorial/airflow-local/venv/lib/python3.9/site-packages/airflow/example_dags/example_task_group_decorator.py
[2022-10-12 18:16:51,729] {processor.py:654} INFO - DAG(s) dict_keys(['example_task_group_decorator']) retrieved from /Users/renatomelo/Downloads/airflow_tooltorial/airflow-local/venv/lib/python3.9/site-packages/airflow/example_dags/example_task_group_decorator.py
[2022-10-12 18:16:52,344] {logging_mixin.py:109} INFO - [2022-10-12 18:16:52,344] {dag.py:2396} INFO - Sync 1 DAGs
[2022-10-12 18:16:52,364] {logging_mixin.py:109} INFO - [2022-10-12 18:16:52,364] {dag.py:2935} INFO - Setting next_dagrun for example_task_group_decorator to 2022-10-11T21:16:52.363344+00:00
[2022-10-12 18:16:52,377] {processor.py:171} INFO - Processing /Users/renatomelo/Downloads/airflow_tooltorial/airflow-local/venv/lib/python3.9/site-packages/airflow/example_dags/example_task_group_decorator.py took 0.722 seconds
[2022-10-12 18:18:09,296] {processor.py:163} INFO - Started process (PID=8525) to work on /Users/renatomelo/Downloads/airflow_tooltorial/airflow-local/venv/lib/python3.9/site-packages/airflow/example_dags/example_task_group_decorator.py
[2022-10-12 18:18:09,297] {processor.py:642} INFO - Processing file /Users/renatomelo/Downloads/airflow_tooltorial/airflow-local/venv/lib/python3.9/site-packages/airflow/example_dags/example_task_group_decorator.py for tasks to queue
[2022-10-12 18:18:09,297] {logging_mixin.py:109} INFO - [2022-10-12 18:18:09,297] {dagbag.py:500} INFO - Filling up the DagBag from /Users/renatomelo/Downloads/airflow_tooltorial/airflow-local/venv/lib/python3.9/site-packages/airflow/example_dags/example_task_group_decorator.py
[2022-10-12 18:18:09,357] {processor.py:654} INFO - DAG(s) dict_keys(['example_task_group_decorator']) retrieved from /Users/renatomelo/Downloads/airflow_tooltorial/airflow-local/venv/lib/python3.9/site-packages/airflow/example_dags/example_task_group_decorator.py
[2022-10-12 18:18:09,643] {logging_mixin.py:109} INFO - [2022-10-12 18:18:09,643] {dag.py:2396} INFO - Sync 1 DAGs
[2022-10-12 18:18:09,655] {logging_mixin.py:109} INFO - [2022-10-12 18:18:09,655] {dag.py:2935} INFO - Setting next_dagrun for example_task_group_decorator to 2022-10-11T21:18:09.654858+00:00
[2022-10-12 18:18:09,667] {processor.py:171} INFO - Processing /Users/renatomelo/Downloads/airflow_tooltorial/airflow-local/venv/lib/python3.9/site-packages/airflow/example_dags/example_task_group_decorator.py took 0.372 seconds
[2022-10-12 18:19:18,255] {processor.py:163} INFO - Started process (PID=8551) to work on /Users/renatomelo/Downloads/airflow_tooltorial/airflow-local/venv/lib/python3.9/site-packages/airflow/example_dags/example_task_group_decorator.py
[2022-10-12 18:19:18,255] {processor.py:642} INFO - Processing file /Users/renatomelo/Downloads/airflow_tooltorial/airflow-local/venv/lib/python3.9/site-packages/airflow/example_dags/example_task_group_decorator.py for tasks to queue
[2022-10-12 18:19:18,256] {logging_mixin.py:109} INFO - [2022-10-12 18:19:18,256] {dagbag.py:500} INFO - Filling up the DagBag from /Users/renatomelo/Downloads/airflow_tooltorial/airflow-local/venv/lib/python3.9/site-packages/airflow/example_dags/example_task_group_decorator.py
[2022-10-12 18:19:18,326] {processor.py:654} INFO - DAG(s) dict_keys(['example_task_group_decorator']) retrieved from /Users/renatomelo/Downloads/airflow_tooltorial/airflow-local/venv/lib/python3.9/site-packages/airflow/example_dags/example_task_group_decorator.py
[2022-10-12 18:19:18,796] {logging_mixin.py:109} INFO - [2022-10-12 18:19:18,796] {dag.py:2396} INFO - Sync 1 DAGs
[2022-10-12 18:19:18,809] {logging_mixin.py:109} INFO - [2022-10-12 18:19:18,809] {dag.py:2935} INFO - Setting next_dagrun for example_task_group_decorator to 2022-10-11T21:19:18.809381+00:00
[2022-10-12 18:19:18,824] {processor.py:171} INFO - Processing /Users/renatomelo/Downloads/airflow_tooltorial/airflow-local/venv/lib/python3.9/site-packages/airflow/example_dags/example_task_group_decorator.py took 0.570 seconds
[2022-10-12 18:20:27,166] {processor.py:163} INFO - Started process (PID=8577) to work on /Users/renatomelo/Downloads/airflow_tooltorial/airflow-local/venv/lib/python3.9/site-packages/airflow/example_dags/example_task_group_decorator.py
[2022-10-12 18:20:27,167] {processor.py:642} INFO - Processing file /Users/renatomelo/Downloads/airflow_tooltorial/airflow-local/venv/lib/python3.9/site-packages/airflow/example_dags/example_task_group_decorator.py for tasks to queue
[2022-10-12 18:20:27,167] {logging_mixin.py:109} INFO - [2022-10-12 18:20:27,167] {dagbag.py:500} INFO - Filling up the DagBag from /Users/renatomelo/Downloads/airflow_tooltorial/airflow-local/venv/lib/python3.9/site-packages/airflow/example_dags/example_task_group_decorator.py
[2022-10-12 18:20:27,261] {processor.py:654} INFO - DAG(s) dict_keys(['example_task_group_decorator']) retrieved from /Users/renatomelo/Downloads/airflow_tooltorial/airflow-local/venv/lib/python3.9/site-packages/airflow/example_dags/example_task_group_decorator.py
[2022-10-12 18:20:27,538] {logging_mixin.py:109} INFO - [2022-10-12 18:20:27,538] {dag.py:2396} INFO - Sync 1 DAGs
[2022-10-12 18:20:27,550] {logging_mixin.py:109} INFO - [2022-10-12 18:20:27,550] {dag.py:2935} INFO - Setting next_dagrun for example_task_group_decorator to 2022-10-11T21:20:27.550196+00:00
[2022-10-12 18:20:27,562] {processor.py:171} INFO - Processing /Users/renatomelo/Downloads/airflow_tooltorial/airflow-local/venv/lib/python3.9/site-packages/airflow/example_dags/example_task_group_decorator.py took 0.396 seconds
[2022-10-12 18:21:37,775] {processor.py:163} INFO - Started process (PID=8603) to work on /Users/renatomelo/Downloads/airflow_tooltorial/airflow-local/venv/lib/python3.9/site-packages/airflow/example_dags/example_task_group_decorator.py
[2022-10-12 18:21:37,776] {processor.py:642} INFO - Processing file /Users/renatomelo/Downloads/airflow_tooltorial/airflow-local/venv/lib/python3.9/site-packages/airflow/example_dags/example_task_group_decorator.py for tasks to queue
[2022-10-12 18:21:37,776] {logging_mixin.py:109} INFO - [2022-10-12 18:21:37,776] {dagbag.py:500} INFO - Filling up the DagBag from /Users/renatomelo/Downloads/airflow_tooltorial/airflow-local/venv/lib/python3.9/site-packages/airflow/example_dags/example_task_group_decorator.py
[2022-10-12 18:21:37,866] {processor.py:654} INFO - DAG(s) dict_keys(['example_task_group_decorator']) retrieved from /Users/renatomelo/Downloads/airflow_tooltorial/airflow-local/venv/lib/python3.9/site-packages/airflow/example_dags/example_task_group_decorator.py
[2022-10-12 18:21:38,152] {logging_mixin.py:109} INFO - [2022-10-12 18:21:38,152] {dag.py:2396} INFO - Sync 1 DAGs
[2022-10-12 18:21:38,162] {logging_mixin.py:109} INFO - [2022-10-12 18:21:38,162] {dag.py:2935} INFO - Setting next_dagrun for example_task_group_decorator to 2022-10-11T21:21:38.161878+00:00
[2022-10-12 18:21:38,173] {processor.py:171} INFO - Processing /Users/renatomelo/Downloads/airflow_tooltorial/airflow-local/venv/lib/python3.9/site-packages/airflow/example_dags/example_task_group_decorator.py took 0.398 seconds
[2022-10-12 18:22:50,801] {processor.py:163} INFO - Started process (PID=8644) to work on /Users/renatomelo/Downloads/airflow_tooltorial/airflow-local/venv/lib/python3.9/site-packages/airflow/example_dags/example_task_group_decorator.py
[2022-10-12 18:22:50,803] {processor.py:642} INFO - Processing file /Users/renatomelo/Downloads/airflow_tooltorial/airflow-local/venv/lib/python3.9/site-packages/airflow/example_dags/example_task_group_decorator.py for tasks to queue
[2022-10-12 18:22:50,803] {logging_mixin.py:109} INFO - [2022-10-12 18:22:50,803] {dagbag.py:500} INFO - Filling up the DagBag from /Users/renatomelo/Downloads/airflow_tooltorial/airflow-local/venv/lib/python3.9/site-packages/airflow/example_dags/example_task_group_decorator.py
[2022-10-12 18:22:50,871] {processor.py:654} INFO - DAG(s) dict_keys(['example_task_group_decorator']) retrieved from /Users/renatomelo/Downloads/airflow_tooltorial/airflow-local/venv/lib/python3.9/site-packages/airflow/example_dags/example_task_group_decorator.py
[2022-10-12 18:22:51,121] {logging_mixin.py:109} INFO - [2022-10-12 18:22:51,121] {dag.py:2396} INFO - Sync 1 DAGs
[2022-10-12 18:22:51,131] {logging_mixin.py:109} INFO - [2022-10-12 18:22:51,131] {dag.py:2935} INFO - Setting next_dagrun for example_task_group_decorator to 2022-10-11T21:22:51.131377+00:00
[2022-10-12 18:22:51,144] {processor.py:171} INFO - Processing /Users/renatomelo/Downloads/airflow_tooltorial/airflow-local/venv/lib/python3.9/site-packages/airflow/example_dags/example_task_group_decorator.py took 0.343 seconds
[2022-10-12 18:24:04,622] {processor.py:163} INFO - Started process (PID=8682) to work on /Users/renatomelo/Downloads/airflow_tooltorial/airflow-local/venv/lib/python3.9/site-packages/airflow/example_dags/example_task_group_decorator.py
[2022-10-12 18:24:04,624] {processor.py:642} INFO - Processing file /Users/renatomelo/Downloads/airflow_tooltorial/airflow-local/venv/lib/python3.9/site-packages/airflow/example_dags/example_task_group_decorator.py for tasks to queue
[2022-10-12 18:24:04,625] {logging_mixin.py:109} INFO - [2022-10-12 18:24:04,624] {dagbag.py:500} INFO - Filling up the DagBag from /Users/renatomelo/Downloads/airflow_tooltorial/airflow-local/venv/lib/python3.9/site-packages/airflow/example_dags/example_task_group_decorator.py
[2022-10-12 18:24:04,694] {processor.py:654} INFO - DAG(s) dict_keys(['example_task_group_decorator']) retrieved from /Users/renatomelo/Downloads/airflow_tooltorial/airflow-local/venv/lib/python3.9/site-packages/airflow/example_dags/example_task_group_decorator.py
[2022-10-12 18:24:04,959] {logging_mixin.py:109} INFO - [2022-10-12 18:24:04,958] {dag.py:2396} INFO - Sync 1 DAGs
[2022-10-12 18:24:04,973] {logging_mixin.py:109} INFO - [2022-10-12 18:24:04,973] {dag.py:2935} INFO - Setting next_dagrun for example_task_group_decorator to 2022-10-11T21:24:04.973268+00:00
[2022-10-12 18:24:04,989] {processor.py:171} INFO - Processing /Users/renatomelo/Downloads/airflow_tooltorial/airflow-local/venv/lib/python3.9/site-packages/airflow/example_dags/example_task_group_decorator.py took 0.367 seconds
[2022-10-12 18:25:18,987] {processor.py:163} INFO - Started process (PID=8717) to work on /Users/renatomelo/Downloads/airflow_tooltorial/airflow-local/venv/lib/python3.9/site-packages/airflow/example_dags/example_task_group_decorator.py
[2022-10-12 18:25:18,987] {processor.py:642} INFO - Processing file /Users/renatomelo/Downloads/airflow_tooltorial/airflow-local/venv/lib/python3.9/site-packages/airflow/example_dags/example_task_group_decorator.py for tasks to queue
[2022-10-12 18:25:18,988] {logging_mixin.py:109} INFO - [2022-10-12 18:25:18,988] {dagbag.py:500} INFO - Filling up the DagBag from /Users/renatomelo/Downloads/airflow_tooltorial/airflow-local/venv/lib/python3.9/site-packages/airflow/example_dags/example_task_group_decorator.py
[2022-10-12 18:25:19,087] {processor.py:654} INFO - DAG(s) dict_keys(['example_task_group_decorator']) retrieved from /Users/renatomelo/Downloads/airflow_tooltorial/airflow-local/venv/lib/python3.9/site-packages/airflow/example_dags/example_task_group_decorator.py
[2022-10-12 18:25:19,351] {logging_mixin.py:109} INFO - [2022-10-12 18:25:19,350] {dag.py:2396} INFO - Sync 1 DAGs
[2022-10-12 18:25:19,361] {logging_mixin.py:109} INFO - [2022-10-12 18:25:19,361] {dag.py:2935} INFO - Setting next_dagrun for example_task_group_decorator to 2022-10-11T21:25:19.360873+00:00
[2022-10-12 18:25:19,372] {processor.py:171} INFO - Processing /Users/renatomelo/Downloads/airflow_tooltorial/airflow-local/venv/lib/python3.9/site-packages/airflow/example_dags/example_task_group_decorator.py took 0.386 seconds
[2022-10-12 18:26:36,655] {processor.py:163} INFO - Started process (PID=8755) to work on /Users/renatomelo/Downloads/airflow_tooltorial/airflow-local/venv/lib/python3.9/site-packages/airflow/example_dags/example_task_group_decorator.py
[2022-10-12 18:26:36,655] {processor.py:642} INFO - Processing file /Users/renatomelo/Downloads/airflow_tooltorial/airflow-local/venv/lib/python3.9/site-packages/airflow/example_dags/example_task_group_decorator.py for tasks to queue
[2022-10-12 18:26:36,656] {logging_mixin.py:109} INFO - [2022-10-12 18:26:36,656] {dagbag.py:500} INFO - Filling up the DagBag from /Users/renatomelo/Downloads/airflow_tooltorial/airflow-local/venv/lib/python3.9/site-packages/airflow/example_dags/example_task_group_decorator.py
[2022-10-12 18:26:36,721] {processor.py:654} INFO - DAG(s) dict_keys(['example_task_group_decorator']) retrieved from /Users/renatomelo/Downloads/airflow_tooltorial/airflow-local/venv/lib/python3.9/site-packages/airflow/example_dags/example_task_group_decorator.py
[2022-10-12 18:26:37,022] {logging_mixin.py:109} INFO - [2022-10-12 18:26:37,021] {dag.py:2396} INFO - Sync 1 DAGs
[2022-10-12 18:26:37,033] {logging_mixin.py:109} INFO - [2022-10-12 18:26:37,033] {dag.py:2935} INFO - Setting next_dagrun for example_task_group_decorator to 2022-10-11T21:26:37.033073+00:00
[2022-10-12 18:26:37,046] {processor.py:171} INFO - Processing /Users/renatomelo/Downloads/airflow_tooltorial/airflow-local/venv/lib/python3.9/site-packages/airflow/example_dags/example_task_group_decorator.py took 0.391 seconds
[2022-10-12 18:27:56,979] {processor.py:163} INFO - Started process (PID=8802) to work on /Users/renatomelo/Downloads/airflow_tooltorial/airflow-local/venv/lib/python3.9/site-packages/airflow/example_dags/example_task_group_decorator.py
[2022-10-12 18:27:56,979] {processor.py:642} INFO - Processing file /Users/renatomelo/Downloads/airflow_tooltorial/airflow-local/venv/lib/python3.9/site-packages/airflow/example_dags/example_task_group_decorator.py for tasks to queue
[2022-10-12 18:27:56,979] {logging_mixin.py:109} INFO - [2022-10-12 18:27:56,979] {dagbag.py:500} INFO - Filling up the DagBag from /Users/renatomelo/Downloads/airflow_tooltorial/airflow-local/venv/lib/python3.9/site-packages/airflow/example_dags/example_task_group_decorator.py
[2022-10-12 18:27:57,055] {processor.py:654} INFO - DAG(s) dict_keys(['example_task_group_decorator']) retrieved from /Users/renatomelo/Downloads/airflow_tooltorial/airflow-local/venv/lib/python3.9/site-packages/airflow/example_dags/example_task_group_decorator.py
[2022-10-12 18:27:57,293] {logging_mixin.py:109} INFO - [2022-10-12 18:27:57,293] {dag.py:2396} INFO - Sync 1 DAGs
[2022-10-12 18:27:57,302] {logging_mixin.py:109} INFO - [2022-10-12 18:27:57,302] {dag.py:2935} INFO - Setting next_dagrun for example_task_group_decorator to 2022-10-11T21:27:57.302166+00:00
[2022-10-12 18:27:57,313] {processor.py:171} INFO - Processing /Users/renatomelo/Downloads/airflow_tooltorial/airflow-local/venv/lib/python3.9/site-packages/airflow/example_dags/example_task_group_decorator.py took 0.335 seconds
[2022-10-12 18:29:00,111] {processor.py:163} INFO - Started process (PID=8829) to work on /Users/renatomelo/Downloads/airflow_tooltorial/airflow-local/venv/lib/python3.9/site-packages/airflow/example_dags/example_task_group_decorator.py
[2022-10-12 18:29:00,111] {processor.py:642} INFO - Processing file /Users/renatomelo/Downloads/airflow_tooltorial/airflow-local/venv/lib/python3.9/site-packages/airflow/example_dags/example_task_group_decorator.py for tasks to queue
[2022-10-12 18:29:00,111] {logging_mixin.py:109} INFO - [2022-10-12 18:29:00,111] {dagbag.py:500} INFO - Filling up the DagBag from /Users/renatomelo/Downloads/airflow_tooltorial/airflow-local/venv/lib/python3.9/site-packages/airflow/example_dags/example_task_group_decorator.py
[2022-10-12 18:29:00,166] {processor.py:654} INFO - DAG(s) dict_keys(['example_task_group_decorator']) retrieved from /Users/renatomelo/Downloads/airflow_tooltorial/airflow-local/venv/lib/python3.9/site-packages/airflow/example_dags/example_task_group_decorator.py
[2022-10-12 18:29:00,406] {logging_mixin.py:109} INFO - [2022-10-12 18:29:00,405] {dag.py:2396} INFO - Sync 1 DAGs
[2022-10-12 18:29:00,417] {logging_mixin.py:109} INFO - [2022-10-12 18:29:00,416] {dag.py:2935} INFO - Setting next_dagrun for example_task_group_decorator to 2022-10-11T21:29:00.416764+00:00
[2022-10-12 18:29:00,427] {processor.py:171} INFO - Processing /Users/renatomelo/Downloads/airflow_tooltorial/airflow-local/venv/lib/python3.9/site-packages/airflow/example_dags/example_task_group_decorator.py took 0.317 seconds
[2022-10-12 18:31:14,763] {processor.py:163} INFO - Started process (PID=8914) to work on /Users/renatomelo/Downloads/airflow_tooltorial/airflow-local/venv/lib/python3.9/site-packages/airflow/example_dags/example_task_group_decorator.py
[2022-10-12 18:31:14,763] {processor.py:642} INFO - Processing file /Users/renatomelo/Downloads/airflow_tooltorial/airflow-local/venv/lib/python3.9/site-packages/airflow/example_dags/example_task_group_decorator.py for tasks to queue
[2022-10-12 18:31:14,764] {logging_mixin.py:109} INFO - [2022-10-12 18:31:14,764] {dagbag.py:500} INFO - Filling up the DagBag from /Users/renatomelo/Downloads/airflow_tooltorial/airflow-local/venv/lib/python3.9/site-packages/airflow/example_dags/example_task_group_decorator.py
[2022-10-12 18:31:14,823] {processor.py:654} INFO - DAG(s) dict_keys(['example_task_group_decorator']) retrieved from /Users/renatomelo/Downloads/airflow_tooltorial/airflow-local/venv/lib/python3.9/site-packages/airflow/example_dags/example_task_group_decorator.py
[2022-10-12 18:31:15,092] {logging_mixin.py:109} INFO - [2022-10-12 18:31:15,091] {dag.py:2396} INFO - Sync 1 DAGs
[2022-10-12 18:31:15,107] {logging_mixin.py:109} INFO - [2022-10-12 18:31:15,107] {dag.py:2935} INFO - Setting next_dagrun for example_task_group_decorator to 2022-10-11T21:31:15.107627+00:00
[2022-10-12 18:31:15,132] {processor.py:171} INFO - Processing /Users/renatomelo/Downloads/airflow_tooltorial/airflow-local/venv/lib/python3.9/site-packages/airflow/example_dags/example_task_group_decorator.py took 0.370 seconds
[2022-10-12 18:32:33,774] {processor.py:163} INFO - Started process (PID=8941) to work on /Users/renatomelo/Downloads/airflow_tooltorial/airflow-local/venv/lib/python3.9/site-packages/airflow/example_dags/example_task_group_decorator.py
[2022-10-12 18:32:33,776] {processor.py:642} INFO - Processing file /Users/renatomelo/Downloads/airflow_tooltorial/airflow-local/venv/lib/python3.9/site-packages/airflow/example_dags/example_task_group_decorator.py for tasks to queue
[2022-10-12 18:32:33,776] {logging_mixin.py:109} INFO - [2022-10-12 18:32:33,776] {dagbag.py:500} INFO - Filling up the DagBag from /Users/renatomelo/Downloads/airflow_tooltorial/airflow-local/venv/lib/python3.9/site-packages/airflow/example_dags/example_task_group_decorator.py
[2022-10-12 18:32:33,838] {processor.py:654} INFO - DAG(s) dict_keys(['example_task_group_decorator']) retrieved from /Users/renatomelo/Downloads/airflow_tooltorial/airflow-local/venv/lib/python3.9/site-packages/airflow/example_dags/example_task_group_decorator.py
[2022-10-12 18:32:34,122] {logging_mixin.py:109} INFO - [2022-10-12 18:32:34,122] {dag.py:2396} INFO - Sync 1 DAGs
[2022-10-12 18:32:34,132] {logging_mixin.py:109} INFO - [2022-10-12 18:32:34,132] {dag.py:2935} INFO - Setting next_dagrun for example_task_group_decorator to 2022-10-11T21:32:34.132271+00:00
[2022-10-12 18:32:34,143] {processor.py:171} INFO - Processing /Users/renatomelo/Downloads/airflow_tooltorial/airflow-local/venv/lib/python3.9/site-packages/airflow/example_dags/example_task_group_decorator.py took 0.370 seconds
[2022-10-12 18:33:46,569] {processor.py:163} INFO - Started process (PID=8968) to work on /Users/renatomelo/Downloads/airflow_tooltorial/airflow-local/venv/lib/python3.9/site-packages/airflow/example_dags/example_task_group_decorator.py
[2022-10-12 18:33:46,571] {processor.py:642} INFO - Processing file /Users/renatomelo/Downloads/airflow_tooltorial/airflow-local/venv/lib/python3.9/site-packages/airflow/example_dags/example_task_group_decorator.py for tasks to queue
[2022-10-12 18:33:46,572] {logging_mixin.py:109} INFO - [2022-10-12 18:33:46,571] {dagbag.py:500} INFO - Filling up the DagBag from /Users/renatomelo/Downloads/airflow_tooltorial/airflow-local/venv/lib/python3.9/site-packages/airflow/example_dags/example_task_group_decorator.py
[2022-10-12 18:33:46,632] {processor.py:654} INFO - DAG(s) dict_keys(['example_task_group_decorator']) retrieved from /Users/renatomelo/Downloads/airflow_tooltorial/airflow-local/venv/lib/python3.9/site-packages/airflow/example_dags/example_task_group_decorator.py
[2022-10-12 18:33:46,880] {logging_mixin.py:109} INFO - [2022-10-12 18:33:46,880] {dag.py:2396} INFO - Sync 1 DAGs
[2022-10-12 18:33:46,890] {logging_mixin.py:109} INFO - [2022-10-12 18:33:46,890] {dag.py:2935} INFO - Setting next_dagrun for example_task_group_decorator to 2022-10-11T21:33:46.890357+00:00
[2022-10-12 18:33:46,901] {processor.py:171} INFO - Processing /Users/renatomelo/Downloads/airflow_tooltorial/airflow-local/venv/lib/python3.9/site-packages/airflow/example_dags/example_task_group_decorator.py took 0.333 seconds
