[2022-10-12 18:05:25,267] {processor.py:163} INFO - Started process (PID=8005) to work on /Users/renatomelo/Downloads/airflow_tooltorial/airflow-local/venv/lib/python3.9/site-packages/airflow/example_dags/example_external_task_marker_dag.py
[2022-10-12 18:05:25,267] {processor.py:642} INFO - Processing file /Users/renatomelo/Downloads/airflow_tooltorial/airflow-local/venv/lib/python3.9/site-packages/airflow/example_dags/example_external_task_marker_dag.py for tasks to queue
[2022-10-12 18:05:25,268] {logging_mixin.py:109} INFO - [2022-10-12 18:05:25,268] {dagbag.py:500} INFO - Filling up the DagBag from /Users/renatomelo/Downloads/airflow_tooltorial/airflow-local/venv/lib/python3.9/site-packages/airflow/example_dags/example_external_task_marker_dag.py
[2022-10-12 18:05:25,306] {processor.py:654} INFO - DAG(s) dict_keys(['example_external_task_marker_parent', 'example_external_task_marker_child']) retrieved from /Users/renatomelo/Downloads/airflow_tooltorial/airflow-local/venv/lib/python3.9/site-packages/airflow/example_dags/example_external_task_marker_dag.py
[2022-10-12 18:05:25,330] {logging_mixin.py:109} INFO - [2022-10-12 18:05:25,330] {dag.py:2396} INFO - Sync 2 DAGs
[2022-10-12 18:05:25,342] {logging_mixin.py:109} INFO - [2022-10-12 18:05:25,342] {dag.py:2935} INFO - Setting next_dagrun for example_external_task_marker_child to None
[2022-10-12 18:05:25,343] {logging_mixin.py:109} INFO - [2022-10-12 18:05:25,343] {dag.py:2935} INFO - Setting next_dagrun for example_external_task_marker_parent to None
[2022-10-12 18:05:25,352] {processor.py:171} INFO - Processing /Users/renatomelo/Downloads/airflow_tooltorial/airflow-local/venv/lib/python3.9/site-packages/airflow/example_dags/example_external_task_marker_dag.py took 0.086 seconds
[2022-10-12 18:07:24,778] {processor.py:163} INFO - Started process (PID=8237) to work on /Users/renatomelo/Downloads/airflow_tooltorial/airflow-local/venv/lib/python3.9/site-packages/airflow/example_dags/example_external_task_marker_dag.py
[2022-10-12 18:07:24,780] {processor.py:642} INFO - Processing file /Users/renatomelo/Downloads/airflow_tooltorial/airflow-local/venv/lib/python3.9/site-packages/airflow/example_dags/example_external_task_marker_dag.py for tasks to queue
[2022-10-12 18:07:24,780] {logging_mixin.py:109} INFO - [2022-10-12 18:07:24,780] {dagbag.py:500} INFO - Filling up the DagBag from /Users/renatomelo/Downloads/airflow_tooltorial/airflow-local/venv/lib/python3.9/site-packages/airflow/example_dags/example_external_task_marker_dag.py
[2022-10-12 18:07:24,819] {processor.py:654} INFO - DAG(s) dict_keys(['example_external_task_marker_parent', 'example_external_task_marker_child']) retrieved from /Users/renatomelo/Downloads/airflow_tooltorial/airflow-local/venv/lib/python3.9/site-packages/airflow/example_dags/example_external_task_marker_dag.py
[2022-10-12 18:07:24,841] {logging_mixin.py:109} INFO - [2022-10-12 18:07:24,841] {dag.py:2396} INFO - Sync 2 DAGs
[2022-10-12 18:07:24,851] {logging_mixin.py:109} INFO - [2022-10-12 18:07:24,851] {dag.py:2935} INFO - Setting next_dagrun for example_external_task_marker_child to None
[2022-10-12 18:07:24,851] {logging_mixin.py:109} INFO - [2022-10-12 18:07:24,851] {dag.py:2935} INFO - Setting next_dagrun for example_external_task_marker_parent to None
[2022-10-12 18:07:24,863] {processor.py:171} INFO - Processing /Users/renatomelo/Downloads/airflow_tooltorial/airflow-local/venv/lib/python3.9/site-packages/airflow/example_dags/example_external_task_marker_dag.py took 0.087 seconds
[2022-10-12 18:10:07,728] {processor.py:163} INFO - Started process (PID=8339) to work on /Users/renatomelo/Downloads/airflow_tooltorial/airflow-local/venv/lib/python3.9/site-packages/airflow/example_dags/example_external_task_marker_dag.py
[2022-10-12 18:10:07,730] {processor.py:642} INFO - Processing file /Users/renatomelo/Downloads/airflow_tooltorial/airflow-local/venv/lib/python3.9/site-packages/airflow/example_dags/example_external_task_marker_dag.py for tasks to queue
[2022-10-12 18:10:07,730] {logging_mixin.py:109} INFO - [2022-10-12 18:10:07,730] {dagbag.py:500} INFO - Filling up the DagBag from /Users/renatomelo/Downloads/airflow_tooltorial/airflow-local/venv/lib/python3.9/site-packages/airflow/example_dags/example_external_task_marker_dag.py
[2022-10-12 18:10:07,782] {processor.py:654} INFO - DAG(s) dict_keys(['example_external_task_marker_parent', 'example_external_task_marker_child']) retrieved from /Users/renatomelo/Downloads/airflow_tooltorial/airflow-local/venv/lib/python3.9/site-packages/airflow/example_dags/example_external_task_marker_dag.py
[2022-10-12 18:10:07,804] {logging_mixin.py:109} INFO - [2022-10-12 18:10:07,804] {dag.py:2396} INFO - Sync 2 DAGs
[2022-10-12 18:10:07,817] {logging_mixin.py:109} INFO - [2022-10-12 18:10:07,817] {dag.py:2935} INFO - Setting next_dagrun for example_external_task_marker_child to None
[2022-10-12 18:10:07,818] {logging_mixin.py:109} INFO - [2022-10-12 18:10:07,818] {dag.py:2935} INFO - Setting next_dagrun for example_external_task_marker_parent to None
[2022-10-12 18:10:07,829] {processor.py:171} INFO - Processing /Users/renatomelo/Downloads/airflow_tooltorial/airflow-local/venv/lib/python3.9/site-packages/airflow/example_dags/example_external_task_marker_dag.py took 0.102 seconds
[2022-10-12 18:13:18,371] {processor.py:163} INFO - Started process (PID=8421) to work on /Users/renatomelo/Downloads/airflow_tooltorial/airflow-local/venv/lib/python3.9/site-packages/airflow/example_dags/example_external_task_marker_dag.py
[2022-10-12 18:13:18,373] {processor.py:642} INFO - Processing file /Users/renatomelo/Downloads/airflow_tooltorial/airflow-local/venv/lib/python3.9/site-packages/airflow/example_dags/example_external_task_marker_dag.py for tasks to queue
[2022-10-12 18:13:18,374] {logging_mixin.py:109} INFO - [2022-10-12 18:13:18,373] {dagbag.py:500} INFO - Filling up the DagBag from /Users/renatomelo/Downloads/airflow_tooltorial/airflow-local/venv/lib/python3.9/site-packages/airflow/example_dags/example_external_task_marker_dag.py
[2022-10-12 18:13:18,431] {processor.py:654} INFO - DAG(s) dict_keys(['example_external_task_marker_parent', 'example_external_task_marker_child']) retrieved from /Users/renatomelo/Downloads/airflow_tooltorial/airflow-local/venv/lib/python3.9/site-packages/airflow/example_dags/example_external_task_marker_dag.py
[2022-10-12 18:13:18,454] {logging_mixin.py:109} INFO - [2022-10-12 18:13:18,453] {dag.py:2396} INFO - Sync 2 DAGs
[2022-10-12 18:13:18,467] {logging_mixin.py:109} INFO - [2022-10-12 18:13:18,467] {dag.py:2935} INFO - Setting next_dagrun for example_external_task_marker_child to None
[2022-10-12 18:13:18,467] {logging_mixin.py:109} INFO - [2022-10-12 18:13:18,467] {dag.py:2935} INFO - Setting next_dagrun for example_external_task_marker_parent to None
[2022-10-12 18:13:18,479] {processor.py:171} INFO - Processing /Users/renatomelo/Downloads/airflow_tooltorial/airflow-local/venv/lib/python3.9/site-packages/airflow/example_dags/example_external_task_marker_dag.py took 0.108 seconds
[2022-10-12 18:16:06,189] {processor.py:163} INFO - Started process (PID=8478) to work on /Users/renatomelo/Downloads/airflow_tooltorial/airflow-local/venv/lib/python3.9/site-packages/airflow/example_dags/example_external_task_marker_dag.py
[2022-10-12 18:16:06,192] {processor.py:642} INFO - Processing file /Users/renatomelo/Downloads/airflow_tooltorial/airflow-local/venv/lib/python3.9/site-packages/airflow/example_dags/example_external_task_marker_dag.py for tasks to queue
[2022-10-12 18:16:06,192] {logging_mixin.py:109} INFO - [2022-10-12 18:16:06,192] {dagbag.py:500} INFO - Filling up the DagBag from /Users/renatomelo/Downloads/airflow_tooltorial/airflow-local/venv/lib/python3.9/site-packages/airflow/example_dags/example_external_task_marker_dag.py
[2022-10-12 18:16:06,268] {processor.py:654} INFO - DAG(s) dict_keys(['example_external_task_marker_parent', 'example_external_task_marker_child']) retrieved from /Users/renatomelo/Downloads/airflow_tooltorial/airflow-local/venv/lib/python3.9/site-packages/airflow/example_dags/example_external_task_marker_dag.py
[2022-10-12 18:16:06,314] {logging_mixin.py:109} INFO - [2022-10-12 18:16:06,314] {dag.py:2396} INFO - Sync 2 DAGs
[2022-10-12 18:16:06,335] {logging_mixin.py:109} INFO - [2022-10-12 18:16:06,335] {dag.py:2935} INFO - Setting next_dagrun for example_external_task_marker_child to None
[2022-10-12 18:16:06,335] {logging_mixin.py:109} INFO - [2022-10-12 18:16:06,335] {dag.py:2935} INFO - Setting next_dagrun for example_external_task_marker_parent to None
[2022-10-12 18:16:06,401] {processor.py:171} INFO - Processing /Users/renatomelo/Downloads/airflow_tooltorial/airflow-local/venv/lib/python3.9/site-packages/airflow/example_dags/example_external_task_marker_dag.py took 0.214 seconds
[2022-10-12 18:18:37,791] {processor.py:163} INFO - Started process (PID=8536) to work on /Users/renatomelo/Downloads/airflow_tooltorial/airflow-local/venv/lib/python3.9/site-packages/airflow/example_dags/example_external_task_marker_dag.py
[2022-10-12 18:18:37,791] {processor.py:642} INFO - Processing file /Users/renatomelo/Downloads/airflow_tooltorial/airflow-local/venv/lib/python3.9/site-packages/airflow/example_dags/example_external_task_marker_dag.py for tasks to queue
[2022-10-12 18:18:37,792] {logging_mixin.py:109} INFO - [2022-10-12 18:18:37,792] {dagbag.py:500} INFO - Filling up the DagBag from /Users/renatomelo/Downloads/airflow_tooltorial/airflow-local/venv/lib/python3.9/site-packages/airflow/example_dags/example_external_task_marker_dag.py
[2022-10-12 18:18:37,836] {processor.py:654} INFO - DAG(s) dict_keys(['example_external_task_marker_parent', 'example_external_task_marker_child']) retrieved from /Users/renatomelo/Downloads/airflow_tooltorial/airflow-local/venv/lib/python3.9/site-packages/airflow/example_dags/example_external_task_marker_dag.py
[2022-10-12 18:18:37,860] {logging_mixin.py:109} INFO - [2022-10-12 18:18:37,860] {dag.py:2396} INFO - Sync 2 DAGs
[2022-10-12 18:18:37,879] {logging_mixin.py:109} INFO - [2022-10-12 18:18:37,879] {dag.py:2935} INFO - Setting next_dagrun for example_external_task_marker_child to None
[2022-10-12 18:18:37,879] {logging_mixin.py:109} INFO - [2022-10-12 18:18:37,879] {dag.py:2935} INFO - Setting next_dagrun for example_external_task_marker_parent to None
[2022-10-12 18:18:37,924] {processor.py:171} INFO - Processing /Users/renatomelo/Downloads/airflow_tooltorial/airflow-local/venv/lib/python3.9/site-packages/airflow/example_dags/example_external_task_marker_dag.py took 0.134 seconds
[2022-10-12 18:20:56,539] {processor.py:163} INFO - Started process (PID=8587) to work on /Users/renatomelo/Downloads/airflow_tooltorial/airflow-local/venv/lib/python3.9/site-packages/airflow/example_dags/example_external_task_marker_dag.py
[2022-10-12 18:20:56,540] {processor.py:642} INFO - Processing file /Users/renatomelo/Downloads/airflow_tooltorial/airflow-local/venv/lib/python3.9/site-packages/airflow/example_dags/example_external_task_marker_dag.py for tasks to queue
[2022-10-12 18:20:56,540] {logging_mixin.py:109} INFO - [2022-10-12 18:20:56,540] {dagbag.py:500} INFO - Filling up the DagBag from /Users/renatomelo/Downloads/airflow_tooltorial/airflow-local/venv/lib/python3.9/site-packages/airflow/example_dags/example_external_task_marker_dag.py
[2022-10-12 18:20:56,578] {processor.py:654} INFO - DAG(s) dict_keys(['example_external_task_marker_parent', 'example_external_task_marker_child']) retrieved from /Users/renatomelo/Downloads/airflow_tooltorial/airflow-local/venv/lib/python3.9/site-packages/airflow/example_dags/example_external_task_marker_dag.py
[2022-10-12 18:20:56,601] {logging_mixin.py:109} INFO - [2022-10-12 18:20:56,601] {dag.py:2396} INFO - Sync 2 DAGs
[2022-10-12 18:20:56,612] {logging_mixin.py:109} INFO - [2022-10-12 18:20:56,612] {dag.py:2935} INFO - Setting next_dagrun for example_external_task_marker_child to None
[2022-10-12 18:20:56,612] {logging_mixin.py:109} INFO - [2022-10-12 18:20:56,612] {dag.py:2935} INFO - Setting next_dagrun for example_external_task_marker_parent to None
[2022-10-12 18:20:56,626] {processor.py:171} INFO - Processing /Users/renatomelo/Downloads/airflow_tooltorial/airflow-local/venv/lib/python3.9/site-packages/airflow/example_dags/example_external_task_marker_dag.py took 0.087 seconds
[2022-10-12 18:23:20,357] {processor.py:163} INFO - Started process (PID=8660) to work on /Users/renatomelo/Downloads/airflow_tooltorial/airflow-local/venv/lib/python3.9/site-packages/airflow/example_dags/example_external_task_marker_dag.py
[2022-10-12 18:23:20,360] {processor.py:642} INFO - Processing file /Users/renatomelo/Downloads/airflow_tooltorial/airflow-local/venv/lib/python3.9/site-packages/airflow/example_dags/example_external_task_marker_dag.py for tasks to queue
[2022-10-12 18:23:20,361] {logging_mixin.py:109} INFO - [2022-10-12 18:23:20,361] {dagbag.py:500} INFO - Filling up the DagBag from /Users/renatomelo/Downloads/airflow_tooltorial/airflow-local/venv/lib/python3.9/site-packages/airflow/example_dags/example_external_task_marker_dag.py
[2022-10-12 18:23:20,465] {processor.py:654} INFO - DAG(s) dict_keys(['example_external_task_marker_parent', 'example_external_task_marker_child']) retrieved from /Users/renatomelo/Downloads/airflow_tooltorial/airflow-local/venv/lib/python3.9/site-packages/airflow/example_dags/example_external_task_marker_dag.py
[2022-10-12 18:23:20,522] {logging_mixin.py:109} INFO - [2022-10-12 18:23:20,522] {dag.py:2396} INFO - Sync 2 DAGs
[2022-10-12 18:23:20,545] {logging_mixin.py:109} INFO - [2022-10-12 18:23:20,545] {dag.py:2935} INFO - Setting next_dagrun for example_external_task_marker_child to None
[2022-10-12 18:23:20,545] {logging_mixin.py:109} INFO - [2022-10-12 18:23:20,545] {dag.py:2935} INFO - Setting next_dagrun for example_external_task_marker_parent to None
[2022-10-12 18:23:20,561] {processor.py:171} INFO - Processing /Users/renatomelo/Downloads/airflow_tooltorial/airflow-local/venv/lib/python3.9/site-packages/airflow/example_dags/example_external_task_marker_dag.py took 0.219 seconds
[2022-10-12 18:25:53,900] {processor.py:163} INFO - Started process (PID=8730) to work on /Users/renatomelo/Downloads/airflow_tooltorial/airflow-local/venv/lib/python3.9/site-packages/airflow/example_dags/example_external_task_marker_dag.py
[2022-10-12 18:25:53,900] {processor.py:642} INFO - Processing file /Users/renatomelo/Downloads/airflow_tooltorial/airflow-local/venv/lib/python3.9/site-packages/airflow/example_dags/example_external_task_marker_dag.py for tasks to queue
[2022-10-12 18:25:53,901] {logging_mixin.py:109} INFO - [2022-10-12 18:25:53,901] {dagbag.py:500} INFO - Filling up the DagBag from /Users/renatomelo/Downloads/airflow_tooltorial/airflow-local/venv/lib/python3.9/site-packages/airflow/example_dags/example_external_task_marker_dag.py
[2022-10-12 18:25:53,947] {processor.py:654} INFO - DAG(s) dict_keys(['example_external_task_marker_parent', 'example_external_task_marker_child']) retrieved from /Users/renatomelo/Downloads/airflow_tooltorial/airflow-local/venv/lib/python3.9/site-packages/airflow/example_dags/example_external_task_marker_dag.py
[2022-10-12 18:25:54,253] {logging_mixin.py:109} INFO - [2022-10-12 18:25:54,252] {dag.py:2396} INFO - Sync 2 DAGs
[2022-10-12 18:25:54,264] {logging_mixin.py:109} INFO - [2022-10-12 18:25:54,264] {dag.py:2935} INFO - Setting next_dagrun for example_external_task_marker_child to None
[2022-10-12 18:25:54,265] {logging_mixin.py:109} INFO - [2022-10-12 18:25:54,265] {dag.py:2935} INFO - Setting next_dagrun for example_external_task_marker_parent to None
[2022-10-12 18:25:54,277] {processor.py:171} INFO - Processing /Users/renatomelo/Downloads/airflow_tooltorial/airflow-local/venv/lib/python3.9/site-packages/airflow/example_dags/example_external_task_marker_dag.py took 0.378 seconds
[2022-10-12 18:28:24,598] {processor.py:163} INFO - Started process (PID=8813) to work on /Users/renatomelo/Downloads/airflow_tooltorial/airflow-local/venv/lib/python3.9/site-packages/airflow/example_dags/example_external_task_marker_dag.py
[2022-10-12 18:28:24,598] {processor.py:642} INFO - Processing file /Users/renatomelo/Downloads/airflow_tooltorial/airflow-local/venv/lib/python3.9/site-packages/airflow/example_dags/example_external_task_marker_dag.py for tasks to queue
[2022-10-12 18:28:24,599] {logging_mixin.py:109} INFO - [2022-10-12 18:28:24,598] {dagbag.py:500} INFO - Filling up the DagBag from /Users/renatomelo/Downloads/airflow_tooltorial/airflow-local/venv/lib/python3.9/site-packages/airflow/example_dags/example_external_task_marker_dag.py
[2022-10-12 18:28:24,636] {processor.py:654} INFO - DAG(s) dict_keys(['example_external_task_marker_parent', 'example_external_task_marker_child']) retrieved from /Users/renatomelo/Downloads/airflow_tooltorial/airflow-local/venv/lib/python3.9/site-packages/airflow/example_dags/example_external_task_marker_dag.py
[2022-10-12 18:28:24,655] {logging_mixin.py:109} INFO - [2022-10-12 18:28:24,655] {dag.py:2396} INFO - Sync 2 DAGs
[2022-10-12 18:28:24,665] {logging_mixin.py:109} INFO - [2022-10-12 18:28:24,665] {dag.py:2935} INFO - Setting next_dagrun for example_external_task_marker_child to None
[2022-10-12 18:28:24,665] {logging_mixin.py:109} INFO - [2022-10-12 18:28:24,665] {dag.py:2935} INFO - Setting next_dagrun for example_external_task_marker_parent to None
[2022-10-12 18:28:24,675] {processor.py:171} INFO - Processing /Users/renatomelo/Downloads/airflow_tooltorial/airflow-local/venv/lib/python3.9/site-packages/airflow/example_dags/example_external_task_marker_dag.py took 0.078 seconds
[2022-10-12 18:30:29,055] {processor.py:163} INFO - Started process (PID=8887) to work on /Users/renatomelo/Downloads/airflow_tooltorial/airflow-local/venv/lib/python3.9/site-packages/airflow/example_dags/example_external_task_marker_dag.py
[2022-10-12 18:30:29,055] {processor.py:642} INFO - Processing file /Users/renatomelo/Downloads/airflow_tooltorial/airflow-local/venv/lib/python3.9/site-packages/airflow/example_dags/example_external_task_marker_dag.py for tasks to queue
[2022-10-12 18:30:29,056] {logging_mixin.py:109} INFO - [2022-10-12 18:30:29,056] {dagbag.py:500} INFO - Filling up the DagBag from /Users/renatomelo/Downloads/airflow_tooltorial/airflow-local/venv/lib/python3.9/site-packages/airflow/example_dags/example_external_task_marker_dag.py
[2022-10-12 18:30:29,091] {processor.py:654} INFO - DAG(s) dict_keys(['example_external_task_marker_parent', 'example_external_task_marker_child']) retrieved from /Users/renatomelo/Downloads/airflow_tooltorial/airflow-local/venv/lib/python3.9/site-packages/airflow/example_dags/example_external_task_marker_dag.py
[2022-10-12 18:30:29,113] {logging_mixin.py:109} INFO - [2022-10-12 18:30:29,112] {dag.py:2396} INFO - Sync 2 DAGs
[2022-10-12 18:30:29,122] {logging_mixin.py:109} INFO - [2022-10-12 18:30:29,122] {dag.py:2935} INFO - Setting next_dagrun for example_external_task_marker_child to None
[2022-10-12 18:30:29,123] {logging_mixin.py:109} INFO - [2022-10-12 18:30:29,123] {dag.py:2935} INFO - Setting next_dagrun for example_external_task_marker_parent to None
[2022-10-12 18:30:29,135] {processor.py:171} INFO - Processing /Users/renatomelo/Downloads/airflow_tooltorial/airflow-local/venv/lib/python3.9/site-packages/airflow/example_dags/example_external_task_marker_dag.py took 0.081 seconds
[2022-10-12 18:33:02,896] {processor.py:163} INFO - Started process (PID=8952) to work on /Users/renatomelo/Downloads/airflow_tooltorial/airflow-local/venv/lib/python3.9/site-packages/airflow/example_dags/example_external_task_marker_dag.py
[2022-10-12 18:33:02,898] {processor.py:642} INFO - Processing file /Users/renatomelo/Downloads/airflow_tooltorial/airflow-local/venv/lib/python3.9/site-packages/airflow/example_dags/example_external_task_marker_dag.py for tasks to queue
[2022-10-12 18:33:02,899] {logging_mixin.py:109} INFO - [2022-10-12 18:33:02,898] {dagbag.py:500} INFO - Filling up the DagBag from /Users/renatomelo/Downloads/airflow_tooltorial/airflow-local/venv/lib/python3.9/site-packages/airflow/example_dags/example_external_task_marker_dag.py
[2022-10-12 18:33:02,940] {processor.py:654} INFO - DAG(s) dict_keys(['example_external_task_marker_parent', 'example_external_task_marker_child']) retrieved from /Users/renatomelo/Downloads/airflow_tooltorial/airflow-local/venv/lib/python3.9/site-packages/airflow/example_dags/example_external_task_marker_dag.py
[2022-10-12 18:33:02,960] {logging_mixin.py:109} INFO - [2022-10-12 18:33:02,960] {dag.py:2396} INFO - Sync 2 DAGs
[2022-10-12 18:33:02,970] {logging_mixin.py:109} INFO - [2022-10-12 18:33:02,970] {dag.py:2935} INFO - Setting next_dagrun for example_external_task_marker_child to None
[2022-10-12 18:33:02,970] {logging_mixin.py:109} INFO - [2022-10-12 18:33:02,970] {dag.py:2935} INFO - Setting next_dagrun for example_external_task_marker_parent to None
[2022-10-12 18:33:02,980] {processor.py:171} INFO - Processing /Users/renatomelo/Downloads/airflow_tooltorial/airflow-local/venv/lib/python3.9/site-packages/airflow/example_dags/example_external_task_marker_dag.py took 0.084 seconds
