[2022-10-12 18:04:24,251] {processor.py:163} INFO - Started process (PID=7907) to work on /Users/renatomelo/Downloads/airflow_tooltorial/airflow-local/venv/lib/python3.9/site-packages/airflow/example_dags/example_xcomargs.py
[2022-10-12 18:04:24,251] {processor.py:642} INFO - Processing file /Users/renatomelo/Downloads/airflow_tooltorial/airflow-local/venv/lib/python3.9/site-packages/airflow/example_dags/example_xcomargs.py for tasks to queue
[2022-10-12 18:04:24,252] {logging_mixin.py:109} INFO - [2022-10-12 18:04:24,252] {dagbag.py:500} INFO - Filling up the DagBag from /Users/renatomelo/Downloads/airflow_tooltorial/airflow-local/venv/lib/python3.9/site-packages/airflow/example_dags/example_xcomargs.py
[2022-10-12 18:04:24,306] {processor.py:654} INFO - DAG(s) dict_keys(['example_xcom_args', 'example_xcom_args_with_operators']) retrieved from /Users/renatomelo/Downloads/airflow_tooltorial/airflow-local/venv/lib/python3.9/site-packages/airflow/example_dags/example_xcomargs.py
[2022-10-12 18:04:24,616] {logging_mixin.py:109} INFO - [2022-10-12 18:04:24,615] {dag.py:2396} INFO - Sync 2 DAGs
[2022-10-12 18:04:24,626] {logging_mixin.py:109} INFO - [2022-10-12 18:04:24,626] {dag.py:2935} INFO - Setting next_dagrun for example_xcom_args to None
[2022-10-12 18:04:24,626] {logging_mixin.py:109} INFO - [2022-10-12 18:04:24,626] {dag.py:2935} INFO - Setting next_dagrun for example_xcom_args_with_operators to None
[2022-10-12 18:04:24,639] {processor.py:171} INFO - Processing /Users/renatomelo/Downloads/airflow_tooltorial/airflow-local/venv/lib/python3.9/site-packages/airflow/example_dags/example_xcomargs.py took 0.389 seconds
[2022-10-12 18:06:22,233] {processor.py:163} INFO - Started process (PID=8122) to work on /Users/renatomelo/Downloads/airflow_tooltorial/airflow-local/venv/lib/python3.9/site-packages/airflow/example_dags/example_xcomargs.py
[2022-10-12 18:06:22,235] {processor.py:642} INFO - Processing file /Users/renatomelo/Downloads/airflow_tooltorial/airflow-local/venv/lib/python3.9/site-packages/airflow/example_dags/example_xcomargs.py for tasks to queue
[2022-10-12 18:06:22,236] {logging_mixin.py:109} INFO - [2022-10-12 18:06:22,236] {dagbag.py:500} INFO - Filling up the DagBag from /Users/renatomelo/Downloads/airflow_tooltorial/airflow-local/venv/lib/python3.9/site-packages/airflow/example_dags/example_xcomargs.py
[2022-10-12 18:06:22,313] {processor.py:654} INFO - DAG(s) dict_keys(['example_xcom_args', 'example_xcom_args_with_operators']) retrieved from /Users/renatomelo/Downloads/airflow_tooltorial/airflow-local/venv/lib/python3.9/site-packages/airflow/example_dags/example_xcomargs.py
[2022-10-12 18:06:22,749] {logging_mixin.py:109} INFO - [2022-10-12 18:06:22,749] {dag.py:2396} INFO - Sync 2 DAGs
[2022-10-12 18:06:22,764] {logging_mixin.py:109} INFO - [2022-10-12 18:06:22,764] {dag.py:2935} INFO - Setting next_dagrun for example_xcom_args to None
[2022-10-12 18:06:22,765] {logging_mixin.py:109} INFO - [2022-10-12 18:06:22,765] {dag.py:2935} INFO - Setting next_dagrun for example_xcom_args_with_operators to None
[2022-10-12 18:06:22,782] {processor.py:171} INFO - Processing /Users/renatomelo/Downloads/airflow_tooltorial/airflow-local/venv/lib/python3.9/site-packages/airflow/example_dags/example_xcomargs.py took 0.549 seconds
[2022-10-12 18:07:48,922] {processor.py:163} INFO - Started process (PID=8256) to work on /Users/renatomelo/Downloads/airflow_tooltorial/airflow-local/venv/lib/python3.9/site-packages/airflow/example_dags/example_xcomargs.py
[2022-10-12 18:07:48,924] {processor.py:642} INFO - Processing file /Users/renatomelo/Downloads/airflow_tooltorial/airflow-local/venv/lib/python3.9/site-packages/airflow/example_dags/example_xcomargs.py for tasks to queue
[2022-10-12 18:07:48,927] {logging_mixin.py:109} INFO - [2022-10-12 18:07:48,927] {dagbag.py:500} INFO - Filling up the DagBag from /Users/renatomelo/Downloads/airflow_tooltorial/airflow-local/venv/lib/python3.9/site-packages/airflow/example_dags/example_xcomargs.py
[2022-10-12 18:07:48,980] {processor.py:654} INFO - DAG(s) dict_keys(['example_xcom_args', 'example_xcom_args_with_operators']) retrieved from /Users/renatomelo/Downloads/airflow_tooltorial/airflow-local/venv/lib/python3.9/site-packages/airflow/example_dags/example_xcomargs.py
[2022-10-12 18:07:49,311] {logging_mixin.py:109} INFO - [2022-10-12 18:07:49,311] {dag.py:2396} INFO - Sync 2 DAGs
[2022-10-12 18:07:49,324] {logging_mixin.py:109} INFO - [2022-10-12 18:07:49,323] {dag.py:2935} INFO - Setting next_dagrun for example_xcom_args to None
[2022-10-12 18:07:49,324] {logging_mixin.py:109} INFO - [2022-10-12 18:07:49,324] {dag.py:2935} INFO - Setting next_dagrun for example_xcom_args_with_operators to None
[2022-10-12 18:07:49,336] {processor.py:171} INFO - Processing /Users/renatomelo/Downloads/airflow_tooltorial/airflow-local/venv/lib/python3.9/site-packages/airflow/example_dags/example_xcomargs.py took 0.415 seconds
[2022-10-12 18:09:05,562] {processor.py:163} INFO - Started process (PID=8293) to work on /Users/renatomelo/Downloads/airflow_tooltorial/airflow-local/venv/lib/python3.9/site-packages/airflow/example_dags/example_xcomargs.py
[2022-10-12 18:09:05,562] {processor.py:642} INFO - Processing file /Users/renatomelo/Downloads/airflow_tooltorial/airflow-local/venv/lib/python3.9/site-packages/airflow/example_dags/example_xcomargs.py for tasks to queue
[2022-10-12 18:09:05,563] {logging_mixin.py:109} INFO - [2022-10-12 18:09:05,563] {dagbag.py:500} INFO - Filling up the DagBag from /Users/renatomelo/Downloads/airflow_tooltorial/airflow-local/venv/lib/python3.9/site-packages/airflow/example_dags/example_xcomargs.py
[2022-10-12 18:09:05,738] {processor.py:654} INFO - DAG(s) dict_keys(['example_xcom_args', 'example_xcom_args_with_operators']) retrieved from /Users/renatomelo/Downloads/airflow_tooltorial/airflow-local/venv/lib/python3.9/site-packages/airflow/example_dags/example_xcomargs.py
[2022-10-12 18:09:06,340] {logging_mixin.py:109} INFO - [2022-10-12 18:09:06,340] {dag.py:2396} INFO - Sync 2 DAGs
[2022-10-12 18:09:06,357] {logging_mixin.py:109} INFO - [2022-10-12 18:09:06,357] {dag.py:2935} INFO - Setting next_dagrun for example_xcom_args to None
[2022-10-12 18:09:06,358] {logging_mixin.py:109} INFO - [2022-10-12 18:09:06,358] {dag.py:2935} INFO - Setting next_dagrun for example_xcom_args_with_operators to None
[2022-10-12 18:09:06,374] {processor.py:171} INFO - Processing /Users/renatomelo/Downloads/airflow_tooltorial/airflow-local/venv/lib/python3.9/site-packages/airflow/example_dags/example_xcomargs.py took 0.813 seconds
[2022-10-12 18:10:40,408] {processor.py:163} INFO - Started process (PID=8357) to work on /Users/renatomelo/Downloads/airflow_tooltorial/airflow-local/venv/lib/python3.9/site-packages/airflow/example_dags/example_xcomargs.py
[2022-10-12 18:10:40,411] {processor.py:642} INFO - Processing file /Users/renatomelo/Downloads/airflow_tooltorial/airflow-local/venv/lib/python3.9/site-packages/airflow/example_dags/example_xcomargs.py for tasks to queue
[2022-10-12 18:10:40,412] {logging_mixin.py:109} INFO - [2022-10-12 18:10:40,412] {dagbag.py:500} INFO - Filling up the DagBag from /Users/renatomelo/Downloads/airflow_tooltorial/airflow-local/venv/lib/python3.9/site-packages/airflow/example_dags/example_xcomargs.py
[2022-10-12 18:10:40,568] {processor.py:654} INFO - DAG(s) dict_keys(['example_xcom_args', 'example_xcom_args_with_operators']) retrieved from /Users/renatomelo/Downloads/airflow_tooltorial/airflow-local/venv/lib/python3.9/site-packages/airflow/example_dags/example_xcomargs.py
[2022-10-12 18:10:41,038] {logging_mixin.py:109} INFO - [2022-10-12 18:10:41,038] {dag.py:2396} INFO - Sync 2 DAGs
[2022-10-12 18:10:41,056] {logging_mixin.py:109} INFO - [2022-10-12 18:10:41,056] {dag.py:2935} INFO - Setting next_dagrun for example_xcom_args to None
[2022-10-12 18:10:41,056] {logging_mixin.py:109} INFO - [2022-10-12 18:10:41,056] {dag.py:2935} INFO - Setting next_dagrun for example_xcom_args_with_operators to None
[2022-10-12 18:10:41,071] {processor.py:171} INFO - Processing /Users/renatomelo/Downloads/airflow_tooltorial/airflow-local/venv/lib/python3.9/site-packages/airflow/example_dags/example_xcomargs.py took 0.665 seconds
[2022-10-12 18:12:15,670] {processor.py:163} INFO - Started process (PID=8400) to work on /Users/renatomelo/Downloads/airflow_tooltorial/airflow-local/venv/lib/python3.9/site-packages/airflow/example_dags/example_xcomargs.py
[2022-10-12 18:12:15,670] {processor.py:642} INFO - Processing file /Users/renatomelo/Downloads/airflow_tooltorial/airflow-local/venv/lib/python3.9/site-packages/airflow/example_dags/example_xcomargs.py for tasks to queue
[2022-10-12 18:12:15,671] {logging_mixin.py:109} INFO - [2022-10-12 18:12:15,670] {dagbag.py:500} INFO - Filling up the DagBag from /Users/renatomelo/Downloads/airflow_tooltorial/airflow-local/venv/lib/python3.9/site-packages/airflow/example_dags/example_xcomargs.py
[2022-10-12 18:12:15,739] {processor.py:654} INFO - DAG(s) dict_keys(['example_xcom_args', 'example_xcom_args_with_operators']) retrieved from /Users/renatomelo/Downloads/airflow_tooltorial/airflow-local/venv/lib/python3.9/site-packages/airflow/example_dags/example_xcomargs.py
[2022-10-12 18:12:16,086] {logging_mixin.py:109} INFO - [2022-10-12 18:12:16,085] {dag.py:2396} INFO - Sync 2 DAGs
[2022-10-12 18:12:16,099] {logging_mixin.py:109} INFO - [2022-10-12 18:12:16,099] {dag.py:2935} INFO - Setting next_dagrun for example_xcom_args to None
[2022-10-12 18:12:16,102] {logging_mixin.py:109} INFO - [2022-10-12 18:12:16,102] {dag.py:2935} INFO - Setting next_dagrun for example_xcom_args_with_operators to None
[2022-10-12 18:12:16,116] {processor.py:171} INFO - Processing /Users/renatomelo/Downloads/airflow_tooltorial/airflow-local/venv/lib/python3.9/site-packages/airflow/example_dags/example_xcomargs.py took 0.448 seconds
[2022-10-12 18:13:49,369] {processor.py:163} INFO - Started process (PID=8431) to work on /Users/renatomelo/Downloads/airflow_tooltorial/airflow-local/venv/lib/python3.9/site-packages/airflow/example_dags/example_xcomargs.py
[2022-10-12 18:13:49,370] {processor.py:642} INFO - Processing file /Users/renatomelo/Downloads/airflow_tooltorial/airflow-local/venv/lib/python3.9/site-packages/airflow/example_dags/example_xcomargs.py for tasks to queue
[2022-10-12 18:13:49,371] {logging_mixin.py:109} INFO - [2022-10-12 18:13:49,371] {dagbag.py:500} INFO - Filling up the DagBag from /Users/renatomelo/Downloads/airflow_tooltorial/airflow-local/venv/lib/python3.9/site-packages/airflow/example_dags/example_xcomargs.py
[2022-10-12 18:13:49,437] {processor.py:654} INFO - DAG(s) dict_keys(['example_xcom_args', 'example_xcom_args_with_operators']) retrieved from /Users/renatomelo/Downloads/airflow_tooltorial/airflow-local/venv/lib/python3.9/site-packages/airflow/example_dags/example_xcomargs.py
[2022-10-12 18:13:49,778] {logging_mixin.py:109} INFO - [2022-10-12 18:13:49,778] {dag.py:2396} INFO - Sync 2 DAGs
[2022-10-12 18:13:49,791] {logging_mixin.py:109} INFO - [2022-10-12 18:13:49,791] {dag.py:2935} INFO - Setting next_dagrun for example_xcom_args to None
[2022-10-12 18:13:49,791] {logging_mixin.py:109} INFO - [2022-10-12 18:13:49,791] {dag.py:2935} INFO - Setting next_dagrun for example_xcom_args_with_operators to None
[2022-10-12 18:13:49,803] {processor.py:171} INFO - Processing /Users/renatomelo/Downloads/airflow_tooltorial/airflow-local/venv/lib/python3.9/site-packages/airflow/example_dags/example_xcomargs.py took 0.435 seconds
[2022-10-12 18:15:09,240] {processor.py:163} INFO - Started process (PID=8459) to work on /Users/renatomelo/Downloads/airflow_tooltorial/airflow-local/venv/lib/python3.9/site-packages/airflow/example_dags/example_xcomargs.py
[2022-10-12 18:15:09,241] {processor.py:642} INFO - Processing file /Users/renatomelo/Downloads/airflow_tooltorial/airflow-local/venv/lib/python3.9/site-packages/airflow/example_dags/example_xcomargs.py for tasks to queue
[2022-10-12 18:15:09,242] {logging_mixin.py:109} INFO - [2022-10-12 18:15:09,242] {dagbag.py:500} INFO - Filling up the DagBag from /Users/renatomelo/Downloads/airflow_tooltorial/airflow-local/venv/lib/python3.9/site-packages/airflow/example_dags/example_xcomargs.py
[2022-10-12 18:15:09,312] {processor.py:654} INFO - DAG(s) dict_keys(['example_xcom_args', 'example_xcom_args_with_operators']) retrieved from /Users/renatomelo/Downloads/airflow_tooltorial/airflow-local/venv/lib/python3.9/site-packages/airflow/example_dags/example_xcomargs.py
[2022-10-12 18:15:09,741] {logging_mixin.py:109} INFO - [2022-10-12 18:15:09,740] {dag.py:2396} INFO - Sync 2 DAGs
[2022-10-12 18:15:09,754] {logging_mixin.py:109} INFO - [2022-10-12 18:15:09,754] {dag.py:2935} INFO - Setting next_dagrun for example_xcom_args to None
[2022-10-12 18:15:09,754] {logging_mixin.py:109} INFO - [2022-10-12 18:15:09,754] {dag.py:2935} INFO - Setting next_dagrun for example_xcom_args_with_operators to None
[2022-10-12 18:15:09,765] {processor.py:171} INFO - Processing /Users/renatomelo/Downloads/airflow_tooltorial/airflow-local/venv/lib/python3.9/site-packages/airflow/example_dags/example_xcomargs.py took 0.525 seconds
[2022-10-12 18:16:35,593] {processor.py:163} INFO - Started process (PID=8488) to work on /Users/renatomelo/Downloads/airflow_tooltorial/airflow-local/venv/lib/python3.9/site-packages/airflow/example_dags/example_xcomargs.py
[2022-10-12 18:16:35,594] {processor.py:642} INFO - Processing file /Users/renatomelo/Downloads/airflow_tooltorial/airflow-local/venv/lib/python3.9/site-packages/airflow/example_dags/example_xcomargs.py for tasks to queue
[2022-10-12 18:16:35,595] {logging_mixin.py:109} INFO - [2022-10-12 18:16:35,595] {dagbag.py:500} INFO - Filling up the DagBag from /Users/renatomelo/Downloads/airflow_tooltorial/airflow-local/venv/lib/python3.9/site-packages/airflow/example_dags/example_xcomargs.py
[2022-10-12 18:16:35,661] {processor.py:654} INFO - DAG(s) dict_keys(['example_xcom_args', 'example_xcom_args_with_operators']) retrieved from /Users/renatomelo/Downloads/airflow_tooltorial/airflow-local/venv/lib/python3.9/site-packages/airflow/example_dags/example_xcomargs.py
[2022-10-12 18:16:36,061] {logging_mixin.py:109} INFO - [2022-10-12 18:16:36,061] {dag.py:2396} INFO - Sync 2 DAGs
[2022-10-12 18:16:36,072] {logging_mixin.py:109} INFO - [2022-10-12 18:16:36,072] {dag.py:2935} INFO - Setting next_dagrun for example_xcom_args to None
[2022-10-12 18:16:36,072] {logging_mixin.py:109} INFO - [2022-10-12 18:16:36,072] {dag.py:2935} INFO - Setting next_dagrun for example_xcom_args_with_operators to None
[2022-10-12 18:16:36,083] {processor.py:171} INFO - Processing /Users/renatomelo/Downloads/airflow_tooltorial/airflow-local/venv/lib/python3.9/site-packages/airflow/example_dags/example_xcomargs.py took 0.491 seconds
[2022-10-12 18:17:53,035] {processor.py:163} INFO - Started process (PID=8519) to work on /Users/renatomelo/Downloads/airflow_tooltorial/airflow-local/venv/lib/python3.9/site-packages/airflow/example_dags/example_xcomargs.py
[2022-10-12 18:17:53,035] {processor.py:642} INFO - Processing file /Users/renatomelo/Downloads/airflow_tooltorial/airflow-local/venv/lib/python3.9/site-packages/airflow/example_dags/example_xcomargs.py for tasks to queue
[2022-10-12 18:17:53,035] {logging_mixin.py:109} INFO - [2022-10-12 18:17:53,035] {dagbag.py:500} INFO - Filling up the DagBag from /Users/renatomelo/Downloads/airflow_tooltorial/airflow-local/venv/lib/python3.9/site-packages/airflow/example_dags/example_xcomargs.py
[2022-10-12 18:17:53,087] {processor.py:654} INFO - DAG(s) dict_keys(['example_xcom_args', 'example_xcom_args_with_operators']) retrieved from /Users/renatomelo/Downloads/airflow_tooltorial/airflow-local/venv/lib/python3.9/site-packages/airflow/example_dags/example_xcomargs.py
[2022-10-12 18:17:53,523] {logging_mixin.py:109} INFO - [2022-10-12 18:17:53,522] {dag.py:2396} INFO - Sync 2 DAGs
[2022-10-12 18:17:53,541] {logging_mixin.py:109} INFO - [2022-10-12 18:17:53,541] {dag.py:2935} INFO - Setting next_dagrun for example_xcom_args to None
[2022-10-12 18:17:53,541] {logging_mixin.py:109} INFO - [2022-10-12 18:17:53,541] {dag.py:2935} INFO - Setting next_dagrun for example_xcom_args_with_operators to None
[2022-10-12 18:17:53,559] {processor.py:171} INFO - Processing /Users/renatomelo/Downloads/airflow_tooltorial/airflow-local/venv/lib/python3.9/site-packages/airflow/example_dags/example_xcomargs.py took 0.525 seconds
[2022-10-12 18:19:01,953] {processor.py:163} INFO - Started process (PID=8545) to work on /Users/renatomelo/Downloads/airflow_tooltorial/airflow-local/venv/lib/python3.9/site-packages/airflow/example_dags/example_xcomargs.py
[2022-10-12 18:19:01,953] {processor.py:642} INFO - Processing file /Users/renatomelo/Downloads/airflow_tooltorial/airflow-local/venv/lib/python3.9/site-packages/airflow/example_dags/example_xcomargs.py for tasks to queue
[2022-10-12 18:19:01,954] {logging_mixin.py:109} INFO - [2022-10-12 18:19:01,954] {dagbag.py:500} INFO - Filling up the DagBag from /Users/renatomelo/Downloads/airflow_tooltorial/airflow-local/venv/lib/python3.9/site-packages/airflow/example_dags/example_xcomargs.py
[2022-10-12 18:19:02,030] {processor.py:654} INFO - DAG(s) dict_keys(['example_xcom_args', 'example_xcom_args_with_operators']) retrieved from /Users/renatomelo/Downloads/airflow_tooltorial/airflow-local/venv/lib/python3.9/site-packages/airflow/example_dags/example_xcomargs.py
[2022-10-12 18:19:02,357] {logging_mixin.py:109} INFO - [2022-10-12 18:19:02,356] {dag.py:2396} INFO - Sync 2 DAGs
[2022-10-12 18:19:02,368] {logging_mixin.py:109} INFO - [2022-10-12 18:19:02,368] {dag.py:2935} INFO - Setting next_dagrun for example_xcom_args to None
[2022-10-12 18:19:02,368] {logging_mixin.py:109} INFO - [2022-10-12 18:19:02,368] {dag.py:2935} INFO - Setting next_dagrun for example_xcom_args_with_operators to None
[2022-10-12 18:19:02,382] {processor.py:171} INFO - Processing /Users/renatomelo/Downloads/airflow_tooltorial/airflow-local/venv/lib/python3.9/site-packages/airflow/example_dags/example_xcomargs.py took 0.430 seconds
[2022-10-12 18:20:11,755] {processor.py:163} INFO - Started process (PID=8571) to work on /Users/renatomelo/Downloads/airflow_tooltorial/airflow-local/venv/lib/python3.9/site-packages/airflow/example_dags/example_xcomargs.py
[2022-10-12 18:20:11,756] {processor.py:642} INFO - Processing file /Users/renatomelo/Downloads/airflow_tooltorial/airflow-local/venv/lib/python3.9/site-packages/airflow/example_dags/example_xcomargs.py for tasks to queue
[2022-10-12 18:20:11,756] {logging_mixin.py:109} INFO - [2022-10-12 18:20:11,756] {dagbag.py:500} INFO - Filling up the DagBag from /Users/renatomelo/Downloads/airflow_tooltorial/airflow-local/venv/lib/python3.9/site-packages/airflow/example_dags/example_xcomargs.py
[2022-10-12 18:20:11,839] {processor.py:654} INFO - DAG(s) dict_keys(['example_xcom_args', 'example_xcom_args_with_operators']) retrieved from /Users/renatomelo/Downloads/airflow_tooltorial/airflow-local/venv/lib/python3.9/site-packages/airflow/example_dags/example_xcomargs.py
[2022-10-12 18:20:12,180] {logging_mixin.py:109} INFO - [2022-10-12 18:20:12,180] {dag.py:2396} INFO - Sync 2 DAGs
[2022-10-12 18:20:12,190] {logging_mixin.py:109} INFO - [2022-10-12 18:20:12,190] {dag.py:2935} INFO - Setting next_dagrun for example_xcom_args to None
[2022-10-12 18:20:12,190] {logging_mixin.py:109} INFO - [2022-10-12 18:20:12,190] {dag.py:2935} INFO - Setting next_dagrun for example_xcom_args_with_operators to None
[2022-10-12 18:20:12,201] {processor.py:171} INFO - Processing /Users/renatomelo/Downloads/airflow_tooltorial/airflow-local/venv/lib/python3.9/site-packages/airflow/example_dags/example_xcomargs.py took 0.447 seconds
[2022-10-12 18:21:22,045] {processor.py:163} INFO - Started process (PID=8596) to work on /Users/renatomelo/Downloads/airflow_tooltorial/airflow-local/venv/lib/python3.9/site-packages/airflow/example_dags/example_xcomargs.py
[2022-10-12 18:21:22,046] {processor.py:642} INFO - Processing file /Users/renatomelo/Downloads/airflow_tooltorial/airflow-local/venv/lib/python3.9/site-packages/airflow/example_dags/example_xcomargs.py for tasks to queue
[2022-10-12 18:21:22,046] {logging_mixin.py:109} INFO - [2022-10-12 18:21:22,046] {dagbag.py:500} INFO - Filling up the DagBag from /Users/renatomelo/Downloads/airflow_tooltorial/airflow-local/venv/lib/python3.9/site-packages/airflow/example_dags/example_xcomargs.py
[2022-10-12 18:21:22,129] {processor.py:654} INFO - DAG(s) dict_keys(['example_xcom_args', 'example_xcom_args_with_operators']) retrieved from /Users/renatomelo/Downloads/airflow_tooltorial/airflow-local/venv/lib/python3.9/site-packages/airflow/example_dags/example_xcomargs.py
[2022-10-12 18:21:22,514] {logging_mixin.py:109} INFO - [2022-10-12 18:21:22,514] {dag.py:2396} INFO - Sync 2 DAGs
[2022-10-12 18:21:22,528] {logging_mixin.py:109} INFO - [2022-10-12 18:21:22,528] {dag.py:2935} INFO - Setting next_dagrun for example_xcom_args to None
[2022-10-12 18:21:22,529] {logging_mixin.py:109} INFO - [2022-10-12 18:21:22,529] {dag.py:2935} INFO - Setting next_dagrun for example_xcom_args_with_operators to None
[2022-10-12 18:21:22,542] {processor.py:171} INFO - Processing /Users/renatomelo/Downloads/airflow_tooltorial/airflow-local/venv/lib/python3.9/site-packages/airflow/example_dags/example_xcomargs.py took 0.498 seconds
[2022-10-12 18:22:36,818] {processor.py:163} INFO - Started process (PID=8638) to work on /Users/renatomelo/Downloads/airflow_tooltorial/airflow-local/venv/lib/python3.9/site-packages/airflow/example_dags/example_xcomargs.py
[2022-10-12 18:22:36,820] {processor.py:642} INFO - Processing file /Users/renatomelo/Downloads/airflow_tooltorial/airflow-local/venv/lib/python3.9/site-packages/airflow/example_dags/example_xcomargs.py for tasks to queue
[2022-10-12 18:22:36,820] {logging_mixin.py:109} INFO - [2022-10-12 18:22:36,820] {dagbag.py:500} INFO - Filling up the DagBag from /Users/renatomelo/Downloads/airflow_tooltorial/airflow-local/venv/lib/python3.9/site-packages/airflow/example_dags/example_xcomargs.py
[2022-10-12 18:22:36,879] {processor.py:654} INFO - DAG(s) dict_keys(['example_xcom_args', 'example_xcom_args_with_operators']) retrieved from /Users/renatomelo/Downloads/airflow_tooltorial/airflow-local/venv/lib/python3.9/site-packages/airflow/example_dags/example_xcomargs.py
[2022-10-12 18:22:37,117] {logging_mixin.py:109} INFO - [2022-10-12 18:22:37,117] {dag.py:2396} INFO - Sync 2 DAGs
[2022-10-12 18:22:37,127] {logging_mixin.py:109} INFO - [2022-10-12 18:22:37,127] {dag.py:2935} INFO - Setting next_dagrun for example_xcom_args to None
[2022-10-12 18:22:37,127] {logging_mixin.py:109} INFO - [2022-10-12 18:22:37,127] {dag.py:2935} INFO - Setting next_dagrun for example_xcom_args_with_operators to None
[2022-10-12 18:22:37,138] {processor.py:171} INFO - Processing /Users/renatomelo/Downloads/airflow_tooltorial/airflow-local/venv/lib/python3.9/site-packages/airflow/example_dags/example_xcomargs.py took 0.321 seconds
[2022-10-12 18:23:48,959] {processor.py:163} INFO - Started process (PID=8677) to work on /Users/renatomelo/Downloads/airflow_tooltorial/airflow-local/venv/lib/python3.9/site-packages/airflow/example_dags/example_xcomargs.py
[2022-10-12 18:23:48,961] {processor.py:642} INFO - Processing file /Users/renatomelo/Downloads/airflow_tooltorial/airflow-local/venv/lib/python3.9/site-packages/airflow/example_dags/example_xcomargs.py for tasks to queue
[2022-10-12 18:23:48,962] {logging_mixin.py:109} INFO - [2022-10-12 18:23:48,962] {dagbag.py:500} INFO - Filling up the DagBag from /Users/renatomelo/Downloads/airflow_tooltorial/airflow-local/venv/lib/python3.9/site-packages/airflow/example_dags/example_xcomargs.py
[2022-10-12 18:23:49,017] {processor.py:654} INFO - DAG(s) dict_keys(['example_xcom_args', 'example_xcom_args_with_operators']) retrieved from /Users/renatomelo/Downloads/airflow_tooltorial/airflow-local/venv/lib/python3.9/site-packages/airflow/example_dags/example_xcomargs.py
[2022-10-12 18:23:49,272] {logging_mixin.py:109} INFO - [2022-10-12 18:23:49,272] {dag.py:2396} INFO - Sync 2 DAGs
[2022-10-12 18:23:49,283] {logging_mixin.py:109} INFO - [2022-10-12 18:23:49,282] {dag.py:2935} INFO - Setting next_dagrun for example_xcom_args to None
[2022-10-12 18:23:49,283] {logging_mixin.py:109} INFO - [2022-10-12 18:23:49,283] {dag.py:2935} INFO - Setting next_dagrun for example_xcom_args_with_operators to None
[2022-10-12 18:23:49,295] {processor.py:171} INFO - Processing /Users/renatomelo/Downloads/airflow_tooltorial/airflow-local/venv/lib/python3.9/site-packages/airflow/example_dags/example_xcomargs.py took 0.337 seconds
[2022-10-12 18:25:03,077] {processor.py:163} INFO - Started process (PID=8711) to work on /Users/renatomelo/Downloads/airflow_tooltorial/airflow-local/venv/lib/python3.9/site-packages/airflow/example_dags/example_xcomargs.py
[2022-10-12 18:25:03,077] {processor.py:642} INFO - Processing file /Users/renatomelo/Downloads/airflow_tooltorial/airflow-local/venv/lib/python3.9/site-packages/airflow/example_dags/example_xcomargs.py for tasks to queue
[2022-10-12 18:25:03,078] {logging_mixin.py:109} INFO - [2022-10-12 18:25:03,077] {dagbag.py:500} INFO - Filling up the DagBag from /Users/renatomelo/Downloads/airflow_tooltorial/airflow-local/venv/lib/python3.9/site-packages/airflow/example_dags/example_xcomargs.py
[2022-10-12 18:25:03,127] {processor.py:654} INFO - DAG(s) dict_keys(['example_xcom_args', 'example_xcom_args_with_operators']) retrieved from /Users/renatomelo/Downloads/airflow_tooltorial/airflow-local/venv/lib/python3.9/site-packages/airflow/example_dags/example_xcomargs.py
[2022-10-12 18:25:03,367] {logging_mixin.py:109} INFO - [2022-10-12 18:25:03,366] {dag.py:2396} INFO - Sync 2 DAGs
[2022-10-12 18:25:03,377] {logging_mixin.py:109} INFO - [2022-10-12 18:25:03,377] {dag.py:2935} INFO - Setting next_dagrun for example_xcom_args to None
[2022-10-12 18:25:03,377] {logging_mixin.py:109} INFO - [2022-10-12 18:25:03,377] {dag.py:2935} INFO - Setting next_dagrun for example_xcom_args_with_operators to None
[2022-10-12 18:25:03,387] {processor.py:171} INFO - Processing /Users/renatomelo/Downloads/airflow_tooltorial/airflow-local/venv/lib/python3.9/site-packages/airflow/example_dags/example_xcomargs.py took 0.311 seconds
[2022-10-12 18:26:19,286] {processor.py:163} INFO - Started process (PID=8744) to work on /Users/renatomelo/Downloads/airflow_tooltorial/airflow-local/venv/lib/python3.9/site-packages/airflow/example_dags/example_xcomargs.py
[2022-10-12 18:26:19,287] {processor.py:642} INFO - Processing file /Users/renatomelo/Downloads/airflow_tooltorial/airflow-local/venv/lib/python3.9/site-packages/airflow/example_dags/example_xcomargs.py for tasks to queue
[2022-10-12 18:26:19,287] {logging_mixin.py:109} INFO - [2022-10-12 18:26:19,287] {dagbag.py:500} INFO - Filling up the DagBag from /Users/renatomelo/Downloads/airflow_tooltorial/airflow-local/venv/lib/python3.9/site-packages/airflow/example_dags/example_xcomargs.py
[2022-10-12 18:26:19,342] {processor.py:654} INFO - DAG(s) dict_keys(['example_xcom_args', 'example_xcom_args_with_operators']) retrieved from /Users/renatomelo/Downloads/airflow_tooltorial/airflow-local/venv/lib/python3.9/site-packages/airflow/example_dags/example_xcomargs.py
[2022-10-12 18:26:19,581] {logging_mixin.py:109} INFO - [2022-10-12 18:26:19,581] {dag.py:2396} INFO - Sync 2 DAGs
[2022-10-12 18:26:19,590] {logging_mixin.py:109} INFO - [2022-10-12 18:26:19,590] {dag.py:2935} INFO - Setting next_dagrun for example_xcom_args to None
[2022-10-12 18:26:19,591] {logging_mixin.py:109} INFO - [2022-10-12 18:26:19,591] {dag.py:2935} INFO - Setting next_dagrun for example_xcom_args_with_operators to None
[2022-10-12 18:26:19,601] {processor.py:171} INFO - Processing /Users/renatomelo/Downloads/airflow_tooltorial/airflow-local/venv/lib/python3.9/site-packages/airflow/example_dags/example_xcomargs.py took 0.316 seconds
[2022-10-12 18:27:42,406] {processor.py:163} INFO - Started process (PID=8796) to work on /Users/renatomelo/Downloads/airflow_tooltorial/airflow-local/venv/lib/python3.9/site-packages/airflow/example_dags/example_xcomargs.py
[2022-10-12 18:27:42,406] {processor.py:642} INFO - Processing file /Users/renatomelo/Downloads/airflow_tooltorial/airflow-local/venv/lib/python3.9/site-packages/airflow/example_dags/example_xcomargs.py for tasks to queue
[2022-10-12 18:27:42,407] {logging_mixin.py:109} INFO - [2022-10-12 18:27:42,407] {dagbag.py:500} INFO - Filling up the DagBag from /Users/renatomelo/Downloads/airflow_tooltorial/airflow-local/venv/lib/python3.9/site-packages/airflow/example_dags/example_xcomargs.py
[2022-10-12 18:27:42,457] {processor.py:654} INFO - DAG(s) dict_keys(['example_xcom_args', 'example_xcom_args_with_operators']) retrieved from /Users/renatomelo/Downloads/airflow_tooltorial/airflow-local/venv/lib/python3.9/site-packages/airflow/example_dags/example_xcomargs.py
[2022-10-12 18:27:42,704] {logging_mixin.py:109} INFO - [2022-10-12 18:27:42,703] {dag.py:2396} INFO - Sync 2 DAGs
[2022-10-12 18:27:42,713] {logging_mixin.py:109} INFO - [2022-10-12 18:27:42,713] {dag.py:2935} INFO - Setting next_dagrun for example_xcom_args to None
[2022-10-12 18:27:42,713] {logging_mixin.py:109} INFO - [2022-10-12 18:27:42,713] {dag.py:2935} INFO - Setting next_dagrun for example_xcom_args_with_operators to None
[2022-10-12 18:27:42,723] {processor.py:171} INFO - Processing /Users/renatomelo/Downloads/airflow_tooltorial/airflow-local/venv/lib/python3.9/site-packages/airflow/example_dags/example_xcomargs.py took 0.318 seconds
[2022-10-12 18:28:47,318] {processor.py:163} INFO - Started process (PID=8824) to work on /Users/renatomelo/Downloads/airflow_tooltorial/airflow-local/venv/lib/python3.9/site-packages/airflow/example_dags/example_xcomargs.py
[2022-10-12 18:28:47,318] {processor.py:642} INFO - Processing file /Users/renatomelo/Downloads/airflow_tooltorial/airflow-local/venv/lib/python3.9/site-packages/airflow/example_dags/example_xcomargs.py for tasks to queue
[2022-10-12 18:28:47,319] {logging_mixin.py:109} INFO - [2022-10-12 18:28:47,318] {dagbag.py:500} INFO - Filling up the DagBag from /Users/renatomelo/Downloads/airflow_tooltorial/airflow-local/venv/lib/python3.9/site-packages/airflow/example_dags/example_xcomargs.py
[2022-10-12 18:28:47,371] {processor.py:654} INFO - DAG(s) dict_keys(['example_xcom_args', 'example_xcom_args_with_operators']) retrieved from /Users/renatomelo/Downloads/airflow_tooltorial/airflow-local/venv/lib/python3.9/site-packages/airflow/example_dags/example_xcomargs.py
[2022-10-12 18:28:47,610] {logging_mixin.py:109} INFO - [2022-10-12 18:28:47,610] {dag.py:2396} INFO - Sync 2 DAGs
[2022-10-12 18:28:47,620] {logging_mixin.py:109} INFO - [2022-10-12 18:28:47,619] {dag.py:2935} INFO - Setting next_dagrun for example_xcom_args to None
[2022-10-12 18:28:47,620] {logging_mixin.py:109} INFO - [2022-10-12 18:28:47,620] {dag.py:2935} INFO - Setting next_dagrun for example_xcom_args_with_operators to None
[2022-10-12 18:28:47,632] {processor.py:171} INFO - Processing /Users/renatomelo/Downloads/airflow_tooltorial/airflow-local/venv/lib/python3.9/site-packages/airflow/example_dags/example_xcomargs.py took 0.315 seconds
[2022-10-12 18:29:44,751] {processor.py:163} INFO - Started process (PID=8847) to work on /Users/renatomelo/Downloads/airflow_tooltorial/airflow-local/venv/lib/python3.9/site-packages/airflow/example_dags/example_xcomargs.py
[2022-10-12 18:29:44,751] {processor.py:642} INFO - Processing file /Users/renatomelo/Downloads/airflow_tooltorial/airflow-local/venv/lib/python3.9/site-packages/airflow/example_dags/example_xcomargs.py for tasks to queue
[2022-10-12 18:29:44,752] {logging_mixin.py:109} INFO - [2022-10-12 18:29:44,752] {dagbag.py:500} INFO - Filling up the DagBag from /Users/renatomelo/Downloads/airflow_tooltorial/airflow-local/venv/lib/python3.9/site-packages/airflow/example_dags/example_xcomargs.py
[2022-10-12 18:29:44,803] {processor.py:654} INFO - DAG(s) dict_keys(['example_xcom_args', 'example_xcom_args_with_operators']) retrieved from /Users/renatomelo/Downloads/airflow_tooltorial/airflow-local/venv/lib/python3.9/site-packages/airflow/example_dags/example_xcomargs.py
[2022-10-12 18:29:45,041] {logging_mixin.py:109} INFO - [2022-10-12 18:29:45,041] {dag.py:2396} INFO - Sync 2 DAGs
[2022-10-12 18:29:45,050] {logging_mixin.py:109} INFO - [2022-10-12 18:29:45,050] {dag.py:2935} INFO - Setting next_dagrun for example_xcom_args to None
[2022-10-12 18:29:45,050] {logging_mixin.py:109} INFO - [2022-10-12 18:29:45,050] {dag.py:2935} INFO - Setting next_dagrun for example_xcom_args_with_operators to None
[2022-10-12 18:29:45,061] {processor.py:171} INFO - Processing /Users/renatomelo/Downloads/airflow_tooltorial/airflow-local/venv/lib/python3.9/site-packages/airflow/example_dags/example_xcomargs.py took 0.312 seconds
[2022-10-12 18:30:57,189] {processor.py:163} INFO - Started process (PID=8905) to work on /Users/renatomelo/Downloads/airflow_tooltorial/airflow-local/venv/lib/python3.9/site-packages/airflow/example_dags/example_xcomargs.py
[2022-10-12 18:30:57,189] {processor.py:642} INFO - Processing file /Users/renatomelo/Downloads/airflow_tooltorial/airflow-local/venv/lib/python3.9/site-packages/airflow/example_dags/example_xcomargs.py for tasks to queue
[2022-10-12 18:30:57,190] {logging_mixin.py:109} INFO - [2022-10-12 18:30:57,190] {dagbag.py:500} INFO - Filling up the DagBag from /Users/renatomelo/Downloads/airflow_tooltorial/airflow-local/venv/lib/python3.9/site-packages/airflow/example_dags/example_xcomargs.py
[2022-10-12 18:30:57,241] {processor.py:654} INFO - DAG(s) dict_keys(['example_xcom_args', 'example_xcom_args_with_operators']) retrieved from /Users/renatomelo/Downloads/airflow_tooltorial/airflow-local/venv/lib/python3.9/site-packages/airflow/example_dags/example_xcomargs.py
[2022-10-12 18:30:57,487] {logging_mixin.py:109} INFO - [2022-10-12 18:30:57,486] {dag.py:2396} INFO - Sync 2 DAGs
[2022-10-12 18:30:57,497] {logging_mixin.py:109} INFO - [2022-10-12 18:30:57,497] {dag.py:2935} INFO - Setting next_dagrun for example_xcom_args to None
[2022-10-12 18:30:57,497] {logging_mixin.py:109} INFO - [2022-10-12 18:30:57,497] {dag.py:2935} INFO - Setting next_dagrun for example_xcom_args_with_operators to None
[2022-10-12 18:30:57,508] {processor.py:171} INFO - Processing /Users/renatomelo/Downloads/airflow_tooltorial/airflow-local/venv/lib/python3.9/site-packages/airflow/example_dags/example_xcomargs.py took 0.319 seconds
[2022-10-12 18:32:16,763] {processor.py:163} INFO - Started process (PID=8935) to work on /Users/renatomelo/Downloads/airflow_tooltorial/airflow-local/venv/lib/python3.9/site-packages/airflow/example_dags/example_xcomargs.py
[2022-10-12 18:32:16,763] {processor.py:642} INFO - Processing file /Users/renatomelo/Downloads/airflow_tooltorial/airflow-local/venv/lib/python3.9/site-packages/airflow/example_dags/example_xcomargs.py for tasks to queue
[2022-10-12 18:32:16,764] {logging_mixin.py:109} INFO - [2022-10-12 18:32:16,764] {dagbag.py:500} INFO - Filling up the DagBag from /Users/renatomelo/Downloads/airflow_tooltorial/airflow-local/venv/lib/python3.9/site-packages/airflow/example_dags/example_xcomargs.py
[2022-10-12 18:32:16,823] {processor.py:654} INFO - DAG(s) dict_keys(['example_xcom_args', 'example_xcom_args_with_operators']) retrieved from /Users/renatomelo/Downloads/airflow_tooltorial/airflow-local/venv/lib/python3.9/site-packages/airflow/example_dags/example_xcomargs.py
[2022-10-12 18:32:17,100] {logging_mixin.py:109} INFO - [2022-10-12 18:32:17,100] {dag.py:2396} INFO - Sync 2 DAGs
[2022-10-12 18:32:17,113] {logging_mixin.py:109} INFO - [2022-10-12 18:32:17,113] {dag.py:2935} INFO - Setting next_dagrun for example_xcom_args to None
[2022-10-12 18:32:17,113] {logging_mixin.py:109} INFO - [2022-10-12 18:32:17,113] {dag.py:2935} INFO - Setting next_dagrun for example_xcom_args_with_operators to None
[2022-10-12 18:32:17,124] {processor.py:171} INFO - Processing /Users/renatomelo/Downloads/airflow_tooltorial/airflow-local/venv/lib/python3.9/site-packages/airflow/example_dags/example_xcomargs.py took 0.362 seconds
[2022-10-12 18:33:31,206] {processor.py:163} INFO - Started process (PID=8962) to work on /Users/renatomelo/Downloads/airflow_tooltorial/airflow-local/venv/lib/python3.9/site-packages/airflow/example_dags/example_xcomargs.py
[2022-10-12 18:33:31,208] {processor.py:642} INFO - Processing file /Users/renatomelo/Downloads/airflow_tooltorial/airflow-local/venv/lib/python3.9/site-packages/airflow/example_dags/example_xcomargs.py for tasks to queue
[2022-10-12 18:33:31,208] {logging_mixin.py:109} INFO - [2022-10-12 18:33:31,208] {dagbag.py:500} INFO - Filling up the DagBag from /Users/renatomelo/Downloads/airflow_tooltorial/airflow-local/venv/lib/python3.9/site-packages/airflow/example_dags/example_xcomargs.py
[2022-10-12 18:33:31,262] {processor.py:654} INFO - DAG(s) dict_keys(['example_xcom_args', 'example_xcom_args_with_operators']) retrieved from /Users/renatomelo/Downloads/airflow_tooltorial/airflow-local/venv/lib/python3.9/site-packages/airflow/example_dags/example_xcomargs.py
[2022-10-12 18:33:31,518] {logging_mixin.py:109} INFO - [2022-10-12 18:33:31,518] {dag.py:2396} INFO - Sync 2 DAGs
[2022-10-12 18:33:31,529] {logging_mixin.py:109} INFO - [2022-10-12 18:33:31,528] {dag.py:2935} INFO - Setting next_dagrun for example_xcom_args to None
[2022-10-12 18:33:31,529] {logging_mixin.py:109} INFO - [2022-10-12 18:33:31,529] {dag.py:2935} INFO - Setting next_dagrun for example_xcom_args_with_operators to None
[2022-10-12 18:33:31,540] {processor.py:171} INFO - Processing /Users/renatomelo/Downloads/airflow_tooltorial/airflow-local/venv/lib/python3.9/site-packages/airflow/example_dags/example_xcomargs.py took 0.334 seconds
