[2022-10-12 18:04:46,585] {processor.py:163} INFO - Started process (PID=7943) to work on /Users/renatomelo/Downloads/airflow_tooltorial/airflow-local/venv/lib/python3.9/site-packages/airflow/example_dags/example_task_group.py
[2022-10-12 18:04:46,585] {processor.py:642} INFO - Processing file /Users/renatomelo/Downloads/airflow_tooltorial/airflow-local/venv/lib/python3.9/site-packages/airflow/example_dags/example_task_group.py for tasks to queue
[2022-10-12 18:04:46,586] {logging_mixin.py:109} INFO - [2022-10-12 18:04:46,586] {dagbag.py:500} INFO - Filling up the DagBag from /Users/renatomelo/Downloads/airflow_tooltorial/airflow-local/venv/lib/python3.9/site-packages/airflow/example_dags/example_task_group.py
[2022-10-12 18:04:46,674] {processor.py:654} INFO - DAG(s) dict_keys(['example_task_group']) retrieved from /Users/renatomelo/Downloads/airflow_tooltorial/airflow-local/venv/lib/python3.9/site-packages/airflow/example_dags/example_task_group.py
[2022-10-12 18:04:46,699] {logging_mixin.py:109} INFO - [2022-10-12 18:04:46,699] {dag.py:2396} INFO - Sync 1 DAGs
[2022-10-12 18:04:46,712] {logging_mixin.py:109} INFO - [2022-10-12 18:04:46,712] {dag.py:2935} INFO - Setting next_dagrun for example_task_group to 2022-10-11T21:04:46.712325+00:00
[2022-10-12 18:04:46,724] {processor.py:171} INFO - Processing /Users/renatomelo/Downloads/airflow_tooltorial/airflow-local/venv/lib/python3.9/site-packages/airflow/example_dags/example_task_group.py took 0.140 seconds
[2022-10-12 18:06:47,260] {processor.py:163} INFO - Started process (PID=8172) to work on /Users/renatomelo/Downloads/airflow_tooltorial/airflow-local/venv/lib/python3.9/site-packages/airflow/example_dags/example_task_group.py
[2022-10-12 18:06:47,262] {processor.py:642} INFO - Processing file /Users/renatomelo/Downloads/airflow_tooltorial/airflow-local/venv/lib/python3.9/site-packages/airflow/example_dags/example_task_group.py for tasks to queue
[2022-10-12 18:06:47,263] {logging_mixin.py:109} INFO - [2022-10-12 18:06:47,263] {dagbag.py:500} INFO - Filling up the DagBag from /Users/renatomelo/Downloads/airflow_tooltorial/airflow-local/venv/lib/python3.9/site-packages/airflow/example_dags/example_task_group.py
[2022-10-12 18:06:47,342] {processor.py:654} INFO - DAG(s) dict_keys(['example_task_group']) retrieved from /Users/renatomelo/Downloads/airflow_tooltorial/airflow-local/venv/lib/python3.9/site-packages/airflow/example_dags/example_task_group.py
[2022-10-12 18:06:47,369] {logging_mixin.py:109} INFO - [2022-10-12 18:06:47,368] {dag.py:2396} INFO - Sync 1 DAGs
[2022-10-12 18:06:47,385] {logging_mixin.py:109} INFO - [2022-10-12 18:06:47,385] {dag.py:2935} INFO - Setting next_dagrun for example_task_group to 2022-10-11T21:06:47.384952+00:00
[2022-10-12 18:06:47,397] {processor.py:171} INFO - Processing /Users/renatomelo/Downloads/airflow_tooltorial/airflow-local/venv/lib/python3.9/site-packages/airflow/example_dags/example_task_group.py took 0.138 seconds
[2022-10-12 18:08:08,061] {processor.py:163} INFO - Started process (PID=8271) to work on /Users/renatomelo/Downloads/airflow_tooltorial/airflow-local/venv/lib/python3.9/site-packages/airflow/example_dags/example_task_group.py
[2022-10-12 18:08:08,062] {processor.py:642} INFO - Processing file /Users/renatomelo/Downloads/airflow_tooltorial/airflow-local/venv/lib/python3.9/site-packages/airflow/example_dags/example_task_group.py for tasks to queue
[2022-10-12 18:08:08,062] {logging_mixin.py:109} INFO - [2022-10-12 18:08:08,062] {dagbag.py:500} INFO - Filling up the DagBag from /Users/renatomelo/Downloads/airflow_tooltorial/airflow-local/venv/lib/python3.9/site-packages/airflow/example_dags/example_task_group.py
[2022-10-12 18:08:08,096] {processor.py:654} INFO - DAG(s) dict_keys(['example_task_group']) retrieved from /Users/renatomelo/Downloads/airflow_tooltorial/airflow-local/venv/lib/python3.9/site-packages/airflow/example_dags/example_task_group.py
[2022-10-12 18:08:08,115] {logging_mixin.py:109} INFO - [2022-10-12 18:08:08,114] {dag.py:2396} INFO - Sync 1 DAGs
[2022-10-12 18:08:08,124] {logging_mixin.py:109} INFO - [2022-10-12 18:08:08,124] {dag.py:2935} INFO - Setting next_dagrun for example_task_group to 2022-10-11T21:08:08.124468+00:00
[2022-10-12 18:08:08,134] {processor.py:171} INFO - Processing /Users/renatomelo/Downloads/airflow_tooltorial/airflow-local/venv/lib/python3.9/site-packages/airflow/example_dags/example_task_group.py took 0.073 seconds
[2022-10-12 18:09:28,062] {processor.py:163} INFO - Started process (PID=8313) to work on /Users/renatomelo/Downloads/airflow_tooltorial/airflow-local/venv/lib/python3.9/site-packages/airflow/example_dags/example_task_group.py
[2022-10-12 18:09:28,063] {processor.py:642} INFO - Processing file /Users/renatomelo/Downloads/airflow_tooltorial/airflow-local/venv/lib/python3.9/site-packages/airflow/example_dags/example_task_group.py for tasks to queue
[2022-10-12 18:09:28,064] {logging_mixin.py:109} INFO - [2022-10-12 18:09:28,064] {dagbag.py:500} INFO - Filling up the DagBag from /Users/renatomelo/Downloads/airflow_tooltorial/airflow-local/venv/lib/python3.9/site-packages/airflow/example_dags/example_task_group.py
[2022-10-12 18:09:28,143] {processor.py:654} INFO - DAG(s) dict_keys(['example_task_group']) retrieved from /Users/renatomelo/Downloads/airflow_tooltorial/airflow-local/venv/lib/python3.9/site-packages/airflow/example_dags/example_task_group.py
[2022-10-12 18:09:28,167] {logging_mixin.py:109} INFO - [2022-10-12 18:09:28,167] {dag.py:2396} INFO - Sync 1 DAGs
[2022-10-12 18:09:28,179] {logging_mixin.py:109} INFO - [2022-10-12 18:09:28,179] {dag.py:2935} INFO - Setting next_dagrun for example_task_group to 2022-10-11T21:09:28.178826+00:00
[2022-10-12 18:09:28,189] {processor.py:171} INFO - Processing /Users/renatomelo/Downloads/airflow_tooltorial/airflow-local/venv/lib/python3.9/site-packages/airflow/example_dags/example_task_group.py took 0.129 seconds
[2022-10-12 18:11:05,537] {processor.py:163} INFO - Started process (PID=8375) to work on /Users/renatomelo/Downloads/airflow_tooltorial/airflow-local/venv/lib/python3.9/site-packages/airflow/example_dags/example_task_group.py
[2022-10-12 18:11:05,539] {processor.py:642} INFO - Processing file /Users/renatomelo/Downloads/airflow_tooltorial/airflow-local/venv/lib/python3.9/site-packages/airflow/example_dags/example_task_group.py for tasks to queue
[2022-10-12 18:11:05,540] {logging_mixin.py:109} INFO - [2022-10-12 18:11:05,539] {dagbag.py:500} INFO - Filling up the DagBag from /Users/renatomelo/Downloads/airflow_tooltorial/airflow-local/venv/lib/python3.9/site-packages/airflow/example_dags/example_task_group.py
[2022-10-12 18:11:05,656] {processor.py:654} INFO - DAG(s) dict_keys(['example_task_group']) retrieved from /Users/renatomelo/Downloads/airflow_tooltorial/airflow-local/venv/lib/python3.9/site-packages/airflow/example_dags/example_task_group.py
[2022-10-12 18:11:05,740] {logging_mixin.py:109} INFO - [2022-10-12 18:11:05,740] {dag.py:2396} INFO - Sync 1 DAGs
[2022-10-12 18:11:05,793] {logging_mixin.py:109} INFO - [2022-10-12 18:11:05,793] {dag.py:2935} INFO - Setting next_dagrun for example_task_group to 2022-10-11T21:11:05.792769+00:00
[2022-10-12 18:11:05,817] {processor.py:171} INFO - Processing /Users/renatomelo/Downloads/airflow_tooltorial/airflow-local/venv/lib/python3.9/site-packages/airflow/example_dags/example_task_group.py took 0.280 seconds
[2022-10-12 18:12:39,827] {processor.py:163} INFO - Started process (PID=8407) to work on /Users/renatomelo/Downloads/airflow_tooltorial/airflow-local/venv/lib/python3.9/site-packages/airflow/example_dags/example_task_group.py
[2022-10-12 18:12:39,828] {processor.py:642} INFO - Processing file /Users/renatomelo/Downloads/airflow_tooltorial/airflow-local/venv/lib/python3.9/site-packages/airflow/example_dags/example_task_group.py for tasks to queue
[2022-10-12 18:12:39,828] {logging_mixin.py:109} INFO - [2022-10-12 18:12:39,828] {dagbag.py:500} INFO - Filling up the DagBag from /Users/renatomelo/Downloads/airflow_tooltorial/airflow-local/venv/lib/python3.9/site-packages/airflow/example_dags/example_task_group.py
[2022-10-12 18:12:39,879] {processor.py:654} INFO - DAG(s) dict_keys(['example_task_group']) retrieved from /Users/renatomelo/Downloads/airflow_tooltorial/airflow-local/venv/lib/python3.9/site-packages/airflow/example_dags/example_task_group.py
[2022-10-12 18:12:39,902] {logging_mixin.py:109} INFO - [2022-10-12 18:12:39,902] {dag.py:2396} INFO - Sync 1 DAGs
[2022-10-12 18:12:39,916] {logging_mixin.py:109} INFO - [2022-10-12 18:12:39,916] {dag.py:2935} INFO - Setting next_dagrun for example_task_group to 2022-10-11T21:12:39.916404+00:00
[2022-10-12 18:12:39,931] {processor.py:171} INFO - Processing /Users/renatomelo/Downloads/airflow_tooltorial/airflow-local/venv/lib/python3.9/site-packages/airflow/example_dags/example_task_group.py took 0.104 seconds
[2022-10-12 18:14:10,489] {processor.py:163} INFO - Started process (PID=8438) to work on /Users/renatomelo/Downloads/airflow_tooltorial/airflow-local/venv/lib/python3.9/site-packages/airflow/example_dags/example_task_group.py
[2022-10-12 18:14:10,491] {processor.py:642} INFO - Processing file /Users/renatomelo/Downloads/airflow_tooltorial/airflow-local/venv/lib/python3.9/site-packages/airflow/example_dags/example_task_group.py for tasks to queue
[2022-10-12 18:14:10,492] {logging_mixin.py:109} INFO - [2022-10-12 18:14:10,492] {dagbag.py:500} INFO - Filling up the DagBag from /Users/renatomelo/Downloads/airflow_tooltorial/airflow-local/venv/lib/python3.9/site-packages/airflow/example_dags/example_task_group.py
[2022-10-12 18:14:10,536] {processor.py:654} INFO - DAG(s) dict_keys(['example_task_group']) retrieved from /Users/renatomelo/Downloads/airflow_tooltorial/airflow-local/venv/lib/python3.9/site-packages/airflow/example_dags/example_task_group.py
[2022-10-12 18:14:10,557] {logging_mixin.py:109} INFO - [2022-10-12 18:14:10,557] {dag.py:2396} INFO - Sync 1 DAGs
[2022-10-12 18:14:10,567] {logging_mixin.py:109} INFO - [2022-10-12 18:14:10,567] {dag.py:2935} INFO - Setting next_dagrun for example_task_group to 2022-10-11T21:14:10.567168+00:00
[2022-10-12 18:14:10,576] {processor.py:171} INFO - Processing /Users/renatomelo/Downloads/airflow_tooltorial/airflow-local/venv/lib/python3.9/site-packages/airflow/example_dags/example_task_group.py took 0.088 seconds
[2022-10-12 18:15:32,750] {processor.py:163} INFO - Started process (PID=8468) to work on /Users/renatomelo/Downloads/airflow_tooltorial/airflow-local/venv/lib/python3.9/site-packages/airflow/example_dags/example_task_group.py
[2022-10-12 18:15:32,752] {processor.py:642} INFO - Processing file /Users/renatomelo/Downloads/airflow_tooltorial/airflow-local/venv/lib/python3.9/site-packages/airflow/example_dags/example_task_group.py for tasks to queue
[2022-10-12 18:15:32,752] {logging_mixin.py:109} INFO - [2022-10-12 18:15:32,752] {dagbag.py:500} INFO - Filling up the DagBag from /Users/renatomelo/Downloads/airflow_tooltorial/airflow-local/venv/lib/python3.9/site-packages/airflow/example_dags/example_task_group.py
[2022-10-12 18:15:32,806] {processor.py:654} INFO - DAG(s) dict_keys(['example_task_group']) retrieved from /Users/renatomelo/Downloads/airflow_tooltorial/airflow-local/venv/lib/python3.9/site-packages/airflow/example_dags/example_task_group.py
[2022-10-12 18:15:32,829] {logging_mixin.py:109} INFO - [2022-10-12 18:15:32,829] {dag.py:2396} INFO - Sync 1 DAGs
[2022-10-12 18:15:32,841] {logging_mixin.py:109} INFO - [2022-10-12 18:15:32,841] {dag.py:2935} INFO - Setting next_dagrun for example_task_group to 2022-10-11T21:15:32.841384+00:00
[2022-10-12 18:15:32,852] {processor.py:171} INFO - Processing /Users/renatomelo/Downloads/airflow_tooltorial/airflow-local/venv/lib/python3.9/site-packages/airflow/example_dags/example_task_group.py took 0.103 seconds
[2022-10-12 18:16:56,345] {processor.py:163} INFO - Started process (PID=8497) to work on /Users/renatomelo/Downloads/airflow_tooltorial/airflow-local/venv/lib/python3.9/site-packages/airflow/example_dags/example_task_group.py
[2022-10-12 18:16:56,347] {processor.py:642} INFO - Processing file /Users/renatomelo/Downloads/airflow_tooltorial/airflow-local/venv/lib/python3.9/site-packages/airflow/example_dags/example_task_group.py for tasks to queue
[2022-10-12 18:16:56,348] {logging_mixin.py:109} INFO - [2022-10-12 18:16:56,347] {dagbag.py:500} INFO - Filling up the DagBag from /Users/renatomelo/Downloads/airflow_tooltorial/airflow-local/venv/lib/python3.9/site-packages/airflow/example_dags/example_task_group.py
[2022-10-12 18:16:56,387] {processor.py:654} INFO - DAG(s) dict_keys(['example_task_group']) retrieved from /Users/renatomelo/Downloads/airflow_tooltorial/airflow-local/venv/lib/python3.9/site-packages/airflow/example_dags/example_task_group.py
[2022-10-12 18:16:56,405] {logging_mixin.py:109} INFO - [2022-10-12 18:16:56,405] {dag.py:2396} INFO - Sync 1 DAGs
[2022-10-12 18:16:56,414] {logging_mixin.py:109} INFO - [2022-10-12 18:16:56,414] {dag.py:2935} INFO - Setting next_dagrun for example_task_group to 2022-10-11T21:16:56.414517+00:00
[2022-10-12 18:16:56,424] {processor.py:171} INFO - Processing /Users/renatomelo/Downloads/airflow_tooltorial/airflow-local/venv/lib/python3.9/site-packages/airflow/example_dags/example_task_group.py took 0.079 seconds
[2022-10-12 18:18:12,619] {processor.py:163} INFO - Started process (PID=8526) to work on /Users/renatomelo/Downloads/airflow_tooltorial/airflow-local/venv/lib/python3.9/site-packages/airflow/example_dags/example_task_group.py
[2022-10-12 18:18:12,620] {processor.py:642} INFO - Processing file /Users/renatomelo/Downloads/airflow_tooltorial/airflow-local/venv/lib/python3.9/site-packages/airflow/example_dags/example_task_group.py for tasks to queue
[2022-10-12 18:18:12,620] {logging_mixin.py:109} INFO - [2022-10-12 18:18:12,620] {dagbag.py:500} INFO - Filling up the DagBag from /Users/renatomelo/Downloads/airflow_tooltorial/airflow-local/venv/lib/python3.9/site-packages/airflow/example_dags/example_task_group.py
[2022-10-12 18:18:12,662] {processor.py:654} INFO - DAG(s) dict_keys(['example_task_group']) retrieved from /Users/renatomelo/Downloads/airflow_tooltorial/airflow-local/venv/lib/python3.9/site-packages/airflow/example_dags/example_task_group.py
[2022-10-12 18:18:12,685] {logging_mixin.py:109} INFO - [2022-10-12 18:18:12,685] {dag.py:2396} INFO - Sync 1 DAGs
[2022-10-12 18:18:12,696] {logging_mixin.py:109} INFO - [2022-10-12 18:18:12,695] {dag.py:2935} INFO - Setting next_dagrun for example_task_group to 2022-10-11T21:18:12.695758+00:00
[2022-10-12 18:18:12,705] {processor.py:171} INFO - Processing /Users/renatomelo/Downloads/airflow_tooltorial/airflow-local/venv/lib/python3.9/site-packages/airflow/example_dags/example_task_group.py took 0.087 seconds
[2022-10-12 18:20:30,534] {processor.py:163} INFO - Started process (PID=8578) to work on /Users/renatomelo/Downloads/airflow_tooltorial/airflow-local/venv/lib/python3.9/site-packages/airflow/example_dags/example_task_group.py
[2022-10-12 18:20:30,534] {processor.py:642} INFO - Processing file /Users/renatomelo/Downloads/airflow_tooltorial/airflow-local/venv/lib/python3.9/site-packages/airflow/example_dags/example_task_group.py for tasks to queue
[2022-10-12 18:20:30,535] {logging_mixin.py:109} INFO - [2022-10-12 18:20:30,535] {dagbag.py:500} INFO - Filling up the DagBag from /Users/renatomelo/Downloads/airflow_tooltorial/airflow-local/venv/lib/python3.9/site-packages/airflow/example_dags/example_task_group.py
[2022-10-12 18:20:30,570] {processor.py:654} INFO - DAG(s) dict_keys(['example_task_group']) retrieved from /Users/renatomelo/Downloads/airflow_tooltorial/airflow-local/venv/lib/python3.9/site-packages/airflow/example_dags/example_task_group.py
[2022-10-12 18:20:30,588] {logging_mixin.py:109} INFO - [2022-10-12 18:20:30,588] {dag.py:2396} INFO - Sync 1 DAGs
[2022-10-12 18:20:30,597] {logging_mixin.py:109} INFO - [2022-10-12 18:20:30,597] {dag.py:2935} INFO - Setting next_dagrun for example_task_group to 2022-10-11T21:20:30.597682+00:00
[2022-10-12 18:20:30,606] {processor.py:171} INFO - Processing /Users/renatomelo/Downloads/airflow_tooltorial/airflow-local/venv/lib/python3.9/site-packages/airflow/example_dags/example_task_group.py took 0.073 seconds
[2022-10-12 18:21:41,605] {processor.py:163} INFO - Started process (PID=8608) to work on /Users/renatomelo/Downloads/airflow_tooltorial/airflow-local/venv/lib/python3.9/site-packages/airflow/example_dags/example_task_group.py
[2022-10-12 18:21:41,606] {processor.py:642} INFO - Processing file /Users/renatomelo/Downloads/airflow_tooltorial/airflow-local/venv/lib/python3.9/site-packages/airflow/example_dags/example_task_group.py for tasks to queue
[2022-10-12 18:21:41,606] {logging_mixin.py:109} INFO - [2022-10-12 18:21:41,606] {dagbag.py:500} INFO - Filling up the DagBag from /Users/renatomelo/Downloads/airflow_tooltorial/airflow-local/venv/lib/python3.9/site-packages/airflow/example_dags/example_task_group.py
[2022-10-12 18:21:41,646] {processor.py:654} INFO - DAG(s) dict_keys(['example_task_group']) retrieved from /Users/renatomelo/Downloads/airflow_tooltorial/airflow-local/venv/lib/python3.9/site-packages/airflow/example_dags/example_task_group.py
[2022-10-12 18:21:41,669] {logging_mixin.py:109} INFO - [2022-10-12 18:21:41,669] {dag.py:2396} INFO - Sync 1 DAGs
[2022-10-12 18:21:41,679] {logging_mixin.py:109} INFO - [2022-10-12 18:21:41,679] {dag.py:2935} INFO - Setting next_dagrun for example_task_group to 2022-10-11T21:21:41.679689+00:00
[2022-10-12 18:21:41,688] {processor.py:171} INFO - Processing /Users/renatomelo/Downloads/airflow_tooltorial/airflow-local/venv/lib/python3.9/site-packages/airflow/example_dags/example_task_group.py took 0.084 seconds
[2022-10-12 18:22:53,896] {processor.py:163} INFO - Started process (PID=8645) to work on /Users/renatomelo/Downloads/airflow_tooltorial/airflow-local/venv/lib/python3.9/site-packages/airflow/example_dags/example_task_group.py
[2022-10-12 18:22:53,896] {processor.py:642} INFO - Processing file /Users/renatomelo/Downloads/airflow_tooltorial/airflow-local/venv/lib/python3.9/site-packages/airflow/example_dags/example_task_group.py for tasks to queue
[2022-10-12 18:22:53,897] {logging_mixin.py:109} INFO - [2022-10-12 18:22:53,897] {dagbag.py:500} INFO - Filling up the DagBag from /Users/renatomelo/Downloads/airflow_tooltorial/airflow-local/venv/lib/python3.9/site-packages/airflow/example_dags/example_task_group.py
[2022-10-12 18:22:53,933] {processor.py:654} INFO - DAG(s) dict_keys(['example_task_group']) retrieved from /Users/renatomelo/Downloads/airflow_tooltorial/airflow-local/venv/lib/python3.9/site-packages/airflow/example_dags/example_task_group.py
[2022-10-12 18:22:53,953] {logging_mixin.py:109} INFO - [2022-10-12 18:22:53,952] {dag.py:2396} INFO - Sync 1 DAGs
[2022-10-12 18:22:53,968] {logging_mixin.py:109} INFO - [2022-10-12 18:22:53,968] {dag.py:2935} INFO - Setting next_dagrun for example_task_group to 2022-10-11T21:22:53.968281+00:00
[2022-10-12 18:22:53,978] {processor.py:171} INFO - Processing /Users/renatomelo/Downloads/airflow_tooltorial/airflow-local/venv/lib/python3.9/site-packages/airflow/example_dags/example_task_group.py took 0.082 seconds
[2022-10-12 18:24:10,039] {processor.py:163} INFO - Started process (PID=8684) to work on /Users/renatomelo/Downloads/airflow_tooltorial/airflow-local/venv/lib/python3.9/site-packages/airflow/example_dags/example_task_group.py
[2022-10-12 18:24:10,041] {processor.py:642} INFO - Processing file /Users/renatomelo/Downloads/airflow_tooltorial/airflow-local/venv/lib/python3.9/site-packages/airflow/example_dags/example_task_group.py for tasks to queue
[2022-10-12 18:24:10,041] {logging_mixin.py:109} INFO - [2022-10-12 18:24:10,041] {dagbag.py:500} INFO - Filling up the DagBag from /Users/renatomelo/Downloads/airflow_tooltorial/airflow-local/venv/lib/python3.9/site-packages/airflow/example_dags/example_task_group.py
[2022-10-12 18:24:10,115] {processor.py:654} INFO - DAG(s) dict_keys(['example_task_group']) retrieved from /Users/renatomelo/Downloads/airflow_tooltorial/airflow-local/venv/lib/python3.9/site-packages/airflow/example_dags/example_task_group.py
[2022-10-12 18:24:10,450] {logging_mixin.py:109} INFO - [2022-10-12 18:24:10,450] {dag.py:2396} INFO - Sync 1 DAGs
[2022-10-12 18:24:10,461] {logging_mixin.py:109} INFO - [2022-10-12 18:24:10,461] {dag.py:2935} INFO - Setting next_dagrun for example_task_group to 2022-10-11T21:24:10.460872+00:00
[2022-10-12 18:24:10,474] {processor.py:171} INFO - Processing /Users/renatomelo/Downloads/airflow_tooltorial/airflow-local/venv/lib/python3.9/site-packages/airflow/example_dags/example_task_group.py took 0.436 seconds
[2022-10-12 18:25:22,923] {processor.py:163} INFO - Started process (PID=8718) to work on /Users/renatomelo/Downloads/airflow_tooltorial/airflow-local/venv/lib/python3.9/site-packages/airflow/example_dags/example_task_group.py
[2022-10-12 18:25:22,924] {processor.py:642} INFO - Processing file /Users/renatomelo/Downloads/airflow_tooltorial/airflow-local/venv/lib/python3.9/site-packages/airflow/example_dags/example_task_group.py for tasks to queue
[2022-10-12 18:25:22,926] {logging_mixin.py:109} INFO - [2022-10-12 18:25:22,926] {dagbag.py:500} INFO - Filling up the DagBag from /Users/renatomelo/Downloads/airflow_tooltorial/airflow-local/venv/lib/python3.9/site-packages/airflow/example_dags/example_task_group.py
[2022-10-12 18:25:22,989] {processor.py:654} INFO - DAG(s) dict_keys(['example_task_group']) retrieved from /Users/renatomelo/Downloads/airflow_tooltorial/airflow-local/venv/lib/python3.9/site-packages/airflow/example_dags/example_task_group.py
[2022-10-12 18:25:23,029] {logging_mixin.py:109} INFO - [2022-10-12 18:25:23,028] {dag.py:2396} INFO - Sync 1 DAGs
[2022-10-12 18:25:23,040] {logging_mixin.py:109} INFO - [2022-10-12 18:25:23,039] {dag.py:2935} INFO - Setting next_dagrun for example_task_group to 2022-10-11T21:25:23.039747+00:00
[2022-10-12 18:25:23,055] {processor.py:171} INFO - Processing /Users/renatomelo/Downloads/airflow_tooltorial/airflow-local/venv/lib/python3.9/site-packages/airflow/example_dags/example_task_group.py took 0.133 seconds
[2022-10-12 18:26:40,477] {processor.py:163} INFO - Started process (PID=8756) to work on /Users/renatomelo/Downloads/airflow_tooltorial/airflow-local/venv/lib/python3.9/site-packages/airflow/example_dags/example_task_group.py
[2022-10-12 18:26:40,477] {processor.py:642} INFO - Processing file /Users/renatomelo/Downloads/airflow_tooltorial/airflow-local/venv/lib/python3.9/site-packages/airflow/example_dags/example_task_group.py for tasks to queue
[2022-10-12 18:26:40,478] {logging_mixin.py:109} INFO - [2022-10-12 18:26:40,478] {dagbag.py:500} INFO - Filling up the DagBag from /Users/renatomelo/Downloads/airflow_tooltorial/airflow-local/venv/lib/python3.9/site-packages/airflow/example_dags/example_task_group.py
[2022-10-12 18:26:40,537] {processor.py:654} INFO - DAG(s) dict_keys(['example_task_group']) retrieved from /Users/renatomelo/Downloads/airflow_tooltorial/airflow-local/venv/lib/python3.9/site-packages/airflow/example_dags/example_task_group.py
[2022-10-12 18:26:40,569] {logging_mixin.py:109} INFO - [2022-10-12 18:26:40,568] {dag.py:2396} INFO - Sync 1 DAGs
[2022-10-12 18:26:40,581] {logging_mixin.py:109} INFO - [2022-10-12 18:26:40,581] {dag.py:2935} INFO - Setting next_dagrun for example_task_group to 2022-10-11T21:26:40.580744+00:00
[2022-10-12 18:26:40,594] {processor.py:171} INFO - Processing /Users/renatomelo/Downloads/airflow_tooltorial/airflow-local/venv/lib/python3.9/site-packages/airflow/example_dags/example_task_group.py took 0.117 seconds
[2022-10-12 18:28:00,002] {processor.py:163} INFO - Started process (PID=8803) to work on /Users/renatomelo/Downloads/airflow_tooltorial/airflow-local/venv/lib/python3.9/site-packages/airflow/example_dags/example_task_group.py
[2022-10-12 18:28:00,002] {processor.py:642} INFO - Processing file /Users/renatomelo/Downloads/airflow_tooltorial/airflow-local/venv/lib/python3.9/site-packages/airflow/example_dags/example_task_group.py for tasks to queue
[2022-10-12 18:28:00,003] {logging_mixin.py:109} INFO - [2022-10-12 18:28:00,003] {dagbag.py:500} INFO - Filling up the DagBag from /Users/renatomelo/Downloads/airflow_tooltorial/airflow-local/venv/lib/python3.9/site-packages/airflow/example_dags/example_task_group.py
[2022-10-12 18:28:00,041] {processor.py:654} INFO - DAG(s) dict_keys(['example_task_group']) retrieved from /Users/renatomelo/Downloads/airflow_tooltorial/airflow-local/venv/lib/python3.9/site-packages/airflow/example_dags/example_task_group.py
[2022-10-12 18:28:00,059] {logging_mixin.py:109} INFO - [2022-10-12 18:28:00,059] {dag.py:2396} INFO - Sync 1 DAGs
[2022-10-12 18:28:00,069] {logging_mixin.py:109} INFO - [2022-10-12 18:28:00,069] {dag.py:2935} INFO - Setting next_dagrun for example_task_group to 2022-10-11T21:28:00.068992+00:00
[2022-10-12 18:28:00,077] {processor.py:171} INFO - Processing /Users/renatomelo/Downloads/airflow_tooltorial/airflow-local/venv/lib/python3.9/site-packages/airflow/example_dags/example_task_group.py took 0.076 seconds
[2022-10-12 18:29:57,865] {processor.py:163} INFO - Started process (PID=8854) to work on /Users/renatomelo/Downloads/airflow_tooltorial/airflow-local/venv/lib/python3.9/site-packages/airflow/example_dags/example_task_group.py
[2022-10-12 18:29:57,865] {processor.py:642} INFO - Processing file /Users/renatomelo/Downloads/airflow_tooltorial/airflow-local/venv/lib/python3.9/site-packages/airflow/example_dags/example_task_group.py for tasks to queue
[2022-10-12 18:29:57,866] {logging_mixin.py:109} INFO - [2022-10-12 18:29:57,866] {dagbag.py:500} INFO - Filling up the DagBag from /Users/renatomelo/Downloads/airflow_tooltorial/airflow-local/venv/lib/python3.9/site-packages/airflow/example_dags/example_task_group.py
[2022-10-12 18:29:57,906] {processor.py:654} INFO - DAG(s) dict_keys(['example_task_group']) retrieved from /Users/renatomelo/Downloads/airflow_tooltorial/airflow-local/venv/lib/python3.9/site-packages/airflow/example_dags/example_task_group.py
[2022-10-12 18:29:57,927] {logging_mixin.py:109} INFO - [2022-10-12 18:29:57,927] {dag.py:2396} INFO - Sync 1 DAGs
[2022-10-12 18:29:57,938] {logging_mixin.py:109} INFO - [2022-10-12 18:29:57,937] {dag.py:2935} INFO - Setting next_dagrun for example_task_group to 2022-10-11T21:29:57.937786+00:00
[2022-10-12 18:29:57,948] {processor.py:171} INFO - Processing /Users/renatomelo/Downloads/airflow_tooltorial/airflow-local/venv/lib/python3.9/site-packages/airflow/example_dags/example_task_group.py took 0.084 seconds
[2022-10-12 18:31:18,577] {processor.py:163} INFO - Started process (PID=8915) to work on /Users/renatomelo/Downloads/airflow_tooltorial/airflow-local/venv/lib/python3.9/site-packages/airflow/example_dags/example_task_group.py
[2022-10-12 18:31:18,577] {processor.py:642} INFO - Processing file /Users/renatomelo/Downloads/airflow_tooltorial/airflow-local/venv/lib/python3.9/site-packages/airflow/example_dags/example_task_group.py for tasks to queue
[2022-10-12 18:31:18,578] {logging_mixin.py:109} INFO - [2022-10-12 18:31:18,577] {dagbag.py:500} INFO - Filling up the DagBag from /Users/renatomelo/Downloads/airflow_tooltorial/airflow-local/venv/lib/python3.9/site-packages/airflow/example_dags/example_task_group.py
[2022-10-12 18:31:18,639] {processor.py:654} INFO - DAG(s) dict_keys(['example_task_group']) retrieved from /Users/renatomelo/Downloads/airflow_tooltorial/airflow-local/venv/lib/python3.9/site-packages/airflow/example_dags/example_task_group.py
[2022-10-12 18:31:18,668] {logging_mixin.py:109} INFO - [2022-10-12 18:31:18,668] {dag.py:2396} INFO - Sync 1 DAGs
[2022-10-12 18:31:18,681] {logging_mixin.py:109} INFO - [2022-10-12 18:31:18,681] {dag.py:2935} INFO - Setting next_dagrun for example_task_group to 2022-10-11T21:31:18.681435+00:00
[2022-10-12 18:31:18,691] {processor.py:171} INFO - Processing /Users/renatomelo/Downloads/airflow_tooltorial/airflow-local/venv/lib/python3.9/site-packages/airflow/example_dags/example_task_group.py took 0.115 seconds
[2022-10-12 18:32:36,995] {processor.py:163} INFO - Started process (PID=8942) to work on /Users/renatomelo/Downloads/airflow_tooltorial/airflow-local/venv/lib/python3.9/site-packages/airflow/example_dags/example_task_group.py
[2022-10-12 18:32:36,996] {processor.py:642} INFO - Processing file /Users/renatomelo/Downloads/airflow_tooltorial/airflow-local/venv/lib/python3.9/site-packages/airflow/example_dags/example_task_group.py for tasks to queue
[2022-10-12 18:32:36,997] {logging_mixin.py:109} INFO - [2022-10-12 18:32:36,997] {dagbag.py:500} INFO - Filling up the DagBag from /Users/renatomelo/Downloads/airflow_tooltorial/airflow-local/venv/lib/python3.9/site-packages/airflow/example_dags/example_task_group.py
[2022-10-12 18:32:37,059] {processor.py:654} INFO - DAG(s) dict_keys(['example_task_group']) retrieved from /Users/renatomelo/Downloads/airflow_tooltorial/airflow-local/venv/lib/python3.9/site-packages/airflow/example_dags/example_task_group.py
[2022-10-12 18:32:37,078] {logging_mixin.py:109} INFO - [2022-10-12 18:32:37,078] {dag.py:2396} INFO - Sync 1 DAGs
[2022-10-12 18:32:37,087] {logging_mixin.py:109} INFO - [2022-10-12 18:32:37,087] {dag.py:2935} INFO - Setting next_dagrun for example_task_group to 2022-10-11T21:32:37.087604+00:00
[2022-10-12 18:32:37,097] {processor.py:171} INFO - Processing /Users/renatomelo/Downloads/airflow_tooltorial/airflow-local/venv/lib/python3.9/site-packages/airflow/example_dags/example_task_group.py took 0.103 seconds
[2022-10-12 18:33:49,734] {processor.py:163} INFO - Started process (PID=8972) to work on /Users/renatomelo/Downloads/airflow_tooltorial/airflow-local/venv/lib/python3.9/site-packages/airflow/example_dags/example_task_group.py
[2022-10-12 18:33:49,736] {processor.py:642} INFO - Processing file /Users/renatomelo/Downloads/airflow_tooltorial/airflow-local/venv/lib/python3.9/site-packages/airflow/example_dags/example_task_group.py for tasks to queue
[2022-10-12 18:33:49,737] {logging_mixin.py:109} INFO - [2022-10-12 18:33:49,737] {dagbag.py:500} INFO - Filling up the DagBag from /Users/renatomelo/Downloads/airflow_tooltorial/airflow-local/venv/lib/python3.9/site-packages/airflow/example_dags/example_task_group.py
[2022-10-12 18:33:49,793] {processor.py:654} INFO - DAG(s) dict_keys(['example_task_group']) retrieved from /Users/renatomelo/Downloads/airflow_tooltorial/airflow-local/venv/lib/python3.9/site-packages/airflow/example_dags/example_task_group.py
[2022-10-12 18:33:49,830] {logging_mixin.py:109} INFO - [2022-10-12 18:33:49,830] {dag.py:2396} INFO - Sync 1 DAGs
[2022-10-12 18:33:49,857] {logging_mixin.py:109} INFO - [2022-10-12 18:33:49,857] {dag.py:2935} INFO - Setting next_dagrun for example_task_group to 2022-10-11T21:33:49.855726+00:00
[2022-10-12 18:33:49,870] {processor.py:171} INFO - Processing /Users/renatomelo/Downloads/airflow_tooltorial/airflow-local/venv/lib/python3.9/site-packages/airflow/example_dags/example_task_group.py took 0.136 seconds
