[2022-10-12 18:05:02,364] {processor.py:163} INFO - Started process (PID=7959) to work on /Users/renatomelo/Downloads/airflow_tooltorial/airflow-local/venv/lib/python3.9/site-packages/airflow/example_dags/example_python_operator.py
[2022-10-12 18:05:02,365] {processor.py:642} INFO - Processing file /Users/renatomelo/Downloads/airflow_tooltorial/airflow-local/venv/lib/python3.9/site-packages/airflow/example_dags/example_python_operator.py for tasks to queue
[2022-10-12 18:05:02,365] {logging_mixin.py:109} INFO - [2022-10-12 18:05:02,365] {dagbag.py:500} INFO - Filling up the DagBag from /Users/renatomelo/Downloads/airflow_tooltorial/airflow-local/venv/lib/python3.9/site-packages/airflow/example_dags/example_python_operator.py
[2022-10-12 18:05:02,435] {processor.py:654} INFO - DAG(s) dict_keys(['example_python_operator']) retrieved from /Users/renatomelo/Downloads/airflow_tooltorial/airflow-local/venv/lib/python3.9/site-packages/airflow/example_dags/example_python_operator.py
[2022-10-12 18:05:02,466] {logging_mixin.py:109} INFO - [2022-10-12 18:05:02,466] {dag.py:2396} INFO - Sync 1 DAGs
[2022-10-12 18:05:02,476] {logging_mixin.py:109} INFO - [2022-10-12 18:05:02,476] {dag.py:2935} INFO - Setting next_dagrun for example_python_operator to None
[2022-10-12 18:05:02,486] {processor.py:171} INFO - Processing /Users/renatomelo/Downloads/airflow_tooltorial/airflow-local/venv/lib/python3.9/site-packages/airflow/example_dags/example_python_operator.py took 0.122 seconds
[2022-10-12 18:07:04,165] {processor.py:163} INFO - Started process (PID=8210) to work on /Users/renatomelo/Downloads/airflow_tooltorial/airflow-local/venv/lib/python3.9/site-packages/airflow/example_dags/example_python_operator.py
[2022-10-12 18:07:04,167] {processor.py:642} INFO - Processing file /Users/renatomelo/Downloads/airflow_tooltorial/airflow-local/venv/lib/python3.9/site-packages/airflow/example_dags/example_python_operator.py for tasks to queue
[2022-10-12 18:07:04,168] {logging_mixin.py:109} INFO - [2022-10-12 18:07:04,168] {dagbag.py:500} INFO - Filling up the DagBag from /Users/renatomelo/Downloads/airflow_tooltorial/airflow-local/venv/lib/python3.9/site-packages/airflow/example_dags/example_python_operator.py
[2022-10-12 18:07:04,223] {processor.py:654} INFO - DAG(s) dict_keys(['example_python_operator']) retrieved from /Users/renatomelo/Downloads/airflow_tooltorial/airflow-local/venv/lib/python3.9/site-packages/airflow/example_dags/example_python_operator.py
[2022-10-12 18:07:04,243] {logging_mixin.py:109} INFO - [2022-10-12 18:07:04,242] {dag.py:2396} INFO - Sync 1 DAGs
[2022-10-12 18:07:04,252] {logging_mixin.py:109} INFO - [2022-10-12 18:07:04,252] {dag.py:2935} INFO - Setting next_dagrun for example_python_operator to None
[2022-10-12 18:07:04,261] {processor.py:171} INFO - Processing /Users/renatomelo/Downloads/airflow_tooltorial/airflow-local/venv/lib/python3.9/site-packages/airflow/example_dags/example_python_operator.py took 0.096 seconds
[2022-10-12 18:09:42,958] {processor.py:163} INFO - Started process (PID=8320) to work on /Users/renatomelo/Downloads/airflow_tooltorial/airflow-local/venv/lib/python3.9/site-packages/airflow/example_dags/example_python_operator.py
[2022-10-12 18:09:42,960] {processor.py:642} INFO - Processing file /Users/renatomelo/Downloads/airflow_tooltorial/airflow-local/venv/lib/python3.9/site-packages/airflow/example_dags/example_python_operator.py for tasks to queue
[2022-10-12 18:09:42,961] {logging_mixin.py:109} INFO - [2022-10-12 18:09:42,960] {dagbag.py:500} INFO - Filling up the DagBag from /Users/renatomelo/Downloads/airflow_tooltorial/airflow-local/venv/lib/python3.9/site-packages/airflow/example_dags/example_python_operator.py
[2022-10-12 18:09:43,034] {processor.py:654} INFO - DAG(s) dict_keys(['example_python_operator']) retrieved from /Users/renatomelo/Downloads/airflow_tooltorial/airflow-local/venv/lib/python3.9/site-packages/airflow/example_dags/example_python_operator.py
[2022-10-12 18:09:43,054] {logging_mixin.py:109} INFO - [2022-10-12 18:09:43,054] {dag.py:2396} INFO - Sync 1 DAGs
[2022-10-12 18:09:43,063] {logging_mixin.py:109} INFO - [2022-10-12 18:09:43,063] {dag.py:2935} INFO - Setting next_dagrun for example_python_operator to None
[2022-10-12 18:09:43,072] {processor.py:171} INFO - Processing /Users/renatomelo/Downloads/airflow_tooltorial/airflow-local/venv/lib/python3.9/site-packages/airflow/example_dags/example_python_operator.py took 0.115 seconds
[2022-10-12 18:12:58,849] {processor.py:163} INFO - Started process (PID=8413) to work on /Users/renatomelo/Downloads/airflow_tooltorial/airflow-local/venv/lib/python3.9/site-packages/airflow/example_dags/example_python_operator.py
[2022-10-12 18:12:58,851] {processor.py:642} INFO - Processing file /Users/renatomelo/Downloads/airflow_tooltorial/airflow-local/venv/lib/python3.9/site-packages/airflow/example_dags/example_python_operator.py for tasks to queue
[2022-10-12 18:12:58,856] {logging_mixin.py:109} INFO - [2022-10-12 18:12:58,856] {dagbag.py:500} INFO - Filling up the DagBag from /Users/renatomelo/Downloads/airflow_tooltorial/airflow-local/venv/lib/python3.9/site-packages/airflow/example_dags/example_python_operator.py
[2022-10-12 18:12:58,930] {processor.py:654} INFO - DAG(s) dict_keys(['example_python_operator']) retrieved from /Users/renatomelo/Downloads/airflow_tooltorial/airflow-local/venv/lib/python3.9/site-packages/airflow/example_dags/example_python_operator.py
[2022-10-12 18:12:58,954] {logging_mixin.py:109} INFO - [2022-10-12 18:12:58,954] {dag.py:2396} INFO - Sync 1 DAGs
[2022-10-12 18:12:58,964] {logging_mixin.py:109} INFO - [2022-10-12 18:12:58,964] {dag.py:2935} INFO - Setting next_dagrun for example_python_operator to None
[2022-10-12 18:12:58,974] {processor.py:171} INFO - Processing /Users/renatomelo/Downloads/airflow_tooltorial/airflow-local/venv/lib/python3.9/site-packages/airflow/example_dags/example_python_operator.py took 0.125 seconds
[2022-10-12 18:15:44,199] {processor.py:163} INFO - Started process (PID=8471) to work on /Users/renatomelo/Downloads/airflow_tooltorial/airflow-local/venv/lib/python3.9/site-packages/airflow/example_dags/example_python_operator.py
[2022-10-12 18:15:44,200] {processor.py:642} INFO - Processing file /Users/renatomelo/Downloads/airflow_tooltorial/airflow-local/venv/lib/python3.9/site-packages/airflow/example_dags/example_python_operator.py for tasks to queue
[2022-10-12 18:15:44,201] {logging_mixin.py:109} INFO - [2022-10-12 18:15:44,201] {dagbag.py:500} INFO - Filling up the DagBag from /Users/renatomelo/Downloads/airflow_tooltorial/airflow-local/venv/lib/python3.9/site-packages/airflow/example_dags/example_python_operator.py
[2022-10-12 18:15:44,306] {processor.py:654} INFO - DAG(s) dict_keys(['example_python_operator']) retrieved from /Users/renatomelo/Downloads/airflow_tooltorial/airflow-local/venv/lib/python3.9/site-packages/airflow/example_dags/example_python_operator.py
[2022-10-12 18:15:44,351] {logging_mixin.py:109} INFO - [2022-10-12 18:15:44,350] {dag.py:2396} INFO - Sync 1 DAGs
[2022-10-12 18:15:44,368] {logging_mixin.py:109} INFO - [2022-10-12 18:15:44,368] {dag.py:2935} INFO - Setting next_dagrun for example_python_operator to None
[2022-10-12 18:15:44,385] {processor.py:171} INFO - Processing /Users/renatomelo/Downloads/airflow_tooltorial/airflow-local/venv/lib/python3.9/site-packages/airflow/example_dags/example_python_operator.py took 0.187 seconds
[2022-10-12 18:18:19,306] {processor.py:163} INFO - Started process (PID=8528) to work on /Users/renatomelo/Downloads/airflow_tooltorial/airflow-local/venv/lib/python3.9/site-packages/airflow/example_dags/example_python_operator.py
[2022-10-12 18:18:19,308] {processor.py:642} INFO - Processing file /Users/renatomelo/Downloads/airflow_tooltorial/airflow-local/venv/lib/python3.9/site-packages/airflow/example_dags/example_python_operator.py for tasks to queue
[2022-10-12 18:18:19,309] {logging_mixin.py:109} INFO - [2022-10-12 18:18:19,309] {dagbag.py:500} INFO - Filling up the DagBag from /Users/renatomelo/Downloads/airflow_tooltorial/airflow-local/venv/lib/python3.9/site-packages/airflow/example_dags/example_python_operator.py
[2022-10-12 18:18:19,369] {processor.py:654} INFO - DAG(s) dict_keys(['example_python_operator']) retrieved from /Users/renatomelo/Downloads/airflow_tooltorial/airflow-local/venv/lib/python3.9/site-packages/airflow/example_dags/example_python_operator.py
[2022-10-12 18:18:19,392] {logging_mixin.py:109} INFO - [2022-10-12 18:18:19,392] {dag.py:2396} INFO - Sync 1 DAGs
[2022-10-12 18:18:19,403] {logging_mixin.py:109} INFO - [2022-10-12 18:18:19,403] {dag.py:2935} INFO - Setting next_dagrun for example_python_operator to None
[2022-10-12 18:18:19,418] {processor.py:171} INFO - Processing /Users/renatomelo/Downloads/airflow_tooltorial/airflow-local/venv/lib/python3.9/site-packages/airflow/example_dags/example_python_operator.py took 0.113 seconds
[2022-10-12 18:20:38,175] {processor.py:163} INFO - Started process (PID=8580) to work on /Users/renatomelo/Downloads/airflow_tooltorial/airflow-local/venv/lib/python3.9/site-packages/airflow/example_dags/example_python_operator.py
[2022-10-12 18:20:38,176] {processor.py:642} INFO - Processing file /Users/renatomelo/Downloads/airflow_tooltorial/airflow-local/venv/lib/python3.9/site-packages/airflow/example_dags/example_python_operator.py for tasks to queue
[2022-10-12 18:20:38,176] {logging_mixin.py:109} INFO - [2022-10-12 18:20:38,176] {dagbag.py:500} INFO - Filling up the DagBag from /Users/renatomelo/Downloads/airflow_tooltorial/airflow-local/venv/lib/python3.9/site-packages/airflow/example_dags/example_python_operator.py
[2022-10-12 18:20:38,251] {processor.py:654} INFO - DAG(s) dict_keys(['example_python_operator']) retrieved from /Users/renatomelo/Downloads/airflow_tooltorial/airflow-local/venv/lib/python3.9/site-packages/airflow/example_dags/example_python_operator.py
[2022-10-12 18:20:38,288] {logging_mixin.py:109} INFO - [2022-10-12 18:20:38,288] {dag.py:2396} INFO - Sync 1 DAGs
[2022-10-12 18:20:38,307] {logging_mixin.py:109} INFO - [2022-10-12 18:20:38,307] {dag.py:2935} INFO - Setting next_dagrun for example_python_operator to None
[2022-10-12 18:20:38,319] {processor.py:171} INFO - Processing /Users/renatomelo/Downloads/airflow_tooltorial/airflow-local/venv/lib/python3.9/site-packages/airflow/example_dags/example_python_operator.py took 0.145 seconds
[2022-10-12 18:23:02,627] {processor.py:163} INFO - Started process (PID=8650) to work on /Users/renatomelo/Downloads/airflow_tooltorial/airflow-local/venv/lib/python3.9/site-packages/airflow/example_dags/example_python_operator.py
[2022-10-12 18:23:02,629] {processor.py:642} INFO - Processing file /Users/renatomelo/Downloads/airflow_tooltorial/airflow-local/venv/lib/python3.9/site-packages/airflow/example_dags/example_python_operator.py for tasks to queue
[2022-10-12 18:23:02,630] {logging_mixin.py:109} INFO - [2022-10-12 18:23:02,629] {dagbag.py:500} INFO - Filling up the DagBag from /Users/renatomelo/Downloads/airflow_tooltorial/airflow-local/venv/lib/python3.9/site-packages/airflow/example_dags/example_python_operator.py
[2022-10-12 18:23:02,693] {processor.py:654} INFO - DAG(s) dict_keys(['example_python_operator']) retrieved from /Users/renatomelo/Downloads/airflow_tooltorial/airflow-local/venv/lib/python3.9/site-packages/airflow/example_dags/example_python_operator.py
[2022-10-12 18:23:02,716] {logging_mixin.py:109} INFO - [2022-10-12 18:23:02,716] {dag.py:2396} INFO - Sync 1 DAGs
[2022-10-12 18:23:02,727] {logging_mixin.py:109} INFO - [2022-10-12 18:23:02,727] {dag.py:2935} INFO - Setting next_dagrun for example_python_operator to None
[2022-10-12 18:23:02,737] {processor.py:171} INFO - Processing /Users/renatomelo/Downloads/airflow_tooltorial/airflow-local/venv/lib/python3.9/site-packages/airflow/example_dags/example_python_operator.py took 0.111 seconds
[2022-10-12 18:25:33,269] {processor.py:163} INFO - Started process (PID=8722) to work on /Users/renatomelo/Downloads/airflow_tooltorial/airflow-local/venv/lib/python3.9/site-packages/airflow/example_dags/example_python_operator.py
[2022-10-12 18:25:33,271] {processor.py:642} INFO - Processing file /Users/renatomelo/Downloads/airflow_tooltorial/airflow-local/venv/lib/python3.9/site-packages/airflow/example_dags/example_python_operator.py for tasks to queue
[2022-10-12 18:25:33,272] {logging_mixin.py:109} INFO - [2022-10-12 18:25:33,272] {dagbag.py:500} INFO - Filling up the DagBag from /Users/renatomelo/Downloads/airflow_tooltorial/airflow-local/venv/lib/python3.9/site-packages/airflow/example_dags/example_python_operator.py
[2022-10-12 18:25:33,391] {processor.py:654} INFO - DAG(s) dict_keys(['example_python_operator']) retrieved from /Users/renatomelo/Downloads/airflow_tooltorial/airflow-local/venv/lib/python3.9/site-packages/airflow/example_dags/example_python_operator.py
[2022-10-12 18:25:33,776] {logging_mixin.py:109} INFO - [2022-10-12 18:25:33,776] {dag.py:2396} INFO - Sync 1 DAGs
[2022-10-12 18:25:33,789] {logging_mixin.py:109} INFO - [2022-10-12 18:25:33,789] {dag.py:2935} INFO - Setting next_dagrun for example_python_operator to None
[2022-10-12 18:25:33,813] {processor.py:171} INFO - Processing /Users/renatomelo/Downloads/airflow_tooltorial/airflow-local/venv/lib/python3.9/site-packages/airflow/example_dags/example_python_operator.py took 0.545 seconds
[2022-10-12 18:28:08,086] {processor.py:163} INFO - Started process (PID=8807) to work on /Users/renatomelo/Downloads/airflow_tooltorial/airflow-local/venv/lib/python3.9/site-packages/airflow/example_dags/example_python_operator.py
[2022-10-12 18:28:08,086] {processor.py:642} INFO - Processing file /Users/renatomelo/Downloads/airflow_tooltorial/airflow-local/venv/lib/python3.9/site-packages/airflow/example_dags/example_python_operator.py for tasks to queue
[2022-10-12 18:28:08,087] {logging_mixin.py:109} INFO - [2022-10-12 18:28:08,087] {dagbag.py:500} INFO - Filling up the DagBag from /Users/renatomelo/Downloads/airflow_tooltorial/airflow-local/venv/lib/python3.9/site-packages/airflow/example_dags/example_python_operator.py
[2022-10-12 18:28:08,137] {processor.py:654} INFO - DAG(s) dict_keys(['example_python_operator']) retrieved from /Users/renatomelo/Downloads/airflow_tooltorial/airflow-local/venv/lib/python3.9/site-packages/airflow/example_dags/example_python_operator.py
[2022-10-12 18:28:08,157] {logging_mixin.py:109} INFO - [2022-10-12 18:28:08,157] {dag.py:2396} INFO - Sync 1 DAGs
[2022-10-12 18:28:08,166] {logging_mixin.py:109} INFO - [2022-10-12 18:28:08,166] {dag.py:2935} INFO - Setting next_dagrun for example_python_operator to None
[2022-10-12 18:28:08,175] {processor.py:171} INFO - Processing /Users/renatomelo/Downloads/airflow_tooltorial/airflow-local/venv/lib/python3.9/site-packages/airflow/example_dags/example_python_operator.py took 0.090 seconds
[2022-10-12 18:30:06,703] {processor.py:163} INFO - Started process (PID=8858) to work on /Users/renatomelo/Downloads/airflow_tooltorial/airflow-local/venv/lib/python3.9/site-packages/airflow/example_dags/example_python_operator.py
[2022-10-12 18:30:06,704] {processor.py:642} INFO - Processing file /Users/renatomelo/Downloads/airflow_tooltorial/airflow-local/venv/lib/python3.9/site-packages/airflow/example_dags/example_python_operator.py for tasks to queue
[2022-10-12 18:30:06,704] {logging_mixin.py:109} INFO - [2022-10-12 18:30:06,704] {dagbag.py:500} INFO - Filling up the DagBag from /Users/renatomelo/Downloads/airflow_tooltorial/airflow-local/venv/lib/python3.9/site-packages/airflow/example_dags/example_python_operator.py
[2022-10-12 18:30:06,755] {processor.py:654} INFO - DAG(s) dict_keys(['example_python_operator']) retrieved from /Users/renatomelo/Downloads/airflow_tooltorial/airflow-local/venv/lib/python3.9/site-packages/airflow/example_dags/example_python_operator.py
[2022-10-12 18:30:06,774] {logging_mixin.py:109} INFO - [2022-10-12 18:30:06,774] {dag.py:2396} INFO - Sync 1 DAGs
[2022-10-12 18:30:06,784] {logging_mixin.py:109} INFO - [2022-10-12 18:30:06,783] {dag.py:2935} INFO - Setting next_dagrun for example_python_operator to None
[2022-10-12 18:30:06,794] {processor.py:171} INFO - Processing /Users/renatomelo/Downloads/airflow_tooltorial/airflow-local/venv/lib/python3.9/site-packages/airflow/example_dags/example_python_operator.py took 0.091 seconds
[2022-10-12 18:32:46,183] {processor.py:163} INFO - Started process (PID=8945) to work on /Users/renatomelo/Downloads/airflow_tooltorial/airflow-local/venv/lib/python3.9/site-packages/airflow/example_dags/example_python_operator.py
[2022-10-12 18:32:46,185] {processor.py:642} INFO - Processing file /Users/renatomelo/Downloads/airflow_tooltorial/airflow-local/venv/lib/python3.9/site-packages/airflow/example_dags/example_python_operator.py for tasks to queue
[2022-10-12 18:32:46,186] {logging_mixin.py:109} INFO - [2022-10-12 18:32:46,186] {dagbag.py:500} INFO - Filling up the DagBag from /Users/renatomelo/Downloads/airflow_tooltorial/airflow-local/venv/lib/python3.9/site-packages/airflow/example_dags/example_python_operator.py
[2022-10-12 18:32:46,244] {processor.py:654} INFO - DAG(s) dict_keys(['example_python_operator']) retrieved from /Users/renatomelo/Downloads/airflow_tooltorial/airflow-local/venv/lib/python3.9/site-packages/airflow/example_dags/example_python_operator.py
[2022-10-12 18:32:46,263] {logging_mixin.py:109} INFO - [2022-10-12 18:32:46,263] {dag.py:2396} INFO - Sync 1 DAGs
[2022-10-12 18:32:46,272] {logging_mixin.py:109} INFO - [2022-10-12 18:32:46,272] {dag.py:2935} INFO - Setting next_dagrun for example_python_operator to None
[2022-10-12 18:32:46,281] {processor.py:171} INFO - Processing /Users/renatomelo/Downloads/airflow_tooltorial/airflow-local/venv/lib/python3.9/site-packages/airflow/example_dags/example_python_operator.py took 0.099 seconds
