[2022-10-12 18:05:43,644] {processor.py:163} INFO - Started process (PID=8053) to work on /Users/renatomelo/Downloads/airflow_tooltorial/airflow-local/venv/lib/python3.9/site-packages/airflow/example_dags/example_branch_labels.py
[2022-10-12 18:05:43,645] {processor.py:642} INFO - Processing file /Users/renatomelo/Downloads/airflow_tooltorial/airflow-local/venv/lib/python3.9/site-packages/airflow/example_dags/example_branch_labels.py for tasks to queue
[2022-10-12 18:05:43,646] {logging_mixin.py:109} INFO - [2022-10-12 18:05:43,646] {dagbag.py:500} INFO - Filling up the DagBag from /Users/renatomelo/Downloads/airflow_tooltorial/airflow-local/venv/lib/python3.9/site-packages/airflow/example_dags/example_branch_labels.py
[2022-10-12 18:05:43,722] {processor.py:654} INFO - DAG(s) dict_keys(['example_branch_labels']) retrieved from /Users/renatomelo/Downloads/airflow_tooltorial/airflow-local/venv/lib/python3.9/site-packages/airflow/example_dags/example_branch_labels.py
[2022-10-12 18:05:43,759] {logging_mixin.py:109} INFO - [2022-10-12 18:05:43,759] {dag.py:2396} INFO - Sync 1 DAGs
[2022-10-12 18:05:43,785] {logging_mixin.py:109} INFO - [2022-10-12 18:05:43,785] {dag.py:2935} INFO - Setting next_dagrun for example_branch_labels to 2022-10-11 00:00:00+00:00
[2022-10-12 18:05:43,800] {processor.py:171} INFO - Processing /Users/renatomelo/Downloads/airflow_tooltorial/airflow-local/venv/lib/python3.9/site-packages/airflow/example_dags/example_branch_labels.py took 0.158 seconds
[2022-10-12 18:08:31,463] {processor.py:163} INFO - Started process (PID=8280) to work on /Users/renatomelo/Downloads/airflow_tooltorial/airflow-local/venv/lib/python3.9/site-packages/airflow/example_dags/example_branch_labels.py
[2022-10-12 18:08:31,463] {processor.py:642} INFO - Processing file /Users/renatomelo/Downloads/airflow_tooltorial/airflow-local/venv/lib/python3.9/site-packages/airflow/example_dags/example_branch_labels.py for tasks to queue
[2022-10-12 18:08:31,464] {logging_mixin.py:109} INFO - [2022-10-12 18:08:31,464] {dagbag.py:500} INFO - Filling up the DagBag from /Users/renatomelo/Downloads/airflow_tooltorial/airflow-local/venv/lib/python3.9/site-packages/airflow/example_dags/example_branch_labels.py
[2022-10-12 18:08:31,505] {processor.py:654} INFO - DAG(s) dict_keys(['example_branch_labels']) retrieved from /Users/renatomelo/Downloads/airflow_tooltorial/airflow-local/venv/lib/python3.9/site-packages/airflow/example_dags/example_branch_labels.py
[2022-10-12 18:08:31,523] {logging_mixin.py:109} INFO - [2022-10-12 18:08:31,523] {dag.py:2396} INFO - Sync 1 DAGs
[2022-10-12 18:08:31,533] {logging_mixin.py:109} INFO - [2022-10-12 18:08:31,533] {dag.py:2935} INFO - Setting next_dagrun for example_branch_labels to 2022-10-11 00:00:00+00:00
[2022-10-12 18:08:31,545] {processor.py:171} INFO - Processing /Users/renatomelo/Downloads/airflow_tooltorial/airflow-local/venv/lib/python3.9/site-packages/airflow/example_dags/example_branch_labels.py took 0.082 seconds
[2022-10-12 18:11:35,690] {processor.py:163} INFO - Started process (PID=8385) to work on /Users/renatomelo/Downloads/airflow_tooltorial/airflow-local/venv/lib/python3.9/site-packages/airflow/example_dags/example_branch_labels.py
[2022-10-12 18:11:35,691] {processor.py:642} INFO - Processing file /Users/renatomelo/Downloads/airflow_tooltorial/airflow-local/venv/lib/python3.9/site-packages/airflow/example_dags/example_branch_labels.py for tasks to queue
[2022-10-12 18:11:35,692] {logging_mixin.py:109} INFO - [2022-10-12 18:11:35,692] {dagbag.py:500} INFO - Filling up the DagBag from /Users/renatomelo/Downloads/airflow_tooltorial/airflow-local/venv/lib/python3.9/site-packages/airflow/example_dags/example_branch_labels.py
[2022-10-12 18:11:35,772] {processor.py:654} INFO - DAG(s) dict_keys(['example_branch_labels']) retrieved from /Users/renatomelo/Downloads/airflow_tooltorial/airflow-local/venv/lib/python3.9/site-packages/airflow/example_dags/example_branch_labels.py
[2022-10-12 18:11:35,971] {logging_mixin.py:109} INFO - [2022-10-12 18:11:35,971] {dag.py:2396} INFO - Sync 1 DAGs
[2022-10-12 18:11:35,991] {logging_mixin.py:109} INFO - [2022-10-12 18:11:35,991] {dag.py:2935} INFO - Setting next_dagrun for example_branch_labels to 2022-10-11 00:00:00+00:00
[2022-10-12 18:11:36,018] {processor.py:171} INFO - Processing /Users/renatomelo/Downloads/airflow_tooltorial/airflow-local/venv/lib/python3.9/site-packages/airflow/example_dags/example_branch_labels.py took 0.330 seconds
[2022-10-12 18:14:34,301] {processor.py:163} INFO - Started process (PID=8447) to work on /Users/renatomelo/Downloads/airflow_tooltorial/airflow-local/venv/lib/python3.9/site-packages/airflow/example_dags/example_branch_labels.py
[2022-10-12 18:14:34,302] {processor.py:642} INFO - Processing file /Users/renatomelo/Downloads/airflow_tooltorial/airflow-local/venv/lib/python3.9/site-packages/airflow/example_dags/example_branch_labels.py for tasks to queue
[2022-10-12 18:14:34,302] {logging_mixin.py:109} INFO - [2022-10-12 18:14:34,302] {dagbag.py:500} INFO - Filling up the DagBag from /Users/renatomelo/Downloads/airflow_tooltorial/airflow-local/venv/lib/python3.9/site-packages/airflow/example_dags/example_branch_labels.py
[2022-10-12 18:14:34,350] {processor.py:654} INFO - DAG(s) dict_keys(['example_branch_labels']) retrieved from /Users/renatomelo/Downloads/airflow_tooltorial/airflow-local/venv/lib/python3.9/site-packages/airflow/example_dags/example_branch_labels.py
[2022-10-12 18:14:34,381] {logging_mixin.py:109} INFO - [2022-10-12 18:14:34,381] {dag.py:2396} INFO - Sync 1 DAGs
[2022-10-12 18:14:34,404] {logging_mixin.py:109} INFO - [2022-10-12 18:14:34,404] {dag.py:2935} INFO - Setting next_dagrun for example_branch_labels to 2022-10-11 00:00:00+00:00
[2022-10-12 18:14:34,414] {processor.py:171} INFO - Processing /Users/renatomelo/Downloads/airflow_tooltorial/airflow-local/venv/lib/python3.9/site-packages/airflow/example_dags/example_branch_labels.py took 0.114 seconds
[2022-10-12 18:17:22,219] {processor.py:163} INFO - Started process (PID=8506) to work on /Users/renatomelo/Downloads/airflow_tooltorial/airflow-local/venv/lib/python3.9/site-packages/airflow/example_dags/example_branch_labels.py
[2022-10-12 18:17:22,221] {processor.py:642} INFO - Processing file /Users/renatomelo/Downloads/airflow_tooltorial/airflow-local/venv/lib/python3.9/site-packages/airflow/example_dags/example_branch_labels.py for tasks to queue
[2022-10-12 18:17:22,222] {logging_mixin.py:109} INFO - [2022-10-12 18:17:22,222] {dagbag.py:500} INFO - Filling up the DagBag from /Users/renatomelo/Downloads/airflow_tooltorial/airflow-local/venv/lib/python3.9/site-packages/airflow/example_dags/example_branch_labels.py
[2022-10-12 18:17:22,273] {processor.py:654} INFO - DAG(s) dict_keys(['example_branch_labels']) retrieved from /Users/renatomelo/Downloads/airflow_tooltorial/airflow-local/venv/lib/python3.9/site-packages/airflow/example_dags/example_branch_labels.py
[2022-10-12 18:17:22,297] {logging_mixin.py:109} INFO - [2022-10-12 18:17:22,296] {dag.py:2396} INFO - Sync 1 DAGs
[2022-10-12 18:17:22,308] {logging_mixin.py:109} INFO - [2022-10-12 18:17:22,308] {dag.py:2935} INFO - Setting next_dagrun for example_branch_labels to 2022-10-11 00:00:00+00:00
[2022-10-12 18:17:22,319] {processor.py:171} INFO - Processing /Users/renatomelo/Downloads/airflow_tooltorial/airflow-local/venv/lib/python3.9/site-packages/airflow/example_dags/example_branch_labels.py took 0.101 seconds
[2022-10-12 18:19:41,591] {processor.py:163} INFO - Started process (PID=8559) to work on /Users/renatomelo/Downloads/airflow_tooltorial/airflow-local/venv/lib/python3.9/site-packages/airflow/example_dags/example_branch_labels.py
[2022-10-12 18:19:41,591] {processor.py:642} INFO - Processing file /Users/renatomelo/Downloads/airflow_tooltorial/airflow-local/venv/lib/python3.9/site-packages/airflow/example_dags/example_branch_labels.py for tasks to queue
[2022-10-12 18:19:41,592] {logging_mixin.py:109} INFO - [2022-10-12 18:19:41,592] {dagbag.py:500} INFO - Filling up the DagBag from /Users/renatomelo/Downloads/airflow_tooltorial/airflow-local/venv/lib/python3.9/site-packages/airflow/example_dags/example_branch_labels.py
[2022-10-12 18:19:41,625] {processor.py:654} INFO - DAG(s) dict_keys(['example_branch_labels']) retrieved from /Users/renatomelo/Downloads/airflow_tooltorial/airflow-local/venv/lib/python3.9/site-packages/airflow/example_dags/example_branch_labels.py
[2022-10-12 18:19:41,644] {logging_mixin.py:109} INFO - [2022-10-12 18:19:41,644] {dag.py:2396} INFO - Sync 1 DAGs
[2022-10-12 18:19:41,655] {logging_mixin.py:109} INFO - [2022-10-12 18:19:41,655] {dag.py:2935} INFO - Setting next_dagrun for example_branch_labels to 2022-10-11 00:00:00+00:00
[2022-10-12 18:19:41,665] {processor.py:171} INFO - Processing /Users/renatomelo/Downloads/airflow_tooltorial/airflow-local/venv/lib/python3.9/site-packages/airflow/example_dags/example_branch_labels.py took 0.074 seconds
[2022-10-12 18:22:05,572] {processor.py:163} INFO - Started process (PID=8620) to work on /Users/renatomelo/Downloads/airflow_tooltorial/airflow-local/venv/lib/python3.9/site-packages/airflow/example_dags/example_branch_labels.py
[2022-10-12 18:22:05,572] {processor.py:642} INFO - Processing file /Users/renatomelo/Downloads/airflow_tooltorial/airflow-local/venv/lib/python3.9/site-packages/airflow/example_dags/example_branch_labels.py for tasks to queue
[2022-10-12 18:22:05,579] {logging_mixin.py:109} INFO - [2022-10-12 18:22:05,579] {dagbag.py:500} INFO - Filling up the DagBag from /Users/renatomelo/Downloads/airflow_tooltorial/airflow-local/venv/lib/python3.9/site-packages/airflow/example_dags/example_branch_labels.py
[2022-10-12 18:22:05,625] {processor.py:654} INFO - DAG(s) dict_keys(['example_branch_labels']) retrieved from /Users/renatomelo/Downloads/airflow_tooltorial/airflow-local/venv/lib/python3.9/site-packages/airflow/example_dags/example_branch_labels.py
[2022-10-12 18:22:05,648] {logging_mixin.py:109} INFO - [2022-10-12 18:22:05,648] {dag.py:2396} INFO - Sync 1 DAGs
[2022-10-12 18:22:05,660] {logging_mixin.py:109} INFO - [2022-10-12 18:22:05,660] {dag.py:2935} INFO - Setting next_dagrun for example_branch_labels to 2022-10-11 00:00:00+00:00
[2022-10-12 18:22:05,673] {processor.py:171} INFO - Processing /Users/renatomelo/Downloads/airflow_tooltorial/airflow-local/venv/lib/python3.9/site-packages/airflow/example_dags/example_branch_labels.py took 0.102 seconds
[2022-10-12 18:24:33,117] {processor.py:163} INFO - Started process (PID=8700) to work on /Users/renatomelo/Downloads/airflow_tooltorial/airflow-local/venv/lib/python3.9/site-packages/airflow/example_dags/example_branch_labels.py
[2022-10-12 18:24:33,119] {processor.py:642} INFO - Processing file /Users/renatomelo/Downloads/airflow_tooltorial/airflow-local/venv/lib/python3.9/site-packages/airflow/example_dags/example_branch_labels.py for tasks to queue
[2022-10-12 18:24:33,119] {logging_mixin.py:109} INFO - [2022-10-12 18:24:33,119] {dagbag.py:500} INFO - Filling up the DagBag from /Users/renatomelo/Downloads/airflow_tooltorial/airflow-local/venv/lib/python3.9/site-packages/airflow/example_dags/example_branch_labels.py
[2022-10-12 18:24:33,155] {processor.py:654} INFO - DAG(s) dict_keys(['example_branch_labels']) retrieved from /Users/renatomelo/Downloads/airflow_tooltorial/airflow-local/venv/lib/python3.9/site-packages/airflow/example_dags/example_branch_labels.py
[2022-10-12 18:24:33,396] {logging_mixin.py:109} INFO - [2022-10-12 18:24:33,395] {dag.py:2396} INFO - Sync 1 DAGs
[2022-10-12 18:24:33,407] {logging_mixin.py:109} INFO - [2022-10-12 18:24:33,407] {dag.py:2935} INFO - Setting next_dagrun for example_branch_labels to 2022-10-11 00:00:00+00:00
[2022-10-12 18:24:33,418] {processor.py:171} INFO - Processing /Users/renatomelo/Downloads/airflow_tooltorial/airflow-local/venv/lib/python3.9/site-packages/airflow/example_dags/example_branch_labels.py took 0.302 seconds
[2022-10-12 18:27:06,937] {processor.py:163} INFO - Started process (PID=8767) to work on /Users/renatomelo/Downloads/airflow_tooltorial/airflow-local/venv/lib/python3.9/site-packages/airflow/example_dags/example_branch_labels.py
[2022-10-12 18:27:06,938] {processor.py:642} INFO - Processing file /Users/renatomelo/Downloads/airflow_tooltorial/airflow-local/venv/lib/python3.9/site-packages/airflow/example_dags/example_branch_labels.py for tasks to queue
[2022-10-12 18:27:06,938] {logging_mixin.py:109} INFO - [2022-10-12 18:27:06,938] {dagbag.py:500} INFO - Filling up the DagBag from /Users/renatomelo/Downloads/airflow_tooltorial/airflow-local/venv/lib/python3.9/site-packages/airflow/example_dags/example_branch_labels.py
[2022-10-12 18:27:06,973] {processor.py:654} INFO - DAG(s) dict_keys(['example_branch_labels']) retrieved from /Users/renatomelo/Downloads/airflow_tooltorial/airflow-local/venv/lib/python3.9/site-packages/airflow/example_dags/example_branch_labels.py
[2022-10-12 18:27:06,991] {logging_mixin.py:109} INFO - [2022-10-12 18:27:06,991] {dag.py:2396} INFO - Sync 1 DAGs
[2022-10-12 18:27:07,001] {logging_mixin.py:109} INFO - [2022-10-12 18:27:07,001] {dag.py:2935} INFO - Setting next_dagrun for example_branch_labels to 2022-10-11 00:00:00+00:00
[2022-10-12 18:27:07,015] {processor.py:171} INFO - Processing /Users/renatomelo/Downloads/airflow_tooltorial/airflow-local/venv/lib/python3.9/site-packages/airflow/example_dags/example_branch_labels.py took 0.078 seconds
[2022-10-12 18:29:16,974] {processor.py:163} INFO - Started process (PID=8836) to work on /Users/renatomelo/Downloads/airflow_tooltorial/airflow-local/venv/lib/python3.9/site-packages/airflow/example_dags/example_branch_labels.py
[2022-10-12 18:29:16,974] {processor.py:642} INFO - Processing file /Users/renatomelo/Downloads/airflow_tooltorial/airflow-local/venv/lib/python3.9/site-packages/airflow/example_dags/example_branch_labels.py for tasks to queue
[2022-10-12 18:29:16,974] {logging_mixin.py:109} INFO - [2022-10-12 18:29:16,974] {dagbag.py:500} INFO - Filling up the DagBag from /Users/renatomelo/Downloads/airflow_tooltorial/airflow-local/venv/lib/python3.9/site-packages/airflow/example_dags/example_branch_labels.py
[2022-10-12 18:29:17,007] {processor.py:654} INFO - DAG(s) dict_keys(['example_branch_labels']) retrieved from /Users/renatomelo/Downloads/airflow_tooltorial/airflow-local/venv/lib/python3.9/site-packages/airflow/example_dags/example_branch_labels.py
[2022-10-12 18:29:17,026] {logging_mixin.py:109} INFO - [2022-10-12 18:29:17,025] {dag.py:2396} INFO - Sync 1 DAGs
[2022-10-12 18:29:17,036] {logging_mixin.py:109} INFO - [2022-10-12 18:29:17,036] {dag.py:2935} INFO - Setting next_dagrun for example_branch_labels to 2022-10-11 00:00:00+00:00
[2022-10-12 18:29:17,045] {processor.py:171} INFO - Processing /Users/renatomelo/Downloads/airflow_tooltorial/airflow-local/venv/lib/python3.9/site-packages/airflow/example_dags/example_branch_labels.py took 0.072 seconds
[2022-10-12 18:31:45,653] {processor.py:163} INFO - Started process (PID=8923) to work on /Users/renatomelo/Downloads/airflow_tooltorial/airflow-local/venv/lib/python3.9/site-packages/airflow/example_dags/example_branch_labels.py
[2022-10-12 18:31:45,654] {processor.py:642} INFO - Processing file /Users/renatomelo/Downloads/airflow_tooltorial/airflow-local/venv/lib/python3.9/site-packages/airflow/example_dags/example_branch_labels.py for tasks to queue
[2022-10-12 18:31:45,654] {logging_mixin.py:109} INFO - [2022-10-12 18:31:45,654] {dagbag.py:500} INFO - Filling up the DagBag from /Users/renatomelo/Downloads/airflow_tooltorial/airflow-local/venv/lib/python3.9/site-packages/airflow/example_dags/example_branch_labels.py
[2022-10-12 18:31:45,689] {processor.py:654} INFO - DAG(s) dict_keys(['example_branch_labels']) retrieved from /Users/renatomelo/Downloads/airflow_tooltorial/airflow-local/venv/lib/python3.9/site-packages/airflow/example_dags/example_branch_labels.py
[2022-10-12 18:31:45,708] {logging_mixin.py:109} INFO - [2022-10-12 18:31:45,708] {dag.py:2396} INFO - Sync 1 DAGs
[2022-10-12 18:31:45,719] {logging_mixin.py:109} INFO - [2022-10-12 18:31:45,719] {dag.py:2935} INFO - Setting next_dagrun for example_branch_labels to 2022-10-11 00:00:00+00:00
[2022-10-12 18:31:45,729] {processor.py:171} INFO - Processing /Users/renatomelo/Downloads/airflow_tooltorial/airflow-local/venv/lib/python3.9/site-packages/airflow/example_dags/example_branch_labels.py took 0.076 seconds
[2022-10-12 18:34:07,028] {processor.py:163} INFO - Started process (PID=8978) to work on /Users/renatomelo/Downloads/airflow_tooltorial/airflow-local/venv/lib/python3.9/site-packages/airflow/example_dags/example_branch_labels.py
[2022-10-12 18:34:07,030] {processor.py:642} INFO - Processing file /Users/renatomelo/Downloads/airflow_tooltorial/airflow-local/venv/lib/python3.9/site-packages/airflow/example_dags/example_branch_labels.py for tasks to queue
[2022-10-12 18:34:07,030] {logging_mixin.py:109} INFO - [2022-10-12 18:34:07,030] {dagbag.py:500} INFO - Filling up the DagBag from /Users/renatomelo/Downloads/airflow_tooltorial/airflow-local/venv/lib/python3.9/site-packages/airflow/example_dags/example_branch_labels.py
[2022-10-12 18:34:07,070] {processor.py:654} INFO - DAG(s) dict_keys(['example_branch_labels']) retrieved from /Users/renatomelo/Downloads/airflow_tooltorial/airflow-local/venv/lib/python3.9/site-packages/airflow/example_dags/example_branch_labels.py
[2022-10-12 18:34:07,088] {logging_mixin.py:109} INFO - [2022-10-12 18:34:07,088] {dag.py:2396} INFO - Sync 1 DAGs
[2022-10-12 18:34:07,099] {logging_mixin.py:109} INFO - [2022-10-12 18:34:07,099] {dag.py:2935} INFO - Setting next_dagrun for example_branch_labels to 2022-10-11 00:00:00+00:00
[2022-10-12 18:34:07,112] {processor.py:171} INFO - Processing /Users/renatomelo/Downloads/airflow_tooltorial/airflow-local/venv/lib/python3.9/site-packages/airflow/example_dags/example_branch_labels.py took 0.085 seconds
