[2022-10-12 18:05:18,034] {processor.py:163} INFO - Started process (PID=7995) to work on /Users/renatomelo/Downloads/airflow_tooltorial/airflow-local/venv/lib/python3.9/site-packages/airflow/example_dags/example_latest_only.py
[2022-10-12 18:05:18,034] {processor.py:642} INFO - Processing file /Users/renatomelo/Downloads/airflow_tooltorial/airflow-local/venv/lib/python3.9/site-packages/airflow/example_dags/example_latest_only.py for tasks to queue
[2022-10-12 18:05:18,035] {logging_mixin.py:109} INFO - [2022-10-12 18:05:18,035] {dagbag.py:500} INFO - Filling up the DagBag from /Users/renatomelo/Downloads/airflow_tooltorial/airflow-local/venv/lib/python3.9/site-packages/airflow/example_dags/example_latest_only.py
[2022-10-12 18:05:18,076] {processor.py:654} INFO - DAG(s) dict_keys(['latest_only']) retrieved from /Users/renatomelo/Downloads/airflow_tooltorial/airflow-local/venv/lib/python3.9/site-packages/airflow/example_dags/example_latest_only.py
[2022-10-12 18:05:18,099] {logging_mixin.py:109} INFO - [2022-10-12 18:05:18,099] {dag.py:2396} INFO - Sync 1 DAGs
[2022-10-12 18:05:18,110] {logging_mixin.py:109} INFO - [2022-10-12 18:05:18,110] {dag.py:2935} INFO - Setting next_dagrun for latest_only to 2022-10-12T17:05:18.110200+00:00
[2022-10-12 18:05:18,121] {processor.py:171} INFO - Processing /Users/renatomelo/Downloads/airflow_tooltorial/airflow-local/venv/lib/python3.9/site-packages/airflow/example_dags/example_latest_only.py took 0.088 seconds
[2022-10-12 18:07:17,672] {processor.py:163} INFO - Started process (PID=8215) to work on /Users/renatomelo/Downloads/airflow_tooltorial/airflow-local/venv/lib/python3.9/site-packages/airflow/example_dags/example_latest_only.py
[2022-10-12 18:07:17,673] {processor.py:642} INFO - Processing file /Users/renatomelo/Downloads/airflow_tooltorial/airflow-local/venv/lib/python3.9/site-packages/airflow/example_dags/example_latest_only.py for tasks to queue
[2022-10-12 18:07:17,674] {logging_mixin.py:109} INFO - [2022-10-12 18:07:17,674] {dagbag.py:500} INFO - Filling up the DagBag from /Users/renatomelo/Downloads/airflow_tooltorial/airflow-local/venv/lib/python3.9/site-packages/airflow/example_dags/example_latest_only.py
[2022-10-12 18:07:17,709] {processor.py:654} INFO - DAG(s) dict_keys(['latest_only']) retrieved from /Users/renatomelo/Downloads/airflow_tooltorial/airflow-local/venv/lib/python3.9/site-packages/airflow/example_dags/example_latest_only.py
[2022-10-12 18:07:17,728] {logging_mixin.py:109} INFO - [2022-10-12 18:07:17,728] {dag.py:2396} INFO - Sync 1 DAGs
[2022-10-12 18:07:17,738] {logging_mixin.py:109} INFO - [2022-10-12 18:07:17,738] {dag.py:2935} INFO - Setting next_dagrun for latest_only to 2022-10-12T17:07:17.738614+00:00
[2022-10-12 18:07:17,748] {processor.py:171} INFO - Processing /Users/renatomelo/Downloads/airflow_tooltorial/airflow-local/venv/lib/python3.9/site-packages/airflow/example_dags/example_latest_only.py took 0.077 seconds
[2022-10-12 18:10:00,496] {processor.py:163} INFO - Started process (PID=8331) to work on /Users/renatomelo/Downloads/airflow_tooltorial/airflow-local/venv/lib/python3.9/site-packages/airflow/example_dags/example_latest_only.py
[2022-10-12 18:10:00,498] {processor.py:642} INFO - Processing file /Users/renatomelo/Downloads/airflow_tooltorial/airflow-local/venv/lib/python3.9/site-packages/airflow/example_dags/example_latest_only.py for tasks to queue
[2022-10-12 18:10:00,499] {logging_mixin.py:109} INFO - [2022-10-12 18:10:00,498] {dagbag.py:500} INFO - Filling up the DagBag from /Users/renatomelo/Downloads/airflow_tooltorial/airflow-local/venv/lib/python3.9/site-packages/airflow/example_dags/example_latest_only.py
[2022-10-12 18:10:00,549] {processor.py:654} INFO - DAG(s) dict_keys(['latest_only']) retrieved from /Users/renatomelo/Downloads/airflow_tooltorial/airflow-local/venv/lib/python3.9/site-packages/airflow/example_dags/example_latest_only.py
[2022-10-12 18:10:00,570] {logging_mixin.py:109} INFO - [2022-10-12 18:10:00,570] {dag.py:2396} INFO - Sync 1 DAGs
[2022-10-12 18:10:00,584] {logging_mixin.py:109} INFO - [2022-10-12 18:10:00,583] {dag.py:2935} INFO - Setting next_dagrun for latest_only to 2022-10-12T17:10:00.583501+00:00
[2022-10-12 18:10:00,597] {processor.py:171} INFO - Processing /Users/renatomelo/Downloads/airflow_tooltorial/airflow-local/venv/lib/python3.9/site-packages/airflow/example_dags/example_latest_only.py took 0.101 seconds
[2022-10-12 18:13:11,341] {processor.py:163} INFO - Started process (PID=8419) to work on /Users/renatomelo/Downloads/airflow_tooltorial/airflow-local/venv/lib/python3.9/site-packages/airflow/example_dags/example_latest_only.py
[2022-10-12 18:13:11,343] {processor.py:642} INFO - Processing file /Users/renatomelo/Downloads/airflow_tooltorial/airflow-local/venv/lib/python3.9/site-packages/airflow/example_dags/example_latest_only.py for tasks to queue
[2022-10-12 18:13:11,344] {logging_mixin.py:109} INFO - [2022-10-12 18:13:11,344] {dagbag.py:500} INFO - Filling up the DagBag from /Users/renatomelo/Downloads/airflow_tooltorial/airflow-local/venv/lib/python3.9/site-packages/airflow/example_dags/example_latest_only.py
[2022-10-12 18:13:11,403] {processor.py:654} INFO - DAG(s) dict_keys(['latest_only']) retrieved from /Users/renatomelo/Downloads/airflow_tooltorial/airflow-local/venv/lib/python3.9/site-packages/airflow/example_dags/example_latest_only.py
[2022-10-12 18:13:11,429] {logging_mixin.py:109} INFO - [2022-10-12 18:13:11,429] {dag.py:2396} INFO - Sync 1 DAGs
[2022-10-12 18:13:11,442] {logging_mixin.py:109} INFO - [2022-10-12 18:13:11,442] {dag.py:2935} INFO - Setting next_dagrun for latest_only to 2022-10-12T17:13:11.441952+00:00
[2022-10-12 18:13:11,452] {processor.py:171} INFO - Processing /Users/renatomelo/Downloads/airflow_tooltorial/airflow-local/venv/lib/python3.9/site-packages/airflow/example_dags/example_latest_only.py took 0.113 seconds
[2022-10-12 18:15:59,237] {processor.py:163} INFO - Started process (PID=8476) to work on /Users/renatomelo/Downloads/airflow_tooltorial/airflow-local/venv/lib/python3.9/site-packages/airflow/example_dags/example_latest_only.py
[2022-10-12 18:15:59,239] {processor.py:642} INFO - Processing file /Users/renatomelo/Downloads/airflow_tooltorial/airflow-local/venv/lib/python3.9/site-packages/airflow/example_dags/example_latest_only.py for tasks to queue
[2022-10-12 18:15:59,240] {logging_mixin.py:109} INFO - [2022-10-12 18:15:59,240] {dagbag.py:500} INFO - Filling up the DagBag from /Users/renatomelo/Downloads/airflow_tooltorial/airflow-local/venv/lib/python3.9/site-packages/airflow/example_dags/example_latest_only.py
[2022-10-12 18:15:59,294] {processor.py:654} INFO - DAG(s) dict_keys(['latest_only']) retrieved from /Users/renatomelo/Downloads/airflow_tooltorial/airflow-local/venv/lib/python3.9/site-packages/airflow/example_dags/example_latest_only.py
[2022-10-12 18:15:59,317] {logging_mixin.py:109} INFO - [2022-10-12 18:15:59,316] {dag.py:2396} INFO - Sync 1 DAGs
[2022-10-12 18:15:59,330] {logging_mixin.py:109} INFO - [2022-10-12 18:15:59,330] {dag.py:2935} INFO - Setting next_dagrun for latest_only to 2022-10-12T17:15:59.330173+00:00
[2022-10-12 18:15:59,342] {processor.py:171} INFO - Processing /Users/renatomelo/Downloads/airflow_tooltorial/airflow-local/venv/lib/python3.9/site-packages/airflow/example_dags/example_latest_only.py took 0.106 seconds
[2022-10-12 18:18:31,515] {processor.py:163} INFO - Started process (PID=8534) to work on /Users/renatomelo/Downloads/airflow_tooltorial/airflow-local/venv/lib/python3.9/site-packages/airflow/example_dags/example_latest_only.py
[2022-10-12 18:18:31,515] {processor.py:642} INFO - Processing file /Users/renatomelo/Downloads/airflow_tooltorial/airflow-local/venv/lib/python3.9/site-packages/airflow/example_dags/example_latest_only.py for tasks to queue
[2022-10-12 18:18:31,516] {logging_mixin.py:109} INFO - [2022-10-12 18:18:31,516] {dagbag.py:500} INFO - Filling up the DagBag from /Users/renatomelo/Downloads/airflow_tooltorial/airflow-local/venv/lib/python3.9/site-packages/airflow/example_dags/example_latest_only.py
[2022-10-12 18:18:31,551] {processor.py:654} INFO - DAG(s) dict_keys(['latest_only']) retrieved from /Users/renatomelo/Downloads/airflow_tooltorial/airflow-local/venv/lib/python3.9/site-packages/airflow/example_dags/example_latest_only.py
[2022-10-12 18:18:31,570] {logging_mixin.py:109} INFO - [2022-10-12 18:18:31,570] {dag.py:2396} INFO - Sync 1 DAGs
[2022-10-12 18:18:31,581] {logging_mixin.py:109} INFO - [2022-10-12 18:18:31,580] {dag.py:2935} INFO - Setting next_dagrun for latest_only to 2022-10-12T17:18:31.580773+00:00
[2022-10-12 18:18:31,593] {processor.py:171} INFO - Processing /Users/renatomelo/Downloads/airflow_tooltorial/airflow-local/venv/lib/python3.9/site-packages/airflow/example_dags/example_latest_only.py took 0.079 seconds
[2022-10-12 18:20:50,263] {processor.py:163} INFO - Started process (PID=8585) to work on /Users/renatomelo/Downloads/airflow_tooltorial/airflow-local/venv/lib/python3.9/site-packages/airflow/example_dags/example_latest_only.py
[2022-10-12 18:20:50,263] {processor.py:642} INFO - Processing file /Users/renatomelo/Downloads/airflow_tooltorial/airflow-local/venv/lib/python3.9/site-packages/airflow/example_dags/example_latest_only.py for tasks to queue
[2022-10-12 18:20:50,264] {logging_mixin.py:109} INFO - [2022-10-12 18:20:50,264] {dagbag.py:500} INFO - Filling up the DagBag from /Users/renatomelo/Downloads/airflow_tooltorial/airflow-local/venv/lib/python3.9/site-packages/airflow/example_dags/example_latest_only.py
[2022-10-12 18:20:50,306] {processor.py:654} INFO - DAG(s) dict_keys(['latest_only']) retrieved from /Users/renatomelo/Downloads/airflow_tooltorial/airflow-local/venv/lib/python3.9/site-packages/airflow/example_dags/example_latest_only.py
[2022-10-12 18:20:50,324] {logging_mixin.py:109} INFO - [2022-10-12 18:20:50,324] {dag.py:2396} INFO - Sync 1 DAGs
[2022-10-12 18:20:50,334] {logging_mixin.py:109} INFO - [2022-10-12 18:20:50,333] {dag.py:2935} INFO - Setting next_dagrun for latest_only to 2022-10-12T17:20:50.333798+00:00
[2022-10-12 18:20:50,343] {processor.py:171} INFO - Processing /Users/renatomelo/Downloads/airflow_tooltorial/airflow-local/venv/lib/python3.9/site-packages/airflow/example_dags/example_latest_only.py took 0.082 seconds
[2022-10-12 18:23:13,495] {processor.py:163} INFO - Started process (PID=8657) to work on /Users/renatomelo/Downloads/airflow_tooltorial/airflow-local/venv/lib/python3.9/site-packages/airflow/example_dags/example_latest_only.py
[2022-10-12 18:23:13,497] {processor.py:642} INFO - Processing file /Users/renatomelo/Downloads/airflow_tooltorial/airflow-local/venv/lib/python3.9/site-packages/airflow/example_dags/example_latest_only.py for tasks to queue
[2022-10-12 18:23:13,497] {logging_mixin.py:109} INFO - [2022-10-12 18:23:13,497] {dagbag.py:500} INFO - Filling up the DagBag from /Users/renatomelo/Downloads/airflow_tooltorial/airflow-local/venv/lib/python3.9/site-packages/airflow/example_dags/example_latest_only.py
[2022-10-12 18:23:13,534] {processor.py:654} INFO - DAG(s) dict_keys(['latest_only']) retrieved from /Users/renatomelo/Downloads/airflow_tooltorial/airflow-local/venv/lib/python3.9/site-packages/airflow/example_dags/example_latest_only.py
[2022-10-12 18:23:13,551] {logging_mixin.py:109} INFO - [2022-10-12 18:23:13,551] {dag.py:2396} INFO - Sync 1 DAGs
[2022-10-12 18:23:13,560] {logging_mixin.py:109} INFO - [2022-10-12 18:23:13,560] {dag.py:2935} INFO - Setting next_dagrun for latest_only to 2022-10-12T17:23:13.560468+00:00
[2022-10-12 18:23:13,570] {processor.py:171} INFO - Processing /Users/renatomelo/Downloads/airflow_tooltorial/airflow-local/venv/lib/python3.9/site-packages/airflow/example_dags/example_latest_only.py took 0.076 seconds
[2022-10-12 18:25:47,474] {processor.py:163} INFO - Started process (PID=8727) to work on /Users/renatomelo/Downloads/airflow_tooltorial/airflow-local/venv/lib/python3.9/site-packages/airflow/example_dags/example_latest_only.py
[2022-10-12 18:25:47,476] {processor.py:642} INFO - Processing file /Users/renatomelo/Downloads/airflow_tooltorial/airflow-local/venv/lib/python3.9/site-packages/airflow/example_dags/example_latest_only.py for tasks to queue
[2022-10-12 18:25:47,480] {logging_mixin.py:109} INFO - [2022-10-12 18:25:47,480] {dagbag.py:500} INFO - Filling up the DagBag from /Users/renatomelo/Downloads/airflow_tooltorial/airflow-local/venv/lib/python3.9/site-packages/airflow/example_dags/example_latest_only.py
[2022-10-12 18:25:47,517] {processor.py:654} INFO - DAG(s) dict_keys(['latest_only']) retrieved from /Users/renatomelo/Downloads/airflow_tooltorial/airflow-local/venv/lib/python3.9/site-packages/airflow/example_dags/example_latest_only.py
[2022-10-12 18:25:47,758] {logging_mixin.py:109} INFO - [2022-10-12 18:25:47,758] {dag.py:2396} INFO - Sync 1 DAGs
[2022-10-12 18:25:47,768] {logging_mixin.py:109} INFO - [2022-10-12 18:25:47,768] {dag.py:2935} INFO - Setting next_dagrun for latest_only to 2022-10-12T17:25:47.767915+00:00
[2022-10-12 18:25:47,780] {processor.py:171} INFO - Processing /Users/renatomelo/Downloads/airflow_tooltorial/airflow-local/venv/lib/python3.9/site-packages/airflow/example_dags/example_latest_only.py took 0.307 seconds
[2022-10-12 18:28:19,149] {processor.py:163} INFO - Started process (PID=8811) to work on /Users/renatomelo/Downloads/airflow_tooltorial/airflow-local/venv/lib/python3.9/site-packages/airflow/example_dags/example_latest_only.py
[2022-10-12 18:28:19,149] {processor.py:642} INFO - Processing file /Users/renatomelo/Downloads/airflow_tooltorial/airflow-local/venv/lib/python3.9/site-packages/airflow/example_dags/example_latest_only.py for tasks to queue
[2022-10-12 18:28:19,149] {logging_mixin.py:109} INFO - [2022-10-12 18:28:19,149] {dagbag.py:500} INFO - Filling up the DagBag from /Users/renatomelo/Downloads/airflow_tooltorial/airflow-local/venv/lib/python3.9/site-packages/airflow/example_dags/example_latest_only.py
[2022-10-12 18:28:19,181] {processor.py:654} INFO - DAG(s) dict_keys(['latest_only']) retrieved from /Users/renatomelo/Downloads/airflow_tooltorial/airflow-local/venv/lib/python3.9/site-packages/airflow/example_dags/example_latest_only.py
[2022-10-12 18:28:19,199] {logging_mixin.py:109} INFO - [2022-10-12 18:28:19,199] {dag.py:2396} INFO - Sync 1 DAGs
[2022-10-12 18:28:19,208] {logging_mixin.py:109} INFO - [2022-10-12 18:28:19,208] {dag.py:2935} INFO - Setting next_dagrun for latest_only to 2022-10-12T17:28:19.208439+00:00
[2022-10-12 18:28:19,217] {processor.py:171} INFO - Processing /Users/renatomelo/Downloads/airflow_tooltorial/airflow-local/venv/lib/python3.9/site-packages/airflow/example_dags/example_latest_only.py took 0.069 seconds
[2022-10-12 18:30:22,422] {processor.py:163} INFO - Started process (PID=8882) to work on /Users/renatomelo/Downloads/airflow_tooltorial/airflow-local/venv/lib/python3.9/site-packages/airflow/example_dags/example_latest_only.py
[2022-10-12 18:30:22,422] {processor.py:642} INFO - Processing file /Users/renatomelo/Downloads/airflow_tooltorial/airflow-local/venv/lib/python3.9/site-packages/airflow/example_dags/example_latest_only.py for tasks to queue
[2022-10-12 18:30:22,423] {logging_mixin.py:109} INFO - [2022-10-12 18:30:22,423] {dagbag.py:500} INFO - Filling up the DagBag from /Users/renatomelo/Downloads/airflow_tooltorial/airflow-local/venv/lib/python3.9/site-packages/airflow/example_dags/example_latest_only.py
[2022-10-12 18:30:22,469] {processor.py:654} INFO - DAG(s) dict_keys(['latest_only']) retrieved from /Users/renatomelo/Downloads/airflow_tooltorial/airflow-local/venv/lib/python3.9/site-packages/airflow/example_dags/example_latest_only.py
[2022-10-12 18:30:22,491] {logging_mixin.py:109} INFO - [2022-10-12 18:30:22,491] {dag.py:2396} INFO - Sync 1 DAGs
[2022-10-12 18:30:22,502] {logging_mixin.py:109} INFO - [2022-10-12 18:30:22,501] {dag.py:2935} INFO - Setting next_dagrun for latest_only to 2022-10-12T17:30:22.501691+00:00
[2022-10-12 18:30:22,514] {processor.py:171} INFO - Processing /Users/renatomelo/Downloads/airflow_tooltorial/airflow-local/venv/lib/python3.9/site-packages/airflow/example_dags/example_latest_only.py took 0.094 seconds
[2022-10-12 18:32:57,564] {processor.py:163} INFO - Started process (PID=8950) to work on /Users/renatomelo/Downloads/airflow_tooltorial/airflow-local/venv/lib/python3.9/site-packages/airflow/example_dags/example_latest_only.py
[2022-10-12 18:32:57,566] {processor.py:642} INFO - Processing file /Users/renatomelo/Downloads/airflow_tooltorial/airflow-local/venv/lib/python3.9/site-packages/airflow/example_dags/example_latest_only.py for tasks to queue
[2022-10-12 18:32:57,566] {logging_mixin.py:109} INFO - [2022-10-12 18:32:57,566] {dagbag.py:500} INFO - Filling up the DagBag from /Users/renatomelo/Downloads/airflow_tooltorial/airflow-local/venv/lib/python3.9/site-packages/airflow/example_dags/example_latest_only.py
[2022-10-12 18:32:57,602] {processor.py:654} INFO - DAG(s) dict_keys(['latest_only']) retrieved from /Users/renatomelo/Downloads/airflow_tooltorial/airflow-local/venv/lib/python3.9/site-packages/airflow/example_dags/example_latest_only.py
[2022-10-12 18:32:57,619] {logging_mixin.py:109} INFO - [2022-10-12 18:32:57,619] {dag.py:2396} INFO - Sync 1 DAGs
[2022-10-12 18:32:57,629] {logging_mixin.py:109} INFO - [2022-10-12 18:32:57,629] {dag.py:2935} INFO - Setting next_dagrun for latest_only to 2022-10-12T17:32:57.628959+00:00
[2022-10-12 18:32:57,638] {processor.py:171} INFO - Processing /Users/renatomelo/Downloads/airflow_tooltorial/airflow-local/venv/lib/python3.9/site-packages/airflow/example_dags/example_latest_only.py took 0.074 seconds
