[2022-10-12 18:05:47,604] {processor.py:163} INFO - Started process (PID=8055) to work on /Users/renatomelo/Downloads/airflow_tooltorial/airflow-local/venv/lib/python3.9/site-packages/airflow/example_dags/example_branch_day_of_week_operator.py
[2022-10-12 18:05:47,605] {processor.py:642} INFO - Processing file /Users/renatomelo/Downloads/airflow_tooltorial/airflow-local/venv/lib/python3.9/site-packages/airflow/example_dags/example_branch_day_of_week_operator.py for tasks to queue
[2022-10-12 18:05:47,605] {logging_mixin.py:109} INFO - [2022-10-12 18:05:47,605] {dagbag.py:500} INFO - Filling up the DagBag from /Users/renatomelo/Downloads/airflow_tooltorial/airflow-local/venv/lib/python3.9/site-packages/airflow/example_dags/example_branch_day_of_week_operator.py
[2022-10-12 18:05:47,662] {processor.py:654} INFO - DAG(s) dict_keys(['example_weekday_branch_operator']) retrieved from /Users/renatomelo/Downloads/airflow_tooltorial/airflow-local/venv/lib/python3.9/site-packages/airflow/example_dags/example_branch_day_of_week_operator.py
[2022-10-12 18:05:47,695] {logging_mixin.py:109} INFO - [2022-10-12 18:05:47,694] {dag.py:2396} INFO - Sync 1 DAGs
[2022-10-12 18:05:47,706] {logging_mixin.py:109} INFO - [2022-10-12 18:05:47,706] {dag.py:2935} INFO - Setting next_dagrun for example_weekday_branch_operator to 2022-10-11 00:00:00+00:00
[2022-10-12 18:05:47,729] {processor.py:171} INFO - Processing /Users/renatomelo/Downloads/airflow_tooltorial/airflow-local/venv/lib/python3.9/site-packages/airflow/example_dags/example_branch_day_of_week_operator.py took 0.125 seconds
[2022-10-12 18:08:34,350] {processor.py:163} INFO - Started process (PID=8281) to work on /Users/renatomelo/Downloads/airflow_tooltorial/airflow-local/venv/lib/python3.9/site-packages/airflow/example_dags/example_branch_day_of_week_operator.py
[2022-10-12 18:08:34,351] {processor.py:642} INFO - Processing file /Users/renatomelo/Downloads/airflow_tooltorial/airflow-local/venv/lib/python3.9/site-packages/airflow/example_dags/example_branch_day_of_week_operator.py for tasks to queue
[2022-10-12 18:08:34,351] {logging_mixin.py:109} INFO - [2022-10-12 18:08:34,351] {dagbag.py:500} INFO - Filling up the DagBag from /Users/renatomelo/Downloads/airflow_tooltorial/airflow-local/venv/lib/python3.9/site-packages/airflow/example_dags/example_branch_day_of_week_operator.py
[2022-10-12 18:08:34,390] {processor.py:654} INFO - DAG(s) dict_keys(['example_weekday_branch_operator']) retrieved from /Users/renatomelo/Downloads/airflow_tooltorial/airflow-local/venv/lib/python3.9/site-packages/airflow/example_dags/example_branch_day_of_week_operator.py
[2022-10-12 18:08:34,408] {logging_mixin.py:109} INFO - [2022-10-12 18:08:34,408] {dag.py:2396} INFO - Sync 1 DAGs
[2022-10-12 18:08:34,419] {logging_mixin.py:109} INFO - [2022-10-12 18:08:34,419] {dag.py:2935} INFO - Setting next_dagrun for example_weekday_branch_operator to 2022-10-11 00:00:00+00:00
[2022-10-12 18:08:34,431] {processor.py:171} INFO - Processing /Users/renatomelo/Downloads/airflow_tooltorial/airflow-local/venv/lib/python3.9/site-packages/airflow/example_dags/example_branch_day_of_week_operator.py took 0.081 seconds
[2022-10-12 18:11:39,607] {processor.py:163} INFO - Started process (PID=8387) to work on /Users/renatomelo/Downloads/airflow_tooltorial/airflow-local/venv/lib/python3.9/site-packages/airflow/example_dags/example_branch_day_of_week_operator.py
[2022-10-12 18:11:39,609] {processor.py:642} INFO - Processing file /Users/renatomelo/Downloads/airflow_tooltorial/airflow-local/venv/lib/python3.9/site-packages/airflow/example_dags/example_branch_day_of_week_operator.py for tasks to queue
[2022-10-12 18:11:39,609] {logging_mixin.py:109} INFO - [2022-10-12 18:11:39,609] {dagbag.py:500} INFO - Filling up the DagBag from /Users/renatomelo/Downloads/airflow_tooltorial/airflow-local/venv/lib/python3.9/site-packages/airflow/example_dags/example_branch_day_of_week_operator.py
[2022-10-12 18:11:39,662] {processor.py:654} INFO - DAG(s) dict_keys(['example_weekday_branch_operator']) retrieved from /Users/renatomelo/Downloads/airflow_tooltorial/airflow-local/venv/lib/python3.9/site-packages/airflow/example_dags/example_branch_day_of_week_operator.py
[2022-10-12 18:11:39,687] {logging_mixin.py:109} INFO - [2022-10-12 18:11:39,687] {dag.py:2396} INFO - Sync 1 DAGs
[2022-10-12 18:11:39,701] {logging_mixin.py:109} INFO - [2022-10-12 18:11:39,701] {dag.py:2935} INFO - Setting next_dagrun for example_weekday_branch_operator to 2022-10-11 00:00:00+00:00
[2022-10-12 18:11:39,710] {processor.py:171} INFO - Processing /Users/renatomelo/Downloads/airflow_tooltorial/airflow-local/venv/lib/python3.9/site-packages/airflow/example_dags/example_branch_day_of_week_operator.py took 0.104 seconds
[2022-10-12 18:14:37,666] {processor.py:163} INFO - Started process (PID=8448) to work on /Users/renatomelo/Downloads/airflow_tooltorial/airflow-local/venv/lib/python3.9/site-packages/airflow/example_dags/example_branch_day_of_week_operator.py
[2022-10-12 18:14:37,668] {processor.py:642} INFO - Processing file /Users/renatomelo/Downloads/airflow_tooltorial/airflow-local/venv/lib/python3.9/site-packages/airflow/example_dags/example_branch_day_of_week_operator.py for tasks to queue
[2022-10-12 18:14:37,668] {logging_mixin.py:109} INFO - [2022-10-12 18:14:37,668] {dagbag.py:500} INFO - Filling up the DagBag from /Users/renatomelo/Downloads/airflow_tooltorial/airflow-local/venv/lib/python3.9/site-packages/airflow/example_dags/example_branch_day_of_week_operator.py
[2022-10-12 18:14:37,712] {processor.py:654} INFO - DAG(s) dict_keys(['example_weekday_branch_operator']) retrieved from /Users/renatomelo/Downloads/airflow_tooltorial/airflow-local/venv/lib/python3.9/site-packages/airflow/example_dags/example_branch_day_of_week_operator.py
[2022-10-12 18:14:37,733] {logging_mixin.py:109} INFO - [2022-10-12 18:14:37,732] {dag.py:2396} INFO - Sync 1 DAGs
[2022-10-12 18:14:37,744] {logging_mixin.py:109} INFO - [2022-10-12 18:14:37,743] {dag.py:2935} INFO - Setting next_dagrun for example_weekday_branch_operator to 2022-10-11 00:00:00+00:00
[2022-10-12 18:14:37,753] {processor.py:171} INFO - Processing /Users/renatomelo/Downloads/airflow_tooltorial/airflow-local/venv/lib/python3.9/site-packages/airflow/example_dags/example_branch_day_of_week_operator.py took 0.088 seconds
[2022-10-12 18:17:25,280] {processor.py:163} INFO - Started process (PID=8507) to work on /Users/renatomelo/Downloads/airflow_tooltorial/airflow-local/venv/lib/python3.9/site-packages/airflow/example_dags/example_branch_day_of_week_operator.py
[2022-10-12 18:17:25,282] {processor.py:642} INFO - Processing file /Users/renatomelo/Downloads/airflow_tooltorial/airflow-local/venv/lib/python3.9/site-packages/airflow/example_dags/example_branch_day_of_week_operator.py for tasks to queue
[2022-10-12 18:17:25,282] {logging_mixin.py:109} INFO - [2022-10-12 18:17:25,282] {dagbag.py:500} INFO - Filling up the DagBag from /Users/renatomelo/Downloads/airflow_tooltorial/airflow-local/venv/lib/python3.9/site-packages/airflow/example_dags/example_branch_day_of_week_operator.py
[2022-10-12 18:17:25,327] {processor.py:654} INFO - DAG(s) dict_keys(['example_weekday_branch_operator']) retrieved from /Users/renatomelo/Downloads/airflow_tooltorial/airflow-local/venv/lib/python3.9/site-packages/airflow/example_dags/example_branch_day_of_week_operator.py
[2022-10-12 18:17:25,345] {logging_mixin.py:109} INFO - [2022-10-12 18:17:25,345] {dag.py:2396} INFO - Sync 1 DAGs
[2022-10-12 18:17:25,355] {logging_mixin.py:109} INFO - [2022-10-12 18:17:25,355] {dag.py:2935} INFO - Setting next_dagrun for example_weekday_branch_operator to 2022-10-11 00:00:00+00:00
[2022-10-12 18:17:25,364] {processor.py:171} INFO - Processing /Users/renatomelo/Downloads/airflow_tooltorial/airflow-local/venv/lib/python3.9/site-packages/airflow/example_dags/example_branch_day_of_week_operator.py took 0.085 seconds
[2022-10-12 18:19:44,449] {processor.py:163} INFO - Started process (PID=8560) to work on /Users/renatomelo/Downloads/airflow_tooltorial/airflow-local/venv/lib/python3.9/site-packages/airflow/example_dags/example_branch_day_of_week_operator.py
[2022-10-12 18:19:44,449] {processor.py:642} INFO - Processing file /Users/renatomelo/Downloads/airflow_tooltorial/airflow-local/venv/lib/python3.9/site-packages/airflow/example_dags/example_branch_day_of_week_operator.py for tasks to queue
[2022-10-12 18:19:44,449] {logging_mixin.py:109} INFO - [2022-10-12 18:19:44,449] {dagbag.py:500} INFO - Filling up the DagBag from /Users/renatomelo/Downloads/airflow_tooltorial/airflow-local/venv/lib/python3.9/site-packages/airflow/example_dags/example_branch_day_of_week_operator.py
[2022-10-12 18:19:44,484] {processor.py:654} INFO - DAG(s) dict_keys(['example_weekday_branch_operator']) retrieved from /Users/renatomelo/Downloads/airflow_tooltorial/airflow-local/venv/lib/python3.9/site-packages/airflow/example_dags/example_branch_day_of_week_operator.py
[2022-10-12 18:19:44,502] {logging_mixin.py:109} INFO - [2022-10-12 18:19:44,501] {dag.py:2396} INFO - Sync 1 DAGs
[2022-10-12 18:19:44,512] {logging_mixin.py:109} INFO - [2022-10-12 18:19:44,512] {dag.py:2935} INFO - Setting next_dagrun for example_weekday_branch_operator to 2022-10-11 00:00:00+00:00
[2022-10-12 18:19:44,521] {processor.py:171} INFO - Processing /Users/renatomelo/Downloads/airflow_tooltorial/airflow-local/venv/lib/python3.9/site-packages/airflow/example_dags/example_branch_day_of_week_operator.py took 0.073 seconds
[2022-10-12 18:22:08,834] {processor.py:163} INFO - Started process (PID=8623) to work on /Users/renatomelo/Downloads/airflow_tooltorial/airflow-local/venv/lib/python3.9/site-packages/airflow/example_dags/example_branch_day_of_week_operator.py
[2022-10-12 18:22:08,836] {processor.py:642} INFO - Processing file /Users/renatomelo/Downloads/airflow_tooltorial/airflow-local/venv/lib/python3.9/site-packages/airflow/example_dags/example_branch_day_of_week_operator.py for tasks to queue
[2022-10-12 18:22:08,836] {logging_mixin.py:109} INFO - [2022-10-12 18:22:08,836] {dagbag.py:500} INFO - Filling up the DagBag from /Users/renatomelo/Downloads/airflow_tooltorial/airflow-local/venv/lib/python3.9/site-packages/airflow/example_dags/example_branch_day_of_week_operator.py
[2022-10-12 18:22:08,885] {processor.py:654} INFO - DAG(s) dict_keys(['example_weekday_branch_operator']) retrieved from /Users/renatomelo/Downloads/airflow_tooltorial/airflow-local/venv/lib/python3.9/site-packages/airflow/example_dags/example_branch_day_of_week_operator.py
[2022-10-12 18:22:08,912] {logging_mixin.py:109} INFO - [2022-10-12 18:22:08,912] {dag.py:2396} INFO - Sync 1 DAGs
[2022-10-12 18:22:08,924] {logging_mixin.py:109} INFO - [2022-10-12 18:22:08,924] {dag.py:2935} INFO - Setting next_dagrun for example_weekday_branch_operator to 2022-10-11 00:00:00+00:00
[2022-10-12 18:22:08,943] {processor.py:171} INFO - Processing /Users/renatomelo/Downloads/airflow_tooltorial/airflow-local/venv/lib/python3.9/site-packages/airflow/example_dags/example_branch_day_of_week_operator.py took 0.109 seconds
[2022-10-12 18:24:36,288] {processor.py:163} INFO - Started process (PID=8701) to work on /Users/renatomelo/Downloads/airflow_tooltorial/airflow-local/venv/lib/python3.9/site-packages/airflow/example_dags/example_branch_day_of_week_operator.py
[2022-10-12 18:24:36,290] {processor.py:642} INFO - Processing file /Users/renatomelo/Downloads/airflow_tooltorial/airflow-local/venv/lib/python3.9/site-packages/airflow/example_dags/example_branch_day_of_week_operator.py for tasks to queue
[2022-10-12 18:24:36,290] {logging_mixin.py:109} INFO - [2022-10-12 18:24:36,290] {dagbag.py:500} INFO - Filling up the DagBag from /Users/renatomelo/Downloads/airflow_tooltorial/airflow-local/venv/lib/python3.9/site-packages/airflow/example_dags/example_branch_day_of_week_operator.py
[2022-10-12 18:24:36,331] {processor.py:654} INFO - DAG(s) dict_keys(['example_weekday_branch_operator']) retrieved from /Users/renatomelo/Downloads/airflow_tooltorial/airflow-local/venv/lib/python3.9/site-packages/airflow/example_dags/example_branch_day_of_week_operator.py
[2022-10-12 18:24:36,569] {logging_mixin.py:109} INFO - [2022-10-12 18:24:36,569] {dag.py:2396} INFO - Sync 1 DAGs
[2022-10-12 18:24:36,579] {logging_mixin.py:109} INFO - [2022-10-12 18:24:36,579] {dag.py:2935} INFO - Setting next_dagrun for example_weekday_branch_operator to 2022-10-11 00:00:00+00:00
[2022-10-12 18:24:36,591] {processor.py:171} INFO - Processing /Users/renatomelo/Downloads/airflow_tooltorial/airflow-local/venv/lib/python3.9/site-packages/airflow/example_dags/example_branch_day_of_week_operator.py took 0.303 seconds
[2022-10-12 18:27:10,877] {processor.py:163} INFO - Started process (PID=8769) to work on /Users/renatomelo/Downloads/airflow_tooltorial/airflow-local/venv/lib/python3.9/site-packages/airflow/example_dags/example_branch_day_of_week_operator.py
[2022-10-12 18:27:10,877] {processor.py:642} INFO - Processing file /Users/renatomelo/Downloads/airflow_tooltorial/airflow-local/venv/lib/python3.9/site-packages/airflow/example_dags/example_branch_day_of_week_operator.py for tasks to queue
[2022-10-12 18:27:10,878] {logging_mixin.py:109} INFO - [2022-10-12 18:27:10,877] {dagbag.py:500} INFO - Filling up the DagBag from /Users/renatomelo/Downloads/airflow_tooltorial/airflow-local/venv/lib/python3.9/site-packages/airflow/example_dags/example_branch_day_of_week_operator.py
[2022-10-12 18:27:10,929] {processor.py:654} INFO - DAG(s) dict_keys(['example_weekday_branch_operator']) retrieved from /Users/renatomelo/Downloads/airflow_tooltorial/airflow-local/venv/lib/python3.9/site-packages/airflow/example_dags/example_branch_day_of_week_operator.py
[2022-10-12 18:27:10,957] {logging_mixin.py:109} INFO - [2022-10-12 18:27:10,957] {dag.py:2396} INFO - Sync 1 DAGs
[2022-10-12 18:27:10,969] {logging_mixin.py:109} INFO - [2022-10-12 18:27:10,969] {dag.py:2935} INFO - Setting next_dagrun for example_weekday_branch_operator to 2022-10-11 00:00:00+00:00
[2022-10-12 18:27:10,981] {processor.py:171} INFO - Processing /Users/renatomelo/Downloads/airflow_tooltorial/airflow-local/venv/lib/python3.9/site-packages/airflow/example_dags/example_branch_day_of_week_operator.py took 0.105 seconds
[2022-10-12 18:29:19,703] {processor.py:163} INFO - Started process (PID=8837) to work on /Users/renatomelo/Downloads/airflow_tooltorial/airflow-local/venv/lib/python3.9/site-packages/airflow/example_dags/example_branch_day_of_week_operator.py
[2022-10-12 18:29:19,703] {processor.py:642} INFO - Processing file /Users/renatomelo/Downloads/airflow_tooltorial/airflow-local/venv/lib/python3.9/site-packages/airflow/example_dags/example_branch_day_of_week_operator.py for tasks to queue
[2022-10-12 18:29:19,704] {logging_mixin.py:109} INFO - [2022-10-12 18:29:19,704] {dagbag.py:500} INFO - Filling up the DagBag from /Users/renatomelo/Downloads/airflow_tooltorial/airflow-local/venv/lib/python3.9/site-packages/airflow/example_dags/example_branch_day_of_week_operator.py
[2022-10-12 18:29:19,737] {processor.py:654} INFO - DAG(s) dict_keys(['example_weekday_branch_operator']) retrieved from /Users/renatomelo/Downloads/airflow_tooltorial/airflow-local/venv/lib/python3.9/site-packages/airflow/example_dags/example_branch_day_of_week_operator.py
[2022-10-12 18:29:19,755] {logging_mixin.py:109} INFO - [2022-10-12 18:29:19,754] {dag.py:2396} INFO - Sync 1 DAGs
[2022-10-12 18:29:19,765] {logging_mixin.py:109} INFO - [2022-10-12 18:29:19,765] {dag.py:2935} INFO - Setting next_dagrun for example_weekday_branch_operator to 2022-10-11 00:00:00+00:00
[2022-10-12 18:29:19,778] {processor.py:171} INFO - Processing /Users/renatomelo/Downloads/airflow_tooltorial/airflow-local/venv/lib/python3.9/site-packages/airflow/example_dags/example_branch_day_of_week_operator.py took 0.076 seconds
[2022-10-12 18:31:48,519] {processor.py:163} INFO - Started process (PID=8925) to work on /Users/renatomelo/Downloads/airflow_tooltorial/airflow-local/venv/lib/python3.9/site-packages/airflow/example_dags/example_branch_day_of_week_operator.py
[2022-10-12 18:31:48,520] {processor.py:642} INFO - Processing file /Users/renatomelo/Downloads/airflow_tooltorial/airflow-local/venv/lib/python3.9/site-packages/airflow/example_dags/example_branch_day_of_week_operator.py for tasks to queue
[2022-10-12 18:31:48,520] {logging_mixin.py:109} INFO - [2022-10-12 18:31:48,520] {dagbag.py:500} INFO - Filling up the DagBag from /Users/renatomelo/Downloads/airflow_tooltorial/airflow-local/venv/lib/python3.9/site-packages/airflow/example_dags/example_branch_day_of_week_operator.py
[2022-10-12 18:31:48,562] {processor.py:654} INFO - DAG(s) dict_keys(['example_weekday_branch_operator']) retrieved from /Users/renatomelo/Downloads/airflow_tooltorial/airflow-local/venv/lib/python3.9/site-packages/airflow/example_dags/example_branch_day_of_week_operator.py
[2022-10-12 18:31:48,581] {logging_mixin.py:109} INFO - [2022-10-12 18:31:48,581] {dag.py:2396} INFO - Sync 1 DAGs
[2022-10-12 18:31:48,592] {logging_mixin.py:109} INFO - [2022-10-12 18:31:48,592] {dag.py:2935} INFO - Setting next_dagrun for example_weekday_branch_operator to 2022-10-11 00:00:00+00:00
[2022-10-12 18:31:48,602] {processor.py:171} INFO - Processing /Users/renatomelo/Downloads/airflow_tooltorial/airflow-local/venv/lib/python3.9/site-packages/airflow/example_dags/example_branch_day_of_week_operator.py took 0.083 seconds
[2022-10-12 18:34:09,070] {processor.py:163} INFO - Started process (PID=8980) to work on /Users/renatomelo/Downloads/airflow_tooltorial/airflow-local/venv/lib/python3.9/site-packages/airflow/example_dags/example_branch_day_of_week_operator.py
[2022-10-12 18:34:09,073] {processor.py:642} INFO - Processing file /Users/renatomelo/Downloads/airflow_tooltorial/airflow-local/venv/lib/python3.9/site-packages/airflow/example_dags/example_branch_day_of_week_operator.py for tasks to queue
[2022-10-12 18:34:09,073] {logging_mixin.py:109} INFO - [2022-10-12 18:34:09,073] {dagbag.py:500} INFO - Filling up the DagBag from /Users/renatomelo/Downloads/airflow_tooltorial/airflow-local/venv/lib/python3.9/site-packages/airflow/example_dags/example_branch_day_of_week_operator.py
[2022-10-12 18:34:09,124] {processor.py:654} INFO - DAG(s) dict_keys(['example_weekday_branch_operator']) retrieved from /Users/renatomelo/Downloads/airflow_tooltorial/airflow-local/venv/lib/python3.9/site-packages/airflow/example_dags/example_branch_day_of_week_operator.py
[2022-10-12 18:34:09,143] {logging_mixin.py:109} INFO - [2022-10-12 18:34:09,143] {dag.py:2396} INFO - Sync 1 DAGs
[2022-10-12 18:34:09,154] {logging_mixin.py:109} INFO - [2022-10-12 18:34:09,153] {dag.py:2935} INFO - Setting next_dagrun for example_weekday_branch_operator to 2022-10-11 00:00:00+00:00
[2022-10-12 18:34:09,166] {processor.py:171} INFO - Processing /Users/renatomelo/Downloads/airflow_tooltorial/airflow-local/venv/lib/python3.9/site-packages/airflow/example_dags/example_branch_day_of_week_operator.py took 0.097 seconds
