[2022-10-12 18:05:28,790] {processor.py:163} INFO - Started process (PID=8011) to work on /Users/renatomelo/Downloads/airflow_tooltorial/airflow-local/venv/lib/python3.9/site-packages/airflow/example_dags/example_dag_decorator.py
[2022-10-12 18:05:28,791] {processor.py:642} INFO - Processing file /Users/renatomelo/Downloads/airflow_tooltorial/airflow-local/venv/lib/python3.9/site-packages/airflow/example_dags/example_dag_decorator.py for tasks to queue
[2022-10-12 18:05:28,792] {logging_mixin.py:109} INFO - [2022-10-12 18:05:28,792] {dagbag.py:500} INFO - Filling up the DagBag from /Users/renatomelo/Downloads/airflow_tooltorial/airflow-local/venv/lib/python3.9/site-packages/airflow/example_dags/example_dag_decorator.py
[2022-10-12 18:05:28,880] {processor.py:654} INFO - DAG(s) dict_keys(['example_dag_decorator']) retrieved from /Users/renatomelo/Downloads/airflow_tooltorial/airflow-local/venv/lib/python3.9/site-packages/airflow/example_dags/example_dag_decorator.py
[2022-10-12 18:05:29,518] {logging_mixin.py:109} INFO - [2022-10-12 18:05:29,517] {dag.py:2396} INFO - Sync 1 DAGs
[2022-10-12 18:05:29,532] {logging_mixin.py:109} INFO - [2022-10-12 18:05:29,532] {dag.py:2935} INFO - Setting next_dagrun for example_dag_decorator to None
[2022-10-12 18:05:29,549] {processor.py:171} INFO - Processing /Users/renatomelo/Downloads/airflow_tooltorial/airflow-local/venv/lib/python3.9/site-packages/airflow/example_dags/example_dag_decorator.py took 0.760 seconds
[2022-10-12 18:08:18,054] {processor.py:163} INFO - Started process (PID=8274) to work on /Users/renatomelo/Downloads/airflow_tooltorial/airflow-local/venv/lib/python3.9/site-packages/airflow/example_dags/example_dag_decorator.py
[2022-10-12 18:08:18,054] {processor.py:642} INFO - Processing file /Users/renatomelo/Downloads/airflow_tooltorial/airflow-local/venv/lib/python3.9/site-packages/airflow/example_dags/example_dag_decorator.py for tasks to queue
[2022-10-12 18:08:18,055] {logging_mixin.py:109} INFO - [2022-10-12 18:08:18,055] {dagbag.py:500} INFO - Filling up the DagBag from /Users/renatomelo/Downloads/airflow_tooltorial/airflow-local/venv/lib/python3.9/site-packages/airflow/example_dags/example_dag_decorator.py
[2022-10-12 18:08:18,117] {processor.py:654} INFO - DAG(s) dict_keys(['example_dag_decorator']) retrieved from /Users/renatomelo/Downloads/airflow_tooltorial/airflow-local/venv/lib/python3.9/site-packages/airflow/example_dags/example_dag_decorator.py
[2022-10-12 18:08:18,420] {logging_mixin.py:109} INFO - [2022-10-12 18:08:18,420] {dag.py:2396} INFO - Sync 1 DAGs
[2022-10-12 18:08:18,431] {logging_mixin.py:109} INFO - [2022-10-12 18:08:18,431] {dag.py:2935} INFO - Setting next_dagrun for example_dag_decorator to None
[2022-10-12 18:08:18,442] {processor.py:171} INFO - Processing /Users/renatomelo/Downloads/airflow_tooltorial/airflow-local/venv/lib/python3.9/site-packages/airflow/example_dags/example_dag_decorator.py took 0.389 seconds
[2022-10-12 18:11:20,064] {processor.py:163} INFO - Started process (PID=8380) to work on /Users/renatomelo/Downloads/airflow_tooltorial/airflow-local/venv/lib/python3.9/site-packages/airflow/example_dags/example_dag_decorator.py
[2022-10-12 18:11:20,065] {processor.py:642} INFO - Processing file /Users/renatomelo/Downloads/airflow_tooltorial/airflow-local/venv/lib/python3.9/site-packages/airflow/example_dags/example_dag_decorator.py for tasks to queue
[2022-10-12 18:11:20,066] {logging_mixin.py:109} INFO - [2022-10-12 18:11:20,066] {dagbag.py:500} INFO - Filling up the DagBag from /Users/renatomelo/Downloads/airflow_tooltorial/airflow-local/venv/lib/python3.9/site-packages/airflow/example_dags/example_dag_decorator.py
[2022-10-12 18:11:20,136] {processor.py:654} INFO - DAG(s) dict_keys(['example_dag_decorator']) retrieved from /Users/renatomelo/Downloads/airflow_tooltorial/airflow-local/venv/lib/python3.9/site-packages/airflow/example_dags/example_dag_decorator.py
[2022-10-12 18:11:20,488] {logging_mixin.py:109} INFO - [2022-10-12 18:11:20,487] {dag.py:2396} INFO - Sync 1 DAGs
[2022-10-12 18:11:20,505] {logging_mixin.py:109} INFO - [2022-10-12 18:11:20,505] {dag.py:2935} INFO - Setting next_dagrun for example_dag_decorator to None
[2022-10-12 18:11:20,519] {processor.py:171} INFO - Processing /Users/renatomelo/Downloads/airflow_tooltorial/airflow-local/venv/lib/python3.9/site-packages/airflow/example_dags/example_dag_decorator.py took 0.458 seconds
[2022-10-12 18:13:22,200] {processor.py:163} INFO - Started process (PID=8422) to work on /Users/renatomelo/Downloads/airflow_tooltorial/airflow-local/venv/lib/python3.9/site-packages/airflow/example_dags/example_dag_decorator.py
[2022-10-12 18:13:22,201] {processor.py:642} INFO - Processing file /Users/renatomelo/Downloads/airflow_tooltorial/airflow-local/venv/lib/python3.9/site-packages/airflow/example_dags/example_dag_decorator.py for tasks to queue
[2022-10-12 18:13:22,201] {logging_mixin.py:109} INFO - [2022-10-12 18:13:22,201] {dagbag.py:500} INFO - Filling up the DagBag from /Users/renatomelo/Downloads/airflow_tooltorial/airflow-local/venv/lib/python3.9/site-packages/airflow/example_dags/example_dag_decorator.py
[2022-10-12 18:13:22,282] {processor.py:654} INFO - DAG(s) dict_keys(['example_dag_decorator']) retrieved from /Users/renatomelo/Downloads/airflow_tooltorial/airflow-local/venv/lib/python3.9/site-packages/airflow/example_dags/example_dag_decorator.py
[2022-10-12 18:13:23,273] {logging_mixin.py:109} INFO - [2022-10-12 18:13:23,272] {dag.py:2396} INFO - Sync 1 DAGs
[2022-10-12 18:13:23,286] {logging_mixin.py:109} INFO - [2022-10-12 18:13:23,286] {dag.py:2935} INFO - Setting next_dagrun for example_dag_decorator to None
[2022-10-12 18:13:23,352] {processor.py:171} INFO - Processing /Users/renatomelo/Downloads/airflow_tooltorial/airflow-local/venv/lib/python3.9/site-packages/airflow/example_dags/example_dag_decorator.py took 1.153 seconds
[2022-10-12 18:16:10,544] {processor.py:163} INFO - Started process (PID=8480) to work on /Users/renatomelo/Downloads/airflow_tooltorial/airflow-local/venv/lib/python3.9/site-packages/airflow/example_dags/example_dag_decorator.py
[2022-10-12 18:16:10,546] {processor.py:642} INFO - Processing file /Users/renatomelo/Downloads/airflow_tooltorial/airflow-local/venv/lib/python3.9/site-packages/airflow/example_dags/example_dag_decorator.py for tasks to queue
[2022-10-12 18:16:10,546] {logging_mixin.py:109} INFO - [2022-10-12 18:16:10,546] {dagbag.py:500} INFO - Filling up the DagBag from /Users/renatomelo/Downloads/airflow_tooltorial/airflow-local/venv/lib/python3.9/site-packages/airflow/example_dags/example_dag_decorator.py
[2022-10-12 18:16:10,650] {processor.py:654} INFO - DAG(s) dict_keys(['example_dag_decorator']) retrieved from /Users/renatomelo/Downloads/airflow_tooltorial/airflow-local/venv/lib/python3.9/site-packages/airflow/example_dags/example_dag_decorator.py
[2022-10-12 18:16:11,778] {logging_mixin.py:109} INFO - [2022-10-12 18:16:11,776] {dag.py:2396} INFO - Sync 1 DAGs
[2022-10-12 18:16:11,800] {logging_mixin.py:109} INFO - [2022-10-12 18:16:11,799] {dag.py:2935} INFO - Setting next_dagrun for example_dag_decorator to None
[2022-10-12 18:16:11,817] {processor.py:171} INFO - Processing /Users/renatomelo/Downloads/airflow_tooltorial/airflow-local/venv/lib/python3.9/site-packages/airflow/example_dags/example_dag_decorator.py took 1.274 seconds
[2022-10-12 18:18:40,851] {processor.py:163} INFO - Started process (PID=8537) to work on /Users/renatomelo/Downloads/airflow_tooltorial/airflow-local/venv/lib/python3.9/site-packages/airflow/example_dags/example_dag_decorator.py
[2022-10-12 18:18:40,851] {processor.py:642} INFO - Processing file /Users/renatomelo/Downloads/airflow_tooltorial/airflow-local/venv/lib/python3.9/site-packages/airflow/example_dags/example_dag_decorator.py for tasks to queue
[2022-10-12 18:18:40,851] {logging_mixin.py:109} INFO - [2022-10-12 18:18:40,851] {dagbag.py:500} INFO - Filling up the DagBag from /Users/renatomelo/Downloads/airflow_tooltorial/airflow-local/venv/lib/python3.9/site-packages/airflow/example_dags/example_dag_decorator.py
[2022-10-12 18:18:40,914] {processor.py:654} INFO - DAG(s) dict_keys(['example_dag_decorator']) retrieved from /Users/renatomelo/Downloads/airflow_tooltorial/airflow-local/venv/lib/python3.9/site-packages/airflow/example_dags/example_dag_decorator.py
[2022-10-12 18:18:41,290] {logging_mixin.py:109} INFO - [2022-10-12 18:18:41,290] {dag.py:2396} INFO - Sync 1 DAGs
[2022-10-12 18:18:41,301] {logging_mixin.py:109} INFO - [2022-10-12 18:18:41,301] {dag.py:2935} INFO - Setting next_dagrun for example_dag_decorator to None
[2022-10-12 18:18:41,316] {processor.py:171} INFO - Processing /Users/renatomelo/Downloads/airflow_tooltorial/airflow-local/venv/lib/python3.9/site-packages/airflow/example_dags/example_dag_decorator.py took 0.466 seconds
[2022-10-12 18:20:59,533] {processor.py:163} INFO - Started process (PID=8588) to work on /Users/renatomelo/Downloads/airflow_tooltorial/airflow-local/venv/lib/python3.9/site-packages/airflow/example_dags/example_dag_decorator.py
[2022-10-12 18:20:59,534] {processor.py:642} INFO - Processing file /Users/renatomelo/Downloads/airflow_tooltorial/airflow-local/venv/lib/python3.9/site-packages/airflow/example_dags/example_dag_decorator.py for tasks to queue
[2022-10-12 18:20:59,534] {logging_mixin.py:109} INFO - [2022-10-12 18:20:59,534] {dagbag.py:500} INFO - Filling up the DagBag from /Users/renatomelo/Downloads/airflow_tooltorial/airflow-local/venv/lib/python3.9/site-packages/airflow/example_dags/example_dag_decorator.py
[2022-10-12 18:20:59,585] {processor.py:654} INFO - DAG(s) dict_keys(['example_dag_decorator']) retrieved from /Users/renatomelo/Downloads/airflow_tooltorial/airflow-local/venv/lib/python3.9/site-packages/airflow/example_dags/example_dag_decorator.py
[2022-10-12 18:20:59,855] {logging_mixin.py:109} INFO - [2022-10-12 18:20:59,854] {dag.py:2396} INFO - Sync 1 DAGs
[2022-10-12 18:20:59,864] {logging_mixin.py:109} INFO - [2022-10-12 18:20:59,864] {dag.py:2935} INFO - Setting next_dagrun for example_dag_decorator to None
[2022-10-12 18:20:59,876] {processor.py:171} INFO - Processing /Users/renatomelo/Downloads/airflow_tooltorial/airflow-local/venv/lib/python3.9/site-packages/airflow/example_dags/example_dag_decorator.py took 0.343 seconds
[2022-10-12 18:23:25,269] {processor.py:163} INFO - Started process (PID=8664) to work on /Users/renatomelo/Downloads/airflow_tooltorial/airflow-local/venv/lib/python3.9/site-packages/airflow/example_dags/example_dag_decorator.py
[2022-10-12 18:23:25,271] {processor.py:642} INFO - Processing file /Users/renatomelo/Downloads/airflow_tooltorial/airflow-local/venv/lib/python3.9/site-packages/airflow/example_dags/example_dag_decorator.py for tasks to queue
[2022-10-12 18:23:25,271] {logging_mixin.py:109} INFO - [2022-10-12 18:23:25,271] {dagbag.py:500} INFO - Filling up the DagBag from /Users/renatomelo/Downloads/airflow_tooltorial/airflow-local/venv/lib/python3.9/site-packages/airflow/example_dags/example_dag_decorator.py
[2022-10-12 18:23:25,371] {processor.py:654} INFO - DAG(s) dict_keys(['example_dag_decorator']) retrieved from /Users/renatomelo/Downloads/airflow_tooltorial/airflow-local/venv/lib/python3.9/site-packages/airflow/example_dags/example_dag_decorator.py
[2022-10-12 18:23:25,897] {logging_mixin.py:109} INFO - [2022-10-12 18:23:25,897] {dag.py:2396} INFO - Sync 1 DAGs
[2022-10-12 18:23:25,917] {logging_mixin.py:109} INFO - [2022-10-12 18:23:25,917] {dag.py:2935} INFO - Setting next_dagrun for example_dag_decorator to None
[2022-10-12 18:23:25,936] {processor.py:171} INFO - Processing /Users/renatomelo/Downloads/airflow_tooltorial/airflow-local/venv/lib/python3.9/site-packages/airflow/example_dags/example_dag_decorator.py took 0.668 seconds
[2022-10-12 18:25:57,091] {processor.py:163} INFO - Started process (PID=8735) to work on /Users/renatomelo/Downloads/airflow_tooltorial/airflow-local/venv/lib/python3.9/site-packages/airflow/example_dags/example_dag_decorator.py
[2022-10-12 18:25:57,091] {processor.py:642} INFO - Processing file /Users/renatomelo/Downloads/airflow_tooltorial/airflow-local/venv/lib/python3.9/site-packages/airflow/example_dags/example_dag_decorator.py for tasks to queue
[2022-10-12 18:25:57,091] {logging_mixin.py:109} INFO - [2022-10-12 18:25:57,091] {dagbag.py:500} INFO - Filling up the DagBag from /Users/renatomelo/Downloads/airflow_tooltorial/airflow-local/venv/lib/python3.9/site-packages/airflow/example_dags/example_dag_decorator.py
[2022-10-12 18:25:57,143] {processor.py:654} INFO - DAG(s) dict_keys(['example_dag_decorator']) retrieved from /Users/renatomelo/Downloads/airflow_tooltorial/airflow-local/venv/lib/python3.9/site-packages/airflow/example_dags/example_dag_decorator.py
[2022-10-12 18:25:57,391] {logging_mixin.py:109} INFO - [2022-10-12 18:25:57,391] {dag.py:2396} INFO - Sync 1 DAGs
[2022-10-12 18:25:57,400] {logging_mixin.py:109} INFO - [2022-10-12 18:25:57,400] {dag.py:2935} INFO - Setting next_dagrun for example_dag_decorator to None
[2022-10-12 18:25:57,414] {processor.py:171} INFO - Processing /Users/renatomelo/Downloads/airflow_tooltorial/airflow-local/venv/lib/python3.9/site-packages/airflow/example_dags/example_dag_decorator.py took 0.324 seconds
[2022-10-12 18:28:27,319] {processor.py:163} INFO - Started process (PID=8815) to work on /Users/renatomelo/Downloads/airflow_tooltorial/airflow-local/venv/lib/python3.9/site-packages/airflow/example_dags/example_dag_decorator.py
[2022-10-12 18:28:27,320] {processor.py:642} INFO - Processing file /Users/renatomelo/Downloads/airflow_tooltorial/airflow-local/venv/lib/python3.9/site-packages/airflow/example_dags/example_dag_decorator.py for tasks to queue
[2022-10-12 18:28:27,320] {logging_mixin.py:109} INFO - [2022-10-12 18:28:27,320] {dagbag.py:500} INFO - Filling up the DagBag from /Users/renatomelo/Downloads/airflow_tooltorial/airflow-local/venv/lib/python3.9/site-packages/airflow/example_dags/example_dag_decorator.py
[2022-10-12 18:28:27,369] {processor.py:654} INFO - DAG(s) dict_keys(['example_dag_decorator']) retrieved from /Users/renatomelo/Downloads/airflow_tooltorial/airflow-local/venv/lib/python3.9/site-packages/airflow/example_dags/example_dag_decorator.py
[2022-10-12 18:28:27,605] {logging_mixin.py:109} INFO - [2022-10-12 18:28:27,605] {dag.py:2396} INFO - Sync 1 DAGs
[2022-10-12 18:28:27,615] {logging_mixin.py:109} INFO - [2022-10-12 18:28:27,615] {dag.py:2935} INFO - Setting next_dagrun for example_dag_decorator to None
[2022-10-12 18:28:27,625] {processor.py:171} INFO - Processing /Users/renatomelo/Downloads/airflow_tooltorial/airflow-local/venv/lib/python3.9/site-packages/airflow/example_dags/example_dag_decorator.py took 0.306 seconds
[2022-10-12 18:30:32,221] {processor.py:163} INFO - Started process (PID=8893) to work on /Users/renatomelo/Downloads/airflow_tooltorial/airflow-local/venv/lib/python3.9/site-packages/airflow/example_dags/example_dag_decorator.py
[2022-10-12 18:30:32,221] {processor.py:642} INFO - Processing file /Users/renatomelo/Downloads/airflow_tooltorial/airflow-local/venv/lib/python3.9/site-packages/airflow/example_dags/example_dag_decorator.py for tasks to queue
[2022-10-12 18:30:32,221] {logging_mixin.py:109} INFO - [2022-10-12 18:30:32,221] {dagbag.py:500} INFO - Filling up the DagBag from /Users/renatomelo/Downloads/airflow_tooltorial/airflow-local/venv/lib/python3.9/site-packages/airflow/example_dags/example_dag_decorator.py
[2022-10-12 18:30:32,273] {processor.py:654} INFO - DAG(s) dict_keys(['example_dag_decorator']) retrieved from /Users/renatomelo/Downloads/airflow_tooltorial/airflow-local/venv/lib/python3.9/site-packages/airflow/example_dags/example_dag_decorator.py
[2022-10-12 18:30:32,510] {logging_mixin.py:109} INFO - [2022-10-12 18:30:32,510] {dag.py:2396} INFO - Sync 1 DAGs
[2022-10-12 18:30:32,519] {logging_mixin.py:109} INFO - [2022-10-12 18:30:32,519] {dag.py:2935} INFO - Setting next_dagrun for example_dag_decorator to None
[2022-10-12 18:30:32,529] {processor.py:171} INFO - Processing /Users/renatomelo/Downloads/airflow_tooltorial/airflow-local/venv/lib/python3.9/site-packages/airflow/example_dags/example_dag_decorator.py took 0.309 seconds
[2022-10-12 18:33:05,880] {processor.py:163} INFO - Started process (PID=8953) to work on /Users/renatomelo/Downloads/airflow_tooltorial/airflow-local/venv/lib/python3.9/site-packages/airflow/example_dags/example_dag_decorator.py
[2022-10-12 18:33:05,881] {processor.py:642} INFO - Processing file /Users/renatomelo/Downloads/airflow_tooltorial/airflow-local/venv/lib/python3.9/site-packages/airflow/example_dags/example_dag_decorator.py for tasks to queue
[2022-10-12 18:33:05,881] {logging_mixin.py:109} INFO - [2022-10-12 18:33:05,881] {dagbag.py:500} INFO - Filling up the DagBag from /Users/renatomelo/Downloads/airflow_tooltorial/airflow-local/venv/lib/python3.9/site-packages/airflow/example_dags/example_dag_decorator.py
[2022-10-12 18:33:05,946] {processor.py:654} INFO - DAG(s) dict_keys(['example_dag_decorator']) retrieved from /Users/renatomelo/Downloads/airflow_tooltorial/airflow-local/venv/lib/python3.9/site-packages/airflow/example_dags/example_dag_decorator.py
[2022-10-12 18:33:06,822] {logging_mixin.py:109} INFO - [2022-10-12 18:33:06,821] {dag.py:2396} INFO - Sync 1 DAGs
[2022-10-12 18:33:06,831] {logging_mixin.py:109} INFO - [2022-10-12 18:33:06,831] {dag.py:2935} INFO - Setting next_dagrun for example_dag_decorator to None
[2022-10-12 18:33:06,842] {processor.py:171} INFO - Processing /Users/renatomelo/Downloads/airflow_tooltorial/airflow-local/venv/lib/python3.9/site-packages/airflow/example_dags/example_dag_decorator.py took 0.963 seconds
