[2022-10-12 18:05:36,355] {processor.py:163} INFO - Started process (PID=8039) to work on /Users/renatomelo/Downloads/airflow_tooltorial/airflow-local/venv/lib/python3.9/site-packages/airflow/example_dags/example_branch_python_dop_operator_3.py
[2022-10-12 18:05:36,355] {processor.py:642} INFO - Processing file /Users/renatomelo/Downloads/airflow_tooltorial/airflow-local/venv/lib/python3.9/site-packages/airflow/example_dags/example_branch_python_dop_operator_3.py for tasks to queue
[2022-10-12 18:05:36,356] {logging_mixin.py:109} INFO - [2022-10-12 18:05:36,355] {dagbag.py:500} INFO - Filling up the DagBag from /Users/renatomelo/Downloads/airflow_tooltorial/airflow-local/venv/lib/python3.9/site-packages/airflow/example_dags/example_branch_python_dop_operator_3.py
[2022-10-12 18:05:36,407] {processor.py:654} INFO - DAG(s) dict_keys(['example_branch_dop_operator_v3']) retrieved from /Users/renatomelo/Downloads/airflow_tooltorial/airflow-local/venv/lib/python3.9/site-packages/airflow/example_dags/example_branch_python_dop_operator_3.py
[2022-10-12 18:05:36,427] {logging_mixin.py:109} INFO - [2022-10-12 18:05:36,427] {dag.py:2396} INFO - Sync 1 DAGs
[2022-10-12 18:05:36,442] {logging_mixin.py:109} INFO - [2022-10-12 18:05:36,442] {dag.py:2935} INFO - Setting next_dagrun for example_branch_dop_operator_v3 to 2022-10-12T21:04:00+00:00
[2022-10-12 18:05:36,451] {processor.py:171} INFO - Processing /Users/renatomelo/Downloads/airflow_tooltorial/airflow-local/venv/lib/python3.9/site-packages/airflow/example_dags/example_branch_python_dop_operator_3.py took 0.097 seconds
[2022-10-12 18:08:25,045] {processor.py:163} INFO - Started process (PID=8277) to work on /Users/renatomelo/Downloads/airflow_tooltorial/airflow-local/venv/lib/python3.9/site-packages/airflow/example_dags/example_branch_python_dop_operator_3.py
[2022-10-12 18:08:25,045] {processor.py:642} INFO - Processing file /Users/renatomelo/Downloads/airflow_tooltorial/airflow-local/venv/lib/python3.9/site-packages/airflow/example_dags/example_branch_python_dop_operator_3.py for tasks to queue
[2022-10-12 18:08:25,046] {logging_mixin.py:109} INFO - [2022-10-12 18:08:25,046] {dagbag.py:500} INFO - Filling up the DagBag from /Users/renatomelo/Downloads/airflow_tooltorial/airflow-local/venv/lib/python3.9/site-packages/airflow/example_dags/example_branch_python_dop_operator_3.py
[2022-10-12 18:08:25,111] {processor.py:654} INFO - DAG(s) dict_keys(['example_branch_dop_operator_v3']) retrieved from /Users/renatomelo/Downloads/airflow_tooltorial/airflow-local/venv/lib/python3.9/site-packages/airflow/example_dags/example_branch_python_dop_operator_3.py
[2022-10-12 18:08:25,136] {logging_mixin.py:109} INFO - [2022-10-12 18:08:25,136] {dag.py:2396} INFO - Sync 1 DAGs
[2022-10-12 18:08:25,156] {logging_mixin.py:109} INFO - [2022-10-12 18:08:25,156] {dag.py:2935} INFO - Setting next_dagrun for example_branch_dop_operator_v3 to 2022-10-12T21:07:00+00:00
[2022-10-12 18:08:25,173] {processor.py:171} INFO - Processing /Users/renatomelo/Downloads/airflow_tooltorial/airflow-local/venv/lib/python3.9/site-packages/airflow/example_dags/example_branch_python_dop_operator_3.py took 0.128 seconds
[2022-10-12 18:11:28,407] {processor.py:163} INFO - Started process (PID=8383) to work on /Users/renatomelo/Downloads/airflow_tooltorial/airflow-local/venv/lib/python3.9/site-packages/airflow/example_dags/example_branch_python_dop_operator_3.py
[2022-10-12 18:11:28,408] {processor.py:642} INFO - Processing file /Users/renatomelo/Downloads/airflow_tooltorial/airflow-local/venv/lib/python3.9/site-packages/airflow/example_dags/example_branch_python_dop_operator_3.py for tasks to queue
[2022-10-12 18:11:28,409] {logging_mixin.py:109} INFO - [2022-10-12 18:11:28,409] {dagbag.py:500} INFO - Filling up the DagBag from /Users/renatomelo/Downloads/airflow_tooltorial/airflow-local/venv/lib/python3.9/site-packages/airflow/example_dags/example_branch_python_dop_operator_3.py
[2022-10-12 18:11:28,487] {processor.py:654} INFO - DAG(s) dict_keys(['example_branch_dop_operator_v3']) retrieved from /Users/renatomelo/Downloads/airflow_tooltorial/airflow-local/venv/lib/python3.9/site-packages/airflow/example_dags/example_branch_python_dop_operator_3.py
[2022-10-12 18:11:28,509] {logging_mixin.py:109} INFO - [2022-10-12 18:11:28,509] {dag.py:2396} INFO - Sync 1 DAGs
[2022-10-12 18:11:28,526] {logging_mixin.py:109} INFO - [2022-10-12 18:11:28,526] {dag.py:2935} INFO - Setting next_dagrun for example_branch_dop_operator_v3 to 2022-10-12T21:10:00+00:00
[2022-10-12 18:11:28,539] {processor.py:171} INFO - Processing /Users/renatomelo/Downloads/airflow_tooltorial/airflow-local/venv/lib/python3.9/site-packages/airflow/example_dags/example_branch_python_dop_operator_3.py took 0.133 seconds
[2022-10-12 18:14:27,563] {processor.py:163} INFO - Started process (PID=8445) to work on /Users/renatomelo/Downloads/airflow_tooltorial/airflow-local/venv/lib/python3.9/site-packages/airflow/example_dags/example_branch_python_dop_operator_3.py
[2022-10-12 18:14:27,565] {processor.py:642} INFO - Processing file /Users/renatomelo/Downloads/airflow_tooltorial/airflow-local/venv/lib/python3.9/site-packages/airflow/example_dags/example_branch_python_dop_operator_3.py for tasks to queue
[2022-10-12 18:14:27,566] {logging_mixin.py:109} INFO - [2022-10-12 18:14:27,565] {dagbag.py:500} INFO - Filling up the DagBag from /Users/renatomelo/Downloads/airflow_tooltorial/airflow-local/venv/lib/python3.9/site-packages/airflow/example_dags/example_branch_python_dop_operator_3.py
[2022-10-12 18:14:27,623] {processor.py:654} INFO - DAG(s) dict_keys(['example_branch_dop_operator_v3']) retrieved from /Users/renatomelo/Downloads/airflow_tooltorial/airflow-local/venv/lib/python3.9/site-packages/airflow/example_dags/example_branch_python_dop_operator_3.py
[2022-10-12 18:14:27,646] {logging_mixin.py:109} INFO - [2022-10-12 18:14:27,646] {dag.py:2396} INFO - Sync 1 DAGs
[2022-10-12 18:14:27,668] {logging_mixin.py:109} INFO - [2022-10-12 18:14:27,667] {dag.py:2935} INFO - Setting next_dagrun for example_branch_dop_operator_v3 to 2022-10-12T21:13:00+00:00
[2022-10-12 18:14:27,681] {processor.py:171} INFO - Processing /Users/renatomelo/Downloads/airflow_tooltorial/airflow-local/venv/lib/python3.9/site-packages/airflow/example_dags/example_branch_python_dop_operator_3.py took 0.118 seconds
[2022-10-12 18:17:15,944] {processor.py:163} INFO - Started process (PID=8504) to work on /Users/renatomelo/Downloads/airflow_tooltorial/airflow-local/venv/lib/python3.9/site-packages/airflow/example_dags/example_branch_python_dop_operator_3.py
[2022-10-12 18:17:15,945] {processor.py:642} INFO - Processing file /Users/renatomelo/Downloads/airflow_tooltorial/airflow-local/venv/lib/python3.9/site-packages/airflow/example_dags/example_branch_python_dop_operator_3.py for tasks to queue
[2022-10-12 18:17:15,946] {logging_mixin.py:109} INFO - [2022-10-12 18:17:15,946] {dagbag.py:500} INFO - Filling up the DagBag from /Users/renatomelo/Downloads/airflow_tooltorial/airflow-local/venv/lib/python3.9/site-packages/airflow/example_dags/example_branch_python_dop_operator_3.py
[2022-10-12 18:17:16,013] {processor.py:654} INFO - DAG(s) dict_keys(['example_branch_dop_operator_v3']) retrieved from /Users/renatomelo/Downloads/airflow_tooltorial/airflow-local/venv/lib/python3.9/site-packages/airflow/example_dags/example_branch_python_dop_operator_3.py
[2022-10-12 18:17:16,037] {logging_mixin.py:109} INFO - [2022-10-12 18:17:16,037] {dag.py:2396} INFO - Sync 1 DAGs
[2022-10-12 18:17:16,056] {logging_mixin.py:109} INFO - [2022-10-12 18:17:16,055] {dag.py:2935} INFO - Setting next_dagrun for example_branch_dop_operator_v3 to 2022-10-12T21:16:00+00:00
[2022-10-12 18:17:16,066] {processor.py:171} INFO - Processing /Users/renatomelo/Downloads/airflow_tooltorial/airflow-local/venv/lib/python3.9/site-packages/airflow/example_dags/example_branch_python_dop_operator_3.py took 0.124 seconds
[2022-10-12 18:19:35,600] {processor.py:163} INFO - Started process (PID=8557) to work on /Users/renatomelo/Downloads/airflow_tooltorial/airflow-local/venv/lib/python3.9/site-packages/airflow/example_dags/example_branch_python_dop_operator_3.py
[2022-10-12 18:19:35,600] {processor.py:642} INFO - Processing file /Users/renatomelo/Downloads/airflow_tooltorial/airflow-local/venv/lib/python3.9/site-packages/airflow/example_dags/example_branch_python_dop_operator_3.py for tasks to queue
[2022-10-12 18:19:35,601] {logging_mixin.py:109} INFO - [2022-10-12 18:19:35,601] {dagbag.py:500} INFO - Filling up the DagBag from /Users/renatomelo/Downloads/airflow_tooltorial/airflow-local/venv/lib/python3.9/site-packages/airflow/example_dags/example_branch_python_dop_operator_3.py
[2022-10-12 18:19:35,680] {processor.py:654} INFO - DAG(s) dict_keys(['example_branch_dop_operator_v3']) retrieved from /Users/renatomelo/Downloads/airflow_tooltorial/airflow-local/venv/lib/python3.9/site-packages/airflow/example_dags/example_branch_python_dop_operator_3.py
[2022-10-12 18:19:35,703] {logging_mixin.py:109} INFO - [2022-10-12 18:19:35,703] {dag.py:2396} INFO - Sync 1 DAGs
[2022-10-12 18:19:35,720] {logging_mixin.py:109} INFO - [2022-10-12 18:19:35,720] {dag.py:2935} INFO - Setting next_dagrun for example_branch_dop_operator_v3 to 2022-10-12T21:18:00+00:00
[2022-10-12 18:19:35,732] {processor.py:171} INFO - Processing /Users/renatomelo/Downloads/airflow_tooltorial/airflow-local/venv/lib/python3.9/site-packages/airflow/example_dags/example_branch_python_dop_operator_3.py took 0.133 seconds
[2022-10-12 18:21:58,964] {processor.py:163} INFO - Started process (PID=8617) to work on /Users/renatomelo/Downloads/airflow_tooltorial/airflow-local/venv/lib/python3.9/site-packages/airflow/example_dags/example_branch_python_dop_operator_3.py
[2022-10-12 18:21:58,971] {processor.py:642} INFO - Processing file /Users/renatomelo/Downloads/airflow_tooltorial/airflow-local/venv/lib/python3.9/site-packages/airflow/example_dags/example_branch_python_dop_operator_3.py for tasks to queue
[2022-10-12 18:21:58,975] {logging_mixin.py:109} INFO - [2022-10-12 18:21:58,974] {dagbag.py:500} INFO - Filling up the DagBag from /Users/renatomelo/Downloads/airflow_tooltorial/airflow-local/venv/lib/python3.9/site-packages/airflow/example_dags/example_branch_python_dop_operator_3.py
[2022-10-12 18:21:59,036] {processor.py:654} INFO - DAG(s) dict_keys(['example_branch_dop_operator_v3']) retrieved from /Users/renatomelo/Downloads/airflow_tooltorial/airflow-local/venv/lib/python3.9/site-packages/airflow/example_dags/example_branch_python_dop_operator_3.py
[2022-10-12 18:21:59,061] {logging_mixin.py:109} INFO - [2022-10-12 18:21:59,061] {dag.py:2396} INFO - Sync 1 DAGs
[2022-10-12 18:21:59,078] {logging_mixin.py:109} INFO - [2022-10-12 18:21:59,078] {dag.py:2935} INFO - Setting next_dagrun for example_branch_dop_operator_v3 to 2022-10-12T21:20:00+00:00
[2022-10-12 18:21:59,096] {processor.py:171} INFO - Processing /Users/renatomelo/Downloads/airflow_tooltorial/airflow-local/venv/lib/python3.9/site-packages/airflow/example_dags/example_branch_python_dop_operator_3.py took 0.133 seconds
[2022-10-12 18:24:26,873] {processor.py:163} INFO - Started process (PID=8698) to work on /Users/renatomelo/Downloads/airflow_tooltorial/airflow-local/venv/lib/python3.9/site-packages/airflow/example_dags/example_branch_python_dop_operator_3.py
[2022-10-12 18:24:26,875] {processor.py:642} INFO - Processing file /Users/renatomelo/Downloads/airflow_tooltorial/airflow-local/venv/lib/python3.9/site-packages/airflow/example_dags/example_branch_python_dop_operator_3.py for tasks to queue
[2022-10-12 18:24:26,876] {logging_mixin.py:109} INFO - [2022-10-12 18:24:26,876] {dagbag.py:500} INFO - Filling up the DagBag from /Users/renatomelo/Downloads/airflow_tooltorial/airflow-local/venv/lib/python3.9/site-packages/airflow/example_dags/example_branch_python_dop_operator_3.py
[2022-10-12 18:24:26,933] {processor.py:654} INFO - DAG(s) dict_keys(['example_branch_dop_operator_v3']) retrieved from /Users/renatomelo/Downloads/airflow_tooltorial/airflow-local/venv/lib/python3.9/site-packages/airflow/example_dags/example_branch_python_dop_operator_3.py
[2022-10-12 18:24:27,173] {logging_mixin.py:109} INFO - [2022-10-12 18:24:27,173] {dag.py:2396} INFO - Sync 1 DAGs
[2022-10-12 18:24:27,188] {logging_mixin.py:109} INFO - [2022-10-12 18:24:27,188] {dag.py:2935} INFO - Setting next_dagrun for example_branch_dop_operator_v3 to 2022-10-12T21:23:00+00:00
[2022-10-12 18:24:27,201] {processor.py:171} INFO - Processing /Users/renatomelo/Downloads/airflow_tooltorial/airflow-local/venv/lib/python3.9/site-packages/airflow/example_dags/example_branch_python_dop_operator_3.py took 0.328 seconds
[2022-10-12 18:26:58,000] {processor.py:163} INFO - Started process (PID=8763) to work on /Users/renatomelo/Downloads/airflow_tooltorial/airflow-local/venv/lib/python3.9/site-packages/airflow/example_dags/example_branch_python_dop_operator_3.py
[2022-10-12 18:26:58,000] {processor.py:642} INFO - Processing file /Users/renatomelo/Downloads/airflow_tooltorial/airflow-local/venv/lib/python3.9/site-packages/airflow/example_dags/example_branch_python_dop_operator_3.py for tasks to queue
[2022-10-12 18:26:58,002] {logging_mixin.py:109} INFO - [2022-10-12 18:26:58,002] {dagbag.py:500} INFO - Filling up the DagBag from /Users/renatomelo/Downloads/airflow_tooltorial/airflow-local/venv/lib/python3.9/site-packages/airflow/example_dags/example_branch_python_dop_operator_3.py
[2022-10-12 18:26:58,120] {processor.py:654} INFO - DAG(s) dict_keys(['example_branch_dop_operator_v3']) retrieved from /Users/renatomelo/Downloads/airflow_tooltorial/airflow-local/venv/lib/python3.9/site-packages/airflow/example_dags/example_branch_python_dop_operator_3.py
[2022-10-12 18:26:58,139] {logging_mixin.py:109} INFO - [2022-10-12 18:26:58,138] {dag.py:2396} INFO - Sync 1 DAGs
[2022-10-12 18:26:58,157] {logging_mixin.py:109} INFO - [2022-10-12 18:26:58,157] {dag.py:2935} INFO - Setting next_dagrun for example_branch_dop_operator_v3 to 2022-10-12T21:25:00+00:00
[2022-10-12 18:26:58,181] {processor.py:171} INFO - Processing /Users/renatomelo/Downloads/airflow_tooltorial/airflow-local/venv/lib/python3.9/site-packages/airflow/example_dags/example_branch_python_dop_operator_3.py took 0.196 seconds
[2022-10-12 18:29:11,422] {processor.py:163} INFO - Started process (PID=8834) to work on /Users/renatomelo/Downloads/airflow_tooltorial/airflow-local/venv/lib/python3.9/site-packages/airflow/example_dags/example_branch_python_dop_operator_3.py
[2022-10-12 18:29:11,422] {processor.py:642} INFO - Processing file /Users/renatomelo/Downloads/airflow_tooltorial/airflow-local/venv/lib/python3.9/site-packages/airflow/example_dags/example_branch_python_dop_operator_3.py for tasks to queue
[2022-10-12 18:29:11,422] {logging_mixin.py:109} INFO - [2022-10-12 18:29:11,422] {dagbag.py:500} INFO - Filling up the DagBag from /Users/renatomelo/Downloads/airflow_tooltorial/airflow-local/venv/lib/python3.9/site-packages/airflow/example_dags/example_branch_python_dop_operator_3.py
[2022-10-12 18:29:11,468] {processor.py:654} INFO - DAG(s) dict_keys(['example_branch_dop_operator_v3']) retrieved from /Users/renatomelo/Downloads/airflow_tooltorial/airflow-local/venv/lib/python3.9/site-packages/airflow/example_dags/example_branch_python_dop_operator_3.py
[2022-10-12 18:29:11,485] {logging_mixin.py:109} INFO - [2022-10-12 18:29:11,485] {dag.py:2396} INFO - Sync 1 DAGs
[2022-10-12 18:29:11,500] {logging_mixin.py:109} INFO - [2022-10-12 18:29:11,500] {dag.py:2935} INFO - Setting next_dagrun for example_branch_dop_operator_v3 to 2022-10-12T21:28:00+00:00
[2022-10-12 18:29:11,509] {processor.py:171} INFO - Processing /Users/renatomelo/Downloads/airflow_tooltorial/airflow-local/venv/lib/python3.9/site-packages/airflow/example_dags/example_branch_python_dop_operator_3.py took 0.088 seconds
[2022-10-12 18:31:39,245] {processor.py:163} INFO - Started process (PID=8921) to work on /Users/renatomelo/Downloads/airflow_tooltorial/airflow-local/venv/lib/python3.9/site-packages/airflow/example_dags/example_branch_python_dop_operator_3.py
[2022-10-12 18:31:39,245] {processor.py:642} INFO - Processing file /Users/renatomelo/Downloads/airflow_tooltorial/airflow-local/venv/lib/python3.9/site-packages/airflow/example_dags/example_branch_python_dop_operator_3.py for tasks to queue
[2022-10-12 18:31:39,246] {logging_mixin.py:109} INFO - [2022-10-12 18:31:39,246] {dagbag.py:500} INFO - Filling up the DagBag from /Users/renatomelo/Downloads/airflow_tooltorial/airflow-local/venv/lib/python3.9/site-packages/airflow/example_dags/example_branch_python_dop_operator_3.py
[2022-10-12 18:31:39,296] {processor.py:654} INFO - DAG(s) dict_keys(['example_branch_dop_operator_v3']) retrieved from /Users/renatomelo/Downloads/airflow_tooltorial/airflow-local/venv/lib/python3.9/site-packages/airflow/example_dags/example_branch_python_dop_operator_3.py
[2022-10-12 18:31:39,313] {logging_mixin.py:109} INFO - [2022-10-12 18:31:39,313] {dag.py:2396} INFO - Sync 1 DAGs
[2022-10-12 18:31:39,327] {logging_mixin.py:109} INFO - [2022-10-12 18:31:39,327] {dag.py:2935} INFO - Setting next_dagrun for example_branch_dop_operator_v3 to 2022-10-12T21:30:00+00:00
[2022-10-12 18:31:39,337] {processor.py:171} INFO - Processing /Users/renatomelo/Downloads/airflow_tooltorial/airflow-local/venv/lib/python3.9/site-packages/airflow/example_dags/example_branch_python_dop_operator_3.py took 0.092 seconds
[2022-10-12 18:34:01,385] {processor.py:163} INFO - Started process (PID=8976) to work on /Users/renatomelo/Downloads/airflow_tooltorial/airflow-local/venv/lib/python3.9/site-packages/airflow/example_dags/example_branch_python_dop_operator_3.py
[2022-10-12 18:34:01,387] {processor.py:642} INFO - Processing file /Users/renatomelo/Downloads/airflow_tooltorial/airflow-local/venv/lib/python3.9/site-packages/airflow/example_dags/example_branch_python_dop_operator_3.py for tasks to queue
[2022-10-12 18:34:01,387] {logging_mixin.py:109} INFO - [2022-10-12 18:34:01,387] {dagbag.py:500} INFO - Filling up the DagBag from /Users/renatomelo/Downloads/airflow_tooltorial/airflow-local/venv/lib/python3.9/site-packages/airflow/example_dags/example_branch_python_dop_operator_3.py
[2022-10-12 18:34:01,449] {processor.py:654} INFO - DAG(s) dict_keys(['example_branch_dop_operator_v3']) retrieved from /Users/renatomelo/Downloads/airflow_tooltorial/airflow-local/venv/lib/python3.9/site-packages/airflow/example_dags/example_branch_python_dop_operator_3.py
[2022-10-12 18:34:01,466] {logging_mixin.py:109} INFO - [2022-10-12 18:34:01,466] {dag.py:2396} INFO - Sync 1 DAGs
[2022-10-12 18:34:01,480] {logging_mixin.py:109} INFO - [2022-10-12 18:34:01,480] {dag.py:2935} INFO - Setting next_dagrun for example_branch_dop_operator_v3 to 2022-10-12T21:33:00+00:00
[2022-10-12 18:34:01,490] {processor.py:171} INFO - Processing /Users/renatomelo/Downloads/airflow_tooltorial/airflow-local/venv/lib/python3.9/site-packages/airflow/example_dags/example_branch_python_dop_operator_3.py took 0.106 seconds
