[2022-10-12 18:04:20,757] {processor.py:163} INFO - Started process (PID=7902) to work on /Users/renatomelo/Downloads/airflow_tooltorial/airflow-local/venv/lib/python3.9/site-packages/airflow/example_dags/tutorial.py
[2022-10-12 18:04:20,757] {processor.py:642} INFO - Processing file /Users/renatomelo/Downloads/airflow_tooltorial/airflow-local/venv/lib/python3.9/site-packages/airflow/example_dags/tutorial.py for tasks to queue
[2022-10-12 18:04:20,758] {logging_mixin.py:109} INFO - [2022-10-12 18:04:20,758] {dagbag.py:500} INFO - Filling up the DagBag from /Users/renatomelo/Downloads/airflow_tooltorial/airflow-local/venv/lib/python3.9/site-packages/airflow/example_dags/tutorial.py
[2022-10-12 18:04:20,803] {processor.py:654} INFO - DAG(s) dict_keys(['tutorial']) retrieved from /Users/renatomelo/Downloads/airflow_tooltorial/airflow-local/venv/lib/python3.9/site-packages/airflow/example_dags/tutorial.py
[2022-10-12 18:04:20,816] {logging_mixin.py:109} INFO - [2022-10-12 18:04:20,816] {dag.py:2396} INFO - Sync 1 DAGs
[2022-10-12 18:04:20,831] {logging_mixin.py:109} INFO - [2022-10-12 18:04:20,831] {dag.py:2935} INFO - Setting next_dagrun for tutorial to 2022-10-11T21:04:20.831678+00:00
[2022-10-12 18:04:20,841] {processor.py:171} INFO - Processing /Users/renatomelo/Downloads/airflow_tooltorial/airflow-local/venv/lib/python3.9/site-packages/airflow/example_dags/tutorial.py took 0.085 seconds
[2022-10-12 18:06:18,633] {processor.py:163} INFO - Started process (PID=8111) to work on /Users/renatomelo/Downloads/airflow_tooltorial/airflow-local/venv/lib/python3.9/site-packages/airflow/example_dags/tutorial.py
[2022-10-12 18:06:18,635] {processor.py:642} INFO - Processing file /Users/renatomelo/Downloads/airflow_tooltorial/airflow-local/venv/lib/python3.9/site-packages/airflow/example_dags/tutorial.py for tasks to queue
[2022-10-12 18:06:18,635] {logging_mixin.py:109} INFO - [2022-10-12 18:06:18,635] {dagbag.py:500} INFO - Filling up the DagBag from /Users/renatomelo/Downloads/airflow_tooltorial/airflow-local/venv/lib/python3.9/site-packages/airflow/example_dags/tutorial.py
[2022-10-12 18:06:18,680] {processor.py:654} INFO - DAG(s) dict_keys(['tutorial']) retrieved from /Users/renatomelo/Downloads/airflow_tooltorial/airflow-local/venv/lib/python3.9/site-packages/airflow/example_dags/tutorial.py
[2022-10-12 18:06:18,698] {logging_mixin.py:109} INFO - [2022-10-12 18:06:18,697] {dag.py:2396} INFO - Sync 1 DAGs
[2022-10-12 18:06:18,707] {logging_mixin.py:109} INFO - [2022-10-12 18:06:18,707] {dag.py:2935} INFO - Setting next_dagrun for tutorial to 2022-10-11T21:06:18.707151+00:00
[2022-10-12 18:06:18,718] {processor.py:171} INFO - Processing /Users/renatomelo/Downloads/airflow_tooltorial/airflow-local/venv/lib/python3.9/site-packages/airflow/example_dags/tutorial.py took 0.086 seconds
[2022-10-12 18:07:45,605] {processor.py:163} INFO - Started process (PID=8254) to work on /Users/renatomelo/Downloads/airflow_tooltorial/airflow-local/venv/lib/python3.9/site-packages/airflow/example_dags/tutorial.py
[2022-10-12 18:07:45,607] {processor.py:642} INFO - Processing file /Users/renatomelo/Downloads/airflow_tooltorial/airflow-local/venv/lib/python3.9/site-packages/airflow/example_dags/tutorial.py for tasks to queue
[2022-10-12 18:07:45,607] {logging_mixin.py:109} INFO - [2022-10-12 18:07:45,607] {dagbag.py:500} INFO - Filling up the DagBag from /Users/renatomelo/Downloads/airflow_tooltorial/airflow-local/venv/lib/python3.9/site-packages/airflow/example_dags/tutorial.py
[2022-10-12 18:07:45,652] {processor.py:654} INFO - DAG(s) dict_keys(['tutorial']) retrieved from /Users/renatomelo/Downloads/airflow_tooltorial/airflow-local/venv/lib/python3.9/site-packages/airflow/example_dags/tutorial.py
[2022-10-12 18:07:45,678] {logging_mixin.py:109} INFO - [2022-10-12 18:07:45,677] {dag.py:2396} INFO - Sync 1 DAGs
[2022-10-12 18:07:45,690] {logging_mixin.py:109} INFO - [2022-10-12 18:07:45,690] {dag.py:2935} INFO - Setting next_dagrun for tutorial to 2022-10-11T21:07:45.690337+00:00
[2022-10-12 18:07:45,699] {processor.py:171} INFO - Processing /Users/renatomelo/Downloads/airflow_tooltorial/airflow-local/venv/lib/python3.9/site-packages/airflow/example_dags/tutorial.py took 0.095 seconds
[2022-10-12 18:09:01,692] {processor.py:163} INFO - Started process (PID=8292) to work on /Users/renatomelo/Downloads/airflow_tooltorial/airflow-local/venv/lib/python3.9/site-packages/airflow/example_dags/tutorial.py
[2022-10-12 18:09:01,692] {processor.py:642} INFO - Processing file /Users/renatomelo/Downloads/airflow_tooltorial/airflow-local/venv/lib/python3.9/site-packages/airflow/example_dags/tutorial.py for tasks to queue
[2022-10-12 18:09:01,693] {logging_mixin.py:109} INFO - [2022-10-12 18:09:01,693] {dagbag.py:500} INFO - Filling up the DagBag from /Users/renatomelo/Downloads/airflow_tooltorial/airflow-local/venv/lib/python3.9/site-packages/airflow/example_dags/tutorial.py
[2022-10-12 18:09:01,732] {processor.py:654} INFO - DAG(s) dict_keys(['tutorial']) retrieved from /Users/renatomelo/Downloads/airflow_tooltorial/airflow-local/venv/lib/python3.9/site-packages/airflow/example_dags/tutorial.py
[2022-10-12 18:09:01,751] {logging_mixin.py:109} INFO - [2022-10-12 18:09:01,751] {dag.py:2396} INFO - Sync 1 DAGs
[2022-10-12 18:09:01,764] {logging_mixin.py:109} INFO - [2022-10-12 18:09:01,763] {dag.py:2935} INFO - Setting next_dagrun for tutorial to 2022-10-11T21:09:01.763720+00:00
[2022-10-12 18:09:01,796] {processor.py:171} INFO - Processing /Users/renatomelo/Downloads/airflow_tooltorial/airflow-local/venv/lib/python3.9/site-packages/airflow/example_dags/tutorial.py took 0.105 seconds
[2022-10-12 18:10:35,466] {processor.py:163} INFO - Started process (PID=8355) to work on /Users/renatomelo/Downloads/airflow_tooltorial/airflow-local/venv/lib/python3.9/site-packages/airflow/example_dags/tutorial.py
[2022-10-12 18:10:35,468] {processor.py:642} INFO - Processing file /Users/renatomelo/Downloads/airflow_tooltorial/airflow-local/venv/lib/python3.9/site-packages/airflow/example_dags/tutorial.py for tasks to queue
[2022-10-12 18:10:35,469] {logging_mixin.py:109} INFO - [2022-10-12 18:10:35,469] {dagbag.py:500} INFO - Filling up the DagBag from /Users/renatomelo/Downloads/airflow_tooltorial/airflow-local/venv/lib/python3.9/site-packages/airflow/example_dags/tutorial.py
[2022-10-12 18:10:35,620] {processor.py:654} INFO - DAG(s) dict_keys(['tutorial']) retrieved from /Users/renatomelo/Downloads/airflow_tooltorial/airflow-local/venv/lib/python3.9/site-packages/airflow/example_dags/tutorial.py
[2022-10-12 18:10:35,684] {logging_mixin.py:109} INFO - [2022-10-12 18:10:35,684] {dag.py:2396} INFO - Sync 1 DAGs
[2022-10-12 18:10:35,705] {logging_mixin.py:109} INFO - [2022-10-12 18:10:35,705] {dag.py:2935} INFO - Setting next_dagrun for tutorial to 2022-10-11T21:10:35.705661+00:00
[2022-10-12 18:10:35,728] {processor.py:171} INFO - Processing /Users/renatomelo/Downloads/airflow_tooltorial/airflow-local/venv/lib/python3.9/site-packages/airflow/example_dags/tutorial.py took 0.262 seconds
[2022-10-12 18:12:11,445] {processor.py:163} INFO - Started process (PID=8399) to work on /Users/renatomelo/Downloads/airflow_tooltorial/airflow-local/venv/lib/python3.9/site-packages/airflow/example_dags/tutorial.py
[2022-10-12 18:12:11,445] {processor.py:642} INFO - Processing file /Users/renatomelo/Downloads/airflow_tooltorial/airflow-local/venv/lib/python3.9/site-packages/airflow/example_dags/tutorial.py for tasks to queue
[2022-10-12 18:12:11,446] {logging_mixin.py:109} INFO - [2022-10-12 18:12:11,446] {dagbag.py:500} INFO - Filling up the DagBag from /Users/renatomelo/Downloads/airflow_tooltorial/airflow-local/venv/lib/python3.9/site-packages/airflow/example_dags/tutorial.py
[2022-10-12 18:12:11,495] {processor.py:654} INFO - DAG(s) dict_keys(['tutorial']) retrieved from /Users/renatomelo/Downloads/airflow_tooltorial/airflow-local/venv/lib/python3.9/site-packages/airflow/example_dags/tutorial.py
[2022-10-12 18:12:11,522] {logging_mixin.py:109} INFO - [2022-10-12 18:12:11,522] {dag.py:2396} INFO - Sync 1 DAGs
[2022-10-12 18:12:11,538] {logging_mixin.py:109} INFO - [2022-10-12 18:12:11,537] {dag.py:2935} INFO - Setting next_dagrun for tutorial to 2022-10-11T21:12:11.537204+00:00
[2022-10-12 18:12:11,549] {processor.py:171} INFO - Processing /Users/renatomelo/Downloads/airflow_tooltorial/airflow-local/venv/lib/python3.9/site-packages/airflow/example_dags/tutorial.py took 0.105 seconds
[2022-10-12 18:13:45,990] {processor.py:163} INFO - Started process (PID=8429) to work on /Users/renatomelo/Downloads/airflow_tooltorial/airflow-local/venv/lib/python3.9/site-packages/airflow/example_dags/tutorial.py
[2022-10-12 18:13:45,993] {processor.py:642} INFO - Processing file /Users/renatomelo/Downloads/airflow_tooltorial/airflow-local/venv/lib/python3.9/site-packages/airflow/example_dags/tutorial.py for tasks to queue
[2022-10-12 18:13:45,993] {logging_mixin.py:109} INFO - [2022-10-12 18:13:45,993] {dagbag.py:500} INFO - Filling up the DagBag from /Users/renatomelo/Downloads/airflow_tooltorial/airflow-local/venv/lib/python3.9/site-packages/airflow/example_dags/tutorial.py
[2022-10-12 18:13:46,045] {processor.py:654} INFO - DAG(s) dict_keys(['tutorial']) retrieved from /Users/renatomelo/Downloads/airflow_tooltorial/airflow-local/venv/lib/python3.9/site-packages/airflow/example_dags/tutorial.py
[2022-10-12 18:13:46,070] {logging_mixin.py:109} INFO - [2022-10-12 18:13:46,070] {dag.py:2396} INFO - Sync 1 DAGs
[2022-10-12 18:13:46,085] {logging_mixin.py:109} INFO - [2022-10-12 18:13:46,085] {dag.py:2935} INFO - Setting next_dagrun for tutorial to 2022-10-11T21:13:46.085408+00:00
[2022-10-12 18:13:46,099] {processor.py:171} INFO - Processing /Users/renatomelo/Downloads/airflow_tooltorial/airflow-local/venv/lib/python3.9/site-packages/airflow/example_dags/tutorial.py took 0.110 seconds
[2022-10-12 18:15:05,779] {processor.py:163} INFO - Started process (PID=8457) to work on /Users/renatomelo/Downloads/airflow_tooltorial/airflow-local/venv/lib/python3.9/site-packages/airflow/example_dags/tutorial.py
[2022-10-12 18:15:05,780] {processor.py:642} INFO - Processing file /Users/renatomelo/Downloads/airflow_tooltorial/airflow-local/venv/lib/python3.9/site-packages/airflow/example_dags/tutorial.py for tasks to queue
[2022-10-12 18:15:05,780] {logging_mixin.py:109} INFO - [2022-10-12 18:15:05,780] {dagbag.py:500} INFO - Filling up the DagBag from /Users/renatomelo/Downloads/airflow_tooltorial/airflow-local/venv/lib/python3.9/site-packages/airflow/example_dags/tutorial.py
[2022-10-12 18:15:05,818] {processor.py:654} INFO - DAG(s) dict_keys(['tutorial']) retrieved from /Users/renatomelo/Downloads/airflow_tooltorial/airflow-local/venv/lib/python3.9/site-packages/airflow/example_dags/tutorial.py
[2022-10-12 18:15:05,836] {logging_mixin.py:109} INFO - [2022-10-12 18:15:05,836] {dag.py:2396} INFO - Sync 1 DAGs
[2022-10-12 18:15:05,846] {logging_mixin.py:109} INFO - [2022-10-12 18:15:05,846] {dag.py:2935} INFO - Setting next_dagrun for tutorial to 2022-10-11T21:15:05.845911+00:00
[2022-10-12 18:15:05,856] {processor.py:171} INFO - Processing /Users/renatomelo/Downloads/airflow_tooltorial/airflow-local/venv/lib/python3.9/site-packages/airflow/example_dags/tutorial.py took 0.077 seconds
[2022-10-12 18:16:32,501] {processor.py:163} INFO - Started process (PID=8487) to work on /Users/renatomelo/Downloads/airflow_tooltorial/airflow-local/venv/lib/python3.9/site-packages/airflow/example_dags/tutorial.py
[2022-10-12 18:16:32,509] {processor.py:642} INFO - Processing file /Users/renatomelo/Downloads/airflow_tooltorial/airflow-local/venv/lib/python3.9/site-packages/airflow/example_dags/tutorial.py for tasks to queue
[2022-10-12 18:16:32,510] {logging_mixin.py:109} INFO - [2022-10-12 18:16:32,510] {dagbag.py:500} INFO - Filling up the DagBag from /Users/renatomelo/Downloads/airflow_tooltorial/airflow-local/venv/lib/python3.9/site-packages/airflow/example_dags/tutorial.py
[2022-10-12 18:16:32,557] {processor.py:654} INFO - DAG(s) dict_keys(['tutorial']) retrieved from /Users/renatomelo/Downloads/airflow_tooltorial/airflow-local/venv/lib/python3.9/site-packages/airflow/example_dags/tutorial.py
[2022-10-12 18:16:32,580] {logging_mixin.py:109} INFO - [2022-10-12 18:16:32,580] {dag.py:2396} INFO - Sync 1 DAGs
[2022-10-12 18:16:32,590] {logging_mixin.py:109} INFO - [2022-10-12 18:16:32,590] {dag.py:2935} INFO - Setting next_dagrun for tutorial to 2022-10-11T21:16:32.590494+00:00
[2022-10-12 18:16:32,615] {processor.py:171} INFO - Processing /Users/renatomelo/Downloads/airflow_tooltorial/airflow-local/venv/lib/python3.9/site-packages/airflow/example_dags/tutorial.py took 0.114 seconds
[2022-10-12 18:17:50,149] {processor.py:163} INFO - Started process (PID=8517) to work on /Users/renatomelo/Downloads/airflow_tooltorial/airflow-local/venv/lib/python3.9/site-packages/airflow/example_dags/tutorial.py
[2022-10-12 18:17:50,149] {processor.py:642} INFO - Processing file /Users/renatomelo/Downloads/airflow_tooltorial/airflow-local/venv/lib/python3.9/site-packages/airflow/example_dags/tutorial.py for tasks to queue
[2022-10-12 18:17:50,150] {logging_mixin.py:109} INFO - [2022-10-12 18:17:50,150] {dagbag.py:500} INFO - Filling up the DagBag from /Users/renatomelo/Downloads/airflow_tooltorial/airflow-local/venv/lib/python3.9/site-packages/airflow/example_dags/tutorial.py
[2022-10-12 18:17:50,188] {processor.py:654} INFO - DAG(s) dict_keys(['tutorial']) retrieved from /Users/renatomelo/Downloads/airflow_tooltorial/airflow-local/venv/lib/python3.9/site-packages/airflow/example_dags/tutorial.py
[2022-10-12 18:17:50,207] {logging_mixin.py:109} INFO - [2022-10-12 18:17:50,207] {dag.py:2396} INFO - Sync 1 DAGs
[2022-10-12 18:17:50,217] {logging_mixin.py:109} INFO - [2022-10-12 18:17:50,216] {dag.py:2935} INFO - Setting next_dagrun for tutorial to 2022-10-11T21:17:50.216746+00:00
[2022-10-12 18:17:50,226] {processor.py:171} INFO - Processing /Users/renatomelo/Downloads/airflow_tooltorial/airflow-local/venv/lib/python3.9/site-packages/airflow/example_dags/tutorial.py took 0.078 seconds
[2022-10-12 18:18:59,202] {processor.py:163} INFO - Started process (PID=8544) to work on /Users/renatomelo/Downloads/airflow_tooltorial/airflow-local/venv/lib/python3.9/site-packages/airflow/example_dags/tutorial.py
[2022-10-12 18:18:59,203] {processor.py:642} INFO - Processing file /Users/renatomelo/Downloads/airflow_tooltorial/airflow-local/venv/lib/python3.9/site-packages/airflow/example_dags/tutorial.py for tasks to queue
[2022-10-12 18:18:59,203] {logging_mixin.py:109} INFO - [2022-10-12 18:18:59,203] {dagbag.py:500} INFO - Filling up the DagBag from /Users/renatomelo/Downloads/airflow_tooltorial/airflow-local/venv/lib/python3.9/site-packages/airflow/example_dags/tutorial.py
[2022-10-12 18:18:59,237] {processor.py:654} INFO - DAG(s) dict_keys(['tutorial']) retrieved from /Users/renatomelo/Downloads/airflow_tooltorial/airflow-local/venv/lib/python3.9/site-packages/airflow/example_dags/tutorial.py
[2022-10-12 18:18:59,256] {logging_mixin.py:109} INFO - [2022-10-12 18:18:59,255] {dag.py:2396} INFO - Sync 1 DAGs
[2022-10-12 18:18:59,265] {logging_mixin.py:109} INFO - [2022-10-12 18:18:59,265] {dag.py:2935} INFO - Setting next_dagrun for tutorial to 2022-10-11T21:18:59.264941+00:00
[2022-10-12 18:18:59,274] {processor.py:171} INFO - Processing /Users/renatomelo/Downloads/airflow_tooltorial/airflow-local/venv/lib/python3.9/site-packages/airflow/example_dags/tutorial.py took 0.073 seconds
[2022-10-12 18:20:08,515] {processor.py:163} INFO - Started process (PID=8570) to work on /Users/renatomelo/Downloads/airflow_tooltorial/airflow-local/venv/lib/python3.9/site-packages/airflow/example_dags/tutorial.py
[2022-10-12 18:20:08,515] {processor.py:642} INFO - Processing file /Users/renatomelo/Downloads/airflow_tooltorial/airflow-local/venv/lib/python3.9/site-packages/airflow/example_dags/tutorial.py for tasks to queue
[2022-10-12 18:20:08,516] {logging_mixin.py:109} INFO - [2022-10-12 18:20:08,516] {dagbag.py:500} INFO - Filling up the DagBag from /Users/renatomelo/Downloads/airflow_tooltorial/airflow-local/venv/lib/python3.9/site-packages/airflow/example_dags/tutorial.py
[2022-10-12 18:20:08,550] {processor.py:654} INFO - DAG(s) dict_keys(['tutorial']) retrieved from /Users/renatomelo/Downloads/airflow_tooltorial/airflow-local/venv/lib/python3.9/site-packages/airflow/example_dags/tutorial.py
[2022-10-12 18:20:08,567] {logging_mixin.py:109} INFO - [2022-10-12 18:20:08,567] {dag.py:2396} INFO - Sync 1 DAGs
[2022-10-12 18:20:08,577] {logging_mixin.py:109} INFO - [2022-10-12 18:20:08,577] {dag.py:2935} INFO - Setting next_dagrun for tutorial to 2022-10-11T21:20:08.577380+00:00
[2022-10-12 18:20:08,586] {processor.py:171} INFO - Processing /Users/renatomelo/Downloads/airflow_tooltorial/airflow-local/venv/lib/python3.9/site-packages/airflow/example_dags/tutorial.py took 0.072 seconds
[2022-10-12 18:21:19,076] {processor.py:163} INFO - Started process (PID=8595) to work on /Users/renatomelo/Downloads/airflow_tooltorial/airflow-local/venv/lib/python3.9/site-packages/airflow/example_dags/tutorial.py
[2022-10-12 18:21:19,076] {processor.py:642} INFO - Processing file /Users/renatomelo/Downloads/airflow_tooltorial/airflow-local/venv/lib/python3.9/site-packages/airflow/example_dags/tutorial.py for tasks to queue
[2022-10-12 18:21:19,077] {logging_mixin.py:109} INFO - [2022-10-12 18:21:19,077] {dagbag.py:500} INFO - Filling up the DagBag from /Users/renatomelo/Downloads/airflow_tooltorial/airflow-local/venv/lib/python3.9/site-packages/airflow/example_dags/tutorial.py
[2022-10-12 18:21:19,126] {processor.py:654} INFO - DAG(s) dict_keys(['tutorial']) retrieved from /Users/renatomelo/Downloads/airflow_tooltorial/airflow-local/venv/lib/python3.9/site-packages/airflow/example_dags/tutorial.py
[2022-10-12 18:21:19,154] {logging_mixin.py:109} INFO - [2022-10-12 18:21:19,154] {dag.py:2396} INFO - Sync 1 DAGs
[2022-10-12 18:21:19,166] {logging_mixin.py:109} INFO - [2022-10-12 18:21:19,166] {dag.py:2935} INFO - Setting next_dagrun for tutorial to 2022-10-11T21:21:19.166491+00:00
[2022-10-12 18:21:19,180] {processor.py:171} INFO - Processing /Users/renatomelo/Downloads/airflow_tooltorial/airflow-local/venv/lib/python3.9/site-packages/airflow/example_dags/tutorial.py took 0.106 seconds
[2022-10-12 18:22:34,044] {processor.py:163} INFO - Started process (PID=8637) to work on /Users/renatomelo/Downloads/airflow_tooltorial/airflow-local/venv/lib/python3.9/site-packages/airflow/example_dags/tutorial.py
[2022-10-12 18:22:34,046] {processor.py:642} INFO - Processing file /Users/renatomelo/Downloads/airflow_tooltorial/airflow-local/venv/lib/python3.9/site-packages/airflow/example_dags/tutorial.py for tasks to queue
[2022-10-12 18:22:34,046] {logging_mixin.py:109} INFO - [2022-10-12 18:22:34,046] {dagbag.py:500} INFO - Filling up the DagBag from /Users/renatomelo/Downloads/airflow_tooltorial/airflow-local/venv/lib/python3.9/site-packages/airflow/example_dags/tutorial.py
[2022-10-12 18:22:34,089] {processor.py:654} INFO - DAG(s) dict_keys(['tutorial']) retrieved from /Users/renatomelo/Downloads/airflow_tooltorial/airflow-local/venv/lib/python3.9/site-packages/airflow/example_dags/tutorial.py
[2022-10-12 18:22:34,106] {logging_mixin.py:109} INFO - [2022-10-12 18:22:34,106] {dag.py:2396} INFO - Sync 1 DAGs
[2022-10-12 18:22:34,116] {logging_mixin.py:109} INFO - [2022-10-12 18:22:34,116] {dag.py:2935} INFO - Setting next_dagrun for tutorial to 2022-10-11T21:22:34.116615+00:00
[2022-10-12 18:22:34,125] {processor.py:171} INFO - Processing /Users/renatomelo/Downloads/airflow_tooltorial/airflow-local/venv/lib/python3.9/site-packages/airflow/example_dags/tutorial.py took 0.082 seconds
[2022-10-12 18:23:45,208] {processor.py:163} INFO - Started process (PID=8675) to work on /Users/renatomelo/Downloads/airflow_tooltorial/airflow-local/venv/lib/python3.9/site-packages/airflow/example_dags/tutorial.py
[2022-10-12 18:23:45,209] {processor.py:642} INFO - Processing file /Users/renatomelo/Downloads/airflow_tooltorial/airflow-local/venv/lib/python3.9/site-packages/airflow/example_dags/tutorial.py for tasks to queue
[2022-10-12 18:23:45,210] {logging_mixin.py:109} INFO - [2022-10-12 18:23:45,210] {dagbag.py:500} INFO - Filling up the DagBag from /Users/renatomelo/Downloads/airflow_tooltorial/airflow-local/venv/lib/python3.9/site-packages/airflow/example_dags/tutorial.py
[2022-10-12 18:23:45,294] {processor.py:654} INFO - DAG(s) dict_keys(['tutorial']) retrieved from /Users/renatomelo/Downloads/airflow_tooltorial/airflow-local/venv/lib/python3.9/site-packages/airflow/example_dags/tutorial.py
[2022-10-12 18:23:45,827] {logging_mixin.py:109} INFO - [2022-10-12 18:23:45,826] {dag.py:2396} INFO - Sync 1 DAGs
[2022-10-12 18:23:45,845] {logging_mixin.py:109} INFO - [2022-10-12 18:23:45,845] {dag.py:2935} INFO - Setting next_dagrun for tutorial to 2022-10-11T21:23:45.845192+00:00
[2022-10-12 18:23:45,869] {processor.py:171} INFO - Processing /Users/renatomelo/Downloads/airflow_tooltorial/airflow-local/venv/lib/python3.9/site-packages/airflow/example_dags/tutorial.py took 0.662 seconds
[2022-10-12 18:25:00,311] {processor.py:163} INFO - Started process (PID=8710) to work on /Users/renatomelo/Downloads/airflow_tooltorial/airflow-local/venv/lib/python3.9/site-packages/airflow/example_dags/tutorial.py
[2022-10-12 18:25:00,311] {processor.py:642} INFO - Processing file /Users/renatomelo/Downloads/airflow_tooltorial/airflow-local/venv/lib/python3.9/site-packages/airflow/example_dags/tutorial.py for tasks to queue
[2022-10-12 18:25:00,312] {logging_mixin.py:109} INFO - [2022-10-12 18:25:00,312] {dagbag.py:500} INFO - Filling up the DagBag from /Users/renatomelo/Downloads/airflow_tooltorial/airflow-local/venv/lib/python3.9/site-packages/airflow/example_dags/tutorial.py
[2022-10-12 18:25:00,347] {processor.py:654} INFO - DAG(s) dict_keys(['tutorial']) retrieved from /Users/renatomelo/Downloads/airflow_tooltorial/airflow-local/venv/lib/python3.9/site-packages/airflow/example_dags/tutorial.py
[2022-10-12 18:25:00,369] {logging_mixin.py:109} INFO - [2022-10-12 18:25:00,369] {dag.py:2396} INFO - Sync 1 DAGs
[2022-10-12 18:25:00,381] {logging_mixin.py:109} INFO - [2022-10-12 18:25:00,381] {dag.py:2935} INFO - Setting next_dagrun for tutorial to 2022-10-11T21:25:00.381662+00:00
[2022-10-12 18:25:00,392] {processor.py:171} INFO - Processing /Users/renatomelo/Downloads/airflow_tooltorial/airflow-local/venv/lib/python3.9/site-packages/airflow/example_dags/tutorial.py took 0.082 seconds
[2022-10-12 18:26:16,001] {processor.py:163} INFO - Started process (PID=8743) to work on /Users/renatomelo/Downloads/airflow_tooltorial/airflow-local/venv/lib/python3.9/site-packages/airflow/example_dags/tutorial.py
[2022-10-12 18:26:16,002] {processor.py:642} INFO - Processing file /Users/renatomelo/Downloads/airflow_tooltorial/airflow-local/venv/lib/python3.9/site-packages/airflow/example_dags/tutorial.py for tasks to queue
[2022-10-12 18:26:16,002] {logging_mixin.py:109} INFO - [2022-10-12 18:26:16,002] {dagbag.py:500} INFO - Filling up the DagBag from /Users/renatomelo/Downloads/airflow_tooltorial/airflow-local/venv/lib/python3.9/site-packages/airflow/example_dags/tutorial.py
[2022-10-12 18:26:16,038] {processor.py:654} INFO - DAG(s) dict_keys(['tutorial']) retrieved from /Users/renatomelo/Downloads/airflow_tooltorial/airflow-local/venv/lib/python3.9/site-packages/airflow/example_dags/tutorial.py
[2022-10-12 18:26:16,057] {logging_mixin.py:109} INFO - [2022-10-12 18:26:16,057] {dag.py:2396} INFO - Sync 1 DAGs
[2022-10-12 18:26:16,068] {logging_mixin.py:109} INFO - [2022-10-12 18:26:16,068] {dag.py:2935} INFO - Setting next_dagrun for tutorial to 2022-10-11T21:26:16.068565+00:00
[2022-10-12 18:26:16,079] {processor.py:171} INFO - Processing /Users/renatomelo/Downloads/airflow_tooltorial/airflow-local/venv/lib/python3.9/site-packages/airflow/example_dags/tutorial.py took 0.078 seconds
[2022-10-12 18:27:39,667] {processor.py:163} INFO - Started process (PID=8794) to work on /Users/renatomelo/Downloads/airflow_tooltorial/airflow-local/venv/lib/python3.9/site-packages/airflow/example_dags/tutorial.py
[2022-10-12 18:27:39,667] {processor.py:642} INFO - Processing file /Users/renatomelo/Downloads/airflow_tooltorial/airflow-local/venv/lib/python3.9/site-packages/airflow/example_dags/tutorial.py for tasks to queue
[2022-10-12 18:27:39,668] {logging_mixin.py:109} INFO - [2022-10-12 18:27:39,667] {dagbag.py:500} INFO - Filling up the DagBag from /Users/renatomelo/Downloads/airflow_tooltorial/airflow-local/venv/lib/python3.9/site-packages/airflow/example_dags/tutorial.py
[2022-10-12 18:27:39,704] {processor.py:654} INFO - DAG(s) dict_keys(['tutorial']) retrieved from /Users/renatomelo/Downloads/airflow_tooltorial/airflow-local/venv/lib/python3.9/site-packages/airflow/example_dags/tutorial.py
[2022-10-12 18:27:39,723] {logging_mixin.py:109} INFO - [2022-10-12 18:27:39,723] {dag.py:2396} INFO - Sync 1 DAGs
[2022-10-12 18:27:39,732] {logging_mixin.py:109} INFO - [2022-10-12 18:27:39,732] {dag.py:2935} INFO - Setting next_dagrun for tutorial to 2022-10-11T21:27:39.732464+00:00
[2022-10-12 18:27:39,742] {processor.py:171} INFO - Processing /Users/renatomelo/Downloads/airflow_tooltorial/airflow-local/venv/lib/python3.9/site-packages/airflow/example_dags/tutorial.py took 0.076 seconds
[2022-10-12 18:28:44,561] {processor.py:163} INFO - Started process (PID=8821) to work on /Users/renatomelo/Downloads/airflow_tooltorial/airflow-local/venv/lib/python3.9/site-packages/airflow/example_dags/tutorial.py
[2022-10-12 18:28:44,561] {processor.py:642} INFO - Processing file /Users/renatomelo/Downloads/airflow_tooltorial/airflow-local/venv/lib/python3.9/site-packages/airflow/example_dags/tutorial.py for tasks to queue
[2022-10-12 18:28:44,562] {logging_mixin.py:109} INFO - [2022-10-12 18:28:44,562] {dagbag.py:500} INFO - Filling up the DagBag from /Users/renatomelo/Downloads/airflow_tooltorial/airflow-local/venv/lib/python3.9/site-packages/airflow/example_dags/tutorial.py
[2022-10-12 18:28:44,595] {processor.py:654} INFO - DAG(s) dict_keys(['tutorial']) retrieved from /Users/renatomelo/Downloads/airflow_tooltorial/airflow-local/venv/lib/python3.9/site-packages/airflow/example_dags/tutorial.py
[2022-10-12 18:28:44,612] {logging_mixin.py:109} INFO - [2022-10-12 18:28:44,612] {dag.py:2396} INFO - Sync 1 DAGs
[2022-10-12 18:28:44,622] {logging_mixin.py:109} INFO - [2022-10-12 18:28:44,622] {dag.py:2935} INFO - Setting next_dagrun for tutorial to 2022-10-11T21:28:44.622008+00:00
[2022-10-12 18:28:44,631] {processor.py:171} INFO - Processing /Users/renatomelo/Downloads/airflow_tooltorial/airflow-local/venv/lib/python3.9/site-packages/airflow/example_dags/tutorial.py took 0.071 seconds
[2022-10-12 18:29:41,978] {processor.py:163} INFO - Started process (PID=8846) to work on /Users/renatomelo/Downloads/airflow_tooltorial/airflow-local/venv/lib/python3.9/site-packages/airflow/example_dags/tutorial.py
[2022-10-12 18:29:41,979] {processor.py:642} INFO - Processing file /Users/renatomelo/Downloads/airflow_tooltorial/airflow-local/venv/lib/python3.9/site-packages/airflow/example_dags/tutorial.py for tasks to queue
[2022-10-12 18:29:41,979] {logging_mixin.py:109} INFO - [2022-10-12 18:29:41,979] {dagbag.py:500} INFO - Filling up the DagBag from /Users/renatomelo/Downloads/airflow_tooltorial/airflow-local/venv/lib/python3.9/site-packages/airflow/example_dags/tutorial.py
[2022-10-12 18:29:42,013] {processor.py:654} INFO - DAG(s) dict_keys(['tutorial']) retrieved from /Users/renatomelo/Downloads/airflow_tooltorial/airflow-local/venv/lib/python3.9/site-packages/airflow/example_dags/tutorial.py
[2022-10-12 18:29:42,031] {logging_mixin.py:109} INFO - [2022-10-12 18:29:42,031] {dag.py:2396} INFO - Sync 1 DAGs
[2022-10-12 18:29:42,040] {logging_mixin.py:109} INFO - [2022-10-12 18:29:42,040] {dag.py:2935} INFO - Setting next_dagrun for tutorial to 2022-10-11T21:29:42.040099+00:00
[2022-10-12 18:29:42,049] {processor.py:171} INFO - Processing /Users/renatomelo/Downloads/airflow_tooltorial/airflow-local/venv/lib/python3.9/site-packages/airflow/example_dags/tutorial.py took 0.071 seconds
[2022-10-12 18:30:51,969] {processor.py:163} INFO - Started process (PID=8904) to work on /Users/renatomelo/Downloads/airflow_tooltorial/airflow-local/venv/lib/python3.9/site-packages/airflow/example_dags/tutorial.py
[2022-10-12 18:30:51,970] {processor.py:642} INFO - Processing file /Users/renatomelo/Downloads/airflow_tooltorial/airflow-local/venv/lib/python3.9/site-packages/airflow/example_dags/tutorial.py for tasks to queue
[2022-10-12 18:30:51,971] {logging_mixin.py:109} INFO - [2022-10-12 18:30:51,971] {dagbag.py:500} INFO - Filling up the DagBag from /Users/renatomelo/Downloads/airflow_tooltorial/airflow-local/venv/lib/python3.9/site-packages/airflow/example_dags/tutorial.py
[2022-10-12 18:30:52,020] {processor.py:654} INFO - DAG(s) dict_keys(['tutorial']) retrieved from /Users/renatomelo/Downloads/airflow_tooltorial/airflow-local/venv/lib/python3.9/site-packages/airflow/example_dags/tutorial.py
[2022-10-12 18:30:52,047] {logging_mixin.py:109} INFO - [2022-10-12 18:30:52,047] {dag.py:2396} INFO - Sync 1 DAGs
[2022-10-12 18:30:52,060] {logging_mixin.py:109} INFO - [2022-10-12 18:30:52,060] {dag.py:2935} INFO - Setting next_dagrun for tutorial to 2022-10-11T21:30:52.060342+00:00
[2022-10-12 18:30:52,070] {processor.py:171} INFO - Processing /Users/renatomelo/Downloads/airflow_tooltorial/airflow-local/venv/lib/python3.9/site-packages/airflow/example_dags/tutorial.py took 0.101 seconds
[2022-10-12 18:32:13,857] {processor.py:163} INFO - Started process (PID=8934) to work on /Users/renatomelo/Downloads/airflow_tooltorial/airflow-local/venv/lib/python3.9/site-packages/airflow/example_dags/tutorial.py
[2022-10-12 18:32:13,857] {processor.py:642} INFO - Processing file /Users/renatomelo/Downloads/airflow_tooltorial/airflow-local/venv/lib/python3.9/site-packages/airflow/example_dags/tutorial.py for tasks to queue
[2022-10-12 18:32:13,858] {logging_mixin.py:109} INFO - [2022-10-12 18:32:13,858] {dagbag.py:500} INFO - Filling up the DagBag from /Users/renatomelo/Downloads/airflow_tooltorial/airflow-local/venv/lib/python3.9/site-packages/airflow/example_dags/tutorial.py
[2022-10-12 18:32:13,892] {processor.py:654} INFO - DAG(s) dict_keys(['tutorial']) retrieved from /Users/renatomelo/Downloads/airflow_tooltorial/airflow-local/venv/lib/python3.9/site-packages/airflow/example_dags/tutorial.py
[2022-10-12 18:32:13,909] {logging_mixin.py:109} INFO - [2022-10-12 18:32:13,909] {dag.py:2396} INFO - Sync 1 DAGs
[2022-10-12 18:32:13,919] {logging_mixin.py:109} INFO - [2022-10-12 18:32:13,919] {dag.py:2935} INFO - Setting next_dagrun for tutorial to 2022-10-11T21:32:13.919027+00:00
[2022-10-12 18:32:13,930] {processor.py:171} INFO - Processing /Users/renatomelo/Downloads/airflow_tooltorial/airflow-local/venv/lib/python3.9/site-packages/airflow/example_dags/tutorial.py took 0.073 seconds
[2022-10-12 18:33:28,060] {processor.py:163} INFO - Started process (PID=8960) to work on /Users/renatomelo/Downloads/airflow_tooltorial/airflow-local/venv/lib/python3.9/site-packages/airflow/example_dags/tutorial.py
[2022-10-12 18:33:28,062] {processor.py:642} INFO - Processing file /Users/renatomelo/Downloads/airflow_tooltorial/airflow-local/venv/lib/python3.9/site-packages/airflow/example_dags/tutorial.py for tasks to queue
[2022-10-12 18:33:28,063] {logging_mixin.py:109} INFO - [2022-10-12 18:33:28,062] {dagbag.py:500} INFO - Filling up the DagBag from /Users/renatomelo/Downloads/airflow_tooltorial/airflow-local/venv/lib/python3.9/site-packages/airflow/example_dags/tutorial.py
[2022-10-12 18:33:28,110] {processor.py:654} INFO - DAG(s) dict_keys(['tutorial']) retrieved from /Users/renatomelo/Downloads/airflow_tooltorial/airflow-local/venv/lib/python3.9/site-packages/airflow/example_dags/tutorial.py
[2022-10-12 18:33:28,130] {logging_mixin.py:109} INFO - [2022-10-12 18:33:28,130] {dag.py:2396} INFO - Sync 1 DAGs
[2022-10-12 18:33:28,142] {logging_mixin.py:109} INFO - [2022-10-12 18:33:28,141] {dag.py:2935} INFO - Setting next_dagrun for tutorial to 2022-10-11T21:33:28.141822+00:00
[2022-10-12 18:33:28,152] {processor.py:171} INFO - Processing /Users/renatomelo/Downloads/airflow_tooltorial/airflow-local/venv/lib/python3.9/site-packages/airflow/example_dags/tutorial.py took 0.093 seconds
