[2022-10-12 18:04:17,552] {processor.py:163} INFO - Started process (PID=7900) to work on /Users/renatomelo/Downloads/airflow_tooltorial/airflow-local/venv/lib/python3.9/site-packages/airflow/example_dags/tutorial_etl_dag.py
[2022-10-12 18:04:17,553] {processor.py:642} INFO - Processing file /Users/renatomelo/Downloads/airflow_tooltorial/airflow-local/venv/lib/python3.9/site-packages/airflow/example_dags/tutorial_etl_dag.py for tasks to queue
[2022-10-12 18:04:17,554] {logging_mixin.py:109} INFO - [2022-10-12 18:04:17,554] {dagbag.py:500} INFO - Filling up the DagBag from /Users/renatomelo/Downloads/airflow_tooltorial/airflow-local/venv/lib/python3.9/site-packages/airflow/example_dags/tutorial_etl_dag.py
[2022-10-12 18:04:17,602] {processor.py:654} INFO - DAG(s) dict_keys(['tutorial_etl_dag']) retrieved from /Users/renatomelo/Downloads/airflow_tooltorial/airflow-local/venv/lib/python3.9/site-packages/airflow/example_dags/tutorial_etl_dag.py
[2022-10-12 18:04:17,614] {logging_mixin.py:109} INFO - [2022-10-12 18:04:17,614] {dag.py:2396} INFO - Sync 1 DAGs
[2022-10-12 18:04:17,629] {logging_mixin.py:109} INFO - [2022-10-12 18:04:17,629] {dag.py:2935} INFO - Setting next_dagrun for tutorial_etl_dag to None
[2022-10-12 18:04:17,637] {processor.py:171} INFO - Processing /Users/renatomelo/Downloads/airflow_tooltorial/airflow-local/venv/lib/python3.9/site-packages/airflow/example_dags/tutorial_etl_dag.py took 0.086 seconds
[2022-10-12 18:06:14,947] {processor.py:163} INFO - Started process (PID=8102) to work on /Users/renatomelo/Downloads/airflow_tooltorial/airflow-local/venv/lib/python3.9/site-packages/airflow/example_dags/tutorial_etl_dag.py
[2022-10-12 18:06:14,951] {processor.py:642} INFO - Processing file /Users/renatomelo/Downloads/airflow_tooltorial/airflow-local/venv/lib/python3.9/site-packages/airflow/example_dags/tutorial_etl_dag.py for tasks to queue
[2022-10-12 18:06:14,955] {logging_mixin.py:109} INFO - [2022-10-12 18:06:14,954] {dagbag.py:500} INFO - Filling up the DagBag from /Users/renatomelo/Downloads/airflow_tooltorial/airflow-local/venv/lib/python3.9/site-packages/airflow/example_dags/tutorial_etl_dag.py
[2022-10-12 18:06:15,043] {processor.py:654} INFO - DAG(s) dict_keys(['tutorial_etl_dag']) retrieved from /Users/renatomelo/Downloads/airflow_tooltorial/airflow-local/venv/lib/python3.9/site-packages/airflow/example_dags/tutorial_etl_dag.py
[2022-10-12 18:06:15,076] {logging_mixin.py:109} INFO - [2022-10-12 18:06:15,076] {dag.py:2396} INFO - Sync 1 DAGs
[2022-10-12 18:06:15,094] {logging_mixin.py:109} INFO - [2022-10-12 18:06:15,093] {dag.py:2935} INFO - Setting next_dagrun for tutorial_etl_dag to None
[2022-10-12 18:06:15,107] {processor.py:171} INFO - Processing /Users/renatomelo/Downloads/airflow_tooltorial/airflow-local/venv/lib/python3.9/site-packages/airflow/example_dags/tutorial_etl_dag.py took 0.161 seconds
[2022-10-12 18:07:42,473] {processor.py:163} INFO - Started process (PID=8253) to work on /Users/renatomelo/Downloads/airflow_tooltorial/airflow-local/venv/lib/python3.9/site-packages/airflow/example_dags/tutorial_etl_dag.py
[2022-10-12 18:07:42,475] {processor.py:642} INFO - Processing file /Users/renatomelo/Downloads/airflow_tooltorial/airflow-local/venv/lib/python3.9/site-packages/airflow/example_dags/tutorial_etl_dag.py for tasks to queue
[2022-10-12 18:07:42,476] {logging_mixin.py:109} INFO - [2022-10-12 18:07:42,476] {dagbag.py:500} INFO - Filling up the DagBag from /Users/renatomelo/Downloads/airflow_tooltorial/airflow-local/venv/lib/python3.9/site-packages/airflow/example_dags/tutorial_etl_dag.py
[2022-10-12 18:07:42,571] {processor.py:654} INFO - DAG(s) dict_keys(['tutorial_etl_dag']) retrieved from /Users/renatomelo/Downloads/airflow_tooltorial/airflow-local/venv/lib/python3.9/site-packages/airflow/example_dags/tutorial_etl_dag.py
[2022-10-12 18:07:42,602] {logging_mixin.py:109} INFO - [2022-10-12 18:07:42,602] {dag.py:2396} INFO - Sync 1 DAGs
[2022-10-12 18:07:42,625] {logging_mixin.py:109} INFO - [2022-10-12 18:07:42,625] {dag.py:2935} INFO - Setting next_dagrun for tutorial_etl_dag to None
[2022-10-12 18:07:42,641] {processor.py:171} INFO - Processing /Users/renatomelo/Downloads/airflow_tooltorial/airflow-local/venv/lib/python3.9/site-packages/airflow/example_dags/tutorial_etl_dag.py took 0.168 seconds
[2022-10-12 18:08:59,138] {processor.py:163} INFO - Started process (PID=8291) to work on /Users/renatomelo/Downloads/airflow_tooltorial/airflow-local/venv/lib/python3.9/site-packages/airflow/example_dags/tutorial_etl_dag.py
[2022-10-12 18:08:59,139] {processor.py:642} INFO - Processing file /Users/renatomelo/Downloads/airflow_tooltorial/airflow-local/venv/lib/python3.9/site-packages/airflow/example_dags/tutorial_etl_dag.py for tasks to queue
[2022-10-12 18:08:59,139] {logging_mixin.py:109} INFO - [2022-10-12 18:08:59,139] {dagbag.py:500} INFO - Filling up the DagBag from /Users/renatomelo/Downloads/airflow_tooltorial/airflow-local/venv/lib/python3.9/site-packages/airflow/example_dags/tutorial_etl_dag.py
[2022-10-12 18:08:59,232] {processor.py:654} INFO - DAG(s) dict_keys(['tutorial_etl_dag']) retrieved from /Users/renatomelo/Downloads/airflow_tooltorial/airflow-local/venv/lib/python3.9/site-packages/airflow/example_dags/tutorial_etl_dag.py
[2022-10-12 18:08:59,268] {logging_mixin.py:109} INFO - [2022-10-12 18:08:59,267] {dag.py:2396} INFO - Sync 1 DAGs
[2022-10-12 18:08:59,290] {logging_mixin.py:109} INFO - [2022-10-12 18:08:59,290] {dag.py:2935} INFO - Setting next_dagrun for tutorial_etl_dag to None
[2022-10-12 18:08:59,308] {processor.py:171} INFO - Processing /Users/renatomelo/Downloads/airflow_tooltorial/airflow-local/venv/lib/python3.9/site-packages/airflow/example_dags/tutorial_etl_dag.py took 0.171 seconds
[2022-10-12 18:10:30,652] {processor.py:163} INFO - Started process (PID=8354) to work on /Users/renatomelo/Downloads/airflow_tooltorial/airflow-local/venv/lib/python3.9/site-packages/airflow/example_dags/tutorial_etl_dag.py
[2022-10-12 18:10:30,654] {processor.py:642} INFO - Processing file /Users/renatomelo/Downloads/airflow_tooltorial/airflow-local/venv/lib/python3.9/site-packages/airflow/example_dags/tutorial_etl_dag.py for tasks to queue
[2022-10-12 18:10:30,655] {logging_mixin.py:109} INFO - [2022-10-12 18:10:30,655] {dagbag.py:500} INFO - Filling up the DagBag from /Users/renatomelo/Downloads/airflow_tooltorial/airflow-local/venv/lib/python3.9/site-packages/airflow/example_dags/tutorial_etl_dag.py
[2022-10-12 18:10:30,720] {processor.py:654} INFO - DAG(s) dict_keys(['tutorial_etl_dag']) retrieved from /Users/renatomelo/Downloads/airflow_tooltorial/airflow-local/venv/lib/python3.9/site-packages/airflow/example_dags/tutorial_etl_dag.py
[2022-10-12 18:10:30,746] {logging_mixin.py:109} INFO - [2022-10-12 18:10:30,746] {dag.py:2396} INFO - Sync 1 DAGs
[2022-10-12 18:10:30,758] {logging_mixin.py:109} INFO - [2022-10-12 18:10:30,758] {dag.py:2935} INFO - Setting next_dagrun for tutorial_etl_dag to None
[2022-10-12 18:10:30,770] {processor.py:171} INFO - Processing /Users/renatomelo/Downloads/airflow_tooltorial/airflow-local/venv/lib/python3.9/site-packages/airflow/example_dags/tutorial_etl_dag.py took 0.119 seconds
[2022-10-12 18:12:08,793] {processor.py:163} INFO - Started process (PID=8398) to work on /Users/renatomelo/Downloads/airflow_tooltorial/airflow-local/venv/lib/python3.9/site-packages/airflow/example_dags/tutorial_etl_dag.py
[2022-10-12 18:12:08,793] {processor.py:642} INFO - Processing file /Users/renatomelo/Downloads/airflow_tooltorial/airflow-local/venv/lib/python3.9/site-packages/airflow/example_dags/tutorial_etl_dag.py for tasks to queue
[2022-10-12 18:12:08,794] {logging_mixin.py:109} INFO - [2022-10-12 18:12:08,794] {dagbag.py:500} INFO - Filling up the DagBag from /Users/renatomelo/Downloads/airflow_tooltorial/airflow-local/venv/lib/python3.9/site-packages/airflow/example_dags/tutorial_etl_dag.py
[2022-10-12 18:12:08,852] {processor.py:654} INFO - DAG(s) dict_keys(['tutorial_etl_dag']) retrieved from /Users/renatomelo/Downloads/airflow_tooltorial/airflow-local/venv/lib/python3.9/site-packages/airflow/example_dags/tutorial_etl_dag.py
[2022-10-12 18:12:08,877] {logging_mixin.py:109} INFO - [2022-10-12 18:12:08,877] {dag.py:2396} INFO - Sync 1 DAGs
[2022-10-12 18:12:08,891] {logging_mixin.py:109} INFO - [2022-10-12 18:12:08,891] {dag.py:2935} INFO - Setting next_dagrun for tutorial_etl_dag to None
[2022-10-12 18:12:08,902] {processor.py:171} INFO - Processing /Users/renatomelo/Downloads/airflow_tooltorial/airflow-local/venv/lib/python3.9/site-packages/airflow/example_dags/tutorial_etl_dag.py took 0.110 seconds
[2022-10-12 18:13:41,803] {processor.py:163} INFO - Started process (PID=8428) to work on /Users/renatomelo/Downloads/airflow_tooltorial/airflow-local/venv/lib/python3.9/site-packages/airflow/example_dags/tutorial_etl_dag.py
[2022-10-12 18:13:41,804] {processor.py:642} INFO - Processing file /Users/renatomelo/Downloads/airflow_tooltorial/airflow-local/venv/lib/python3.9/site-packages/airflow/example_dags/tutorial_etl_dag.py for tasks to queue
[2022-10-12 18:13:41,805] {logging_mixin.py:109} INFO - [2022-10-12 18:13:41,805] {dagbag.py:500} INFO - Filling up the DagBag from /Users/renatomelo/Downloads/airflow_tooltorial/airflow-local/venv/lib/python3.9/site-packages/airflow/example_dags/tutorial_etl_dag.py
[2022-10-12 18:13:41,859] {processor.py:654} INFO - DAG(s) dict_keys(['tutorial_etl_dag']) retrieved from /Users/renatomelo/Downloads/airflow_tooltorial/airflow-local/venv/lib/python3.9/site-packages/airflow/example_dags/tutorial_etl_dag.py
[2022-10-12 18:13:41,880] {logging_mixin.py:109} INFO - [2022-10-12 18:13:41,879] {dag.py:2396} INFO - Sync 1 DAGs
[2022-10-12 18:13:41,891] {logging_mixin.py:109} INFO - [2022-10-12 18:13:41,891] {dag.py:2935} INFO - Setting next_dagrun for tutorial_etl_dag to None
[2022-10-12 18:13:41,900] {processor.py:171} INFO - Processing /Users/renatomelo/Downloads/airflow_tooltorial/airflow-local/venv/lib/python3.9/site-packages/airflow/example_dags/tutorial_etl_dag.py took 0.098 seconds
[2022-10-12 18:15:02,438] {processor.py:163} INFO - Started process (PID=8456) to work on /Users/renatomelo/Downloads/airflow_tooltorial/airflow-local/venv/lib/python3.9/site-packages/airflow/example_dags/tutorial_etl_dag.py
[2022-10-12 18:15:02,439] {processor.py:642} INFO - Processing file /Users/renatomelo/Downloads/airflow_tooltorial/airflow-local/venv/lib/python3.9/site-packages/airflow/example_dags/tutorial_etl_dag.py for tasks to queue
[2022-10-12 18:15:02,439] {logging_mixin.py:109} INFO - [2022-10-12 18:15:02,439] {dagbag.py:500} INFO - Filling up the DagBag from /Users/renatomelo/Downloads/airflow_tooltorial/airflow-local/venv/lib/python3.9/site-packages/airflow/example_dags/tutorial_etl_dag.py
[2022-10-12 18:15:02,502] {processor.py:654} INFO - DAG(s) dict_keys(['tutorial_etl_dag']) retrieved from /Users/renatomelo/Downloads/airflow_tooltorial/airflow-local/venv/lib/python3.9/site-packages/airflow/example_dags/tutorial_etl_dag.py
[2022-10-12 18:15:02,525] {logging_mixin.py:109} INFO - [2022-10-12 18:15:02,525] {dag.py:2396} INFO - Sync 1 DAGs
[2022-10-12 18:15:02,539] {logging_mixin.py:109} INFO - [2022-10-12 18:15:02,539] {dag.py:2935} INFO - Setting next_dagrun for tutorial_etl_dag to None
[2022-10-12 18:15:02,550] {processor.py:171} INFO - Processing /Users/renatomelo/Downloads/airflow_tooltorial/airflow-local/venv/lib/python3.9/site-packages/airflow/example_dags/tutorial_etl_dag.py took 0.112 seconds
[2022-10-12 18:16:29,166] {processor.py:163} INFO - Started process (PID=8486) to work on /Users/renatomelo/Downloads/airflow_tooltorial/airflow-local/venv/lib/python3.9/site-packages/airflow/example_dags/tutorial_etl_dag.py
[2022-10-12 18:16:29,168] {processor.py:642} INFO - Processing file /Users/renatomelo/Downloads/airflow_tooltorial/airflow-local/venv/lib/python3.9/site-packages/airflow/example_dags/tutorial_etl_dag.py for tasks to queue
[2022-10-12 18:16:29,168] {logging_mixin.py:109} INFO - [2022-10-12 18:16:29,168] {dagbag.py:500} INFO - Filling up the DagBag from /Users/renatomelo/Downloads/airflow_tooltorial/airflow-local/venv/lib/python3.9/site-packages/airflow/example_dags/tutorial_etl_dag.py
[2022-10-12 18:16:29,216] {processor.py:654} INFO - DAG(s) dict_keys(['tutorial_etl_dag']) retrieved from /Users/renatomelo/Downloads/airflow_tooltorial/airflow-local/venv/lib/python3.9/site-packages/airflow/example_dags/tutorial_etl_dag.py
[2022-10-12 18:16:29,234] {logging_mixin.py:109} INFO - [2022-10-12 18:16:29,234] {dag.py:2396} INFO - Sync 1 DAGs
[2022-10-12 18:16:29,244] {logging_mixin.py:109} INFO - [2022-10-12 18:16:29,244] {dag.py:2935} INFO - Setting next_dagrun for tutorial_etl_dag to None
[2022-10-12 18:16:29,254] {processor.py:171} INFO - Processing /Users/renatomelo/Downloads/airflow_tooltorial/airflow-local/venv/lib/python3.9/site-packages/airflow/example_dags/tutorial_etl_dag.py took 0.089 seconds
[2022-10-12 18:17:47,178] {processor.py:163} INFO - Started process (PID=8516) to work on /Users/renatomelo/Downloads/airflow_tooltorial/airflow-local/venv/lib/python3.9/site-packages/airflow/example_dags/tutorial_etl_dag.py
[2022-10-12 18:17:47,179] {processor.py:642} INFO - Processing file /Users/renatomelo/Downloads/airflow_tooltorial/airflow-local/venv/lib/python3.9/site-packages/airflow/example_dags/tutorial_etl_dag.py for tasks to queue
[2022-10-12 18:17:47,179] {logging_mixin.py:109} INFO - [2022-10-12 18:17:47,179] {dagbag.py:500} INFO - Filling up the DagBag from /Users/renatomelo/Downloads/airflow_tooltorial/airflow-local/venv/lib/python3.9/site-packages/airflow/example_dags/tutorial_etl_dag.py
[2022-10-12 18:17:47,238] {processor.py:654} INFO - DAG(s) dict_keys(['tutorial_etl_dag']) retrieved from /Users/renatomelo/Downloads/airflow_tooltorial/airflow-local/venv/lib/python3.9/site-packages/airflow/example_dags/tutorial_etl_dag.py
[2022-10-12 18:17:47,262] {logging_mixin.py:109} INFO - [2022-10-12 18:17:47,262] {dag.py:2396} INFO - Sync 1 DAGs
[2022-10-12 18:17:47,276] {logging_mixin.py:109} INFO - [2022-10-12 18:17:47,276] {dag.py:2935} INFO - Setting next_dagrun for tutorial_etl_dag to None
[2022-10-12 18:17:47,287] {processor.py:171} INFO - Processing /Users/renatomelo/Downloads/airflow_tooltorial/airflow-local/venv/lib/python3.9/site-packages/airflow/example_dags/tutorial_etl_dag.py took 0.109 seconds
[2022-10-12 18:18:56,275] {processor.py:163} INFO - Started process (PID=8543) to work on /Users/renatomelo/Downloads/airflow_tooltorial/airflow-local/venv/lib/python3.9/site-packages/airflow/example_dags/tutorial_etl_dag.py
[2022-10-12 18:18:56,275] {processor.py:642} INFO - Processing file /Users/renatomelo/Downloads/airflow_tooltorial/airflow-local/venv/lib/python3.9/site-packages/airflow/example_dags/tutorial_etl_dag.py for tasks to queue
[2022-10-12 18:18:56,276] {logging_mixin.py:109} INFO - [2022-10-12 18:18:56,276] {dagbag.py:500} INFO - Filling up the DagBag from /Users/renatomelo/Downloads/airflow_tooltorial/airflow-local/venv/lib/python3.9/site-packages/airflow/example_dags/tutorial_etl_dag.py
[2022-10-12 18:18:56,321] {processor.py:654} INFO - DAG(s) dict_keys(['tutorial_etl_dag']) retrieved from /Users/renatomelo/Downloads/airflow_tooltorial/airflow-local/venv/lib/python3.9/site-packages/airflow/example_dags/tutorial_etl_dag.py
[2022-10-12 18:18:56,338] {logging_mixin.py:109} INFO - [2022-10-12 18:18:56,338] {dag.py:2396} INFO - Sync 1 DAGs
[2022-10-12 18:18:56,348] {logging_mixin.py:109} INFO - [2022-10-12 18:18:56,348] {dag.py:2935} INFO - Setting next_dagrun for tutorial_etl_dag to None
[2022-10-12 18:18:56,357] {processor.py:171} INFO - Processing /Users/renatomelo/Downloads/airflow_tooltorial/airflow-local/venv/lib/python3.9/site-packages/airflow/example_dags/tutorial_etl_dag.py took 0.083 seconds
[2022-10-12 18:20:05,488] {processor.py:163} INFO - Started process (PID=8568) to work on /Users/renatomelo/Downloads/airflow_tooltorial/airflow-local/venv/lib/python3.9/site-packages/airflow/example_dags/tutorial_etl_dag.py
[2022-10-12 18:20:05,488] {processor.py:642} INFO - Processing file /Users/renatomelo/Downloads/airflow_tooltorial/airflow-local/venv/lib/python3.9/site-packages/airflow/example_dags/tutorial_etl_dag.py for tasks to queue
[2022-10-12 18:20:05,489] {logging_mixin.py:109} INFO - [2022-10-12 18:20:05,489] {dagbag.py:500} INFO - Filling up the DagBag from /Users/renatomelo/Downloads/airflow_tooltorial/airflow-local/venv/lib/python3.9/site-packages/airflow/example_dags/tutorial_etl_dag.py
[2022-10-12 18:20:05,550] {processor.py:654} INFO - DAG(s) dict_keys(['tutorial_etl_dag']) retrieved from /Users/renatomelo/Downloads/airflow_tooltorial/airflow-local/venv/lib/python3.9/site-packages/airflow/example_dags/tutorial_etl_dag.py
[2022-10-12 18:20:05,573] {logging_mixin.py:109} INFO - [2022-10-12 18:20:05,573] {dag.py:2396} INFO - Sync 1 DAGs
[2022-10-12 18:20:05,587] {logging_mixin.py:109} INFO - [2022-10-12 18:20:05,586] {dag.py:2935} INFO - Setting next_dagrun for tutorial_etl_dag to None
[2022-10-12 18:20:05,596] {processor.py:171} INFO - Processing /Users/renatomelo/Downloads/airflow_tooltorial/airflow-local/venv/lib/python3.9/site-packages/airflow/example_dags/tutorial_etl_dag.py took 0.109 seconds
[2022-10-12 18:21:15,856] {processor.py:163} INFO - Started process (PID=8594) to work on /Users/renatomelo/Downloads/airflow_tooltorial/airflow-local/venv/lib/python3.9/site-packages/airflow/example_dags/tutorial_etl_dag.py
[2022-10-12 18:21:15,856] {processor.py:642} INFO - Processing file /Users/renatomelo/Downloads/airflow_tooltorial/airflow-local/venv/lib/python3.9/site-packages/airflow/example_dags/tutorial_etl_dag.py for tasks to queue
[2022-10-12 18:21:15,857] {logging_mixin.py:109} INFO - [2022-10-12 18:21:15,857] {dagbag.py:500} INFO - Filling up the DagBag from /Users/renatomelo/Downloads/airflow_tooltorial/airflow-local/venv/lib/python3.9/site-packages/airflow/example_dags/tutorial_etl_dag.py
[2022-10-12 18:21:15,913] {processor.py:654} INFO - DAG(s) dict_keys(['tutorial_etl_dag']) retrieved from /Users/renatomelo/Downloads/airflow_tooltorial/airflow-local/venv/lib/python3.9/site-packages/airflow/example_dags/tutorial_etl_dag.py
[2022-10-12 18:21:15,932] {logging_mixin.py:109} INFO - [2022-10-12 18:21:15,932] {dag.py:2396} INFO - Sync 1 DAGs
[2022-10-12 18:21:15,943] {logging_mixin.py:109} INFO - [2022-10-12 18:21:15,943] {dag.py:2935} INFO - Setting next_dagrun for tutorial_etl_dag to None
[2022-10-12 18:21:15,953] {processor.py:171} INFO - Processing /Users/renatomelo/Downloads/airflow_tooltorial/airflow-local/venv/lib/python3.9/site-packages/airflow/example_dags/tutorial_etl_dag.py took 0.098 seconds
[2022-10-12 18:22:31,208] {processor.py:163} INFO - Started process (PID=8636) to work on /Users/renatomelo/Downloads/airflow_tooltorial/airflow-local/venv/lib/python3.9/site-packages/airflow/example_dags/tutorial_etl_dag.py
[2022-10-12 18:22:31,210] {processor.py:642} INFO - Processing file /Users/renatomelo/Downloads/airflow_tooltorial/airflow-local/venv/lib/python3.9/site-packages/airflow/example_dags/tutorial_etl_dag.py for tasks to queue
[2022-10-12 18:22:31,210] {logging_mixin.py:109} INFO - [2022-10-12 18:22:31,210] {dagbag.py:500} INFO - Filling up the DagBag from /Users/renatomelo/Downloads/airflow_tooltorial/airflow-local/venv/lib/python3.9/site-packages/airflow/example_dags/tutorial_etl_dag.py
[2022-10-12 18:22:31,260] {processor.py:654} INFO - DAG(s) dict_keys(['tutorial_etl_dag']) retrieved from /Users/renatomelo/Downloads/airflow_tooltorial/airflow-local/venv/lib/python3.9/site-packages/airflow/example_dags/tutorial_etl_dag.py
[2022-10-12 18:22:31,277] {logging_mixin.py:109} INFO - [2022-10-12 18:22:31,277] {dag.py:2396} INFO - Sync 1 DAGs
[2022-10-12 18:22:31,288] {logging_mixin.py:109} INFO - [2022-10-12 18:22:31,288] {dag.py:2935} INFO - Setting next_dagrun for tutorial_etl_dag to None
[2022-10-12 18:22:31,296] {processor.py:171} INFO - Processing /Users/renatomelo/Downloads/airflow_tooltorial/airflow-local/venv/lib/python3.9/site-packages/airflow/example_dags/tutorial_etl_dag.py took 0.089 seconds
[2022-10-12 18:23:41,809] {processor.py:163} INFO - Started process (PID=8674) to work on /Users/renatomelo/Downloads/airflow_tooltorial/airflow-local/venv/lib/python3.9/site-packages/airflow/example_dags/tutorial_etl_dag.py
[2022-10-12 18:23:41,811] {processor.py:642} INFO - Processing file /Users/renatomelo/Downloads/airflow_tooltorial/airflow-local/venv/lib/python3.9/site-packages/airflow/example_dags/tutorial_etl_dag.py for tasks to queue
[2022-10-12 18:23:41,811] {logging_mixin.py:109} INFO - [2022-10-12 18:23:41,811] {dagbag.py:500} INFO - Filling up the DagBag from /Users/renatomelo/Downloads/airflow_tooltorial/airflow-local/venv/lib/python3.9/site-packages/airflow/example_dags/tutorial_etl_dag.py
[2022-10-12 18:23:41,862] {processor.py:654} INFO - DAG(s) dict_keys(['tutorial_etl_dag']) retrieved from /Users/renatomelo/Downloads/airflow_tooltorial/airflow-local/venv/lib/python3.9/site-packages/airflow/example_dags/tutorial_etl_dag.py
[2022-10-12 18:23:42,103] {logging_mixin.py:109} INFO - [2022-10-12 18:23:42,103] {dag.py:2396} INFO - Sync 1 DAGs
[2022-10-12 18:23:42,114] {logging_mixin.py:109} INFO - [2022-10-12 18:23:42,114] {dag.py:2935} INFO - Setting next_dagrun for tutorial_etl_dag to None
[2022-10-12 18:23:42,126] {processor.py:171} INFO - Processing /Users/renatomelo/Downloads/airflow_tooltorial/airflow-local/venv/lib/python3.9/site-packages/airflow/example_dags/tutorial_etl_dag.py took 0.318 seconds
[2022-10-12 18:24:58,011] {processor.py:163} INFO - Started process (PID=8709) to work on /Users/renatomelo/Downloads/airflow_tooltorial/airflow-local/venv/lib/python3.9/site-packages/airflow/example_dags/tutorial_etl_dag.py
[2022-10-12 18:24:58,011] {processor.py:642} INFO - Processing file /Users/renatomelo/Downloads/airflow_tooltorial/airflow-local/venv/lib/python3.9/site-packages/airflow/example_dags/tutorial_etl_dag.py for tasks to queue
[2022-10-12 18:24:58,012] {logging_mixin.py:109} INFO - [2022-10-12 18:24:58,012] {dagbag.py:500} INFO - Filling up the DagBag from /Users/renatomelo/Downloads/airflow_tooltorial/airflow-local/venv/lib/python3.9/site-packages/airflow/example_dags/tutorial_etl_dag.py
[2022-10-12 18:24:58,057] {processor.py:654} INFO - DAG(s) dict_keys(['tutorial_etl_dag']) retrieved from /Users/renatomelo/Downloads/airflow_tooltorial/airflow-local/venv/lib/python3.9/site-packages/airflow/example_dags/tutorial_etl_dag.py
[2022-10-12 18:24:58,075] {logging_mixin.py:109} INFO - [2022-10-12 18:24:58,075] {dag.py:2396} INFO - Sync 1 DAGs
[2022-10-12 18:24:58,086] {logging_mixin.py:109} INFO - [2022-10-12 18:24:58,086] {dag.py:2935} INFO - Setting next_dagrun for tutorial_etl_dag to None
[2022-10-12 18:24:58,095] {processor.py:171} INFO - Processing /Users/renatomelo/Downloads/airflow_tooltorial/airflow-local/venv/lib/python3.9/site-packages/airflow/example_dags/tutorial_etl_dag.py took 0.085 seconds
[2022-10-12 18:26:12,877] {processor.py:163} INFO - Started process (PID=8741) to work on /Users/renatomelo/Downloads/airflow_tooltorial/airflow-local/venv/lib/python3.9/site-packages/airflow/example_dags/tutorial_etl_dag.py
[2022-10-12 18:26:12,878] {processor.py:642} INFO - Processing file /Users/renatomelo/Downloads/airflow_tooltorial/airflow-local/venv/lib/python3.9/site-packages/airflow/example_dags/tutorial_etl_dag.py for tasks to queue
[2022-10-12 18:26:12,878] {logging_mixin.py:109} INFO - [2022-10-12 18:26:12,878] {dagbag.py:500} INFO - Filling up the DagBag from /Users/renatomelo/Downloads/airflow_tooltorial/airflow-local/venv/lib/python3.9/site-packages/airflow/example_dags/tutorial_etl_dag.py
[2022-10-12 18:26:12,922] {processor.py:654} INFO - DAG(s) dict_keys(['tutorial_etl_dag']) retrieved from /Users/renatomelo/Downloads/airflow_tooltorial/airflow-local/venv/lib/python3.9/site-packages/airflow/example_dags/tutorial_etl_dag.py
[2022-10-12 18:26:12,940] {logging_mixin.py:109} INFO - [2022-10-12 18:26:12,939] {dag.py:2396} INFO - Sync 1 DAGs
[2022-10-12 18:26:12,950] {logging_mixin.py:109} INFO - [2022-10-12 18:26:12,950] {dag.py:2935} INFO - Setting next_dagrun for tutorial_etl_dag to None
[2022-10-12 18:26:12,959] {processor.py:171} INFO - Processing /Users/renatomelo/Downloads/airflow_tooltorial/airflow-local/venv/lib/python3.9/site-packages/airflow/example_dags/tutorial_etl_dag.py took 0.082 seconds
[2022-10-12 18:27:36,739] {processor.py:163} INFO - Started process (PID=8779) to work on /Users/renatomelo/Downloads/airflow_tooltorial/airflow-local/venv/lib/python3.9/site-packages/airflow/example_dags/tutorial_etl_dag.py
[2022-10-12 18:27:36,739] {processor.py:642} INFO - Processing file /Users/renatomelo/Downloads/airflow_tooltorial/airflow-local/venv/lib/python3.9/site-packages/airflow/example_dags/tutorial_etl_dag.py for tasks to queue
[2022-10-12 18:27:36,740] {logging_mixin.py:109} INFO - [2022-10-12 18:27:36,739] {dagbag.py:500} INFO - Filling up the DagBag from /Users/renatomelo/Downloads/airflow_tooltorial/airflow-local/venv/lib/python3.9/site-packages/airflow/example_dags/tutorial_etl_dag.py
[2022-10-12 18:27:36,795] {processor.py:654} INFO - DAG(s) dict_keys(['tutorial_etl_dag']) retrieved from /Users/renatomelo/Downloads/airflow_tooltorial/airflow-local/venv/lib/python3.9/site-packages/airflow/example_dags/tutorial_etl_dag.py
[2022-10-12 18:27:36,813] {logging_mixin.py:109} INFO - [2022-10-12 18:27:36,813] {dag.py:2396} INFO - Sync 1 DAGs
[2022-10-12 18:27:36,823] {logging_mixin.py:109} INFO - [2022-10-12 18:27:36,823] {dag.py:2935} INFO - Setting next_dagrun for tutorial_etl_dag to None
[2022-10-12 18:27:36,833] {processor.py:171} INFO - Processing /Users/renatomelo/Downloads/airflow_tooltorial/airflow-local/venv/lib/python3.9/site-packages/airflow/example_dags/tutorial_etl_dag.py took 0.095 seconds
[2022-10-12 18:28:41,812] {processor.py:163} INFO - Started process (PID=8820) to work on /Users/renatomelo/Downloads/airflow_tooltorial/airflow-local/venv/lib/python3.9/site-packages/airflow/example_dags/tutorial_etl_dag.py
[2022-10-12 18:28:41,813] {processor.py:642} INFO - Processing file /Users/renatomelo/Downloads/airflow_tooltorial/airflow-local/venv/lib/python3.9/site-packages/airflow/example_dags/tutorial_etl_dag.py for tasks to queue
[2022-10-12 18:28:41,813] {logging_mixin.py:109} INFO - [2022-10-12 18:28:41,813] {dagbag.py:500} INFO - Filling up the DagBag from /Users/renatomelo/Downloads/airflow_tooltorial/airflow-local/venv/lib/python3.9/site-packages/airflow/example_dags/tutorial_etl_dag.py
[2022-10-12 18:28:41,860] {processor.py:654} INFO - DAG(s) dict_keys(['tutorial_etl_dag']) retrieved from /Users/renatomelo/Downloads/airflow_tooltorial/airflow-local/venv/lib/python3.9/site-packages/airflow/example_dags/tutorial_etl_dag.py
[2022-10-12 18:28:41,878] {logging_mixin.py:109} INFO - [2022-10-12 18:28:41,878] {dag.py:2396} INFO - Sync 1 DAGs
[2022-10-12 18:28:41,888] {logging_mixin.py:109} INFO - [2022-10-12 18:28:41,888] {dag.py:2935} INFO - Setting next_dagrun for tutorial_etl_dag to None
[2022-10-12 18:28:41,897] {processor.py:171} INFO - Processing /Users/renatomelo/Downloads/airflow_tooltorial/airflow-local/venv/lib/python3.9/site-packages/airflow/example_dags/tutorial_etl_dag.py took 0.085 seconds
[2022-10-12 18:29:39,438] {processor.py:163} INFO - Started process (PID=8845) to work on /Users/renatomelo/Downloads/airflow_tooltorial/airflow-local/venv/lib/python3.9/site-packages/airflow/example_dags/tutorial_etl_dag.py
[2022-10-12 18:29:39,438] {processor.py:642} INFO - Processing file /Users/renatomelo/Downloads/airflow_tooltorial/airflow-local/venv/lib/python3.9/site-packages/airflow/example_dags/tutorial_etl_dag.py for tasks to queue
[2022-10-12 18:29:39,439] {logging_mixin.py:109} INFO - [2022-10-12 18:29:39,439] {dagbag.py:500} INFO - Filling up the DagBag from /Users/renatomelo/Downloads/airflow_tooltorial/airflow-local/venv/lib/python3.9/site-packages/airflow/example_dags/tutorial_etl_dag.py
[2022-10-12 18:29:39,483] {processor.py:654} INFO - DAG(s) dict_keys(['tutorial_etl_dag']) retrieved from /Users/renatomelo/Downloads/airflow_tooltorial/airflow-local/venv/lib/python3.9/site-packages/airflow/example_dags/tutorial_etl_dag.py
[2022-10-12 18:29:39,501] {logging_mixin.py:109} INFO - [2022-10-12 18:29:39,501] {dag.py:2396} INFO - Sync 1 DAGs
[2022-10-12 18:29:39,512] {logging_mixin.py:109} INFO - [2022-10-12 18:29:39,512] {dag.py:2935} INFO - Setting next_dagrun for tutorial_etl_dag to None
[2022-10-12 18:29:39,521] {processor.py:171} INFO - Processing /Users/renatomelo/Downloads/airflow_tooltorial/airflow-local/venv/lib/python3.9/site-packages/airflow/example_dags/tutorial_etl_dag.py took 0.084 seconds
[2022-10-12 18:30:47,859] {processor.py:163} INFO - Started process (PID=8903) to work on /Users/renatomelo/Downloads/airflow_tooltorial/airflow-local/venv/lib/python3.9/site-packages/airflow/example_dags/tutorial_etl_dag.py
[2022-10-12 18:30:47,860] {processor.py:642} INFO - Processing file /Users/renatomelo/Downloads/airflow_tooltorial/airflow-local/venv/lib/python3.9/site-packages/airflow/example_dags/tutorial_etl_dag.py for tasks to queue
[2022-10-12 18:30:47,860] {logging_mixin.py:109} INFO - [2022-10-12 18:30:47,860] {dagbag.py:500} INFO - Filling up the DagBag from /Users/renatomelo/Downloads/airflow_tooltorial/airflow-local/venv/lib/python3.9/site-packages/airflow/example_dags/tutorial_etl_dag.py
[2022-10-12 18:30:47,917] {processor.py:654} INFO - DAG(s) dict_keys(['tutorial_etl_dag']) retrieved from /Users/renatomelo/Downloads/airflow_tooltorial/airflow-local/venv/lib/python3.9/site-packages/airflow/example_dags/tutorial_etl_dag.py
[2022-10-12 18:30:47,940] {logging_mixin.py:109} INFO - [2022-10-12 18:30:47,940] {dag.py:2396} INFO - Sync 1 DAGs
[2022-10-12 18:30:47,952] {logging_mixin.py:109} INFO - [2022-10-12 18:30:47,952] {dag.py:2935} INFO - Setting next_dagrun for tutorial_etl_dag to None
[2022-10-12 18:30:47,963] {processor.py:171} INFO - Processing /Users/renatomelo/Downloads/airflow_tooltorial/airflow-local/venv/lib/python3.9/site-packages/airflow/example_dags/tutorial_etl_dag.py took 0.105 seconds
[2022-10-12 18:32:10,915] {processor.py:163} INFO - Started process (PID=8933) to work on /Users/renatomelo/Downloads/airflow_tooltorial/airflow-local/venv/lib/python3.9/site-packages/airflow/example_dags/tutorial_etl_dag.py
[2022-10-12 18:32:10,916] {processor.py:642} INFO - Processing file /Users/renatomelo/Downloads/airflow_tooltorial/airflow-local/venv/lib/python3.9/site-packages/airflow/example_dags/tutorial_etl_dag.py for tasks to queue
[2022-10-12 18:32:10,916] {logging_mixin.py:109} INFO - [2022-10-12 18:32:10,916] {dagbag.py:500} INFO - Filling up the DagBag from /Users/renatomelo/Downloads/airflow_tooltorial/airflow-local/venv/lib/python3.9/site-packages/airflow/example_dags/tutorial_etl_dag.py
[2022-10-12 18:32:10,960] {processor.py:654} INFO - DAG(s) dict_keys(['tutorial_etl_dag']) retrieved from /Users/renatomelo/Downloads/airflow_tooltorial/airflow-local/venv/lib/python3.9/site-packages/airflow/example_dags/tutorial_etl_dag.py
[2022-10-12 18:32:10,979] {logging_mixin.py:109} INFO - [2022-10-12 18:32:10,978] {dag.py:2396} INFO - Sync 1 DAGs
[2022-10-12 18:32:10,989] {logging_mixin.py:109} INFO - [2022-10-12 18:32:10,989] {dag.py:2935} INFO - Setting next_dagrun for tutorial_etl_dag to None
[2022-10-12 18:32:10,999] {processor.py:171} INFO - Processing /Users/renatomelo/Downloads/airflow_tooltorial/airflow-local/venv/lib/python3.9/site-packages/airflow/example_dags/tutorial_etl_dag.py took 0.084 seconds
[2022-10-12 18:33:24,350] {processor.py:163} INFO - Started process (PID=8959) to work on /Users/renatomelo/Downloads/airflow_tooltorial/airflow-local/venv/lib/python3.9/site-packages/airflow/example_dags/tutorial_etl_dag.py
[2022-10-12 18:33:24,354] {processor.py:642} INFO - Processing file /Users/renatomelo/Downloads/airflow_tooltorial/airflow-local/venv/lib/python3.9/site-packages/airflow/example_dags/tutorial_etl_dag.py for tasks to queue
[2022-10-12 18:33:24,355] {logging_mixin.py:109} INFO - [2022-10-12 18:33:24,355] {dagbag.py:500} INFO - Filling up the DagBag from /Users/renatomelo/Downloads/airflow_tooltorial/airflow-local/venv/lib/python3.9/site-packages/airflow/example_dags/tutorial_etl_dag.py
[2022-10-12 18:33:24,413] {processor.py:654} INFO - DAG(s) dict_keys(['tutorial_etl_dag']) retrieved from /Users/renatomelo/Downloads/airflow_tooltorial/airflow-local/venv/lib/python3.9/site-packages/airflow/example_dags/tutorial_etl_dag.py
[2022-10-12 18:33:24,436] {logging_mixin.py:109} INFO - [2022-10-12 18:33:24,436] {dag.py:2396} INFO - Sync 1 DAGs
[2022-10-12 18:33:24,447] {logging_mixin.py:109} INFO - [2022-10-12 18:33:24,447] {dag.py:2935} INFO - Setting next_dagrun for tutorial_etl_dag to None
[2022-10-12 18:33:24,459] {processor.py:171} INFO - Processing /Users/renatomelo/Downloads/airflow_tooltorial/airflow-local/venv/lib/python3.9/site-packages/airflow/example_dags/tutorial_etl_dag.py took 0.110 seconds
