[2022-10-12 18:04:14,577] {processor.py:163} INFO - Started process (PID=7890) to work on /Users/renatomelo/Downloads/airflow_tooltorial/airflow-local/venv/lib/python3.9/site-packages/airflow/example_dags/tutorial_taskflow_api_etl.py
[2022-10-12 18:04:14,578] {processor.py:642} INFO - Processing file /Users/renatomelo/Downloads/airflow_tooltorial/airflow-local/venv/lib/python3.9/site-packages/airflow/example_dags/tutorial_taskflow_api_etl.py for tasks to queue
[2022-10-12 18:04:14,578] {logging_mixin.py:109} INFO - [2022-10-12 18:04:14,578] {dagbag.py:500} INFO - Filling up the DagBag from /Users/renatomelo/Downloads/airflow_tooltorial/airflow-local/venv/lib/python3.9/site-packages/airflow/example_dags/tutorial_taskflow_api_etl.py
[2022-10-12 18:04:14,633] {processor.py:654} INFO - DAG(s) dict_keys(['tutorial_taskflow_api_etl']) retrieved from /Users/renatomelo/Downloads/airflow_tooltorial/airflow-local/venv/lib/python3.9/site-packages/airflow/example_dags/tutorial_taskflow_api_etl.py
[2022-10-12 18:04:14,644] {logging_mixin.py:109} INFO - [2022-10-12 18:04:14,644] {dag.py:2396} INFO - Sync 1 DAGs
[2022-10-12 18:04:14,658] {logging_mixin.py:109} INFO - [2022-10-12 18:04:14,658] {dag.py:2935} INFO - Setting next_dagrun for tutorial_taskflow_api_etl to None
[2022-10-12 18:04:14,667] {processor.py:171} INFO - Processing /Users/renatomelo/Downloads/airflow_tooltorial/airflow-local/venv/lib/python3.9/site-packages/airflow/example_dags/tutorial_taskflow_api_etl.py took 0.091 seconds
[2022-10-12 18:06:11,175] {processor.py:163} INFO - Started process (PID=8098) to work on /Users/renatomelo/Downloads/airflow_tooltorial/airflow-local/venv/lib/python3.9/site-packages/airflow/example_dags/tutorial_taskflow_api_etl.py
[2022-10-12 18:06:11,176] {processor.py:642} INFO - Processing file /Users/renatomelo/Downloads/airflow_tooltorial/airflow-local/venv/lib/python3.9/site-packages/airflow/example_dags/tutorial_taskflow_api_etl.py for tasks to queue
[2022-10-12 18:06:11,176] {logging_mixin.py:109} INFO - [2022-10-12 18:06:11,176] {dagbag.py:500} INFO - Filling up the DagBag from /Users/renatomelo/Downloads/airflow_tooltorial/airflow-local/venv/lib/python3.9/site-packages/airflow/example_dags/tutorial_taskflow_api_etl.py
[2022-10-12 18:06:11,230] {processor.py:654} INFO - DAG(s) dict_keys(['tutorial_taskflow_api_etl']) retrieved from /Users/renatomelo/Downloads/airflow_tooltorial/airflow-local/venv/lib/python3.9/site-packages/airflow/example_dags/tutorial_taskflow_api_etl.py
[2022-10-12 18:06:11,541] {logging_mixin.py:109} INFO - [2022-10-12 18:06:11,541] {dag.py:2396} INFO - Sync 1 DAGs
[2022-10-12 18:06:11,554] {logging_mixin.py:109} INFO - [2022-10-12 18:06:11,554] {dag.py:2935} INFO - Setting next_dagrun for tutorial_taskflow_api_etl to None
[2022-10-12 18:06:11,568] {processor.py:171} INFO - Processing /Users/renatomelo/Downloads/airflow_tooltorial/airflow-local/venv/lib/python3.9/site-packages/airflow/example_dags/tutorial_taskflow_api_etl.py took 0.394 seconds
[2022-10-12 18:07:38,823] {processor.py:163} INFO - Started process (PID=8252) to work on /Users/renatomelo/Downloads/airflow_tooltorial/airflow-local/venv/lib/python3.9/site-packages/airflow/example_dags/tutorial_taskflow_api_etl.py
[2022-10-12 18:07:38,824] {processor.py:642} INFO - Processing file /Users/renatomelo/Downloads/airflow_tooltorial/airflow-local/venv/lib/python3.9/site-packages/airflow/example_dags/tutorial_taskflow_api_etl.py for tasks to queue
[2022-10-12 18:07:38,824] {logging_mixin.py:109} INFO - [2022-10-12 18:07:38,824] {dagbag.py:500} INFO - Filling up the DagBag from /Users/renatomelo/Downloads/airflow_tooltorial/airflow-local/venv/lib/python3.9/site-packages/airflow/example_dags/tutorial_taskflow_api_etl.py
[2022-10-12 18:07:38,930] {processor.py:654} INFO - DAG(s) dict_keys(['tutorial_taskflow_api_etl']) retrieved from /Users/renatomelo/Downloads/airflow_tooltorial/airflow-local/venv/lib/python3.9/site-packages/airflow/example_dags/tutorial_taskflow_api_etl.py
[2022-10-12 18:07:39,329] {logging_mixin.py:109} INFO - [2022-10-12 18:07:39,329] {dag.py:2396} INFO - Sync 1 DAGs
[2022-10-12 18:07:39,338] {logging_mixin.py:109} INFO - [2022-10-12 18:07:39,338] {dag.py:2935} INFO - Setting next_dagrun for tutorial_taskflow_api_etl to None
[2022-10-12 18:07:39,348] {processor.py:171} INFO - Processing /Users/renatomelo/Downloads/airflow_tooltorial/airflow-local/venv/lib/python3.9/site-packages/airflow/example_dags/tutorial_taskflow_api_etl.py took 0.528 seconds
[2022-10-12 18:08:53,330] {processor.py:163} INFO - Started process (PID=8288) to work on /Users/renatomelo/Downloads/airflow_tooltorial/airflow-local/venv/lib/python3.9/site-packages/airflow/example_dags/tutorial_taskflow_api_etl.py
[2022-10-12 18:08:53,330] {processor.py:642} INFO - Processing file /Users/renatomelo/Downloads/airflow_tooltorial/airflow-local/venv/lib/python3.9/site-packages/airflow/example_dags/tutorial_taskflow_api_etl.py for tasks to queue
[2022-10-12 18:08:53,331] {logging_mixin.py:109} INFO - [2022-10-12 18:08:53,331] {dagbag.py:500} INFO - Filling up the DagBag from /Users/renatomelo/Downloads/airflow_tooltorial/airflow-local/venv/lib/python3.9/site-packages/airflow/example_dags/tutorial_taskflow_api_etl.py
[2022-10-12 18:08:53,415] {processor.py:654} INFO - DAG(s) dict_keys(['tutorial_taskflow_api_etl']) retrieved from /Users/renatomelo/Downloads/airflow_tooltorial/airflow-local/venv/lib/python3.9/site-packages/airflow/example_dags/tutorial_taskflow_api_etl.py
[2022-10-12 18:08:54,018] {logging_mixin.py:109} INFO - [2022-10-12 18:08:54,017] {dag.py:2396} INFO - Sync 1 DAGs
[2022-10-12 18:08:54,061] {logging_mixin.py:109} INFO - [2022-10-12 18:08:54,058] {dag.py:2935} INFO - Setting next_dagrun for tutorial_taskflow_api_etl to None
[2022-10-12 18:08:54,089] {processor.py:171} INFO - Processing /Users/renatomelo/Downloads/airflow_tooltorial/airflow-local/venv/lib/python3.9/site-packages/airflow/example_dags/tutorial_taskflow_api_etl.py took 0.760 seconds
[2022-10-12 18:10:25,480] {processor.py:163} INFO - Started process (PID=8347) to work on /Users/renatomelo/Downloads/airflow_tooltorial/airflow-local/venv/lib/python3.9/site-packages/airflow/example_dags/tutorial_taskflow_api_etl.py
[2022-10-12 18:10:25,482] {processor.py:642} INFO - Processing file /Users/renatomelo/Downloads/airflow_tooltorial/airflow-local/venv/lib/python3.9/site-packages/airflow/example_dags/tutorial_taskflow_api_etl.py for tasks to queue
[2022-10-12 18:10:25,482] {logging_mixin.py:109} INFO - [2022-10-12 18:10:25,482] {dagbag.py:500} INFO - Filling up the DagBag from /Users/renatomelo/Downloads/airflow_tooltorial/airflow-local/venv/lib/python3.9/site-packages/airflow/example_dags/tutorial_taskflow_api_etl.py
[2022-10-12 18:10:25,621] {processor.py:654} INFO - DAG(s) dict_keys(['tutorial_taskflow_api_etl']) retrieved from /Users/renatomelo/Downloads/airflow_tooltorial/airflow-local/venv/lib/python3.9/site-packages/airflow/example_dags/tutorial_taskflow_api_etl.py
[2022-10-12 18:10:26,619] {logging_mixin.py:109} INFO - [2022-10-12 18:10:26,618] {dag.py:2396} INFO - Sync 1 DAGs
[2022-10-12 18:10:26,635] {logging_mixin.py:109} INFO - [2022-10-12 18:10:26,635] {dag.py:2935} INFO - Setting next_dagrun for tutorial_taskflow_api_etl to None
[2022-10-12 18:10:26,652] {processor.py:171} INFO - Processing /Users/renatomelo/Downloads/airflow_tooltorial/airflow-local/venv/lib/python3.9/site-packages/airflow/example_dags/tutorial_taskflow_api_etl.py took 1.173 seconds
[2022-10-12 18:12:05,190] {processor.py:163} INFO - Started process (PID=8396) to work on /Users/renatomelo/Downloads/airflow_tooltorial/airflow-local/venv/lib/python3.9/site-packages/airflow/example_dags/tutorial_taskflow_api_etl.py
[2022-10-12 18:12:05,190] {processor.py:642} INFO - Processing file /Users/renatomelo/Downloads/airflow_tooltorial/airflow-local/venv/lib/python3.9/site-packages/airflow/example_dags/tutorial_taskflow_api_etl.py for tasks to queue
[2022-10-12 18:12:05,191] {logging_mixin.py:109} INFO - [2022-10-12 18:12:05,191] {dagbag.py:500} INFO - Filling up the DagBag from /Users/renatomelo/Downloads/airflow_tooltorial/airflow-local/venv/lib/python3.9/site-packages/airflow/example_dags/tutorial_taskflow_api_etl.py
[2022-10-12 18:12:05,256] {processor.py:654} INFO - DAG(s) dict_keys(['tutorial_taskflow_api_etl']) retrieved from /Users/renatomelo/Downloads/airflow_tooltorial/airflow-local/venv/lib/python3.9/site-packages/airflow/example_dags/tutorial_taskflow_api_etl.py
[2022-10-12 18:12:05,555] {logging_mixin.py:109} INFO - [2022-10-12 18:12:05,555] {dag.py:2396} INFO - Sync 1 DAGs
[2022-10-12 18:12:05,566] {logging_mixin.py:109} INFO - [2022-10-12 18:12:05,565] {dag.py:2935} INFO - Setting next_dagrun for tutorial_taskflow_api_etl to None
[2022-10-12 18:12:05,578] {processor.py:171} INFO - Processing /Users/renatomelo/Downloads/airflow_tooltorial/airflow-local/venv/lib/python3.9/site-packages/airflow/example_dags/tutorial_taskflow_api_etl.py took 0.389 seconds
[2022-10-12 18:13:37,697] {processor.py:163} INFO - Started process (PID=8427) to work on /Users/renatomelo/Downloads/airflow_tooltorial/airflow-local/venv/lib/python3.9/site-packages/airflow/example_dags/tutorial_taskflow_api_etl.py
[2022-10-12 18:13:37,699] {processor.py:642} INFO - Processing file /Users/renatomelo/Downloads/airflow_tooltorial/airflow-local/venv/lib/python3.9/site-packages/airflow/example_dags/tutorial_taskflow_api_etl.py for tasks to queue
[2022-10-12 18:13:37,700] {logging_mixin.py:109} INFO - [2022-10-12 18:13:37,700] {dagbag.py:500} INFO - Filling up the DagBag from /Users/renatomelo/Downloads/airflow_tooltorial/airflow-local/venv/lib/python3.9/site-packages/airflow/example_dags/tutorial_taskflow_api_etl.py
[2022-10-12 18:13:37,752] {processor.py:654} INFO - DAG(s) dict_keys(['tutorial_taskflow_api_etl']) retrieved from /Users/renatomelo/Downloads/airflow_tooltorial/airflow-local/venv/lib/python3.9/site-packages/airflow/example_dags/tutorial_taskflow_api_etl.py
[2022-10-12 18:13:38,092] {logging_mixin.py:109} INFO - [2022-10-12 18:13:38,092] {dag.py:2396} INFO - Sync 1 DAGs
[2022-10-12 18:13:38,105] {logging_mixin.py:109} INFO - [2022-10-12 18:13:38,105] {dag.py:2935} INFO - Setting next_dagrun for tutorial_taskflow_api_etl to None
[2022-10-12 18:13:38,119] {processor.py:171} INFO - Processing /Users/renatomelo/Downloads/airflow_tooltorial/airflow-local/venv/lib/python3.9/site-packages/airflow/example_dags/tutorial_taskflow_api_etl.py took 0.422 seconds
[2022-10-12 18:14:58,717] {processor.py:163} INFO - Started process (PID=8455) to work on /Users/renatomelo/Downloads/airflow_tooltorial/airflow-local/venv/lib/python3.9/site-packages/airflow/example_dags/tutorial_taskflow_api_etl.py
[2022-10-12 18:14:58,718] {processor.py:642} INFO - Processing file /Users/renatomelo/Downloads/airflow_tooltorial/airflow-local/venv/lib/python3.9/site-packages/airflow/example_dags/tutorial_taskflow_api_etl.py for tasks to queue
[2022-10-12 18:14:58,719] {logging_mixin.py:109} INFO - [2022-10-12 18:14:58,719] {dagbag.py:500} INFO - Filling up the DagBag from /Users/renatomelo/Downloads/airflow_tooltorial/airflow-local/venv/lib/python3.9/site-packages/airflow/example_dags/tutorial_taskflow_api_etl.py
[2022-10-12 18:14:58,789] {processor.py:654} INFO - DAG(s) dict_keys(['tutorial_taskflow_api_etl']) retrieved from /Users/renatomelo/Downloads/airflow_tooltorial/airflow-local/venv/lib/python3.9/site-packages/airflow/example_dags/tutorial_taskflow_api_etl.py
[2022-10-12 18:14:59,233] {logging_mixin.py:109} INFO - [2022-10-12 18:14:59,232] {dag.py:2396} INFO - Sync 1 DAGs
[2022-10-12 18:14:59,242] {logging_mixin.py:109} INFO - [2022-10-12 18:14:59,242] {dag.py:2935} INFO - Setting next_dagrun for tutorial_taskflow_api_etl to None
[2022-10-12 18:14:59,252] {processor.py:171} INFO - Processing /Users/renatomelo/Downloads/airflow_tooltorial/airflow-local/venv/lib/python3.9/site-packages/airflow/example_dags/tutorial_taskflow_api_etl.py took 0.536 seconds
[2022-10-12 18:16:25,533] {processor.py:163} INFO - Started process (PID=8484) to work on /Users/renatomelo/Downloads/airflow_tooltorial/airflow-local/venv/lib/python3.9/site-packages/airflow/example_dags/tutorial_taskflow_api_etl.py
[2022-10-12 18:16:25,535] {processor.py:642} INFO - Processing file /Users/renatomelo/Downloads/airflow_tooltorial/airflow-local/venv/lib/python3.9/site-packages/airflow/example_dags/tutorial_taskflow_api_etl.py for tasks to queue
[2022-10-12 18:16:25,535] {logging_mixin.py:109} INFO - [2022-10-12 18:16:25,535] {dagbag.py:500} INFO - Filling up the DagBag from /Users/renatomelo/Downloads/airflow_tooltorial/airflow-local/venv/lib/python3.9/site-packages/airflow/example_dags/tutorial_taskflow_api_etl.py
[2022-10-12 18:16:25,607] {processor.py:654} INFO - DAG(s) dict_keys(['tutorial_taskflow_api_etl']) retrieved from /Users/renatomelo/Downloads/airflow_tooltorial/airflow-local/venv/lib/python3.9/site-packages/airflow/example_dags/tutorial_taskflow_api_etl.py
[2022-10-12 18:16:26,069] {logging_mixin.py:109} INFO - [2022-10-12 18:16:26,069] {dag.py:2396} INFO - Sync 1 DAGs
[2022-10-12 18:16:26,125] {logging_mixin.py:109} INFO - [2022-10-12 18:16:26,124] {dag.py:2935} INFO - Setting next_dagrun for tutorial_taskflow_api_etl to None
[2022-10-12 18:16:26,152] {processor.py:171} INFO - Processing /Users/renatomelo/Downloads/airflow_tooltorial/airflow-local/venv/lib/python3.9/site-packages/airflow/example_dags/tutorial_taskflow_api_etl.py took 0.620 seconds
[2022-10-12 18:17:43,894] {processor.py:163} INFO - Started process (PID=8514) to work on /Users/renatomelo/Downloads/airflow_tooltorial/airflow-local/venv/lib/python3.9/site-packages/airflow/example_dags/tutorial_taskflow_api_etl.py
[2022-10-12 18:17:43,894] {processor.py:642} INFO - Processing file /Users/renatomelo/Downloads/airflow_tooltorial/airflow-local/venv/lib/python3.9/site-packages/airflow/example_dags/tutorial_taskflow_api_etl.py for tasks to queue
[2022-10-12 18:17:43,895] {logging_mixin.py:109} INFO - [2022-10-12 18:17:43,895] {dagbag.py:500} INFO - Filling up the DagBag from /Users/renatomelo/Downloads/airflow_tooltorial/airflow-local/venv/lib/python3.9/site-packages/airflow/example_dags/tutorial_taskflow_api_etl.py
[2022-10-12 18:17:43,944] {processor.py:654} INFO - DAG(s) dict_keys(['tutorial_taskflow_api_etl']) retrieved from /Users/renatomelo/Downloads/airflow_tooltorial/airflow-local/venv/lib/python3.9/site-packages/airflow/example_dags/tutorial_taskflow_api_etl.py
[2022-10-12 18:17:44,231] {logging_mixin.py:109} INFO - [2022-10-12 18:17:44,231] {dag.py:2396} INFO - Sync 1 DAGs
[2022-10-12 18:17:44,241] {logging_mixin.py:109} INFO - [2022-10-12 18:17:44,241] {dag.py:2935} INFO - Setting next_dagrun for tutorial_taskflow_api_etl to None
[2022-10-12 18:17:44,251] {processor.py:171} INFO - Processing /Users/renatomelo/Downloads/airflow_tooltorial/airflow-local/venv/lib/python3.9/site-packages/airflow/example_dags/tutorial_taskflow_api_etl.py took 0.358 seconds
[2022-10-12 18:18:53,036] {processor.py:163} INFO - Started process (PID=8542) to work on /Users/renatomelo/Downloads/airflow_tooltorial/airflow-local/venv/lib/python3.9/site-packages/airflow/example_dags/tutorial_taskflow_api_etl.py
[2022-10-12 18:18:53,037] {processor.py:642} INFO - Processing file /Users/renatomelo/Downloads/airflow_tooltorial/airflow-local/venv/lib/python3.9/site-packages/airflow/example_dags/tutorial_taskflow_api_etl.py for tasks to queue
[2022-10-12 18:18:53,037] {logging_mixin.py:109} INFO - [2022-10-12 18:18:53,037] {dagbag.py:500} INFO - Filling up the DagBag from /Users/renatomelo/Downloads/airflow_tooltorial/airflow-local/venv/lib/python3.9/site-packages/airflow/example_dags/tutorial_taskflow_api_etl.py
[2022-10-12 18:18:53,089] {processor.py:654} INFO - DAG(s) dict_keys(['tutorial_taskflow_api_etl']) retrieved from /Users/renatomelo/Downloads/airflow_tooltorial/airflow-local/venv/lib/python3.9/site-packages/airflow/example_dags/tutorial_taskflow_api_etl.py
[2022-10-12 18:18:53,391] {logging_mixin.py:109} INFO - [2022-10-12 18:18:53,391] {dag.py:2396} INFO - Sync 1 DAGs
[2022-10-12 18:18:53,411] {logging_mixin.py:109} INFO - [2022-10-12 18:18:53,410] {dag.py:2935} INFO - Setting next_dagrun for tutorial_taskflow_api_etl to None
[2022-10-12 18:18:53,427] {processor.py:171} INFO - Processing /Users/renatomelo/Downloads/airflow_tooltorial/airflow-local/venv/lib/python3.9/site-packages/airflow/example_dags/tutorial_taskflow_api_etl.py took 0.391 seconds
[2022-10-12 18:20:01,786] {processor.py:163} INFO - Started process (PID=8567) to work on /Users/renatomelo/Downloads/airflow_tooltorial/airflow-local/venv/lib/python3.9/site-packages/airflow/example_dags/tutorial_taskflow_api_etl.py
[2022-10-12 18:20:01,786] {processor.py:642} INFO - Processing file /Users/renatomelo/Downloads/airflow_tooltorial/airflow-local/venv/lib/python3.9/site-packages/airflow/example_dags/tutorial_taskflow_api_etl.py for tasks to queue
[2022-10-12 18:20:01,787] {logging_mixin.py:109} INFO - [2022-10-12 18:20:01,787] {dagbag.py:500} INFO - Filling up the DagBag from /Users/renatomelo/Downloads/airflow_tooltorial/airflow-local/venv/lib/python3.9/site-packages/airflow/example_dags/tutorial_taskflow_api_etl.py
[2022-10-12 18:20:01,839] {processor.py:654} INFO - DAG(s) dict_keys(['tutorial_taskflow_api_etl']) retrieved from /Users/renatomelo/Downloads/airflow_tooltorial/airflow-local/venv/lib/python3.9/site-packages/airflow/example_dags/tutorial_taskflow_api_etl.py
[2022-10-12 18:20:02,085] {logging_mixin.py:109} INFO - [2022-10-12 18:20:02,084] {dag.py:2396} INFO - Sync 1 DAGs
[2022-10-12 18:20:02,094] {logging_mixin.py:109} INFO - [2022-10-12 18:20:02,094] {dag.py:2935} INFO - Setting next_dagrun for tutorial_taskflow_api_etl to None
[2022-10-12 18:20:02,105] {processor.py:171} INFO - Processing /Users/renatomelo/Downloads/airflow_tooltorial/airflow-local/venv/lib/python3.9/site-packages/airflow/example_dags/tutorial_taskflow_api_etl.py took 0.320 seconds
[2022-10-12 18:21:12,633] {processor.py:163} INFO - Started process (PID=8593) to work on /Users/renatomelo/Downloads/airflow_tooltorial/airflow-local/venv/lib/python3.9/site-packages/airflow/example_dags/tutorial_taskflow_api_etl.py
[2022-10-12 18:21:12,634] {processor.py:642} INFO - Processing file /Users/renatomelo/Downloads/airflow_tooltorial/airflow-local/venv/lib/python3.9/site-packages/airflow/example_dags/tutorial_taskflow_api_etl.py for tasks to queue
[2022-10-12 18:21:12,634] {logging_mixin.py:109} INFO - [2022-10-12 18:21:12,634] {dagbag.py:500} INFO - Filling up the DagBag from /Users/renatomelo/Downloads/airflow_tooltorial/airflow-local/venv/lib/python3.9/site-packages/airflow/example_dags/tutorial_taskflow_api_etl.py
[2022-10-12 18:21:12,695] {processor.py:654} INFO - DAG(s) dict_keys(['tutorial_taskflow_api_etl']) retrieved from /Users/renatomelo/Downloads/airflow_tooltorial/airflow-local/venv/lib/python3.9/site-packages/airflow/example_dags/tutorial_taskflow_api_etl.py
[2022-10-12 18:21:12,972] {logging_mixin.py:109} INFO - [2022-10-12 18:21:12,972] {dag.py:2396} INFO - Sync 1 DAGs
[2022-10-12 18:21:12,984] {logging_mixin.py:109} INFO - [2022-10-12 18:21:12,984] {dag.py:2935} INFO - Setting next_dagrun for tutorial_taskflow_api_etl to None
[2022-10-12 18:21:12,995] {processor.py:171} INFO - Processing /Users/renatomelo/Downloads/airflow_tooltorial/airflow-local/venv/lib/python3.9/site-packages/airflow/example_dags/tutorial_taskflow_api_etl.py took 0.365 seconds
[2022-10-12 18:22:28,067] {processor.py:163} INFO - Started process (PID=8635) to work on /Users/renatomelo/Downloads/airflow_tooltorial/airflow-local/venv/lib/python3.9/site-packages/airflow/example_dags/tutorial_taskflow_api_etl.py
[2022-10-12 18:22:28,068] {processor.py:642} INFO - Processing file /Users/renatomelo/Downloads/airflow_tooltorial/airflow-local/venv/lib/python3.9/site-packages/airflow/example_dags/tutorial_taskflow_api_etl.py for tasks to queue
[2022-10-12 18:22:28,069] {logging_mixin.py:109} INFO - [2022-10-12 18:22:28,069] {dagbag.py:500} INFO - Filling up the DagBag from /Users/renatomelo/Downloads/airflow_tooltorial/airflow-local/venv/lib/python3.9/site-packages/airflow/example_dags/tutorial_taskflow_api_etl.py
[2022-10-12 18:22:28,141] {processor.py:654} INFO - DAG(s) dict_keys(['tutorial_taskflow_api_etl']) retrieved from /Users/renatomelo/Downloads/airflow_tooltorial/airflow-local/venv/lib/python3.9/site-packages/airflow/example_dags/tutorial_taskflow_api_etl.py
[2022-10-12 18:22:28,442] {logging_mixin.py:109} INFO - [2022-10-12 18:22:28,442] {dag.py:2396} INFO - Sync 1 DAGs
[2022-10-12 18:22:28,452] {logging_mixin.py:109} INFO - [2022-10-12 18:22:28,451] {dag.py:2935} INFO - Setting next_dagrun for tutorial_taskflow_api_etl to None
[2022-10-12 18:22:28,462] {processor.py:171} INFO - Processing /Users/renatomelo/Downloads/airflow_tooltorial/airflow-local/venv/lib/python3.9/site-packages/airflow/example_dags/tutorial_taskflow_api_etl.py took 0.396 seconds
[2022-10-12 18:23:38,705] {processor.py:163} INFO - Started process (PID=8673) to work on /Users/renatomelo/Downloads/airflow_tooltorial/airflow-local/venv/lib/python3.9/site-packages/airflow/example_dags/tutorial_taskflow_api_etl.py
[2022-10-12 18:23:38,707] {processor.py:642} INFO - Processing file /Users/renatomelo/Downloads/airflow_tooltorial/airflow-local/venv/lib/python3.9/site-packages/airflow/example_dags/tutorial_taskflow_api_etl.py for tasks to queue
[2022-10-12 18:23:38,708] {logging_mixin.py:109} INFO - [2022-10-12 18:23:38,708] {dagbag.py:500} INFO - Filling up the DagBag from /Users/renatomelo/Downloads/airflow_tooltorial/airflow-local/venv/lib/python3.9/site-packages/airflow/example_dags/tutorial_taskflow_api_etl.py
[2022-10-12 18:23:38,760] {processor.py:654} INFO - DAG(s) dict_keys(['tutorial_taskflow_api_etl']) retrieved from /Users/renatomelo/Downloads/airflow_tooltorial/airflow-local/venv/lib/python3.9/site-packages/airflow/example_dags/tutorial_taskflow_api_etl.py
[2022-10-12 18:23:39,013] {logging_mixin.py:109} INFO - [2022-10-12 18:23:39,013] {dag.py:2396} INFO - Sync 1 DAGs
[2022-10-12 18:23:39,023] {logging_mixin.py:109} INFO - [2022-10-12 18:23:39,022] {dag.py:2935} INFO - Setting next_dagrun for tutorial_taskflow_api_etl to None
[2022-10-12 18:23:39,034] {processor.py:171} INFO - Processing /Users/renatomelo/Downloads/airflow_tooltorial/airflow-local/venv/lib/python3.9/site-packages/airflow/example_dags/tutorial_taskflow_api_etl.py took 0.329 seconds
[2022-10-12 18:24:54,840] {processor.py:163} INFO - Started process (PID=8708) to work on /Users/renatomelo/Downloads/airflow_tooltorial/airflow-local/venv/lib/python3.9/site-packages/airflow/example_dags/tutorial_taskflow_api_etl.py
[2022-10-12 18:24:54,841] {processor.py:642} INFO - Processing file /Users/renatomelo/Downloads/airflow_tooltorial/airflow-local/venv/lib/python3.9/site-packages/airflow/example_dags/tutorial_taskflow_api_etl.py for tasks to queue
[2022-10-12 18:24:54,841] {logging_mixin.py:109} INFO - [2022-10-12 18:24:54,841] {dagbag.py:500} INFO - Filling up the DagBag from /Users/renatomelo/Downloads/airflow_tooltorial/airflow-local/venv/lib/python3.9/site-packages/airflow/example_dags/tutorial_taskflow_api_etl.py
[2022-10-12 18:24:54,890] {processor.py:654} INFO - DAG(s) dict_keys(['tutorial_taskflow_api_etl']) retrieved from /Users/renatomelo/Downloads/airflow_tooltorial/airflow-local/venv/lib/python3.9/site-packages/airflow/example_dags/tutorial_taskflow_api_etl.py
[2022-10-12 18:24:55,127] {logging_mixin.py:109} INFO - [2022-10-12 18:24:55,127] {dag.py:2396} INFO - Sync 1 DAGs
[2022-10-12 18:24:55,137] {logging_mixin.py:109} INFO - [2022-10-12 18:24:55,137] {dag.py:2935} INFO - Setting next_dagrun for tutorial_taskflow_api_etl to None
[2022-10-12 18:24:55,147] {processor.py:171} INFO - Processing /Users/renatomelo/Downloads/airflow_tooltorial/airflow-local/venv/lib/python3.9/site-packages/airflow/example_dags/tutorial_taskflow_api_etl.py took 0.307 seconds
[2022-10-12 18:26:09,101] {processor.py:163} INFO - Started process (PID=8740) to work on /Users/renatomelo/Downloads/airflow_tooltorial/airflow-local/venv/lib/python3.9/site-packages/airflow/example_dags/tutorial_taskflow_api_etl.py
[2022-10-12 18:26:09,101] {processor.py:642} INFO - Processing file /Users/renatomelo/Downloads/airflow_tooltorial/airflow-local/venv/lib/python3.9/site-packages/airflow/example_dags/tutorial_taskflow_api_etl.py for tasks to queue
[2022-10-12 18:26:09,102] {logging_mixin.py:109} INFO - [2022-10-12 18:26:09,102] {dagbag.py:500} INFO - Filling up the DagBag from /Users/renatomelo/Downloads/airflow_tooltorial/airflow-local/venv/lib/python3.9/site-packages/airflow/example_dags/tutorial_taskflow_api_etl.py
[2022-10-12 18:26:09,156] {processor.py:654} INFO - DAG(s) dict_keys(['tutorial_taskflow_api_etl']) retrieved from /Users/renatomelo/Downloads/airflow_tooltorial/airflow-local/venv/lib/python3.9/site-packages/airflow/example_dags/tutorial_taskflow_api_etl.py
[2022-10-12 18:26:09,428] {logging_mixin.py:109} INFO - [2022-10-12 18:26:09,427] {dag.py:2396} INFO - Sync 1 DAGs
[2022-10-12 18:26:09,439] {logging_mixin.py:109} INFO - [2022-10-12 18:26:09,439] {dag.py:2935} INFO - Setting next_dagrun for tutorial_taskflow_api_etl to None
[2022-10-12 18:26:09,449] {processor.py:171} INFO - Processing /Users/renatomelo/Downloads/airflow_tooltorial/airflow-local/venv/lib/python3.9/site-packages/airflow/example_dags/tutorial_taskflow_api_etl.py took 0.349 seconds
[2022-10-12 18:27:29,962] {processor.py:163} INFO - Started process (PID=8776) to work on /Users/renatomelo/Downloads/airflow_tooltorial/airflow-local/venv/lib/python3.9/site-packages/airflow/example_dags/tutorial_taskflow_api_etl.py
[2022-10-12 18:27:29,963] {processor.py:642} INFO - Processing file /Users/renatomelo/Downloads/airflow_tooltorial/airflow-local/venv/lib/python3.9/site-packages/airflow/example_dags/tutorial_taskflow_api_etl.py for tasks to queue
[2022-10-12 18:27:29,964] {logging_mixin.py:109} INFO - [2022-10-12 18:27:29,964] {dagbag.py:500} INFO - Filling up the DagBag from /Users/renatomelo/Downloads/airflow_tooltorial/airflow-local/venv/lib/python3.9/site-packages/airflow/example_dags/tutorial_taskflow_api_etl.py
[2022-10-12 18:27:30,091] {processor.py:654} INFO - DAG(s) dict_keys(['tutorial_taskflow_api_etl']) retrieved from /Users/renatomelo/Downloads/airflow_tooltorial/airflow-local/venv/lib/python3.9/site-packages/airflow/example_dags/tutorial_taskflow_api_etl.py
[2022-10-12 18:27:30,512] {logging_mixin.py:109} INFO - [2022-10-12 18:27:30,511] {dag.py:2396} INFO - Sync 1 DAGs
[2022-10-12 18:27:30,527] {logging_mixin.py:109} INFO - [2022-10-12 18:27:30,527] {dag.py:2935} INFO - Setting next_dagrun for tutorial_taskflow_api_etl to None
[2022-10-12 18:27:30,541] {processor.py:171} INFO - Processing /Users/renatomelo/Downloads/airflow_tooltorial/airflow-local/venv/lib/python3.9/site-packages/airflow/example_dags/tutorial_taskflow_api_etl.py took 0.581 seconds
[2022-10-12 18:28:38,776] {processor.py:163} INFO - Started process (PID=8819) to work on /Users/renatomelo/Downloads/airflow_tooltorial/airflow-local/venv/lib/python3.9/site-packages/airflow/example_dags/tutorial_taskflow_api_etl.py
[2022-10-12 18:28:38,777] {processor.py:642} INFO - Processing file /Users/renatomelo/Downloads/airflow_tooltorial/airflow-local/venv/lib/python3.9/site-packages/airflow/example_dags/tutorial_taskflow_api_etl.py for tasks to queue
[2022-10-12 18:28:38,777] {logging_mixin.py:109} INFO - [2022-10-12 18:28:38,777] {dagbag.py:500} INFO - Filling up the DagBag from /Users/renatomelo/Downloads/airflow_tooltorial/airflow-local/venv/lib/python3.9/site-packages/airflow/example_dags/tutorial_taskflow_api_etl.py
[2022-10-12 18:28:38,840] {processor.py:654} INFO - DAG(s) dict_keys(['tutorial_taskflow_api_etl']) retrieved from /Users/renatomelo/Downloads/airflow_tooltorial/airflow-local/venv/lib/python3.9/site-packages/airflow/example_dags/tutorial_taskflow_api_etl.py
[2022-10-12 18:28:39,079] {logging_mixin.py:109} INFO - [2022-10-12 18:28:39,079] {dag.py:2396} INFO - Sync 1 DAGs
[2022-10-12 18:28:39,089] {logging_mixin.py:109} INFO - [2022-10-12 18:28:39,089] {dag.py:2935} INFO - Setting next_dagrun for tutorial_taskflow_api_etl to None
[2022-10-12 18:28:39,104] {processor.py:171} INFO - Processing /Users/renatomelo/Downloads/airflow_tooltorial/airflow-local/venv/lib/python3.9/site-packages/airflow/example_dags/tutorial_taskflow_api_etl.py took 0.328 seconds
[2022-10-12 18:29:36,389] {processor.py:163} INFO - Started process (PID=8844) to work on /Users/renatomelo/Downloads/airflow_tooltorial/airflow-local/venv/lib/python3.9/site-packages/airflow/example_dags/tutorial_taskflow_api_etl.py
[2022-10-12 18:29:36,389] {processor.py:642} INFO - Processing file /Users/renatomelo/Downloads/airflow_tooltorial/airflow-local/venv/lib/python3.9/site-packages/airflow/example_dags/tutorial_taskflow_api_etl.py for tasks to queue
[2022-10-12 18:29:36,389] {logging_mixin.py:109} INFO - [2022-10-12 18:29:36,389] {dagbag.py:500} INFO - Filling up the DagBag from /Users/renatomelo/Downloads/airflow_tooltorial/airflow-local/venv/lib/python3.9/site-packages/airflow/example_dags/tutorial_taskflow_api_etl.py
[2022-10-12 18:29:36,438] {processor.py:654} INFO - DAG(s) dict_keys(['tutorial_taskflow_api_etl']) retrieved from /Users/renatomelo/Downloads/airflow_tooltorial/airflow-local/venv/lib/python3.9/site-packages/airflow/example_dags/tutorial_taskflow_api_etl.py
[2022-10-12 18:29:36,670] {logging_mixin.py:109} INFO - [2022-10-12 18:29:36,670] {dag.py:2396} INFO - Sync 1 DAGs
[2022-10-12 18:29:36,680] {logging_mixin.py:109} INFO - [2022-10-12 18:29:36,679] {dag.py:2935} INFO - Setting next_dagrun for tutorial_taskflow_api_etl to None
[2022-10-12 18:29:36,690] {processor.py:171} INFO - Processing /Users/renatomelo/Downloads/airflow_tooltorial/airflow-local/venv/lib/python3.9/site-packages/airflow/example_dags/tutorial_taskflow_api_etl.py took 0.301 seconds
[2022-10-12 18:30:44,850] {processor.py:163} INFO - Started process (PID=8901) to work on /Users/renatomelo/Downloads/airflow_tooltorial/airflow-local/venv/lib/python3.9/site-packages/airflow/example_dags/tutorial_taskflow_api_etl.py
[2022-10-12 18:30:44,850] {processor.py:642} INFO - Processing file /Users/renatomelo/Downloads/airflow_tooltorial/airflow-local/venv/lib/python3.9/site-packages/airflow/example_dags/tutorial_taskflow_api_etl.py for tasks to queue
[2022-10-12 18:30:44,850] {logging_mixin.py:109} INFO - [2022-10-12 18:30:44,850] {dagbag.py:500} INFO - Filling up the DagBag from /Users/renatomelo/Downloads/airflow_tooltorial/airflow-local/venv/lib/python3.9/site-packages/airflow/example_dags/tutorial_taskflow_api_etl.py
[2022-10-12 18:30:44,899] {processor.py:654} INFO - DAG(s) dict_keys(['tutorial_taskflow_api_etl']) retrieved from /Users/renatomelo/Downloads/airflow_tooltorial/airflow-local/venv/lib/python3.9/site-packages/airflow/example_dags/tutorial_taskflow_api_etl.py
[2022-10-12 18:30:45,132] {logging_mixin.py:109} INFO - [2022-10-12 18:30:45,132] {dag.py:2396} INFO - Sync 1 DAGs
[2022-10-12 18:30:45,141] {logging_mixin.py:109} INFO - [2022-10-12 18:30:45,141] {dag.py:2935} INFO - Setting next_dagrun for tutorial_taskflow_api_etl to None
[2022-10-12 18:30:45,152] {processor.py:171} INFO - Processing /Users/renatomelo/Downloads/airflow_tooltorial/airflow-local/venv/lib/python3.9/site-packages/airflow/example_dags/tutorial_taskflow_api_etl.py took 0.303 seconds
[2022-10-12 18:32:07,709] {processor.py:163} INFO - Started process (PID=8932) to work on /Users/renatomelo/Downloads/airflow_tooltorial/airflow-local/venv/lib/python3.9/site-packages/airflow/example_dags/tutorial_taskflow_api_etl.py
[2022-10-12 18:32:07,709] {processor.py:642} INFO - Processing file /Users/renatomelo/Downloads/airflow_tooltorial/airflow-local/venv/lib/python3.9/site-packages/airflow/example_dags/tutorial_taskflow_api_etl.py for tasks to queue
[2022-10-12 18:32:07,710] {logging_mixin.py:109} INFO - [2022-10-12 18:32:07,710] {dagbag.py:500} INFO - Filling up the DagBag from /Users/renatomelo/Downloads/airflow_tooltorial/airflow-local/venv/lib/python3.9/site-packages/airflow/example_dags/tutorial_taskflow_api_etl.py
[2022-10-12 18:32:07,765] {processor.py:654} INFO - DAG(s) dict_keys(['tutorial_taskflow_api_etl']) retrieved from /Users/renatomelo/Downloads/airflow_tooltorial/airflow-local/venv/lib/python3.9/site-packages/airflow/example_dags/tutorial_taskflow_api_etl.py
[2022-10-12 18:32:08,030] {logging_mixin.py:109} INFO - [2022-10-12 18:32:08,030] {dag.py:2396} INFO - Sync 1 DAGs
[2022-10-12 18:32:08,040] {logging_mixin.py:109} INFO - [2022-10-12 18:32:08,040] {dag.py:2935} INFO - Setting next_dagrun for tutorial_taskflow_api_etl to None
[2022-10-12 18:32:08,051] {processor.py:171} INFO - Processing /Users/renatomelo/Downloads/airflow_tooltorial/airflow-local/venv/lib/python3.9/site-packages/airflow/example_dags/tutorial_taskflow_api_etl.py took 0.343 seconds
[2022-10-12 18:33:20,358] {processor.py:163} INFO - Started process (PID=8958) to work on /Users/renatomelo/Downloads/airflow_tooltorial/airflow-local/venv/lib/python3.9/site-packages/airflow/example_dags/tutorial_taskflow_api_etl.py
[2022-10-12 18:33:20,359] {processor.py:642} INFO - Processing file /Users/renatomelo/Downloads/airflow_tooltorial/airflow-local/venv/lib/python3.9/site-packages/airflow/example_dags/tutorial_taskflow_api_etl.py for tasks to queue
[2022-10-12 18:33:20,360] {logging_mixin.py:109} INFO - [2022-10-12 18:33:20,360] {dagbag.py:500} INFO - Filling up the DagBag from /Users/renatomelo/Downloads/airflow_tooltorial/airflow-local/venv/lib/python3.9/site-packages/airflow/example_dags/tutorial_taskflow_api_etl.py
[2022-10-12 18:33:20,419] {processor.py:654} INFO - DAG(s) dict_keys(['tutorial_taskflow_api_etl']) retrieved from /Users/renatomelo/Downloads/airflow_tooltorial/airflow-local/venv/lib/python3.9/site-packages/airflow/example_dags/tutorial_taskflow_api_etl.py
[2022-10-12 18:33:20,752] {logging_mixin.py:109} INFO - [2022-10-12 18:33:20,751] {dag.py:2396} INFO - Sync 1 DAGs
[2022-10-12 18:33:20,763] {logging_mixin.py:109} INFO - [2022-10-12 18:33:20,763] {dag.py:2935} INFO - Setting next_dagrun for tutorial_taskflow_api_etl to None
[2022-10-12 18:33:20,776] {processor.py:171} INFO - Processing /Users/renatomelo/Downloads/airflow_tooltorial/airflow-local/venv/lib/python3.9/site-packages/airflow/example_dags/tutorial_taskflow_api_etl.py took 0.419 seconds
